ln: creating symbolic link `/lib/libcuda.so': Permission denied
2021-03-18 14:21:21.826322: I tensorflow/core/platform/cpu_feature_guard.cc:142] Your CPU supports instructions that this TensorFlow binary was not compiled to use: SSE4.1 SSE4.2 AVX AVX2 AVX512F FMA
2021-03-18 14:21:22.884170: I tensorflow/core/platform/profile_utils/cpu_utils.cc:94] CPU Frequency: 3000005000 Hz
2021-03-18 14:21:22.946713: I tensorflow/compiler/xla/service/service.cc:168] XLA service 0x55d4e91d5540 executing computations on platform Host. Devices:
2021-03-18 14:21:22.949570: I tensorflow/compiler/xla/service/service.cc:175]   StreamExecutor device (0): <undefined>, <undefined>
2021-03-18 14:21:23.014380: I tensorflow/stream_executor/platform/default/dso_loader.cc:42] Successfully opened dynamic library libcuda.so.1
2021-03-18 14:21:25.258142: I tensorflow/core/common_runtime/gpu/gpu_device.cc:1640] Found device 0 with properties: 
name: Tesla V100S-PCIE-32GB major: 7 minor: 0 memoryClockRate(GHz): 1.597
pciBusID: 0000:60:00.0
2021-03-18 14:21:25.260483: I tensorflow/core/common_runtime/gpu/gpu_device.cc:1640] Found device 1 with properties: 
name: Tesla V100S-PCIE-32GB major: 7 minor: 0 memoryClockRate(GHz): 1.597
pciBusID: 0000:da:00.0
2021-03-18 14:21:25.309599: I tensorflow/stream_executor/platform/default/dso_loader.cc:42] Successfully opened dynamic library libcudart.so.10.0
2021-03-18 14:21:28.354633: I tensorflow/stream_executor/platform/default/dso_loader.cc:42] Successfully opened dynamic library libcublas.so.10.0
2021-03-18 14:21:28.682826: I tensorflow/stream_executor/platform/default/dso_loader.cc:42] Successfully opened dynamic library libcufft.so.10.0
2021-03-18 14:21:28.759674: I tensorflow/stream_executor/platform/default/dso_loader.cc:42] Successfully opened dynamic library libcurand.so.10.0
2021-03-18 14:21:29.128593: I tensorflow/stream_executor/platform/default/dso_loader.cc:42] Successfully opened dynamic library libcusolver.so.10.0
2021-03-18 14:21:31.948989: I tensorflow/stream_executor/platform/default/dso_loader.cc:42] Successfully opened dynamic library libcusparse.so.10.0
2021-03-18 14:21:32.571745: I tensorflow/stream_executor/platform/default/dso_loader.cc:42] Successfully opened dynamic library libcudnn.so.7
2021-03-18 14:21:32.617725: I tensorflow/core/common_runtime/gpu/gpu_device.cc:1763] Adding visible gpu devices: 0, 1
2021-03-18 14:21:32.624665: I tensorflow/stream_executor/platform/default/dso_loader.cc:42] Successfully opened dynamic library libcudart.so.10.0
2021-03-18 14:21:32.633901: I tensorflow/core/common_runtime/gpu/gpu_device.cc:1181] Device interconnect StreamExecutor with strength 1 edge matrix:
2021-03-18 14:21:32.633963: I tensorflow/core/common_runtime/gpu/gpu_device.cc:1187]      0 1 
2021-03-18 14:21:32.649974: I tensorflow/core/common_runtime/gpu/gpu_device.cc:1200] 0:   N Y 
2021-03-18 14:21:32.649990: I tensorflow/core/common_runtime/gpu/gpu_device.cc:1200] 1:   Y N 
2021-03-18 14:21:32.681347: I tensorflow/core/common_runtime/gpu/gpu_device.cc:1326] Created TensorFlow device (/job:localhost/replica:0/task:0/device:GPU:0 with 30591 MB memory) -> physical GPU (device: 0, name: Tesla V100S-PCIE-32GB, pci bus id: 0000:60:00.0, compute capability: 7.0)
2021-03-18 14:21:32.826335: I tensorflow/core/common_runtime/gpu/gpu_device.cc:1326] Created TensorFlow device (/job:localhost/replica:0/task:0/device:GPU:1 with 30591 MB memory) -> physical GPU (device: 1, name: Tesla V100S-PCIE-32GB, pci bus id: 0000:da:00.0, compute capability: 7.0)
2021-03-18 14:21:32.868018: I tensorflow/compiler/xla/service/service.cc:168] XLA service 0x55d4ea6dc140 executing computations on platform CUDA. Devices:
2021-03-18 14:21:32.868057: I tensorflow/compiler/xla/service/service.cc:175]   StreamExecutor device (0): Tesla V100S-PCIE-32GB, Compute Capability 7.0
2021-03-18 14:21:32.868075: I tensorflow/compiler/xla/service/service.cc:175]   StreamExecutor device (1): Tesla V100S-PCIE-32GB, Compute Capability 7.0
2021-03-18 14:21:35.615511: I tensorflow/core/common_runtime/gpu/gpu_device.cc:1640] Found device 0 with properties: 
name: Tesla V100S-PCIE-32GB major: 7 minor: 0 memoryClockRate(GHz): 1.597
pciBusID: 0000:60:00.0
2021-03-18 14:21:35.617585: I tensorflow/core/common_runtime/gpu/gpu_device.cc:1640] Found device 1 with properties: 
name: Tesla V100S-PCIE-32GB major: 7 minor: 0 memoryClockRate(GHz): 1.597
pciBusID: 0000:da:00.0
2021-03-18 14:21:35.624105: I tensorflow/stream_executor/platform/default/dso_loader.cc:42] Successfully opened dynamic library libcudart.so.10.0
2021-03-18 14:21:35.624458: I tensorflow/stream_executor/platform/default/dso_loader.cc:42] Successfully opened dynamic library libcublas.so.10.0
2021-03-18 14:21:35.624805: I tensorflow/stream_executor/platform/default/dso_loader.cc:42] Successfully opened dynamic library libcufft.so.10.0
2021-03-18 14:21:35.625159: I tensorflow/stream_executor/platform/default/dso_loader.cc:42] Successfully opened dynamic library libcurand.so.10.0
2021-03-18 14:21:35.625192: I tensorflow/stream_executor/platform/default/dso_loader.cc:42] Successfully opened dynamic library libcusolver.so.10.0
2021-03-18 14:21:35.625467: I tensorflow/stream_executor/platform/default/dso_loader.cc:42] Successfully opened dynamic library libcusparse.so.10.0
2021-03-18 14:21:35.625793: I tensorflow/stream_executor/platform/default/dso_loader.cc:42] Successfully opened dynamic library libcudnn.so.7
2021-03-18 14:21:35.632228: I tensorflow/core/common_runtime/gpu/gpu_device.cc:1763] Adding visible gpu devices: 0, 1
2021-03-18 14:21:35.632489: I tensorflow/core/common_runtime/gpu/gpu_device.cc:1181] Device interconnect StreamExecutor with strength 1 edge matrix:
2021-03-18 14:21:35.632517: I tensorflow/core/common_runtime/gpu/gpu_device.cc:1187]      0 1 
2021-03-18 14:21:35.632554: I tensorflow/core/common_runtime/gpu/gpu_device.cc:1200] 0:   N Y 
2021-03-18 14:21:35.632566: I tensorflow/core/common_runtime/gpu/gpu_device.cc:1200] 1:   Y N 
2021-03-18 14:21:35.637569: I tensorflow/core/common_runtime/gpu/gpu_device.cc:1326] Created TensorFlow device (/job:localhost/replica:0/task:0/device:GPU:0 with 30591 MB memory) -> physical GPU (device: 0, name: Tesla V100S-PCIE-32GB, pci bus id: 0000:60:00.0, compute capability: 7.0)
2021-03-18 14:21:35.639295: I tensorflow/core/common_runtime/gpu/gpu_device.cc:1326] Created TensorFlow device (/job:localhost/replica:0/task:0/device:GPU:1 with 30591 MB memory) -> physical GPU (device: 1, name: Tesla V100S-PCIE-32GB, pci bus id: 0000:da:00.0, compute capability: 7.0)
2021-03-18 14:21:36.271015: I tensorflow/core/common_runtime/gpu/gpu_device.cc:1640] Found device 0 with properties: 
name: Tesla V100S-PCIE-32GB major: 7 minor: 0 memoryClockRate(GHz): 1.597
pciBusID: 0000:60:00.0
2021-03-18 14:21:36.272756: I tensorflow/core/common_runtime/gpu/gpu_device.cc:1640] Found device 1 with properties: 
name: Tesla V100S-PCIE-32GB major: 7 minor: 0 memoryClockRate(GHz): 1.597
pciBusID: 0000:da:00.0
2021-03-18 14:21:36.272821: I tensorflow/stream_executor/platform/default/dso_loader.cc:42] Successfully opened dynamic library libcudart.so.10.0
2021-03-18 14:21:36.272850: I tensorflow/stream_executor/platform/default/dso_loader.cc:42] Successfully opened dynamic library libcublas.so.10.0
2021-03-18 14:21:36.272869: I tensorflow/stream_executor/platform/default/dso_loader.cc:42] Successfully opened dynamic library libcufft.so.10.0
2021-03-18 14:21:36.272885: I tensorflow/stream_executor/platform/default/dso_loader.cc:42] Successfully opened dynamic library libcurand.so.10.0
2021-03-18 14:21:36.272902: I tensorflow/stream_executor/platform/default/dso_loader.cc:42] Successfully opened dynamic library libcusolver.so.10.0
2021-03-18 14:21:36.272926: I tensorflow/stream_executor/platform/default/dso_loader.cc:42] Successfully opened dynamic library libcusparse.so.10.0
2021-03-18 14:21:36.272947: I tensorflow/stream_executor/platform/default/dso_loader.cc:42] Successfully opened dynamic library libcudnn.so.7
2021-03-18 14:21:36.279329: I tensorflow/core/common_runtime/gpu/gpu_device.cc:1763] Adding visible gpu devices: 0, 1
2021-03-18 14:21:36.279386: I tensorflow/core/common_runtime/gpu/gpu_device.cc:1181] Device interconnect StreamExecutor with strength 1 edge matrix:
2021-03-18 14:21:36.279412: I tensorflow/core/common_runtime/gpu/gpu_device.cc:1187]      0 1 
2021-03-18 14:21:36.279431: I tensorflow/core/common_runtime/gpu/gpu_device.cc:1200] 0:   N Y 
2021-03-18 14:21:36.279444: I tensorflow/core/common_runtime/gpu/gpu_device.cc:1200] 1:   Y N 
2021-03-18 14:21:36.284471: I tensorflow/core/common_runtime/gpu/gpu_device.cc:1326] Created TensorFlow device (/device:GPU:0 with 30591 MB memory) -> physical GPU (device: 0, name: Tesla V100S-PCIE-32GB, pci bus id: 0000:60:00.0, compute capability: 7.0)
2021-03-18 14:21:36.286153: I tensorflow/core/common_runtime/gpu/gpu_device.cc:1326] Created TensorFlow device (/device:GPU:1 with 30591 MB memory) -> physical GPU (device: 1, name: Tesla V100S-PCIE-32GB, pci bus id: 0000:da:00.0, compute capability: 7.0)
2021-03-18 14:21:36.607376: I tensorflow/core/common_runtime/gpu/gpu_device.cc:1640] Found device 0 with properties: 
name: Tesla V100S-PCIE-32GB major: 7 minor: 0 memoryClockRate(GHz): 1.597
pciBusID: 0000:60:00.0
2021-03-18 14:21:36.609023: I tensorflow/core/common_runtime/gpu/gpu_device.cc:1640] Found device 1 with properties: 
name: Tesla V100S-PCIE-32GB major: 7 minor: 0 memoryClockRate(GHz): 1.597
pciBusID: 0000:da:00.0
2021-03-18 14:21:36.610483: I tensorflow/stream_executor/platform/default/dso_loader.cc:42] Successfully opened dynamic library libcudart.so.10.0
2021-03-18 14:21:36.610526: I tensorflow/stream_executor/platform/default/dso_loader.cc:42] Successfully opened dynamic library libcublas.so.10.0
2021-03-18 14:21:36.610565: I tensorflow/stream_executor/platform/default/dso_loader.cc:42] Successfully opened dynamic library libcufft.so.10.0
2021-03-18 14:21:36.610584: I tensorflow/stream_executor/platform/default/dso_loader.cc:42] Successfully opened dynamic library libcurand.so.10.0
2021-03-18 14:21:36.610601: I tensorflow/stream_executor/platform/default/dso_loader.cc:42] Successfully opened dynamic library libcusolver.so.10.0
2021-03-18 14:21:36.610617: I tensorflow/stream_executor/platform/default/dso_loader.cc:42] Successfully opened dynamic library libcusparse.so.10.0
2021-03-18 14:21:36.610657: I tensorflow/stream_executor/platform/default/dso_loader.cc:42] Successfully opened dynamic library libcudnn.so.7
2021-03-18 14:21:36.617063: I tensorflow/core/common_runtime/gpu/gpu_device.cc:1763] Adding visible gpu devices: 0, 1
2021-03-18 14:21:36.617206: I tensorflow/core/common_runtime/gpu/gpu_device.cc:1181] Device interconnect StreamExecutor with strength 1 edge matrix:
2021-03-18 14:21:36.617231: I tensorflow/core/common_runtime/gpu/gpu_device.cc:1187]      0 1 
2021-03-18 14:21:36.617256: I tensorflow/core/common_runtime/gpu/gpu_device.cc:1200] 0:   N Y 
2021-03-18 14:21:36.617279: I tensorflow/core/common_runtime/gpu/gpu_device.cc:1200] 1:   Y N 
2021-03-18 14:21:36.622308: I tensorflow/core/common_runtime/gpu/gpu_device.cc:1326] Created TensorFlow device (/device:GPU:0 with 30591 MB memory) -> physical GPU (device: 0, name: Tesla V100S-PCIE-32GB, pci bus id: 0000:60:00.0, compute capability: 7.0)
2021-03-18 14:21:36.623999: I tensorflow/core/common_runtime/gpu/gpu_device.cc:1326] Created TensorFlow device (/device:GPU:1 with 30591 MB memory) -> physical GPU (device: 1, name: Tesla V100S-PCIE-32GB, pci bus id: 0000:da:00.0, compute capability: 7.0)
2021-03-18 14:22:09.089108: W tensorflow/compiler/jit/mark_for_compilation_pass.cc:1412] (One-time warning): Not using XLA:CPU for cluster because envvar TF_XLA_FLAGS=--tf_xla_cpu_global_jit was not set.  If you want XLA:CPU, either set that envvar, or use experimental_jit_scope to enable XLA:CPU.  To confirm that XLA is active, pass --vmodule=xla_compilation_cache=1 (as a proper command-line flag, not via TF_XLA_FLAGS) or set the envvar XLA_FLAGS=--xla_hlo_profile.
2021-03-18 14:22:20.742589: I tensorflow/core/kernels/data/shuffle_dataset_op.cc:111] Filling up shuffle buffer (this may take a while): 2730 of 21846
2021-03-18 14:22:31.768348: I tensorflow/core/kernels/data/shuffle_dataset_op.cc:111] Filling up shuffle buffer (this may take a while): 6825 of 21846
2021-03-18 14:22:32.199976: I tensorflow/core/kernels/data/shuffle_dataset_op.cc:162] Shuffle buffer filled.
2021-03-18 14:22:50.644210: I tensorflow/stream_executor/platform/default/dso_loader.cc:42] Successfully opened dynamic library libcublas.so.10.0
2021-03-18 14:22:55.393482: I tensorflow/stream_executor/platform/default/dso_loader.cc:42] Successfully opened dynamic library libcudnn.so.7
2021-03-18 14:24:44.955161: I tensorflow/core/kernels/cuda_solvers.cc:159] Creating CudaSolver handles for stream 0x55d4ea65e090
2021-03-18 14:24:44.978420: I tensorflow/stream_executor/platform/default/dso_loader.cc:42] Successfully opened dynamic library libcusolver.so.10.0
2021-03-18 14:24:51.347533: I tensorflow/stream_executor/platform/default/dso_loader.cc:42] Successfully opened dynamic library libcublas.so.10.0
2021-03-18 14:24:51.551600: I tensorflow/core/kernels/cuda_solvers.cc:159] Creating CudaSolver handles for stream 0x55d4ea665470
2021-03-18 14:24:51.759657: I tensorflow/core/kernels/data/shuffle_dataset_op.cc:111] Filling up shuffle buffer (this may take a while): 9 of 21846
2021-03-18 14:24:57.308293: I tensorflow/core/kernels/data/shuffle_dataset_op.cc:162] Shuffle buffer filled.
2021-03-18 14:25:59.537839: I tensorflow/core/common_runtime/gpu/gpu_device.cc:1640] Found device 0 with properties: 
name: Tesla V100S-PCIE-32GB major: 7 minor: 0 memoryClockRate(GHz): 1.597
pciBusID: 0000:60:00.0
2021-03-18 14:25:59.539668: I tensorflow/core/common_runtime/gpu/gpu_device.cc:1640] Found device 1 with properties: 
name: Tesla V100S-PCIE-32GB major: 7 minor: 0 memoryClockRate(GHz): 1.597
pciBusID: 0000:da:00.0
2021-03-18 14:25:59.546525: I tensorflow/stream_executor/platform/default/dso_loader.cc:42] Successfully opened dynamic library libcudart.so.10.0
2021-03-18 14:25:59.546835: I tensorflow/stream_executor/platform/default/dso_loader.cc:42] Successfully opened dynamic library libcublas.so.10.0
2021-03-18 14:25:59.547138: I tensorflow/stream_executor/platform/default/dso_loader.cc:42] Successfully opened dynamic library libcufft.so.10.0
2021-03-18 14:25:59.547410: I tensorflow/stream_executor/platform/default/dso_loader.cc:42] Successfully opened dynamic library libcurand.so.10.0
2021-03-18 14:25:59.547437: I tensorflow/stream_executor/platform/default/dso_loader.cc:42] Successfully opened dynamic library libcusolver.so.10.0
2021-03-18 14:25:59.547785: I tensorflow/stream_executor/platform/default/dso_loader.cc:42] Successfully opened dynamic library libcusparse.so.10.0
2021-03-18 14:25:59.548217: I tensorflow/stream_executor/platform/default/dso_loader.cc:42] Successfully opened dynamic library libcudnn.so.7
2021-03-18 14:25:59.553864: I tensorflow/core/common_runtime/gpu/gpu_device.cc:1763] Adding visible gpu devices: 0, 1
2021-03-18 14:25:59.554115: I tensorflow/core/common_runtime/gpu/gpu_device.cc:1181] Device interconnect StreamExecutor with strength 1 edge matrix:
2021-03-18 14:25:59.554145: I tensorflow/core/common_runtime/gpu/gpu_device.cc:1187]      0 1 
2021-03-18 14:25:59.554170: I tensorflow/core/common_runtime/gpu/gpu_device.cc:1200] 0:   N Y 
2021-03-18 14:25:59.554192: I tensorflow/core/common_runtime/gpu/gpu_device.cc:1200] 1:   Y N 
2021-03-18 14:25:59.558325: I tensorflow/core/common_runtime/gpu/gpu_device.cc:1326] Created TensorFlow device (/job:localhost/replica:0/task:0/device:GPU:0 with 30591 MB memory) -> physical GPU (device: 0, name: Tesla V100S-PCIE-32GB, pci bus id: 0000:60:00.0, compute capability: 7.0)
2021-03-18 14:25:59.559713: I tensorflow/core/common_runtime/gpu/gpu_device.cc:1326] Created TensorFlow device (/job:localhost/replica:0/task:0/device:GPU:1 with 30591 MB memory) -> physical GPU (device: 1, name: Tesla V100S-PCIE-32GB, pci bus id: 0000:da:00.0, compute capability: 7.0)
