/lustre/work/chaselab/malyetama/ADA_Project
Tensorflow version: 1.14.0
/work/chaselab/malyetama/ADA_Project/training_runs/102flowers_training-runs/00043-102flowers_custom-auto2-resumecustom/network-snapshot-000008.pkl
Thu Mar 18 14:21:35 2021       
+-----------------------------------------------------------------------------+
| NVIDIA-SMI 450.51.06    Driver Version: 450.51.06    CUDA Version: 11.0     |
|-------------------------------+----------------------+----------------------+
| GPU  Name        Persistence-M| Bus-Id        Disp.A | Volatile Uncorr. ECC |
| Fan  Temp  Perf  Pwr:Usage/Cap|         Memory-Usage | GPU-Util  Compute M. |
|                               |                      |               MIG M. |
|===============================+======================+======================|
|   0  Tesla V100S-PCI...  Off  | 00000000:60:00.0 Off |                    0 |
| N/A   36C    P0    38W / 250W |    311MiB / 32510MiB |      0%      Default |
|                               |                      |                  N/A |
+-------------------------------+----------------------+----------------------+
|   1  Tesla V100S-PCI...  Off  | 00000000:DA:00.0 Off |                    0 |
| N/A   34C    P0    35W / 250W |    311MiB / 32510MiB |      0%      Default |
|                               |                      |                  N/A |
+-------------------------------+----------------------+----------------------+
                                                                               
+-----------------------------------------------------------------------------+
| Processes:                                                                  |
|  GPU   GI   CI        PID   Type   Process name                  GPU Memory |
|        ID   ID                                                   Usage      |
|=============================================================================|
|    0   N/A  N/A    103962      C   ...a/envs/ada-env/bin/python      307MiB |
|    1   N/A  N/A    103962      C   ...a/envs/ada-env/bin/python      307MiB |
+-----------------------------------------------------------------------------+

Training options:
{
  "G_args": {
    "func_name": "training.networks.G_main",
    "fmap_base": 8192,
    "fmap_max": 512,
    "mapping_layers": 2,
    "num_fp16_res": 4,
    "conv_clamp": 256
  },
  "D_args": {
    "func_name": "training.networks.D_main",
    "mbstd_group_size": 4,
    "fmap_base": 8192,
    "fmap_max": 512,
    "num_fp16_res": 4,
    "conv_clamp": 256
  },
  "G_opt_args": {
    "beta1": 0.0,
    "beta2": 0.99,
    "learning_rate": 0.0025
  },
  "D_opt_args": {
    "beta1": 0.0,
    "beta2": 0.99,
    "learning_rate": 0.0025
  },
  "loss_args": {
    "func_name": "training.loss.stylegan2",
    "r1_gamma": 0.4096
  },
  "augment_args": {
    "class_name": "training.augment.AdaptiveAugment",
    "tune_heuristic": "rt",
    "tune_target": 0.6,
    "apply_func": "training.augment.augment_pipeline",
    "apply_args": {
      "xflip": 1,
      "rotate90": 1,
      "xint": 1,
      "scale": 1,
      "rotate": 1,
      "aniso": 1,
      "xfrac": 1,
      "brightness": 1,
      "contrast": 1,
      "lumaflip": 1,
      "hue": 1,
      "saturation": 1
    },
    "tune_kimg": 100
  },
  "num_gpus": 2,
  "image_snapshot_ticks": 1,
  "network_snapshot_ticks": 1,
  "train_dataset_args": {
    "path": "/work/chaselab/malyetama/ADA_Project/datasets/102flowers_custom",
    "max_label_size": 0,
    "resolution": 256,
    "mirror_augment": false
  },
  "metric_arg_list": [
    {
      "name": "fid50k_full",
      "class_name": "metrics.frechet_inception_distance.FID",
      "max_reals": null,
      "num_fakes": 50000,
      "minibatch_per_gpu": 8,
      "force_dataset_args": {
        "shuffle": false,
        "max_images": null,
        "repeat": false,
        "mirror_augment": false
      }
    }
  ],
  "metric_dataset_args": {
    "path": "/work/chaselab/malyetama/ADA_Project/datasets/102flowers_custom",
    "max_label_size": 0,
    "resolution": 256,
    "mirror_augment": false
  },
  "total_kimg": 25000,
  "minibatch_size": 32,
  "minibatch_gpu": 16,
  "G_smoothing_kimg": 10.0,
  "G_smoothing_rampup": null,
  "resume_pkl": "/work/chaselab/malyetama/ADA_Project/training_runs/102flowers_training-runs/00043-102flowers_custom-auto2-resumecustom/network-snapshot-000008.pkl",
  "run_dir": "/work/chaselab/malyetama/ADA_Project/training_runs/102flowers_training-runs/00047-102flowers_custom-auto2-resumecustom"
}

Output directory:  /work/chaselab/malyetama/ADA_Project/training_runs/102flowers_training-runs/00047-102flowers_custom-auto2-resumecustom
Training data:     /work/chaselab/malyetama/ADA_Project/datasets/102flowers_custom
Training length:   25000 kimg
Resolution:        256
Number of GPUs:    2

Dry run; exiting.

Training options:
{
  "G_args": {
    "func_name": "training.networks.G_main",
    "fmap_base": 8192,
    "fmap_max": 512,
    "mapping_layers": 2,
    "num_fp16_res": 4,
    "conv_clamp": 256
  },
  "D_args": {
    "func_name": "training.networks.D_main",
    "mbstd_group_size": 4,
    "fmap_base": 8192,
    "fmap_max": 512,
    "num_fp16_res": 4,
    "conv_clamp": 256
  },
  "G_opt_args": {
    "beta1": 0.0,
    "beta2": 0.99,
    "learning_rate": 0.0025
  },
  "D_opt_args": {
    "beta1": 0.0,
    "beta2": 0.99,
    "learning_rate": 0.0025
  },
  "loss_args": {
    "func_name": "training.loss.stylegan2",
    "r1_gamma": 0.4096
  },
  "augment_args": {
    "class_name": "training.augment.AdaptiveAugment",
    "tune_heuristic": "rt",
    "tune_target": 0.6,
    "apply_func": "training.augment.augment_pipeline",
    "apply_args": {
      "xflip": 1,
      "rotate90": 1,
      "xint": 1,
      "scale": 1,
      "rotate": 1,
      "aniso": 1,
      "xfrac": 1,
      "brightness": 1,
      "contrast": 1,
      "lumaflip": 1,
      "hue": 1,
      "saturation": 1
    },
    "tune_kimg": 100
  },
  "num_gpus": 2,
  "image_snapshot_ticks": 1,
  "network_snapshot_ticks": 1,
  "train_dataset_args": {
    "path": "/work/chaselab/malyetama/ADA_Project/datasets/102flowers_custom",
    "max_label_size": 0,
    "resolution": 256,
    "mirror_augment": false
  },
  "metric_arg_list": [
    {
      "name": "fid50k_full",
      "class_name": "metrics.frechet_inception_distance.FID",
      "max_reals": null,
      "num_fakes": 50000,
      "minibatch_per_gpu": 8,
      "force_dataset_args": {
        "shuffle": false,
        "max_images": null,
        "repeat": false,
        "mirror_augment": false
      }
    }
  ],
  "metric_dataset_args": {
    "path": "/work/chaselab/malyetama/ADA_Project/datasets/102flowers_custom",
    "max_label_size": 0,
    "resolution": 256,
    "mirror_augment": false
  },
  "total_kimg": 25000,
  "minibatch_size": 32,
  "minibatch_gpu": 16,
  "G_smoothing_kimg": 10.0,
  "G_smoothing_rampup": null,
  "resume_pkl": "/work/chaselab/malyetama/ADA_Project/training_runs/102flowers_training-runs/00043-102flowers_custom-auto2-resumecustom/network-snapshot-000008.pkl",
  "run_dir": "/work/chaselab/malyetama/ADA_Project/training_runs/102flowers_training-runs/00047-102flowers_custom-auto2-resumecustom"
}

Output directory:  /work/chaselab/malyetama/ADA_Project/training_runs/102flowers_training-runs/00047-102flowers_custom-auto2-resumecustom
Training data:     /work/chaselab/malyetama/ADA_Project/datasets/102flowers_custom
Training length:   25000 kimg
Resolution:        256
Number of GPUs:    2

Creating output directory...
Loading training set...
Image shape: [3, 256, 256]
Label shape: [0]

Constructing networks...
Setting up TensorFlow plugin "fused_bias_act.cu": Loading... Done.
Setting up TensorFlow plugin "upfirdn_2d.cu": Loading... Done.
Resuming from "/work/chaselab/malyetama/ADA_Project/training_runs/102flowers_training-runs/00043-102flowers_custom-auto2-resumecustom/network-snapshot-000008.pkl"

G                             Params    OutputShape         WeightShape     
---                           ---       ---                 ---             
latents_in                    -         (?, 512)            -               
labels_in                     -         (?, 0)              -               
G_mapping/Normalize           -         (?, 512)            -               
G_mapping/Dense0              262656    (?, 512)            (512, 512)      
G_mapping/Dense1              262656    (?, 512)            (512, 512)      
G_mapping/Broadcast           -         (?, 14, 512)        -               
dlatent_avg                   -         (512,)              -               
Truncation/Lerp               -         (?, 14, 512)        -               
G_synthesis/4x4/Const         8192      (?, 512, 4, 4)      (1, 512, 4, 4)  
G_synthesis/4x4/Conv          2622465   (?, 512, 4, 4)      (3, 3, 512, 512)
G_synthesis/4x4/ToRGB         264195    (?, 3, 4, 4)        (1, 1, 512, 3)  
G_synthesis/8x8/Conv0_up      2622465   (?, 512, 8, 8)      (3, 3, 512, 512)
G_synthesis/8x8/Conv1         2622465   (?, 512, 8, 8)      (3, 3, 512, 512)
G_synthesis/8x8/Upsample      -         (?, 3, 8, 8)        -               
G_synthesis/8x8/ToRGB         264195    (?, 3, 8, 8)        (1, 1, 512, 3)  
G_synthesis/16x16/Conv0_up    2622465   (?, 512, 16, 16)    (3, 3, 512, 512)
G_synthesis/16x16/Conv1       2622465   (?, 512, 16, 16)    (3, 3, 512, 512)
G_synthesis/16x16/Upsample    -         (?, 3, 16, 16)      -               
G_synthesis/16x16/ToRGB       264195    (?, 3, 16, 16)      (1, 1, 512, 3)  
G_synthesis/32x32/Conv0_up    2622465   (?, 512, 32, 32)    (3, 3, 512, 512)
G_synthesis/32x32/Conv1       2622465   (?, 512, 32, 32)    (3, 3, 512, 512)
G_synthesis/32x32/Upsample    -         (?, 3, 32, 32)      -               
G_synthesis/32x32/ToRGB       264195    (?, 3, 32, 32)      (1, 1, 512, 3)  
G_synthesis/64x64/Conv0_up    1442561   (?, 256, 64, 64)    (3, 3, 512, 256)
G_synthesis/64x64/Conv1       721409    (?, 256, 64, 64)    (3, 3, 256, 256)
G_synthesis/64x64/Upsample    -         (?, 3, 64, 64)      -               
G_synthesis/64x64/ToRGB       132099    (?, 3, 64, 64)      (1, 1, 256, 3)  
G_synthesis/128x128/Conv0_up  426369    (?, 128, 128, 128)  (3, 3, 256, 128)
G_synthesis/128x128/Conv1     213249    (?, 128, 128, 128)  (3, 3, 128, 128)
G_synthesis/128x128/Upsample  -         (?, 3, 128, 128)    -               
G_synthesis/128x128/ToRGB     66051     (?, 3, 128, 128)    (1, 1, 128, 3)  
G_synthesis/256x256/Conv0_up  139457    (?, 64, 256, 256)   (3, 3, 128, 64) 
G_synthesis/256x256/Conv1     69761     (?, 64, 256, 256)   (3, 3, 64, 64)  
G_synthesis/256x256/Upsample  -         (?, 3, 256, 256)    -               
G_synthesis/256x256/ToRGB     33027     (?, 3, 256, 256)    (1, 1, 64, 3)   
---                           ---       ---                 ---             
Total                         23191522                                      


D                    Params    OutputShape         WeightShape     
---                  ---       ---                 ---             
images_in            -         (?, 3, 256, 256)    -               
labels_in            -         (?, 0)              -               
256x256/FromRGB      256       (?, 64, 256, 256)   (1, 1, 3, 64)   
256x256/Conv0        36928     (?, 64, 256, 256)   (3, 3, 64, 64)  
256x256/Conv1_down   73856     (?, 128, 128, 128)  (3, 3, 64, 128) 
256x256/Skip         8192      (?, 128, 128, 128)  (1, 1, 64, 128) 
128x128/Conv0        147584    (?, 128, 128, 128)  (3, 3, 128, 128)
128x128/Conv1_down   295168    (?, 256, 64, 64)    (3, 3, 128, 256)
128x128/Skip         32768     (?, 256, 64, 64)    (1, 1, 128, 256)
64x64/Conv0          590080    (?, 256, 64, 64)    (3, 3, 256, 256)
64x64/Conv1_down     1180160   (?, 512, 32, 32)    (3, 3, 256, 512)
64x64/Skip           131072    (?, 512, 32, 32)    (1, 1, 256, 512)
32x32/Conv0          2359808   (?, 512, 32, 32)    (3, 3, 512, 512)
32x32/Conv1_down     2359808   (?, 512, 16, 16)    (3, 3, 512, 512)
32x32/Skip           262144    (?, 512, 16, 16)    (1, 1, 512, 512)
16x16/Conv0          2359808   (?, 512, 16, 16)    (3, 3, 512, 512)
16x16/Conv1_down     2359808   (?, 512, 8, 8)      (3, 3, 512, 512)
16x16/Skip           262144    (?, 512, 8, 8)      (1, 1, 512, 512)
8x8/Conv0            2359808   (?, 512, 8, 8)      (3, 3, 512, 512)
8x8/Conv1_down       2359808   (?, 512, 4, 4)      (3, 3, 512, 512)
8x8/Skip             262144    (?, 512, 4, 4)      (1, 1, 512, 512)
4x4/MinibatchStddev  -         (?, 513, 4, 4)      -               
4x4/Conv             2364416   (?, 512, 4, 4)      (3, 3, 513, 512)
4x4/Dense0           4194816   (?, 512)            (8192, 512)     
Output               513       (?, 1)              (512, 1)        
---                  ---       ---                 ---             
Total                24001089                                      

Exporting sample images...
Replicating networks across 2 GPUs...
Initializing augmentations...
Setting up optimizers...
Constructing training graph...
Finalizing training ops...
Initializing metrics...
Training for 25000 kimg...

tick 0     kimg 0.1      time 3m 47s       sec/tick 47.9    sec/kimg 374.09  maintenance 178.8  gpumem 7.1   augment 0.001
Evaluating metrics...
Calculating real image statistics for fid50k_full...
network-snapshot-000000        time 6m 14s       fid50k_full 59.7812
tick 1     kimg 4.2      time 11m 59s      sec/tick 75.8    sec/kimg 18.51   maintenance 416.1  gpumem 7.1   augment 0.022
Evaluating metrics...
network-snapshot-000004        time 4m 30s       fid50k_full 61.3012
tick 2     kimg 8.3      time 18m 03s      sec/tick 76.4    sec/kimg 18.66   maintenance 287.9  gpumem 7.1   augment 0.045
Evaluating metrics...
network-snapshot-000008        time 4m 30s       fid50k_full 59.8441
tick 3     kimg 12.4     time 24m 07s      sec/tick 76.1    sec/kimg 18.58   maintenance 288.1  gpumem 7.1   augment 0.065
Evaluating metrics...
network-snapshot-000012        time 4m 31s       fid50k_full 59.1018
tick 4     kimg 16.5     time 30m 18s      sec/tick 76.6    sec/kimg 18.70   maintenance 294.2  gpumem 7.1   augment 0.078
Evaluating metrics...
network-snapshot-000016        time 4m 30s       fid50k_full 58.0988
tick 5     kimg 20.6     time 36m 22s      sec/tick 76.4    sec/kimg 18.65   maintenance 288.0  gpumem 7.1   augment 0.099
Evaluating metrics...
network-snapshot-000020        time 4m 30s       fid50k_full 57.9995
tick 6     kimg 24.7     time 42m 27s      sec/tick 76.9    sec/kimg 18.76   maintenance 288.4  gpumem 7.1   augment 0.099
Evaluating metrics...
network-snapshot-000024        time 4m 31s       fid50k_full 58.0492
tick 7     kimg 28.8     time 48m 34s      sec/tick 76.3    sec/kimg 18.63   maintenance 290.0  gpumem 7.1   augment 0.106
Evaluating metrics...
network-snapshot-000028        time 4m 29s       fid50k_full 55.7892
tick 8     kimg 32.9     time 54m 39s      sec/tick 76.7    sec/kimg 18.73   maintenance 288.6  gpumem 7.1   augment 0.096
Evaluating metrics...
network-snapshot-000032        time 4m 31s       fid50k_full 55.5993
tick 9     kimg 37.0     time 1h 00m 46s   sec/tick 76.3    sec/kimg 18.64   maintenance 290.1  gpumem 7.1   augment 0.101
Evaluating metrics...
network-snapshot-000036        time 4m 31s       fid50k_full 55.5210
tick 10    kimg 41.1     time 1h 06m 54s   sec/tick 77.8    sec/kimg 18.99   maintenance 290.9  gpumem 7.1   augment 0.104
Evaluating metrics...
network-snapshot-000041        time 4m 33s       fid50k_full 55.4237
tick 11    kimg 45.2     time 1h 13m 05s   sec/tick 76.4    sec/kimg 18.64   maintenance 294.7  gpumem 7.1   augment 0.109
Evaluating metrics...
network-snapshot-000045        time 4m 32s       fid50k_full 54.4896
tick 12    kimg 49.3     time 1h 19m 14s   sec/tick 76.9    sec/kimg 18.77   maintenance 291.3  gpumem 7.1   augment 0.109
Evaluating metrics...
network-snapshot-000049        time 4m 29s       fid50k_full 53.9188
tick 13    kimg 53.4     time 1h 25m 19s   sec/tick 76.5    sec/kimg 18.67   maintenance 288.6  gpumem 7.1   augment 0.119
Evaluating metrics...
network-snapshot-000053        time 4m 29s       fid50k_full 52.8077
tick 14    kimg 57.5     time 1h 31m 24s   sec/tick 76.9    sec/kimg 18.77   maintenance 288.1  gpumem 7.1   augment 0.122
Evaluating metrics...
network-snapshot-000057        time 4m 30s       fid50k_full 52.7140
tick 15    kimg 61.6     time 1h 37m 29s   sec/tick 76.4    sec/kimg 18.65   maintenance 289.0  gpumem 7.1   augment 0.122
Evaluating metrics...
network-snapshot-000061        time 4m 32s       fid50k_full 52.3661
tick 16    kimg 65.7     time 1h 43m 38s   sec/tick 77.0    sec/kimg 18.80   maintenance 291.7  gpumem 7.1   augment 0.127
Evaluating metrics...
network-snapshot-000065        time 4m 30s       fid50k_full 51.6789
tick 17    kimg 69.8     time 1h 49m 44s   sec/tick 76.5    sec/kimg 18.68   maintenance 289.6  gpumem 7.1   augment 0.134
Evaluating metrics...
network-snapshot-000069        time 4m 30s       fid50k_full 52.4047
tick 18    kimg 73.9     time 1h 55m 50s   sec/tick 76.9    sec/kimg 18.77   maintenance 289.5  gpumem 7.1   augment 0.129
Evaluating metrics...
network-snapshot-000073        time 4m 30s       fid50k_full 52.5801
tick 19    kimg 78.0     time 2h 01m 56s   sec/tick 76.5    sec/kimg 18.68   maintenance 289.6  gpumem 7.1   augment 0.137
Evaluating metrics...
network-snapshot-000077        time 4m 30s       fid50k_full 53.5784
tick 20    kimg 82.0     time 2h 08m 02s   sec/tick 76.8    sec/kimg 18.75   maintenance 289.4  gpumem 7.1   augment 0.132
Evaluating metrics...
network-snapshot-000082        time 4m 33s       fid50k_full 52.8911
tick 21    kimg 86.1     time 2h 14m 12s   sec/tick 76.6    sec/kimg 18.69   maintenance 292.7  gpumem 7.1   augment 0.132
Evaluating metrics...
network-snapshot-000086        time 4m 30s       fid50k_full 52.3806
tick 22    kimg 90.2     time 2h 20m 17s   sec/tick 76.9    sec/kimg 18.78   maintenance 288.9  gpumem 7.1   augment 0.142
Evaluating metrics...
network-snapshot-000090        time 4m 30s       fid50k_full 51.7011
tick 23    kimg 94.3     time 2h 26m 23s   sec/tick 76.5    sec/kimg 18.69   maintenance 289.0  gpumem 7.1   augment 0.124
Evaluating metrics...
network-snapshot-000094        time 4m 29s       fid50k_full 52.2212
tick 24    kimg 98.4     time 2h 32m 28s   sec/tick 76.9    sec/kimg 18.78   maintenance 288.2  gpumem 7.1   augment 0.124
Evaluating metrics...
network-snapshot-000098        time 4m 30s       fid50k_full 51.5884
tick 25    kimg 102.5    time 2h 38m 34s   sec/tick 76.5    sec/kimg 18.69   maintenance 289.4  gpumem 7.1   augment 0.124
Evaluating metrics...
network-snapshot-000102        time 4m 30s       fid50k_full 50.6704
tick 26    kimg 106.6    time 2h 44m 40s   sec/tick 76.9    sec/kimg 18.77   maintenance 289.1  gpumem 7.1   augment 0.122
Evaluating metrics...
network-snapshot-000106        time 4m 34s       fid50k_full 49.9475
tick 27    kimg 110.7    time 2h 50m 51s   sec/tick 76.5    sec/kimg 18.67   maintenance 293.9  gpumem 7.1   augment 0.124
Evaluating metrics...
network-snapshot-000110        time 4m 30s       fid50k_full 49.3741
tick 28    kimg 114.8    time 2h 56m 57s   sec/tick 77.0    sec/kimg 18.79   maintenance 289.1  gpumem 7.1   augment 0.134
Evaluating metrics...
network-snapshot-000114        time 4m 30s       fid50k_full 49.2664
tick 29    kimg 118.9    time 3h 03m 03s   sec/tick 76.5    sec/kimg 18.69   maintenance 289.5  gpumem 7.1   augment 0.132
Evaluating metrics...
network-snapshot-000118        time 4m 30s       fid50k_full 48.8876
tick 30    kimg 123.0    time 3h 09m 09s   sec/tick 77.1    sec/kimg 18.82   maintenance 288.8  gpumem 7.1   augment 0.127
Evaluating metrics...
network-snapshot-000123        time 4m 29s       fid50k_full 50.4400
tick 31    kimg 127.1    time 3h 15m 14s   sec/tick 76.6    sec/kimg 18.69   maintenance 288.4  gpumem 7.1   augment 0.132
Evaluating metrics...
