/lustre/work/chaselab/malyetama/ADA_Project
Tensorflow version: 1.14.0
/work/chaselab/malyetama/ADA_Project/training_runs/cars196_training-runs/00011-cars196_custom-auto2-resumecustom/network-snapshot-000409.pkl
Thu Mar 18 14:31:12 2021       
+-----------------------------------------------------------------------------+
| NVIDIA-SMI 450.51.06    Driver Version: 450.51.06    CUDA Version: 11.0     |
|-------------------------------+----------------------+----------------------+
| GPU  Name        Persistence-M| Bus-Id        Disp.A | Volatile Uncorr. ECC |
| Fan  Temp  Perf  Pwr:Usage/Cap|         Memory-Usage | GPU-Util  Compute M. |
|                               |                      |               MIG M. |
|===============================+======================+======================|
|   0  Tesla V100-PCIE...  On   | 00000000:5E:00.0 Off |                    0 |
| N/A   31C    P0    38W / 250W |    311MiB / 32510MiB |      0%      Default |
|                               |                      |                  N/A |
+-------------------------------+----------------------+----------------------+
|   1  Tesla V100-PCIE...  On   | 00000000:D8:00.0 Off |                    0 |
| N/A   33C    P0    36W / 250W |    311MiB / 32510MiB |      0%      Default |
|                               |                      |                  N/A |
+-------------------------------+----------------------+----------------------+
                                                                               
+-----------------------------------------------------------------------------+
| Processes:                                                                  |
|  GPU   GI   CI        PID   Type   Process name                  GPU Memory |
|        ID   ID                                                   Usage      |
|=============================================================================|
|    0   N/A  N/A     55373      C   ...a/envs/ada-env/bin/python      307MiB |
|    1   N/A  N/A     55373      C   ...a/envs/ada-env/bin/python      307MiB |
+-----------------------------------------------------------------------------+

Training options:
{
  "G_args": {
    "func_name": "training.networks.G_main",
    "fmap_base": 8192,
    "fmap_max": 512,
    "mapping_layers": 2,
    "num_fp16_res": 4,
    "conv_clamp": 256
  },
  "D_args": {
    "func_name": "training.networks.D_main",
    "mbstd_group_size": 4,
    "fmap_base": 8192,
    "fmap_max": 512,
    "num_fp16_res": 4,
    "conv_clamp": 256
  },
  "G_opt_args": {
    "beta1": 0.0,
    "beta2": 0.99,
    "learning_rate": 0.0025
  },
  "D_opt_args": {
    "beta1": 0.0,
    "beta2": 0.99,
    "learning_rate": 0.0025
  },
  "loss_args": {
    "func_name": "training.loss.stylegan2",
    "r1_gamma": 0.4096
  },
  "augment_args": {
    "class_name": "training.augment.AdaptiveAugment",
    "tune_heuristic": "rt",
    "tune_target": 0.6,
    "apply_func": "training.augment.augment_pipeline",
    "apply_args": {
      "xflip": 1,
      "rotate90": 1,
      "xint": 1,
      "scale": 1,
      "rotate": 1,
      "aniso": 1,
      "xfrac": 1,
      "brightness": 1,
      "contrast": 1,
      "lumaflip": 1,
      "hue": 1,
      "saturation": 1
    },
    "tune_kimg": 100
  },
  "num_gpus": 2,
  "image_snapshot_ticks": 1,
  "network_snapshot_ticks": 1,
  "train_dataset_args": {
    "path": "/work/chaselab/malyetama/ADA_Project/datasets/cars196_custom",
    "max_label_size": 0,
    "resolution": 256,
    "mirror_augment": false
  },
  "metric_arg_list": [
    {
      "name": "fid50k_full",
      "class_name": "metrics.frechet_inception_distance.FID",
      "max_reals": null,
      "num_fakes": 50000,
      "minibatch_per_gpu": 8,
      "force_dataset_args": {
        "shuffle": false,
        "max_images": null,
        "repeat": false,
        "mirror_augment": false
      }
    }
  ],
  "metric_dataset_args": {
    "path": "/work/chaselab/malyetama/ADA_Project/datasets/cars196_custom",
    "max_label_size": 0,
    "resolution": 256,
    "mirror_augment": false
  },
  "total_kimg": 25000,
  "minibatch_size": 32,
  "minibatch_gpu": 16,
  "G_smoothing_kimg": 10.0,
  "G_smoothing_rampup": null,
  "resume_pkl": "/work/chaselab/malyetama/ADA_Project/training_runs/cars196_training-runs/00011-cars196_custom-auto2-resumecustom/network-snapshot-000409.pkl",
  "run_dir": "/work/chaselab/malyetama/ADA_Project/training_runs/cars196_training-runs/00016-cars196_custom-auto2-resumecustom"
}

Output directory:  /work/chaselab/malyetama/ADA_Project/training_runs/cars196_training-runs/00016-cars196_custom-auto2-resumecustom
Training data:     /work/chaselab/malyetama/ADA_Project/datasets/cars196_custom
Training length:   25000 kimg
Resolution:        256
Number of GPUs:    2

Dry run; exiting.

Training options:
{
  "G_args": {
    "func_name": "training.networks.G_main",
    "fmap_base": 8192,
    "fmap_max": 512,
    "mapping_layers": 2,
    "num_fp16_res": 4,
    "conv_clamp": 256
  },
  "D_args": {
    "func_name": "training.networks.D_main",
    "mbstd_group_size": 4,
    "fmap_base": 8192,
    "fmap_max": 512,
    "num_fp16_res": 4,
    "conv_clamp": 256
  },
  "G_opt_args": {
    "beta1": 0.0,
    "beta2": 0.99,
    "learning_rate": 0.0025
  },
  "D_opt_args": {
    "beta1": 0.0,
    "beta2": 0.99,
    "learning_rate": 0.0025
  },
  "loss_args": {
    "func_name": "training.loss.stylegan2",
    "r1_gamma": 0.4096
  },
  "augment_args": {
    "class_name": "training.augment.AdaptiveAugment",
    "tune_heuristic": "rt",
    "tune_target": 0.6,
    "apply_func": "training.augment.augment_pipeline",
    "apply_args": {
      "xflip": 1,
      "rotate90": 1,
      "xint": 1,
      "scale": 1,
      "rotate": 1,
      "aniso": 1,
      "xfrac": 1,
      "brightness": 1,
      "contrast": 1,
      "lumaflip": 1,
      "hue": 1,
      "saturation": 1
    },
    "tune_kimg": 100
  },
  "num_gpus": 2,
  "image_snapshot_ticks": 1,
  "network_snapshot_ticks": 1,
  "train_dataset_args": {
    "path": "/work/chaselab/malyetama/ADA_Project/datasets/cars196_custom",
    "max_label_size": 0,
    "resolution": 256,
    "mirror_augment": false
  },
  "metric_arg_list": [
    {
      "name": "fid50k_full",
      "class_name": "metrics.frechet_inception_distance.FID",
      "max_reals": null,
      "num_fakes": 50000,
      "minibatch_per_gpu": 8,
      "force_dataset_args": {
        "shuffle": false,
        "max_images": null,
        "repeat": false,
        "mirror_augment": false
      }
    }
  ],
  "metric_dataset_args": {
    "path": "/work/chaselab/malyetama/ADA_Project/datasets/cars196_custom",
    "max_label_size": 0,
    "resolution": 256,
    "mirror_augment": false
  },
  "total_kimg": 25000,
  "minibatch_size": 32,
  "minibatch_gpu": 16,
  "G_smoothing_kimg": 10.0,
  "G_smoothing_rampup": null,
  "resume_pkl": "/work/chaselab/malyetama/ADA_Project/training_runs/cars196_training-runs/00011-cars196_custom-auto2-resumecustom/network-snapshot-000409.pkl",
  "run_dir": "/work/chaselab/malyetama/ADA_Project/training_runs/cars196_training-runs/00016-cars196_custom-auto2-resumecustom"
}

Output directory:  /work/chaselab/malyetama/ADA_Project/training_runs/cars196_training-runs/00016-cars196_custom-auto2-resumecustom
Training data:     /work/chaselab/malyetama/ADA_Project/datasets/cars196_custom
Training length:   25000 kimg
Resolution:        256
Number of GPUs:    2

Creating output directory...
Loading training set...
Image shape: [3, 256, 256]
Label shape: [0]

Constructing networks...
Setting up TensorFlow plugin "fused_bias_act.cu": Loading... Done.
Setting up TensorFlow plugin "upfirdn_2d.cu": Loading... Done.
Resuming from "/work/chaselab/malyetama/ADA_Project/training_runs/cars196_training-runs/00011-cars196_custom-auto2-resumecustom/network-snapshot-000409.pkl"

G                             Params    OutputShape         WeightShape     
---                           ---       ---                 ---             
latents_in                    -         (?, 512)            -               
labels_in                     -         (?, 0)              -               
G_mapping/Normalize           -         (?, 512)            -               
G_mapping/Dense0              262656    (?, 512)            (512, 512)      
G_mapping/Dense1              262656    (?, 512)            (512, 512)      
G_mapping/Broadcast           -         (?, 14, 512)        -               
dlatent_avg                   -         (512,)              -               
Truncation/Lerp               -         (?, 14, 512)        -               
G_synthesis/4x4/Const         8192      (?, 512, 4, 4)      (1, 512, 4, 4)  
G_synthesis/4x4/Conv          2622465   (?, 512, 4, 4)      (3, 3, 512, 512)
G_synthesis/4x4/ToRGB         264195    (?, 3, 4, 4)        (1, 1, 512, 3)  
G_synthesis/8x8/Conv0_up      2622465   (?, 512, 8, 8)      (3, 3, 512, 512)
G_synthesis/8x8/Conv1         2622465   (?, 512, 8, 8)      (3, 3, 512, 512)
G_synthesis/8x8/Upsample      -         (?, 3, 8, 8)        -               
G_synthesis/8x8/ToRGB         264195    (?, 3, 8, 8)        (1, 1, 512, 3)  
G_synthesis/16x16/Conv0_up    2622465   (?, 512, 16, 16)    (3, 3, 512, 512)
G_synthesis/16x16/Conv1       2622465   (?, 512, 16, 16)    (3, 3, 512, 512)
G_synthesis/16x16/Upsample    -         (?, 3, 16, 16)      -               
G_synthesis/16x16/ToRGB       264195    (?, 3, 16, 16)      (1, 1, 512, 3)  
G_synthesis/32x32/Conv0_up    2622465   (?, 512, 32, 32)    (3, 3, 512, 512)
G_synthesis/32x32/Conv1       2622465   (?, 512, 32, 32)    (3, 3, 512, 512)
G_synthesis/32x32/Upsample    -         (?, 3, 32, 32)      -               
G_synthesis/32x32/ToRGB       264195    (?, 3, 32, 32)      (1, 1, 512, 3)  
G_synthesis/64x64/Conv0_up    1442561   (?, 256, 64, 64)    (3, 3, 512, 256)
G_synthesis/64x64/Conv1       721409    (?, 256, 64, 64)    (3, 3, 256, 256)
G_synthesis/64x64/Upsample    -         (?, 3, 64, 64)      -               
G_synthesis/64x64/ToRGB       132099    (?, 3, 64, 64)      (1, 1, 256, 3)  
G_synthesis/128x128/Conv0_up  426369    (?, 128, 128, 128)  (3, 3, 256, 128)
G_synthesis/128x128/Conv1     213249    (?, 128, 128, 128)  (3, 3, 128, 128)
G_synthesis/128x128/Upsample  -         (?, 3, 128, 128)    -               
G_synthesis/128x128/ToRGB     66051     (?, 3, 128, 128)    (1, 1, 128, 3)  
G_synthesis/256x256/Conv0_up  139457    (?, 64, 256, 256)   (3, 3, 128, 64) 
G_synthesis/256x256/Conv1     69761     (?, 64, 256, 256)   (3, 3, 64, 64)  
G_synthesis/256x256/Upsample  -         (?, 3, 256, 256)    -               
G_synthesis/256x256/ToRGB     33027     (?, 3, 256, 256)    (1, 1, 64, 3)   
---                           ---       ---                 ---             
Total                         23191522                                      


D                    Params    OutputShape         WeightShape     
---                  ---       ---                 ---             
images_in            -         (?, 3, 256, 256)    -               
labels_in            -         (?, 0)              -               
256x256/FromRGB      256       (?, 64, 256, 256)   (1, 1, 3, 64)   
256x256/Conv0        36928     (?, 64, 256, 256)   (3, 3, 64, 64)  
256x256/Conv1_down   73856     (?, 128, 128, 128)  (3, 3, 64, 128) 
256x256/Skip         8192      (?, 128, 128, 128)  (1, 1, 64, 128) 
128x128/Conv0        147584    (?, 128, 128, 128)  (3, 3, 128, 128)
128x128/Conv1_down   295168    (?, 256, 64, 64)    (3, 3, 128, 256)
128x128/Skip         32768     (?, 256, 64, 64)    (1, 1, 128, 256)
64x64/Conv0          590080    (?, 256, 64, 64)    (3, 3, 256, 256)
64x64/Conv1_down     1180160   (?, 512, 32, 32)    (3, 3, 256, 512)
64x64/Skip           131072    (?, 512, 32, 32)    (1, 1, 256, 512)
32x32/Conv0          2359808   (?, 512, 32, 32)    (3, 3, 512, 512)
32x32/Conv1_down     2359808   (?, 512, 16, 16)    (3, 3, 512, 512)
32x32/Skip           262144    (?, 512, 16, 16)    (1, 1, 512, 512)
16x16/Conv0          2359808   (?, 512, 16, 16)    (3, 3, 512, 512)
16x16/Conv1_down     2359808   (?, 512, 8, 8)      (3, 3, 512, 512)
16x16/Skip           262144    (?, 512, 8, 8)      (1, 1, 512, 512)
8x8/Conv0            2359808   (?, 512, 8, 8)      (3, 3, 512, 512)
8x8/Conv1_down       2359808   (?, 512, 4, 4)      (3, 3, 512, 512)
8x8/Skip             262144    (?, 512, 4, 4)      (1, 1, 512, 512)
4x4/MinibatchStddev  -         (?, 513, 4, 4)      -               
4x4/Conv             2364416   (?, 512, 4, 4)      (3, 3, 513, 512)
4x4/Dense0           4194816   (?, 512)            (8192, 512)     
Output               513       (?, 1)              (512, 1)        
---                  ---       ---                 ---             
Total                24001089                                      

Exporting sample images...
Replicating networks across 2 GPUs...
Initializing augmentations...
Setting up optimizers...
Constructing training graph...
Finalizing training ops...
Initializing metrics...
Training for 25000 kimg...

tick 0     kimg 0.1      time 6m 50s       sec/tick 46.1    sec/kimg 359.97  maintenance 364.1  gpumem 7.1   augment 0.001
Evaluating metrics...
Calculating real image statistics for fid50k_full...
network-snapshot-000000        time 7m 09s       fid50k_full 45.6434
tick 1     kimg 4.2      time 16m 14s      sec/tick 84.0    sec/kimg 20.50   maintenance 479.8  gpumem 7.1   augment 0.035
Evaluating metrics...
network-snapshot-000004        time 5m 06s       fid50k_full 46.6298
tick 2     kimg 8.3      time 23m 08s      sec/tick 84.8    sec/kimg 20.71   maintenance 329.4  gpumem 7.1   augment 0.070
Evaluating metrics...
network-snapshot-000008        time 5m 06s       fid50k_full 46.3576
tick 3     kimg 12.4     time 30m 03s      sec/tick 84.5    sec/kimg 20.63   maintenance 330.5  gpumem 7.1   augment 0.109
Evaluating metrics...
network-snapshot-000012        time 5m 06s       fid50k_full 56.4715
tick 4     kimg 16.5     time 37m 00s      sec/tick 85.2    sec/kimg 20.81   maintenance 331.1  gpumem 7.1   augment 0.147
Evaluating metrics...
network-snapshot-000016        time 5m 07s       fid50k_full 65.8502
tick 5     kimg 20.6     time 43m 57s      sec/tick 84.7    sec/kimg 20.67   maintenance 333.2  gpumem 7.1   augment 0.186
Evaluating metrics...
network-snapshot-000020        time 5m 06s       fid50k_full 74.0434
tick 6     kimg 24.7     time 50m 53s      sec/tick 85.4    sec/kimg 20.85   maintenance 330.5  gpumem 7.1   augment 0.221
Evaluating metrics...
network-snapshot-000024        time 5m 08s       fid50k_full 76.0917
tick 7     kimg 28.8     time 57m 50s      sec/tick 84.9    sec/kimg 20.74   maintenance 331.3  gpumem 7.1   augment 0.255
Evaluating metrics...
network-snapshot-000028        time 5m 05s       fid50k_full 68.9851
tick 8     kimg 32.9     time 1h 04m 54s   sec/tick 92.3    sec/kimg 22.53   maintenance 332.6  gpumem 7.1   augment 0.283
Evaluating metrics...
network-snapshot-000032        time 5m 12s       fid50k_full 68.1979
tick 9     kimg 37.0     time 1h 11m 57s   sec/tick 85.1    sec/kimg 20.79   maintenance 337.5  gpumem 7.1   augment 0.314
Evaluating metrics...
network-snapshot-000036        time 5m 06s       fid50k_full 65.8645
tick 10    kimg 41.1     time 1h 18m 52s   sec/tick 85.8    sec/kimg 20.94   maintenance 329.2  gpumem 7.1   augment 0.339
Evaluating metrics...
network-snapshot-000041        time 5m 06s       fid50k_full 63.5926
tick 11    kimg 45.2     time 1h 25m 47s   sec/tick 85.2    sec/kimg 20.81   maintenance 329.6  gpumem 7.1   augment 0.357
Evaluating metrics...
network-snapshot-000045        time 5m 08s       fid50k_full 58.7998
tick 12    kimg 49.3     time 1h 32m 44s   sec/tick 85.8    sec/kimg 20.95   maintenance 331.8  gpumem 7.1   augment 0.385
Evaluating metrics...
network-snapshot-000049        time 5m 06s       fid50k_full 57.8457
tick 13    kimg 53.4     time 1h 39m 39s   sec/tick 85.5    sec/kimg 20.89   maintenance 329.2  gpumem 7.1   augment 0.406
Evaluating metrics...
network-snapshot-000053        time 5m 06s       fid50k_full 61.0655
tick 14    kimg 57.5     time 1h 46m 36s   sec/tick 86.1    sec/kimg 21.03   maintenance 330.5  gpumem 7.1   augment 0.439
Evaluating metrics...
network-snapshot-000057        time 5m 06s       fid50k_full 64.2421
tick 15    kimg 61.6     time 1h 53m 33s   sec/tick 85.6    sec/kimg 20.91   maintenance 331.5  gpumem 7.1   augment 0.465
Evaluating metrics...
network-snapshot-000061        time 5m 09s       fid50k_full 70.1537
tick 16    kimg 65.7     time 2h 00m 31s   sec/tick 86.1    sec/kimg 21.03   maintenance 331.7  gpumem 7.1   augment 0.470
Evaluating metrics...
network-snapshot-000065        time 5m 07s       fid50k_full 70.6267
tick 17    kimg 69.8     time 2h 07m 27s   sec/tick 85.9    sec/kimg 20.97   maintenance 330.9  gpumem 7.1   augment 0.480
Evaluating metrics...
network-snapshot-000069        time 5m 07s       fid50k_full 60.3817
tick 18    kimg 73.9     time 2h 14m 24s   sec/tick 86.2    sec/kimg 21.04   maintenance 330.7  gpumem 7.1   augment 0.488
Evaluating metrics...
network-snapshot-000073        time 5m 07s       fid50k_full 54.1024
tick 19    kimg 78.0     time 2h 21m 21s   sec/tick 85.7    sec/kimg 20.93   maintenance 330.8  gpumem 7.1   augment 0.488
Evaluating metrics...
network-snapshot-000077        time 5m 06s       fid50k_full 49.8396
tick 20    kimg 82.0     time 2h 28m 16s   sec/tick 86.3    sec/kimg 21.07   maintenance 329.4  gpumem 7.1   augment 0.495
Evaluating metrics...
network-snapshot-000082        time 5m 10s       fid50k_full 50.5138
tick 21    kimg 86.1     time 2h 35m 16s   sec/tick 85.7    sec/kimg 20.92   maintenance 333.5  gpumem 7.1   augment 0.495
Evaluating metrics...
network-snapshot-000086        time 5m 07s       fid50k_full 55.7319
tick 22    kimg 90.2     time 2h 42m 12s   sec/tick 86.2    sec/kimg 21.03   maintenance 330.7  gpumem 7.1   augment 0.503
Evaluating metrics...
network-snapshot-000090        time 5m 06s       fid50k_full 56.7021
tick 23    kimg 94.3     time 2h 49m 08s   sec/tick 85.8    sec/kimg 20.94   maintenance 329.9  gpumem 7.1   augment 0.518
Evaluating metrics...
network-snapshot-000094        time 5m 06s       fid50k_full 57.2888
tick 24    kimg 98.4     time 2h 56m 04s   sec/tick 86.2    sec/kimg 21.05   maintenance 330.0  gpumem 7.1   augment 0.521
Evaluating metrics...
