/lustre/work/chaselab/malyetama/ADA_Project
Tensorflow version: 1.14.0
/work/chaselab/malyetama/ADA_Project/training_runs/metfaces_training-runs/00002-metfaces_custom-auto2-resumecustom/network-snapshot-000024.pkl
Thu Mar 18 14:31:42 2021       
+-----------------------------------------------------------------------------+
| NVIDIA-SMI 450.51.06    Driver Version: 450.51.06    CUDA Version: 11.0     |
|-------------------------------+----------------------+----------------------+
| GPU  Name        Persistence-M| Bus-Id        Disp.A | Volatile Uncorr. ECC |
| Fan  Temp  Perf  Pwr:Usage/Cap|         Memory-Usage | GPU-Util  Compute M. |
|                               |                      |               MIG M. |
|===============================+======================+======================|
|   0  Tesla V100S-PCI...  Off  | 00000000:60:00.0 Off |                    0 |
| N/A   37C    P0    36W / 250W |    311MiB / 32510MiB |      0%      Default |
|                               |                      |                  N/A |
+-------------------------------+----------------------+----------------------+
|   1  Tesla V100S-PCI...  Off  | 00000000:DA:00.0 Off |                    0 |
| N/A   33C    P0    36W / 250W |    311MiB / 32510MiB |      0%      Default |
|                               |                      |                  N/A |
+-------------------------------+----------------------+----------------------+
                                                                               
+-----------------------------------------------------------------------------+
| Processes:                                                                  |
|  GPU   GI   CI        PID   Type   Process name                  GPU Memory |
|        ID   ID                                                   Usage      |
|=============================================================================|
|    0   N/A  N/A    160533      C   ...a/envs/ada-env/bin/python      307MiB |
|    1   N/A  N/A    160533      C   ...a/envs/ada-env/bin/python      307MiB |
+-----------------------------------------------------------------------------+

Training options:
{
  "G_args": {
    "func_name": "training.networks.G_main",
    "fmap_base": 16384,
    "fmap_max": 512,
    "mapping_layers": 2,
    "num_fp16_res": 4,
    "conv_clamp": 256
  },
  "D_args": {
    "func_name": "training.networks.D_main",
    "mbstd_group_size": 4,
    "fmap_base": 16384,
    "fmap_max": 512,
    "num_fp16_res": 4,
    "conv_clamp": 256
  },
  "G_opt_args": {
    "beta1": 0.0,
    "beta2": 0.99,
    "learning_rate": 0.0025
  },
  "D_opt_args": {
    "beta1": 0.0,
    "beta2": 0.99,
    "learning_rate": 0.0025
  },
  "loss_args": {
    "func_name": "training.loss.stylegan2",
    "r1_gamma": 3.2768
  },
  "augment_args": {
    "class_name": "training.augment.AdaptiveAugment",
    "tune_heuristic": "rt",
    "tune_target": 0.6,
    "apply_func": "training.augment.augment_pipeline",
    "apply_args": {
      "xflip": 1,
      "rotate90": 1,
      "xint": 1,
      "scale": 1,
      "rotate": 1,
      "aniso": 1,
      "xfrac": 1,
      "brightness": 1,
      "contrast": 1,
      "lumaflip": 1,
      "hue": 1,
      "saturation": 1
    },
    "tune_kimg": 100
  },
  "num_gpus": 2,
  "image_snapshot_ticks": 1,
  "network_snapshot_ticks": 1,
  "train_dataset_args": {
    "path": "/work/chaselab/malyetama/ADA_Project/datasets/metfaces_custom",
    "max_label_size": 0,
    "resolution": 512,
    "mirror_augment": false
  },
  "metric_arg_list": [
    {
      "name": "fid50k_full",
      "class_name": "metrics.frechet_inception_distance.FID",
      "max_reals": null,
      "num_fakes": 50000,
      "minibatch_per_gpu": 8,
      "force_dataset_args": {
        "shuffle": false,
        "max_images": null,
        "repeat": false,
        "mirror_augment": false
      }
    }
  ],
  "metric_dataset_args": {
    "path": "/work/chaselab/malyetama/ADA_Project/datasets/metfaces_custom",
    "max_label_size": 0,
    "resolution": 512,
    "mirror_augment": false
  },
  "total_kimg": 25000,
  "minibatch_size": 16,
  "minibatch_gpu": 8,
  "G_smoothing_kimg": 5.0,
  "G_smoothing_rampup": null,
  "resume_pkl": "/work/chaselab/malyetama/ADA_Project/training_runs/metfaces_training-runs/00002-metfaces_custom-auto2-resumecustom/network-snapshot-000024.pkl",
  "run_dir": "/work/chaselab/malyetama/ADA_Project/training_runs/metfaces_training-runs/00004-metfaces_custom-auto2-resumecustom"
}

Output directory:  /work/chaselab/malyetama/ADA_Project/training_runs/metfaces_training-runs/00004-metfaces_custom-auto2-resumecustom
Training data:     /work/chaselab/malyetama/ADA_Project/datasets/metfaces_custom
Training length:   25000 kimg
Resolution:        512
Number of GPUs:    2

Dry run; exiting.

Training options:
{
  "G_args": {
    "func_name": "training.networks.G_main",
    "fmap_base": 16384,
    "fmap_max": 512,
    "mapping_layers": 2,
    "num_fp16_res": 4,
    "conv_clamp": 256
  },
  "D_args": {
    "func_name": "training.networks.D_main",
    "mbstd_group_size": 4,
    "fmap_base": 16384,
    "fmap_max": 512,
    "num_fp16_res": 4,
    "conv_clamp": 256
  },
  "G_opt_args": {
    "beta1": 0.0,
    "beta2": 0.99,
    "learning_rate": 0.0025
  },
  "D_opt_args": {
    "beta1": 0.0,
    "beta2": 0.99,
    "learning_rate": 0.0025
  },
  "loss_args": {
    "func_name": "training.loss.stylegan2",
    "r1_gamma": 3.2768
  },
  "augment_args": {
    "class_name": "training.augment.AdaptiveAugment",
    "tune_heuristic": "rt",
    "tune_target": 0.6,
    "apply_func": "training.augment.augment_pipeline",
    "apply_args": {
      "xflip": 1,
      "rotate90": 1,
      "xint": 1,
      "scale": 1,
      "rotate": 1,
      "aniso": 1,
      "xfrac": 1,
      "brightness": 1,
      "contrast": 1,
      "lumaflip": 1,
      "hue": 1,
      "saturation": 1
    },
    "tune_kimg": 100
  },
  "num_gpus": 2,
  "image_snapshot_ticks": 1,
  "network_snapshot_ticks": 1,
  "train_dataset_args": {
    "path": "/work/chaselab/malyetama/ADA_Project/datasets/metfaces_custom",
    "max_label_size": 0,
    "resolution": 512,
    "mirror_augment": false
  },
  "metric_arg_list": [
    {
      "name": "fid50k_full",
      "class_name": "metrics.frechet_inception_distance.FID",
      "max_reals": null,
      "num_fakes": 50000,
      "minibatch_per_gpu": 8,
      "force_dataset_args": {
        "shuffle": false,
        "max_images": null,
        "repeat": false,
        "mirror_augment": false
      }
    }
  ],
  "metric_dataset_args": {
    "path": "/work/chaselab/malyetama/ADA_Project/datasets/metfaces_custom",
    "max_label_size": 0,
    "resolution": 512,
    "mirror_augment": false
  },
  "total_kimg": 25000,
  "minibatch_size": 16,
  "minibatch_gpu": 8,
  "G_smoothing_kimg": 5.0,
  "G_smoothing_rampup": null,
  "resume_pkl": "/work/chaselab/malyetama/ADA_Project/training_runs/metfaces_training-runs/00002-metfaces_custom-auto2-resumecustom/network-snapshot-000024.pkl",
  "run_dir": "/work/chaselab/malyetama/ADA_Project/training_runs/metfaces_training-runs/00004-metfaces_custom-auto2-resumecustom"
}

Output directory:  /work/chaselab/malyetama/ADA_Project/training_runs/metfaces_training-runs/00004-metfaces_custom-auto2-resumecustom
Training data:     /work/chaselab/malyetama/ADA_Project/datasets/metfaces_custom
Training length:   25000 kimg
Resolution:        512
Number of GPUs:    2

Creating output directory...
Loading training set...
Image shape: [3, 512, 512]
Label shape: [0]

Constructing networks...
Setting up TensorFlow plugin "fused_bias_act.cu": Loading... Done.
Setting up TensorFlow plugin "upfirdn_2d.cu": Loading... Done.
Resuming from "/work/chaselab/malyetama/ADA_Project/training_runs/metfaces_training-runs/00002-metfaces_custom-auto2-resumecustom/network-snapshot-000024.pkl"

G                             Params    OutputShape         WeightShape     
---                           ---       ---                 ---             
latents_in                    -         (?, 512)            -               
labels_in                     -         (?, 0)              -               
G_mapping/Normalize           -         (?, 512)            -               
G_mapping/Dense0              262656    (?, 512)            (512, 512)      
G_mapping/Dense1              262656    (?, 512)            (512, 512)      
G_mapping/Broadcast           -         (?, 16, 512)        -               
dlatent_avg                   -         (512,)              -               
Truncation/Lerp               -         (?, 16, 512)        -               
G_synthesis/4x4/Const         8192      (?, 512, 4, 4)      (1, 512, 4, 4)  
G_synthesis/4x4/Conv          2622465   (?, 512, 4, 4)      (3, 3, 512, 512)
G_synthesis/4x4/ToRGB         264195    (?, 3, 4, 4)        (1, 1, 512, 3)  
G_synthesis/8x8/Conv0_up      2622465   (?, 512, 8, 8)      (3, 3, 512, 512)
G_synthesis/8x8/Conv1         2622465   (?, 512, 8, 8)      (3, 3, 512, 512)
G_synthesis/8x8/Upsample      -         (?, 3, 8, 8)        -               
G_synthesis/8x8/ToRGB         264195    (?, 3, 8, 8)        (1, 1, 512, 3)  
G_synthesis/16x16/Conv0_up    2622465   (?, 512, 16, 16)    (3, 3, 512, 512)
G_synthesis/16x16/Conv1       2622465   (?, 512, 16, 16)    (3, 3, 512, 512)
G_synthesis/16x16/Upsample    -         (?, 3, 16, 16)      -               
G_synthesis/16x16/ToRGB       264195    (?, 3, 16, 16)      (1, 1, 512, 3)  
G_synthesis/32x32/Conv0_up    2622465   (?, 512, 32, 32)    (3, 3, 512, 512)
G_synthesis/32x32/Conv1       2622465   (?, 512, 32, 32)    (3, 3, 512, 512)
G_synthesis/32x32/Upsample    -         (?, 3, 32, 32)      -               
G_synthesis/32x32/ToRGB       264195    (?, 3, 32, 32)      (1, 1, 512, 3)  
G_synthesis/64x64/Conv0_up    2622465   (?, 512, 64, 64)    (3, 3, 512, 512)
G_synthesis/64x64/Conv1       2622465   (?, 512, 64, 64)    (3, 3, 512, 512)
G_synthesis/64x64/Upsample    -         (?, 3, 64, 64)      -               
G_synthesis/64x64/ToRGB       264195    (?, 3, 64, 64)      (1, 1, 512, 3)  
G_synthesis/128x128/Conv0_up  1442561   (?, 256, 128, 128)  (3, 3, 512, 256)
G_synthesis/128x128/Conv1     721409    (?, 256, 128, 128)  (3, 3, 256, 256)
G_synthesis/128x128/Upsample  -         (?, 3, 128, 128)    -               
G_synthesis/128x128/ToRGB     132099    (?, 3, 128, 128)    (1, 1, 256, 3)  
G_synthesis/256x256/Conv0_up  426369    (?, 128, 256, 256)  (3, 3, 256, 128)
G_synthesis/256x256/Conv1     213249    (?, 128, 256, 256)  (3, 3, 128, 128)
G_synthesis/256x256/Upsample  -         (?, 3, 256, 256)    -               
G_synthesis/256x256/ToRGB     66051     (?, 3, 256, 256)    (1, 1, 128, 3)  
G_synthesis/512x512/Conv0_up  139457    (?, 64, 512, 512)   (3, 3, 128, 64) 
G_synthesis/512x512/Conv1     69761     (?, 64, 512, 512)   (3, 3, 64, 64)  
G_synthesis/512x512/Upsample  -         (?, 3, 512, 512)    -               
G_synthesis/512x512/ToRGB     33027     (?, 3, 512, 512)    (1, 1, 64, 3)   
---                           ---       ---                 ---             
Total                         28700647                                      


D                    Params    OutputShape         WeightShape     
---                  ---       ---                 ---             
images_in            -         (?, 3, 512, 512)    -               
labels_in            -         (?, 0)              -               
512x512/FromRGB      256       (?, 64, 512, 512)   (1, 1, 3, 64)   
512x512/Conv0        36928     (?, 64, 512, 512)   (3, 3, 64, 64)  
512x512/Conv1_down   73856     (?, 128, 256, 256)  (3, 3, 64, 128) 
512x512/Skip         8192      (?, 128, 256, 256)  (1, 1, 64, 128) 
256x256/Conv0        147584    (?, 128, 256, 256)  (3, 3, 128, 128)
256x256/Conv1_down   295168    (?, 256, 128, 128)  (3, 3, 128, 256)
256x256/Skip         32768     (?, 256, 128, 128)  (1, 1, 128, 256)
128x128/Conv0        590080    (?, 256, 128, 128)  (3, 3, 256, 256)
128x128/Conv1_down   1180160   (?, 512, 64, 64)    (3, 3, 256, 512)
128x128/Skip         131072    (?, 512, 64, 64)    (1, 1, 256, 512)
64x64/Conv0          2359808   (?, 512, 64, 64)    (3, 3, 512, 512)
64x64/Conv1_down     2359808   (?, 512, 32, 32)    (3, 3, 512, 512)
64x64/Skip           262144    (?, 512, 32, 32)    (1, 1, 512, 512)
32x32/Conv0          2359808   (?, 512, 32, 32)    (3, 3, 512, 512)
32x32/Conv1_down     2359808   (?, 512, 16, 16)    (3, 3, 512, 512)
32x32/Skip           262144    (?, 512, 16, 16)    (1, 1, 512, 512)
16x16/Conv0          2359808   (?, 512, 16, 16)    (3, 3, 512, 512)
16x16/Conv1_down     2359808   (?, 512, 8, 8)      (3, 3, 512, 512)
16x16/Skip           262144    (?, 512, 8, 8)      (1, 1, 512, 512)
8x8/Conv0            2359808   (?, 512, 8, 8)      (3, 3, 512, 512)
8x8/Conv1_down       2359808   (?, 512, 4, 4)      (3, 3, 512, 512)
8x8/Skip             262144    (?, 512, 4, 4)      (1, 1, 512, 512)
4x4/MinibatchStddev  -         (?, 513, 4, 4)      -               
4x4/Conv             2364416   (?, 512, 4, 4)      (3, 3, 513, 512)
4x4/Dense0           4194816   (?, 512)            (8192, 512)     
Output               513       (?, 1)              (512, 1)        
---                  ---       ---                 ---             
Total                28982849                                      

Exporting sample images...
Replicating networks across 2 GPUs...
Initializing augmentations...
Setting up optimizers...
Constructing training graph...
Finalizing training ops...
Initializing metrics...
Training for 25000 kimg...

tick 0     kimg 0.1      time 3m 30s       sec/tick 57.5    sec/kimg 897.96  maintenance 152.8  gpumem 9.9   augment 0.001
Evaluating metrics...
Calculating real image statistics for fid50k_full...
network-snapshot-000000        time 9m 02s       fid50k_full 339.5089
tick 1     kimg 4.1      time 17m 23s      sec/tick 231.0   sec/kimg 57.30   maintenance 601.8  gpumem 9.9   augment 0.033
Evaluating metrics...
network-snapshot-000004        time 8m 30s       fid50k_full 330.5564
tick 2     kimg 8.1      time 30m 14s      sec/tick 232.6   sec/kimg 57.70   maintenance 538.2  gpumem 9.9   augment 0.068
Evaluating metrics...
network-snapshot-000008        time 8m 30s       fid50k_full 337.7174
tick 3     kimg 12.2     time 42m 56s      sec/tick 232.9   sec/kimg 57.76   maintenance 529.4  gpumem 9.9   augment 0.099
Evaluating metrics...
network-snapshot-000012        time 8m 31s       fid50k_full 335.4842
tick 4     kimg 16.2     time 55m 38s      sec/tick 233.7   sec/kimg 57.97   maintenance 528.1  gpumem 9.9   augment 0.120
Evaluating metrics...
network-snapshot-000016        time 8m 33s       fid50k_full 344.7422
tick 5     kimg 20.2     time 1h 08m 24s   sec/tick 234.5   sec/kimg 58.15   maintenance 531.1  gpumem 9.9   augment 0.116
Evaluating metrics...
network-snapshot-000020        time 8m 33s       fid50k_full 327.1382
tick 6     kimg 24.3     time 1h 21m 08s   sec/tick 233.8   sec/kimg 57.98   maintenance 530.5  gpumem 9.9   augment 0.099
Evaluating metrics...
network-snapshot-000024        time 8m 30s       fid50k_full 333.7127
tick 7     kimg 28.3     time 1h 33m 48s   sec/tick 233.6   sec/kimg 57.93   maintenance 526.6  gpumem 9.9   augment 0.097
Evaluating metrics...
network-snapshot-000028        time 8m 32s       fid50k_full 364.0702
tick 8     kimg 32.3     time 1h 46m 31s   sec/tick 233.0   sec/kimg 57.80   maintenance 529.9  gpumem 9.9   augment 0.089
Evaluating metrics...
network-snapshot-000032        time 8m 30s       fid50k_full 313.7497
tick 9     kimg 36.4     time 1h 59m 13s   sec/tick 233.3   sec/kimg 57.86   maintenance 528.8  gpumem 9.9   augment 0.083
Evaluating metrics...
network-snapshot-000036        time 8m 30s       fid50k_full 266.9291
tick 10    kimg 40.4     time 2h 11m 54s   sec/tick 232.8   sec/kimg 57.75   maintenance 527.8  gpumem 9.9   augment 0.066
Evaluating metrics...
network-snapshot-000040        time 8m 32s       fid50k_full 210.8870
