/lustre/work/chaselab/malyetama
Tensorflow version: 1.14.0
/work/chaselab/malyetama/ADA_Project/training_runs/cars196_training-runs/00010-cars196_custom-auto2-resumecustom/network-snapshot-000401.pkl
Thu Mar 18 23:08:20 2021       
+-----------------------------------------------------------------------------+
| NVIDIA-SMI 450.51.06    Driver Version: 450.51.06    CUDA Version: 11.0     |
|-------------------------------+----------------------+----------------------+
| GPU  Name        Persistence-M| Bus-Id        Disp.A | Volatile Uncorr. ECC |
| Fan  Temp  Perf  Pwr:Usage/Cap|         Memory-Usage | GPU-Util  Compute M. |
|                               |                      |               MIG M. |
|===============================+======================+======================|
|   0  Tesla V100-PCIE...  On   | 00000000:5E:00.0 Off |                    0 |
| N/A   43C    P0    38W / 250W |    311MiB / 32510MiB |      0%      Default |
|                               |                      |                  N/A |
+-------------------------------+----------------------+----------------------+
|   1  Tesla V100-PCIE...  On   | 00000000:D8:00.0 Off |                    0 |
| N/A   44C    P0    39W / 250W |    311MiB / 32510MiB |      0%      Default |
|                               |                      |                  N/A |
+-------------------------------+----------------------+----------------------+
                                                                               
+-----------------------------------------------------------------------------+
| Processes:                                                                  |
|  GPU   GI   CI        PID   Type   Process name                  GPU Memory |
|        ID   ID                                                   Usage      |
|=============================================================================|
|    0   N/A  N/A    156607      C   ...a/envs/ada-env/bin/python      307MiB |
|    1   N/A  N/A    156607      C   ...a/envs/ada-env/bin/python      307MiB |
+-----------------------------------------------------------------------------+

Training options:
{
  "G_args": {
    "func_name": "training.networks.G_main",
    "fmap_base": 8192,
    "fmap_max": 512,
    "mapping_layers": 2,
    "num_fp16_res": 4,
    "conv_clamp": 256
  },
  "D_args": {
    "func_name": "training.networks.D_main",
    "mbstd_group_size": 4,
    "fmap_base": 8192,
    "fmap_max": 512,
    "num_fp16_res": 4,
    "conv_clamp": 256
  },
  "G_opt_args": {
    "beta1": 0.0,
    "beta2": 0.99,
    "learning_rate": 0.0025
  },
  "D_opt_args": {
    "beta1": 0.0,
    "beta2": 0.99,
    "learning_rate": 0.0025
  },
  "loss_args": {
    "func_name": "training.loss.stylegan2",
    "r1_gamma": 0.4096
  },
  "augment_args": {
    "class_name": "training.augment.AdaptiveAugment",
    "tune_heuristic": "rt",
    "tune_target": 0.6,
    "apply_func": "training.augment.augment_pipeline",
    "apply_args": {
      "xflip": 1,
      "rotate90": 1,
      "xint": 1,
      "scale": 1,
      "rotate": 1,
      "aniso": 1,
      "xfrac": 1,
      "brightness": 1,
      "contrast": 1,
      "lumaflip": 1,
      "hue": 1,
      "saturation": 1
    },
    "tune_kimg": 100
  },
  "num_gpus": 2,
  "image_snapshot_ticks": 1,
  "network_snapshot_ticks": 1,
  "train_dataset_args": {
    "path": "/work/chaselab/malyetama/ADA_Project/datasets/cars196_custom",
    "max_label_size": 0,
    "resolution": 256,
    "mirror_augment": false
  },
  "metric_arg_list": [
    {
      "name": "fid50k_full",
      "class_name": "metrics.frechet_inception_distance.FID",
      "max_reals": null,
      "num_fakes": 50000,
      "minibatch_per_gpu": 8,
      "force_dataset_args": {
        "shuffle": false,
        "max_images": null,
        "repeat": false,
        "mirror_augment": false
      }
    }
  ],
  "metric_dataset_args": {
    "path": "/work/chaselab/malyetama/ADA_Project/datasets/cars196_custom",
    "max_label_size": 0,
    "resolution": 256,
    "mirror_augment": false
  },
  "total_kimg": 25000,
  "minibatch_size": 32,
  "minibatch_gpu": 16,
  "G_smoothing_kimg": 10.0,
  "G_smoothing_rampup": null,
  "resume_pkl": "/work/chaselab/malyetama/ADA_Project/training_runs/cars196_training-runs/00010-cars196_custom-auto2-resumecustom/network-snapshot-000401.pkl",
  "run_dir": "/work/chaselab/malyetama/ADA_Project/training_runs/cars196_training-runs/00011-cars196_custom-auto2-resumecustom"
}

Output directory:  /work/chaselab/malyetama/ADA_Project/training_runs/cars196_training-runs/00011-cars196_custom-auto2-resumecustom
Training data:     /work/chaselab/malyetama/ADA_Project/datasets/cars196_custom
Training length:   25000 kimg
Resolution:        256
Number of GPUs:    2

Dry run; exiting.

Training options:
{
  "G_args": {
    "func_name": "training.networks.G_main",
    "fmap_base": 8192,
    "fmap_max": 512,
    "mapping_layers": 2,
    "num_fp16_res": 4,
    "conv_clamp": 256
  },
  "D_args": {
    "func_name": "training.networks.D_main",
    "mbstd_group_size": 4,
    "fmap_base": 8192,
    "fmap_max": 512,
    "num_fp16_res": 4,
    "conv_clamp": 256
  },
  "G_opt_args": {
    "beta1": 0.0,
    "beta2": 0.99,
    "learning_rate": 0.0025
  },
  "D_opt_args": {
    "beta1": 0.0,
    "beta2": 0.99,
    "learning_rate": 0.0025
  },
  "loss_args": {
    "func_name": "training.loss.stylegan2",
    "r1_gamma": 0.4096
  },
  "augment_args": {
    "class_name": "training.augment.AdaptiveAugment",
    "tune_heuristic": "rt",
    "tune_target": 0.6,
    "apply_func": "training.augment.augment_pipeline",
    "apply_args": {
      "xflip": 1,
      "rotate90": 1,
      "xint": 1,
      "scale": 1,
      "rotate": 1,
      "aniso": 1,
      "xfrac": 1,
      "brightness": 1,
      "contrast": 1,
      "lumaflip": 1,
      "hue": 1,
      "saturation": 1
    },
    "tune_kimg": 100
  },
  "num_gpus": 2,
  "image_snapshot_ticks": 1,
  "network_snapshot_ticks": 1,
  "train_dataset_args": {
    "path": "/work/chaselab/malyetama/ADA_Project/datasets/cars196_custom",
    "max_label_size": 0,
    "resolution": 256,
    "mirror_augment": false
  },
  "metric_arg_list": [
    {
      "name": "fid50k_full",
      "class_name": "metrics.frechet_inception_distance.FID",
      "max_reals": null,
      "num_fakes": 50000,
      "minibatch_per_gpu": 8,
      "force_dataset_args": {
        "shuffle": false,
        "max_images": null,
        "repeat": false,
        "mirror_augment": false
      }
    }
  ],
  "metric_dataset_args": {
    "path": "/work/chaselab/malyetama/ADA_Project/datasets/cars196_custom",
    "max_label_size": 0,
    "resolution": 256,
    "mirror_augment": false
  },
  "total_kimg": 25000,
  "minibatch_size": 32,
  "minibatch_gpu": 16,
  "G_smoothing_kimg": 10.0,
  "G_smoothing_rampup": null,
  "resume_pkl": "/work/chaselab/malyetama/ADA_Project/training_runs/cars196_training-runs/00010-cars196_custom-auto2-resumecustom/network-snapshot-000401.pkl",
  "run_dir": "/work/chaselab/malyetama/ADA_Project/training_runs/cars196_training-runs/00011-cars196_custom-auto2-resumecustom"
}

Output directory:  /work/chaselab/malyetama/ADA_Project/training_runs/cars196_training-runs/00011-cars196_custom-auto2-resumecustom
Training data:     /work/chaselab/malyetama/ADA_Project/datasets/cars196_custom
Training length:   25000 kimg
Resolution:        256
Number of GPUs:    2

Creating output directory...
Loading training set...
Image shape: [3, 256, 256]
Label shape: [0]

Constructing networks...
Setting up TensorFlow plugin "fused_bias_act.cu": Loading... Done.
Setting up TensorFlow plugin "upfirdn_2d.cu": Loading... Done.
Resuming from "/work/chaselab/malyetama/ADA_Project/training_runs/cars196_training-runs/00010-cars196_custom-auto2-resumecustom/network-snapshot-000401.pkl"

G                             Params    OutputShape         WeightShape     
---                           ---       ---                 ---             
latents_in                    -         (?, 512)            -               
labels_in                     -         (?, 0)              -               
G_mapping/Normalize           -         (?, 512)            -               
G_mapping/Dense0              262656    (?, 512)            (512, 512)      
G_mapping/Dense1              262656    (?, 512)            (512, 512)      
G_mapping/Broadcast           -         (?, 14, 512)        -               
dlatent_avg                   -         (512,)              -               
Truncation/Lerp               -         (?, 14, 512)        -               
G_synthesis/4x4/Const         8192      (?, 512, 4, 4)      (1, 512, 4, 4)  
G_synthesis/4x4/Conv          2622465   (?, 512, 4, 4)      (3, 3, 512, 512)
G_synthesis/4x4/ToRGB         264195    (?, 3, 4, 4)        (1, 1, 512, 3)  
G_synthesis/8x8/Conv0_up      2622465   (?, 512, 8, 8)      (3, 3, 512, 512)
G_synthesis/8x8/Conv1         2622465   (?, 512, 8, 8)      (3, 3, 512, 512)
G_synthesis/8x8/Upsample      -         (?, 3, 8, 8)        -               
G_synthesis/8x8/ToRGB         264195    (?, 3, 8, 8)        (1, 1, 512, 3)  
G_synthesis/16x16/Conv0_up    2622465   (?, 512, 16, 16)    (3, 3, 512, 512)
G_synthesis/16x16/Conv1       2622465   (?, 512, 16, 16)    (3, 3, 512, 512)
G_synthesis/16x16/Upsample    -         (?, 3, 16, 16)      -               
G_synthesis/16x16/ToRGB       264195    (?, 3, 16, 16)      (1, 1, 512, 3)  
G_synthesis/32x32/Conv0_up    2622465   (?, 512, 32, 32)    (3, 3, 512, 512)
G_synthesis/32x32/Conv1       2622465   (?, 512, 32, 32)    (3, 3, 512, 512)
G_synthesis/32x32/Upsample    -         (?, 3, 32, 32)      -               
G_synthesis/32x32/ToRGB       264195    (?, 3, 32, 32)      (1, 1, 512, 3)  
G_synthesis/64x64/Conv0_up    1442561   (?, 256, 64, 64)    (3, 3, 512, 256)
G_synthesis/64x64/Conv1       721409    (?, 256, 64, 64)    (3, 3, 256, 256)
G_synthesis/64x64/Upsample    -         (?, 3, 64, 64)      -               
G_synthesis/64x64/ToRGB       132099    (?, 3, 64, 64)      (1, 1, 256, 3)  
G_synthesis/128x128/Conv0_up  426369    (?, 128, 128, 128)  (3, 3, 256, 128)
G_synthesis/128x128/Conv1     213249    (?, 128, 128, 128)  (3, 3, 128, 128)
G_synthesis/128x128/Upsample  -         (?, 3, 128, 128)    -               
G_synthesis/128x128/ToRGB     66051     (?, 3, 128, 128)    (1, 1, 128, 3)  
G_synthesis/256x256/Conv0_up  139457    (?, 64, 256, 256)   (3, 3, 128, 64) 
G_synthesis/256x256/Conv1     69761     (?, 64, 256, 256)   (3, 3, 64, 64)  
G_synthesis/256x256/Upsample  -         (?, 3, 256, 256)    -               
G_synthesis/256x256/ToRGB     33027     (?, 3, 256, 256)    (1, 1, 64, 3)   
---                           ---       ---                 ---             
Total                         23191522                                      


D                    Params    OutputShape         WeightShape     
---                  ---       ---                 ---             
images_in            -         (?, 3, 256, 256)    -               
labels_in            -         (?, 0)              -               
256x256/FromRGB      256       (?, 64, 256, 256)   (1, 1, 3, 64)   
256x256/Conv0        36928     (?, 64, 256, 256)   (3, 3, 64, 64)  
256x256/Conv1_down   73856     (?, 128, 128, 128)  (3, 3, 64, 128) 
256x256/Skip         8192      (?, 128, 128, 128)  (1, 1, 64, 128) 
128x128/Conv0        147584    (?, 128, 128, 128)  (3, 3, 128, 128)
128x128/Conv1_down   295168    (?, 256, 64, 64)    (3, 3, 128, 256)
128x128/Skip         32768     (?, 256, 64, 64)    (1, 1, 128, 256)
64x64/Conv0          590080    (?, 256, 64, 64)    (3, 3, 256, 256)
64x64/Conv1_down     1180160   (?, 512, 32, 32)    (3, 3, 256, 512)
64x64/Skip           131072    (?, 512, 32, 32)    (1, 1, 256, 512)
32x32/Conv0          2359808   (?, 512, 32, 32)    (3, 3, 512, 512)
32x32/Conv1_down     2359808   (?, 512, 16, 16)    (3, 3, 512, 512)
32x32/Skip           262144    (?, 512, 16, 16)    (1, 1, 512, 512)
16x16/Conv0          2359808   (?, 512, 16, 16)    (3, 3, 512, 512)
16x16/Conv1_down     2359808   (?, 512, 8, 8)      (3, 3, 512, 512)
16x16/Skip           262144    (?, 512, 8, 8)      (1, 1, 512, 512)
8x8/Conv0            2359808   (?, 512, 8, 8)      (3, 3, 512, 512)
8x8/Conv1_down       2359808   (?, 512, 4, 4)      (3, 3, 512, 512)
8x8/Skip             262144    (?, 512, 4, 4)      (1, 1, 512, 512)
4x4/MinibatchStddev  -         (?, 513, 4, 4)      -               
4x4/Conv             2364416   (?, 512, 4, 4)      (3, 3, 513, 512)
4x4/Dense0           4194816   (?, 512)            (8192, 512)     
Output               513       (?, 1)              (512, 1)        
---                  ---       ---                 ---             
Total                24001089                                      

Exporting sample images...
Replicating networks across 2 GPUs...
Initializing augmentations...
Setting up optimizers...
Constructing training graph...
Finalizing training ops...
Initializing metrics...
Training for 25000 kimg...

tick 0     kimg 0.1      time 3m 45s       sec/tick 45.5    sec/kimg 355.24  maintenance 179.5  gpumem 7.2   augment 0.001
Evaluating metrics...
network-snapshot-000000        time 5m 07s       fid50k_full 74.3916
tick 1     kimg 4.2      time 11m 05s      sec/tick 82.5    sec/kimg 20.15   maintenance 357.4  gpumem 7.2   augment 0.032
Evaluating metrics...
network-snapshot-000004        time 5m 06s       fid50k_full 91.6203
tick 2     kimg 8.3      time 17m 58s      sec/tick 83.6    sec/kimg 20.40   maintenance 329.4  gpumem 7.2   augment 0.060
Evaluating metrics...
network-snapshot-000008        time 5m 07s       fid50k_full 105.6627
tick 3     kimg 12.4     time 24m 51s      sec/tick 83.1    sec/kimg 20.30   maintenance 330.1  gpumem 7.2   augment 0.096
Evaluating metrics...
network-snapshot-000012        time 5m 05s       fid50k_full 101.7956
tick 4     kimg 16.5     time 31m 44s      sec/tick 83.8    sec/kimg 20.45   maintenance 329.5  gpumem 7.2   augment 0.124
Evaluating metrics...
network-snapshot-000016        time 5m 07s       fid50k_full 101.5024
tick 5     kimg 20.6     time 38m 39s      sec/tick 84.2    sec/kimg 20.56   maintenance 330.6  gpumem 7.2   augment 0.152
Evaluating metrics...
network-snapshot-000020        time 5m 06s       fid50k_full 100.0658
tick 6     kimg 24.7     time 45m 32s      sec/tick 83.9    sec/kimg 20.49   maintenance 329.1  gpumem 7.2   augment 0.175
Evaluating metrics...
network-snapshot-000024        time 5m 07s       fid50k_full 107.8727
tick 7     kimg 28.8     time 52m 26s      sec/tick 83.4    sec/kimg 20.37   maintenance 330.4  gpumem 7.2   augment 0.204
Evaluating metrics...
network-snapshot-000028        time 5m 06s       fid50k_full 114.2769
tick 8     kimg 32.9     time 59m 18s      sec/tick 84.1    sec/kimg 20.53   maintenance 328.3  gpumem 7.2   augment 0.244
Evaluating metrics...
network-snapshot-000032        time 5m 10s       fid50k_full 154.9186
tick 9     kimg 37.0     time 1h 06m 19s   sec/tick 86.5    sec/kimg 21.12   maintenance 334.0  gpumem 7.2   augment 0.283
Evaluating metrics...
network-snapshot-000036        time 5m 10s       fid50k_full 188.5836
tick 10    kimg 41.1     time 1h 13m 17s   sec/tick 84.8    sec/kimg 20.71   maintenance 332.9  gpumem 7.2   augment 0.314
Evaluating metrics...
network-snapshot-000041        time 5m 06s       fid50k_full 249.1145
tick 11    kimg 45.2     time 1h 20m 06s   sec/tick 83.8    sec/kimg 20.47   maintenance 325.4  gpumem 7.2   augment 0.349
Evaluating metrics...
network-snapshot-000045        time 5m 05s       fid50k_full 285.7144
tick 12    kimg 49.3     time 1h 26m 55s   sec/tick 84.5    sec/kimg 20.64   maintenance 324.7  gpumem 7.2   augment 0.383
Evaluating metrics...
network-snapshot-000049        time 5m 09s       fid50k_full 289.5020
tick 13    kimg 53.4     time 1h 33m 47s   sec/tick 83.9    sec/kimg 20.49   maintenance 327.8  gpumem 7.2   augment 0.413
Evaluating metrics...
network-snapshot-000053        time 5m 06s       fid50k_full 274.4182
tick 14    kimg 57.5     time 1h 40m 37s   sec/tick 84.7    sec/kimg 20.69   maintenance 325.5  gpumem 7.2   augment 0.434
Evaluating metrics...
network-snapshot-000057        time 5m 07s       fid50k_full 255.4553
tick 15    kimg 61.6     time 1h 47m 28s   sec/tick 84.1    sec/kimg 20.53   maintenance 327.2  gpumem 7.2   augment 0.449
Evaluating metrics...
network-snapshot-000061        time 5m 05s       fid50k_full 209.8464
tick 16    kimg 65.7     time 1h 54m 19s   sec/tick 84.8    sec/kimg 20.70   maintenance 326.0  gpumem 7.2   augment 0.483
Evaluating metrics...
network-snapshot-000065        time 5m 09s       fid50k_full 177.7457
tick 17    kimg 69.8     time 2h 01m 13s   sec/tick 84.3    sec/kimg 20.59   maintenance 329.2  gpumem 7.2   augment 0.513
Evaluating metrics...
network-snapshot-000069        time 5m 05s       fid50k_full 238.0688
tick 18    kimg 73.9     time 2h 08m 04s   sec/tick 84.8    sec/kimg 20.71   maintenance 326.0  gpumem 7.2   augment 0.541
Evaluating metrics...
network-snapshot-000073        time 5m 06s       fid50k_full 299.3029
tick 19    kimg 78.0     time 2h 14m 55s   sec/tick 84.4    sec/kimg 20.61   maintenance 326.7  gpumem 7.2   augment 0.572
Evaluating metrics...
network-snapshot-000077        time 5m 05s       fid50k_full 361.2209
tick 20    kimg 82.0     time 2h 21m 44s   sec/tick 85.1    sec/kimg 20.77   maintenance 324.4  gpumem 7.2   augment 0.595
Evaluating metrics...
network-snapshot-000082        time 5m 10s       fid50k_full 361.8222
tick 21    kimg 86.1     time 2h 28m 38s   sec/tick 84.5    sec/kimg 20.64   maintenance 329.0  gpumem 7.2   augment 0.616
Evaluating metrics...
network-snapshot-000086        time 5m 06s       fid50k_full 359.8159
tick 22    kimg 90.2     time 2h 35m 28s   sec/tick 84.9    sec/kimg 20.74   maintenance 325.2  gpumem 7.2   augment 0.634
Evaluating metrics...
network-snapshot-000090        time 5m 05s       fid50k_full 405.4910
tick 23    kimg 94.3     time 2h 42m 17s   sec/tick 84.6    sec/kimg 20.66   maintenance 324.7  gpumem 7.2   augment 0.646
Evaluating metrics...
network-snapshot-000094        time 5m 06s       fid50k_full 343.5554
tick 24    kimg 98.4     time 2h 49m 07s   sec/tick 85.2    sec/kimg 20.79   maintenance 325.0  gpumem 7.2   augment 0.667
Evaluating metrics...
network-snapshot-000098        time 5m 06s       fid50k_full 353.8456
tick 25    kimg 102.5    time 2h 56m 06s   sec/tick 84.8    sec/kimg 20.70   maintenance 333.5  gpumem 7.2   augment 0.690
Evaluating metrics...
network-snapshot-000102        time 5m 06s       fid50k_full 333.3780
tick 26    kimg 106.6    time 3h 02m 56s   sec/tick 85.3    sec/kimg 20.82   maintenance 325.1  gpumem 7.2   augment 0.695
Evaluating metrics...
network-snapshot-000106        time 5m 11s       fid50k_full 339.8224
tick 27    kimg 110.7    time 3h 09m 52s   sec/tick 84.8    sec/kimg 20.70   maintenance 330.9  gpumem 7.2   augment 0.713
Evaluating metrics...
network-snapshot-000110        time 5m 06s       fid50k_full 321.4912
tick 28    kimg 114.8    time 3h 16m 42s   sec/tick 85.5    sec/kimg 20.86   maintenance 325.1  gpumem 7.2   augment 0.718
Evaluating metrics...
network-snapshot-000114        time 5m 07s       fid50k_full 314.9929
tick 29    kimg 118.9    time 3h 23m 34s   sec/tick 84.9    sec/kimg 20.72   maintenance 326.5  gpumem 7.2   augment 0.705
Evaluating metrics...
network-snapshot-000118        time 5m 06s       fid50k_full 346.3343
tick 30    kimg 123.0    time 3h 30m 25s   sec/tick 85.4    sec/kimg 20.85   maintenance 326.1  gpumem 7.2   augment 0.710
Evaluating metrics...
network-snapshot-000123        time 5m 07s       fid50k_full 320.2886
tick 31    kimg 127.1    time 3h 37m 17s   sec/tick 84.9    sec/kimg 20.74   maintenance 327.4  gpumem 7.2   augment 0.716
Evaluating metrics...
network-snapshot-000127        time 5m 07s       fid50k_full 291.5250
tick 32    kimg 131.2    time 3h 44m 12s   sec/tick 85.6    sec/kimg 20.90   maintenance 328.7  gpumem 7.2   augment 0.710
Evaluating metrics...
network-snapshot-000131        time 5m 06s       fid50k_full 298.8873
tick 33    kimg 135.3    time 3h 51m 04s   sec/tick 84.7    sec/kimg 20.68   maintenance 327.3  gpumem 7.2   augment 0.705
Evaluating metrics...
network-snapshot-000135        time 5m 06s       fid50k_full 285.3681
tick 34    kimg 139.4    time 3h 57m 56s   sec/tick 85.2    sec/kimg 20.80   maintenance 327.1  gpumem 7.2   augment 0.705
Evaluating metrics...
network-snapshot-000139        time 5m 13s       fid50k_full 223.9152
tick 35    kimg 143.5    time 4h 04m 55s   sec/tick 85.0    sec/kimg 20.75   maintenance 334.0  gpumem 7.2   augment 0.721
Evaluating metrics...
network-snapshot-000143        time 5m 06s       fid50k_full 216.3734
tick 36    kimg 147.6    time 4h 11m 51s   sec/tick 84.9    sec/kimg 20.73   maintenance 330.8  gpumem 7.2   augment 0.726
Evaluating metrics...
network-snapshot-000147        time 5m 06s       fid50k_full 236.7058
tick 37    kimg 151.7    time 4h 18m 45s   sec/tick 85.0    sec/kimg 20.76   maintenance 328.8  gpumem 7.2   augment 0.739
Evaluating metrics...
network-snapshot-000151        time 5m 06s       fid50k_full 262.8992
tick 38    kimg 155.8    time 4h 25m 40s   sec/tick 84.9    sec/kimg 20.74   maintenance 330.5  gpumem 7.2   augment 0.754
Evaluating metrics...
network-snapshot-000155        time 5m 06s       fid50k_full 290.4582
tick 39    kimg 159.9    time 4h 32m 32s   sec/tick 85.1    sec/kimg 20.77   maintenance 326.4  gpumem 7.2   augment 0.759
Evaluating metrics...
network-snapshot-000159        time 5m 06s       fid50k_full 310.3719
tick 40    kimg 164.0    time 4h 39m 27s   sec/tick 84.9    sec/kimg 20.74   maintenance 330.2  gpumem 7.2   augment 0.774
Evaluating metrics...
network-snapshot-000163        time 5m 06s       fid50k_full 309.5590
tick 41    kimg 168.1    time 4h 46m 21s   sec/tick 85.2    sec/kimg 20.81   maintenance 328.9  gpumem 7.2   augment 0.790
Evaluating metrics...
network-snapshot-000168        time 5m 06s       fid50k_full 322.4565
tick 42    kimg 172.2    time 4h 53m 15s   sec/tick 85.0    sec/kimg 20.75   maintenance 329.3  gpumem 7.2   augment 0.787
Evaluating metrics...
network-snapshot-000172        time 5m 06s       fid50k_full 345.6286
tick 43    kimg 176.3    time 5h 00m 08s   sec/tick 85.4    sec/kimg 20.84   maintenance 327.7  gpumem 7.2   augment 0.785
Evaluating metrics...
network-snapshot-000176        time 5m 15s       fid50k_full 337.4094
tick 44    kimg 180.4    time 5h 07m 11s   sec/tick 85.0    sec/kimg 20.75   maintenance 337.7  gpumem 7.2   augment 0.800
Evaluating metrics...
network-snapshot-000180        time 5m 06s       fid50k_full 312.6173
tick 45    kimg 184.4    time 5h 14m 05s   sec/tick 85.4    sec/kimg 20.86   maintenance 328.0  gpumem 7.2   augment 0.785
Evaluating metrics...
network-snapshot-000184        time 5m 06s       fid50k_full 274.5398
tick 46    kimg 188.5    time 5h 20m 58s   sec/tick 85.0    sec/kimg 20.76   maintenance 328.4  gpumem 7.2   augment 0.792
Evaluating metrics...
network-snapshot-000188        time 5m 06s       fid50k_full 262.1928
tick 47    kimg 192.6    time 5h 27m 52s   sec/tick 85.5    sec/kimg 20.88   maintenance 328.3  gpumem 7.2   augment 0.777
Evaluating metrics...
network-snapshot-000192        time 5m 06s       fid50k_full 269.5151
tick 48    kimg 196.7    time 5h 34m 44s   sec/tick 85.0    sec/kimg 20.76   maintenance 326.8  gpumem 7.2   augment 0.764
Evaluating metrics...
network-snapshot-000196        time 5m 06s       fid50k_full 282.3590
tick 49    kimg 200.8    time 5h 41m 35s   sec/tick 85.5    sec/kimg 20.86   maintenance 326.2  gpumem 7.2   augment 0.759
Evaluating metrics...
network-snapshot-000200        time 5m 06s       fid50k_full 263.3213
tick 50    kimg 204.9    time 5h 48m 27s   sec/tick 84.9    sec/kimg 20.74   maintenance 326.5  gpumem 7.2   augment 0.777
Evaluating metrics...
network-snapshot-000204        time 5m 06s       fid50k_full 276.2119
tick 51    kimg 209.0    time 5h 55m 19s   sec/tick 85.4    sec/kimg 20.86   maintenance 327.0  gpumem 7.2   augment 0.787
Evaluating metrics...
network-snapshot-000209        time 5m 06s       fid50k_full 278.1068
tick 52    kimg 213.1    time 6h 02m 12s   sec/tick 85.2    sec/kimg 20.79   maintenance 327.3  gpumem 7.2   augment 0.795
Evaluating metrics...
network-snapshot-000213        time 5m 06s       fid50k_full 293.8303
tick 53    kimg 217.2    time 6h 09m 04s   sec/tick 85.5    sec/kimg 20.87   maintenance 327.3  gpumem 7.2   augment 0.792
Evaluating metrics...
network-snapshot-000217        time 5m 06s       fid50k_full 280.5325
tick 54    kimg 221.3    time 6h 15m 56s   sec/tick 85.0    sec/kimg 20.76   maintenance 326.5  gpumem 7.2   augment 0.803
Evaluating metrics...
network-snapshot-000221        time 5m 06s       fid50k_full 249.0344
tick 55    kimg 225.4    time 6h 22m 49s   sec/tick 85.6    sec/kimg 20.89   maintenance 326.9  gpumem 7.2   augment 0.795
Evaluating metrics...
network-snapshot-000225        time 5m 17s       fid50k_full 287.2689
tick 56    kimg 229.5    time 6h 29m 51s   sec/tick 85.2    sec/kimg 20.79   maintenance 337.3  gpumem 7.2   augment 0.800
Evaluating metrics...
network-snapshot-000229        time 5m 06s       fid50k_full 268.5447
tick 57    kimg 233.6    time 6h 36m 43s   sec/tick 85.5    sec/kimg 20.88   maintenance 326.7  gpumem 7.2   augment 0.820
Evaluating metrics...
network-snapshot-000233        time 5m 07s       fid50k_full 260.5232
tick 58    kimg 237.7    time 6h 43m 35s   sec/tick 85.1    sec/kimg 20.78   maintenance 327.0  gpumem 7.2   augment 0.818
Evaluating metrics...
network-snapshot-000237        time 5m 06s       fid50k_full 264.5490
tick 59    kimg 241.8    time 6h 50m 27s   sec/tick 85.6    sec/kimg 20.90   maintenance 326.5  gpumem 7.2   augment 0.805
Evaluating metrics...
network-snapshot-000241        time 5m 10s       fid50k_full 248.5106
tick 60    kimg 245.9    time 6h 57m 26s   sec/tick 86.9    sec/kimg 21.21   maintenance 332.0  gpumem 7.2   augment 0.803
Evaluating metrics...
network-snapshot-000245        time 5m 08s       fid50k_full 232.0040
tick 61    kimg 250.0    time 7h 04m 22s   sec/tick 85.8    sec/kimg 20.94   maintenance 330.1  gpumem 7.2   augment 0.805
Evaluating metrics...
network-snapshot-000249        time 5m 06s       fid50k_full 252.0948
tick 62    kimg 254.1    time 7h 11m 14s   sec/tick 85.0    sec/kimg 20.76   maintenance 326.8  gpumem 7.2   augment 0.790
Evaluating metrics...
network-snapshot-000254        time 5m 06s       fid50k_full 246.4410
tick 63    kimg 258.2    time 7h 18m 06s   sec/tick 85.6    sec/kimg 20.89   maintenance 326.7  gpumem 7.2   augment 0.777
Evaluating metrics...
network-snapshot-000258        time 5m 06s       fid50k_full 226.8024
tick 64    kimg 262.3    time 7h 24m 58s   sec/tick 85.0    sec/kimg 20.76   maintenance 327.1  gpumem 7.2   augment 0.764
Evaluating metrics...
network-snapshot-000262        time 5m 06s       fid50k_full 219.1278
tick 65    kimg 266.4    time 7h 31m 51s   sec/tick 85.5    sec/kimg 20.89   maintenance 327.1  gpumem 7.2   augment 0.754
Evaluating metrics...
network-snapshot-000266        time 5m 06s       fid50k_full 214.4636
tick 66    kimg 270.5    time 7h 38m 43s   sec/tick 85.0    sec/kimg 20.75   maintenance 326.9  gpumem 7.2   augment 0.762
Evaluating metrics...
network-snapshot-000270        time 5m 05s       fid50k_full 225.1847
tick 67    kimg 274.6    time 7h 45m 35s   sec/tick 85.4    sec/kimg 20.86   maintenance 326.7  gpumem 7.2   augment 0.780
Evaluating metrics...
network-snapshot-000274        time 5m 06s       fid50k_full 226.2549
tick 68    kimg 278.7    time 7h 52m 27s   sec/tick 85.0    sec/kimg 20.75   maintenance 327.5  gpumem 7.2   augment 0.795
Evaluating metrics...
network-snapshot-000278        time 5m 06s       fid50k_full 203.5855
tick 69    kimg 282.8    time 7h 59m 21s   sec/tick 85.6    sec/kimg 20.91   maintenance 328.1  gpumem 7.2   augment 0.803
Evaluating metrics...
network-snapshot-000282        time 5m 20s       fid50k_full 195.5546
tick 70    kimg 286.8    time 8h 06m 29s   sec/tick 85.2    sec/kimg 20.81   maintenance 342.7  gpumem 7.2   augment 0.805
Evaluating metrics...
network-snapshot-000286        time 5m 07s       fid50k_full 220.0667
tick 71    kimg 290.9    time 8h 13m 24s   sec/tick 85.6    sec/kimg 20.91   maintenance 329.2  gpumem 7.2   augment 0.820
Evaluating metrics...
network-snapshot-000290        time 5m 06s       fid50k_full 194.2356
tick 72    kimg 295.0    time 8h 20m 17s   sec/tick 85.1    sec/kimg 20.78   maintenance 327.7  gpumem 7.2   augment 0.813
Evaluating metrics...
network-snapshot-000295        time 5m 06s       fid50k_full 167.6516
tick 73    kimg 299.1    time 8h 27m 10s   sec/tick 85.5    sec/kimg 20.89   maintenance 327.7  gpumem 7.2   augment 0.790
Evaluating metrics...
network-snapshot-000299        time 5m 06s       fid50k_full 159.0090
tick 74    kimg 303.2    time 8h 34m 03s   sec/tick 85.1    sec/kimg 20.77   maintenance 327.6  gpumem 7.2   augment 0.769
Evaluating metrics...
network-snapshot-000303        time 5m 06s       fid50k_full 131.9010
tick 75    kimg 307.3    time 8h 40m 58s   sec/tick 87.3    sec/kimg 21.32   maintenance 327.5  gpumem 7.2   augment 0.754
Evaluating metrics...
network-snapshot-000307        time 5m 06s       fid50k_full 112.0707
tick 76    kimg 311.4    time 8h 47m 51s   sec/tick 85.6    sec/kimg 20.89   maintenance 327.6  gpumem 7.2   augment 0.746
Evaluating metrics...
network-snapshot-000311        time 5m 06s       fid50k_full 112.3594
tick 77    kimg 315.5    time 8h 54m 43s   sec/tick 85.4    sec/kimg 20.85   maintenance 327.4  gpumem 7.2   augment 0.733
Evaluating metrics...
network-snapshot-000315        time 5m 06s       fid50k_full 102.9516
tick 78    kimg 319.6    time 9h 01m 35s   sec/tick 84.9    sec/kimg 20.73   maintenance 327.0  gpumem 7.2   augment 0.721
Evaluating metrics...
network-snapshot-000319        time 5m 06s       fid50k_full 93.0123
tick 79    kimg 323.7    time 9h 08m 28s   sec/tick 85.4    sec/kimg 20.86   maintenance 327.4  gpumem 7.2   augment 0.710
Evaluating metrics...
network-snapshot-000323        time 5m 06s       fid50k_full 85.7834
tick 80    kimg 327.8    time 9h 15m 22s   sec/tick 84.9    sec/kimg 20.73   maintenance 328.6  gpumem 7.2   augment 0.716
Evaluating metrics...
network-snapshot-000327        time 5m 06s       fid50k_full 75.6754
tick 81    kimg 331.9    time 9h 22m 18s   sec/tick 86.9    sec/kimg 21.22   maintenance 328.9  gpumem 7.2   augment 0.708
Evaluating metrics...
network-snapshot-000331        time 5m 07s       fid50k_full 72.8360
tick 82    kimg 336.0    time 9h 29m 12s   sec/tick 85.1    sec/kimg 20.79   maintenance 329.4  gpumem 7.2   augment 0.700
Evaluating metrics...
network-snapshot-000336        time 5m 06s       fid50k_full 74.7895
tick 83    kimg 340.1    time 9h 36m 06s   sec/tick 85.6    sec/kimg 20.91   maintenance 328.3  gpumem 7.2   augment 0.703
Evaluating metrics...
network-snapshot-000340        time 5m 06s       fid50k_full 78.6963
tick 84    kimg 344.2    time 9h 43m 01s   sec/tick 86.0    sec/kimg 21.01   maintenance 328.9  gpumem 7.2   augment 0.687
Evaluating metrics...
network-snapshot-000344        time 5m 07s       fid50k_full 82.4538
tick 85    kimg 348.3    time 9h 49m 56s   sec/tick 85.6    sec/kimg 20.91   maintenance 329.3  gpumem 7.2   augment 0.680
Evaluating metrics...
network-snapshot-000348        time 5m 07s       fid50k_full 82.8057
tick 86    kimg 352.4    time 9h 56m 50s   sec/tick 84.7    sec/kimg 20.68   maintenance 329.1  gpumem 7.2   augment 0.682
Evaluating metrics...
network-snapshot-000352        time 5m 06s       fid50k_full 85.6833
tick 87    kimg 356.5    time 10h 03m 43s  sec/tick 85.3    sec/kimg 20.83   maintenance 328.2  gpumem 7.2   augment 0.672
Evaluating metrics...
network-snapshot-000356        time 5m 23s       fid50k_full 86.0169
tick 88    kimg 360.6    time 10h 10m 54s  sec/tick 85.9    sec/kimg 20.98   maintenance 344.8  gpumem 7.2   augment 0.667
Evaluating metrics...
network-snapshot-000360        time 5m 06s       fid50k_full 84.6063
tick 89    kimg 364.7    time 10h 17m 48s  sec/tick 85.5    sec/kimg 20.88   maintenance 328.1  gpumem 7.2   augment 0.657
Evaluating metrics...
network-snapshot-000364        time 5m 06s       fid50k_full 79.5159
tick 90    kimg 368.8    time 10h 24m 40s  sec/tick 84.8    sec/kimg 20.71   maintenance 327.4  gpumem 7.2   augment 0.649
Evaluating metrics...
network-snapshot-000368        time 5m 07s       fid50k_full 72.5512
tick 91    kimg 372.9    time 10h 31m 34s  sec/tick 85.7    sec/kimg 20.91   maintenance 328.0  gpumem 7.2   augment 0.644
Evaluating metrics...
network-snapshot-000372        time 5m 07s       fid50k_full 68.0949
tick 92    kimg 377.0    time 10h 38m 27s  sec/tick 84.9    sec/kimg 20.74   maintenance 328.9  gpumem 7.2   augment 0.639
Evaluating metrics...
network-snapshot-000376        time 5m 07s       fid50k_full 66.7250
tick 93    kimg 381.1    time 10h 45m 22s  sec/tick 85.8    sec/kimg 20.94   maintenance 329.0  gpumem 7.2   augment 0.626
Evaluating metrics...
network-snapshot-000381        time 5m 07s       fid50k_full 68.2337
tick 94    kimg 385.2    time 10h 52m 17s  sec/tick 85.6    sec/kimg 20.89   maintenance 329.7  gpumem 7.2   augment 0.626
Evaluating metrics...
network-snapshot-000385        time 5m 06s       fid50k_full 68.2206
tick 95    kimg 389.2    time 10h 59m 13s  sec/tick 85.8    sec/kimg 20.94   maintenance 329.3  gpumem 7.2   augment 0.616
Evaluating metrics...
