/lustre/work/chaselab/malyetama
Tensorflow version: 1.14.0
/work/chaselab/malyetama/ADA_Project/training_runs/102flowers_training-runs/00020-102flowers_custom-auto2-resumecustom/network-snapshot-000065.pkl
Thu Mar 18 22:59:48 2021       
+-----------------------------------------------------------------------------+
| NVIDIA-SMI 450.51.06    Driver Version: 450.51.06    CUDA Version: 11.0     |
|-------------------------------+----------------------+----------------------+
| GPU  Name        Persistence-M| Bus-Id        Disp.A | Volatile Uncorr. ECC |
| Fan  Temp  Perf  Pwr:Usage/Cap|         Memory-Usage | GPU-Util  Compute M. |
|                               |                      |               MIG M. |
|===============================+======================+======================|
|   0  Tesla V100-PCIE...  On   | 00000000:5E:00.0 Off |                    0 |
| N/A   31C    P0    35W / 250W |    311MiB / 32510MiB |      0%      Default |
|                               |                      |                  N/A |
+-------------------------------+----------------------+----------------------+
|   1  Tesla V100-PCIE...  On   | 00000000:D8:00.0 Off |                    0 |
| N/A   31C    P0    35W / 250W |    311MiB / 32510MiB |      0%      Default |
|                               |                      |                  N/A |
+-------------------------------+----------------------+----------------------+
                                                                               
+-----------------------------------------------------------------------------+
| Processes:                                                                  |
|  GPU   GI   CI        PID   Type   Process name                  GPU Memory |
|        ID   ID                                                   Usage      |
|=============================================================================|
|    0   N/A  N/A    185381      C   ...a/envs/ada-env/bin/python      307MiB |
|    1   N/A  N/A    185381      C   ...a/envs/ada-env/bin/python      307MiB |
+-----------------------------------------------------------------------------+

Training options:
{
  "G_args": {
    "func_name": "training.networks.G_main",
    "fmap_base": 8192,
    "fmap_max": 512,
    "mapping_layers": 2,
    "num_fp16_res": 4,
    "conv_clamp": 256
  },
  "D_args": {
    "func_name": "training.networks.D_main",
    "mbstd_group_size": 4,
    "fmap_base": 8192,
    "fmap_max": 512,
    "num_fp16_res": 4,
    "conv_clamp": 256
  },
  "G_opt_args": {
    "beta1": 0.0,
    "beta2": 0.99,
    "learning_rate": 0.0025
  },
  "D_opt_args": {
    "beta1": 0.0,
    "beta2": 0.99,
    "learning_rate": 0.0025
  },
  "loss_args": {
    "func_name": "training.loss.stylegan2",
    "r1_gamma": 0.4096
  },
  "augment_args": {
    "class_name": "training.augment.AdaptiveAugment",
    "tune_heuristic": "rt",
    "tune_target": 0.6,
    "apply_func": "training.augment.augment_pipeline",
    "apply_args": {
      "xflip": 1,
      "rotate90": 1,
      "xint": 1,
      "scale": 1,
      "rotate": 1,
      "aniso": 1,
      "xfrac": 1,
      "brightness": 1,
      "contrast": 1,
      "lumaflip": 1,
      "hue": 1,
      "saturation": 1
    },
    "tune_kimg": 100
  },
  "num_gpus": 2,
  "image_snapshot_ticks": 1,
  "network_snapshot_ticks": 1,
  "train_dataset_args": {
    "path": "/work/chaselab/malyetama/ADA_Project/datasets/102flowers_custom",
    "max_label_size": 0,
    "resolution": 256,
    "mirror_augment": false
  },
  "metric_arg_list": [
    {
      "name": "fid50k_full",
      "class_name": "metrics.frechet_inception_distance.FID",
      "max_reals": null,
      "num_fakes": 50000,
      "minibatch_per_gpu": 8,
      "force_dataset_args": {
        "shuffle": false,
        "max_images": null,
        "repeat": false,
        "mirror_augment": false
      }
    }
  ],
  "metric_dataset_args": {
    "path": "/work/chaselab/malyetama/ADA_Project/datasets/102flowers_custom",
    "max_label_size": 0,
    "resolution": 256,
    "mirror_augment": false
  },
  "total_kimg": 25000,
  "minibatch_size": 32,
  "minibatch_gpu": 16,
  "G_smoothing_kimg": 10.0,
  "G_smoothing_rampup": null,
  "resume_pkl": "/work/chaselab/malyetama/ADA_Project/training_runs/102flowers_training-runs/00020-102flowers_custom-auto2-resumecustom/network-snapshot-000065.pkl",
  "run_dir": "/work/chaselab/malyetama/ADA_Project/training_runs/102flowers_training-runs/00021-102flowers_custom-auto2-resumecustom"
}

Output directory:  /work/chaselab/malyetama/ADA_Project/training_runs/102flowers_training-runs/00021-102flowers_custom-auto2-resumecustom
Training data:     /work/chaselab/malyetama/ADA_Project/datasets/102flowers_custom
Training length:   25000 kimg
Resolution:        256
Number of GPUs:    2

Dry run; exiting.

Training options:
{
  "G_args": {
    "func_name": "training.networks.G_main",
    "fmap_base": 8192,
    "fmap_max": 512,
    "mapping_layers": 2,
    "num_fp16_res": 4,
    "conv_clamp": 256
  },
  "D_args": {
    "func_name": "training.networks.D_main",
    "mbstd_group_size": 4,
    "fmap_base": 8192,
    "fmap_max": 512,
    "num_fp16_res": 4,
    "conv_clamp": 256
  },
  "G_opt_args": {
    "beta1": 0.0,
    "beta2": 0.99,
    "learning_rate": 0.0025
  },
  "D_opt_args": {
    "beta1": 0.0,
    "beta2": 0.99,
    "learning_rate": 0.0025
  },
  "loss_args": {
    "func_name": "training.loss.stylegan2",
    "r1_gamma": 0.4096
  },
  "augment_args": {
    "class_name": "training.augment.AdaptiveAugment",
    "tune_heuristic": "rt",
    "tune_target": 0.6,
    "apply_func": "training.augment.augment_pipeline",
    "apply_args": {
      "xflip": 1,
      "rotate90": 1,
      "xint": 1,
      "scale": 1,
      "rotate": 1,
      "aniso": 1,
      "xfrac": 1,
      "brightness": 1,
      "contrast": 1,
      "lumaflip": 1,
      "hue": 1,
      "saturation": 1
    },
    "tune_kimg": 100
  },
  "num_gpus": 2,
  "image_snapshot_ticks": 1,
  "network_snapshot_ticks": 1,
  "train_dataset_args": {
    "path": "/work/chaselab/malyetama/ADA_Project/datasets/102flowers_custom",
    "max_label_size": 0,
    "resolution": 256,
    "mirror_augment": false
  },
  "metric_arg_list": [
    {
      "name": "fid50k_full",
      "class_name": "metrics.frechet_inception_distance.FID",
      "max_reals": null,
      "num_fakes": 50000,
      "minibatch_per_gpu": 8,
      "force_dataset_args": {
        "shuffle": false,
        "max_images": null,
        "repeat": false,
        "mirror_augment": false
      }
    }
  ],
  "metric_dataset_args": {
    "path": "/work/chaselab/malyetama/ADA_Project/datasets/102flowers_custom",
    "max_label_size": 0,
    "resolution": 256,
    "mirror_augment": false
  },
  "total_kimg": 25000,
  "minibatch_size": 32,
  "minibatch_gpu": 16,
  "G_smoothing_kimg": 10.0,
  "G_smoothing_rampup": null,
  "resume_pkl": "/work/chaselab/malyetama/ADA_Project/training_runs/102flowers_training-runs/00020-102flowers_custom-auto2-resumecustom/network-snapshot-000065.pkl",
  "run_dir": "/work/chaselab/malyetama/ADA_Project/training_runs/102flowers_training-runs/00021-102flowers_custom-auto2-resumecustom"
}

Output directory:  /work/chaselab/malyetama/ADA_Project/training_runs/102flowers_training-runs/00021-102flowers_custom-auto2-resumecustom
Training data:     /work/chaselab/malyetama/ADA_Project/datasets/102flowers_custom
Training length:   25000 kimg
Resolution:        256
Number of GPUs:    2

Creating output directory...
Loading training set...
Image shape: [3, 256, 256]
Label shape: [0]

Constructing networks...
Setting up TensorFlow plugin "fused_bias_act.cu": Loading... Done.
Setting up TensorFlow plugin "upfirdn_2d.cu": Loading... Done.
Resuming from "/work/chaselab/malyetama/ADA_Project/training_runs/102flowers_training-runs/00020-102flowers_custom-auto2-resumecustom/network-snapshot-000065.pkl"

G                             Params    OutputShape         WeightShape     
---                           ---       ---                 ---             
latents_in                    -         (?, 512)            -               
labels_in                     -         (?, 0)              -               
G_mapping/Normalize           -         (?, 512)            -               
G_mapping/Dense0              262656    (?, 512)            (512, 512)      
G_mapping/Dense1              262656    (?, 512)            (512, 512)      
G_mapping/Broadcast           -         (?, 14, 512)        -               
dlatent_avg                   -         (512,)              -               
Truncation/Lerp               -         (?, 14, 512)        -               
G_synthesis/4x4/Const         8192      (?, 512, 4, 4)      (1, 512, 4, 4)  
G_synthesis/4x4/Conv          2622465   (?, 512, 4, 4)      (3, 3, 512, 512)
G_synthesis/4x4/ToRGB         264195    (?, 3, 4, 4)        (1, 1, 512, 3)  
G_synthesis/8x8/Conv0_up      2622465   (?, 512, 8, 8)      (3, 3, 512, 512)
G_synthesis/8x8/Conv1         2622465   (?, 512, 8, 8)      (3, 3, 512, 512)
G_synthesis/8x8/Upsample      -         (?, 3, 8, 8)        -               
G_synthesis/8x8/ToRGB         264195    (?, 3, 8, 8)        (1, 1, 512, 3)  
G_synthesis/16x16/Conv0_up    2622465   (?, 512, 16, 16)    (3, 3, 512, 512)
G_synthesis/16x16/Conv1       2622465   (?, 512, 16, 16)    (3, 3, 512, 512)
G_synthesis/16x16/Upsample    -         (?, 3, 16, 16)      -               
G_synthesis/16x16/ToRGB       264195    (?, 3, 16, 16)      (1, 1, 512, 3)  
G_synthesis/32x32/Conv0_up    2622465   (?, 512, 32, 32)    (3, 3, 512, 512)
G_synthesis/32x32/Conv1       2622465   (?, 512, 32, 32)    (3, 3, 512, 512)
G_synthesis/32x32/Upsample    -         (?, 3, 32, 32)      -               
G_synthesis/32x32/ToRGB       264195    (?, 3, 32, 32)      (1, 1, 512, 3)  
G_synthesis/64x64/Conv0_up    1442561   (?, 256, 64, 64)    (3, 3, 512, 256)
G_synthesis/64x64/Conv1       721409    (?, 256, 64, 64)    (3, 3, 256, 256)
G_synthesis/64x64/Upsample    -         (?, 3, 64, 64)      -               
G_synthesis/64x64/ToRGB       132099    (?, 3, 64, 64)      (1, 1, 256, 3)  
G_synthesis/128x128/Conv0_up  426369    (?, 128, 128, 128)  (3, 3, 256, 128)
G_synthesis/128x128/Conv1     213249    (?, 128, 128, 128)  (3, 3, 128, 128)
G_synthesis/128x128/Upsample  -         (?, 3, 128, 128)    -               
G_synthesis/128x128/ToRGB     66051     (?, 3, 128, 128)    (1, 1, 128, 3)  
G_synthesis/256x256/Conv0_up  139457    (?, 64, 256, 256)   (3, 3, 128, 64) 
G_synthesis/256x256/Conv1     69761     (?, 64, 256, 256)   (3, 3, 64, 64)  
G_synthesis/256x256/Upsample  -         (?, 3, 256, 256)    -               
G_synthesis/256x256/ToRGB     33027     (?, 3, 256, 256)    (1, 1, 64, 3)   
---                           ---       ---                 ---             
Total                         23191522                                      


D                    Params    OutputShape         WeightShape     
---                  ---       ---                 ---             
images_in            -         (?, 3, 256, 256)    -               
labels_in            -         (?, 0)              -               
256x256/FromRGB      256       (?, 64, 256, 256)   (1, 1, 3, 64)   
256x256/Conv0        36928     (?, 64, 256, 256)   (3, 3, 64, 64)  
256x256/Conv1_down   73856     (?, 128, 128, 128)  (3, 3, 64, 128) 
256x256/Skip         8192      (?, 128, 128, 128)  (1, 1, 64, 128) 
128x128/Conv0        147584    (?, 128, 128, 128)  (3, 3, 128, 128)
128x128/Conv1_down   295168    (?, 256, 64, 64)    (3, 3, 128, 256)
128x128/Skip         32768     (?, 256, 64, 64)    (1, 1, 128, 256)
64x64/Conv0          590080    (?, 256, 64, 64)    (3, 3, 256, 256)
64x64/Conv1_down     1180160   (?, 512, 32, 32)    (3, 3, 256, 512)
64x64/Skip           131072    (?, 512, 32, 32)    (1, 1, 256, 512)
32x32/Conv0          2359808   (?, 512, 32, 32)    (3, 3, 512, 512)
32x32/Conv1_down     2359808   (?, 512, 16, 16)    (3, 3, 512, 512)
32x32/Skip           262144    (?, 512, 16, 16)    (1, 1, 512, 512)
16x16/Conv0          2359808   (?, 512, 16, 16)    (3, 3, 512, 512)
16x16/Conv1_down     2359808   (?, 512, 8, 8)      (3, 3, 512, 512)
16x16/Skip           262144    (?, 512, 8, 8)      (1, 1, 512, 512)
8x8/Conv0            2359808   (?, 512, 8, 8)      (3, 3, 512, 512)
8x8/Conv1_down       2359808   (?, 512, 4, 4)      (3, 3, 512, 512)
8x8/Skip             262144    (?, 512, 4, 4)      (1, 1, 512, 512)
4x4/MinibatchStddev  -         (?, 513, 4, 4)      -               
4x4/Conv             2364416   (?, 512, 4, 4)      (3, 3, 513, 512)
4x4/Dense0           4194816   (?, 512)            (8192, 512)     
Output               513       (?, 1)              (512, 1)        
---                  ---       ---                 ---             
Total                24001089                                      

Exporting sample images...
Replicating networks across 2 GPUs...
Initializing augmentations...
Setting up optimizers...
Constructing training graph...
Finalizing training ops...
Initializing metrics...
Training for 25000 kimg...

tick 0     kimg 0.1      time 4m 30s       sec/tick 51.7    sec/kimg 403.63  maintenance 218.7  gpumem 7.1   augment 0.001
Evaluating metrics...
network-snapshot-000000        time 5m 09s       fid50k_full 213.1937
tick 1     kimg 4.2      time 11m 58s      sec/tick 84.1    sec/kimg 20.54   maintenance 363.9  gpumem 7.1   augment 0.024
Evaluating metrics...
network-snapshot-000004        time 5m 06s       fid50k_full 215.3363
tick 2     kimg 8.3      time 18m 56s      sec/tick 84.8    sec/kimg 20.71   maintenance 333.0  gpumem 7.1   augment 0.040
Evaluating metrics...
network-snapshot-000008        time 5m 07s       fid50k_full 220.3615
tick 3     kimg 12.4     time 26m 09s      sec/tick 84.5    sec/kimg 20.62   maintenance 348.5  gpumem 7.1   augment 0.068
Evaluating metrics...
network-snapshot-000012        time 5m 06s       fid50k_full 223.3987
tick 4     kimg 16.5     time 33m 07s      sec/tick 85.2    sec/kimg 20.80   maintenance 332.5  gpumem 7.1   augment 0.086
Evaluating metrics...
network-snapshot-000016        time 5m 07s       fid50k_full 225.9632
tick 5     kimg 20.6     time 40m 06s      sec/tick 84.8    sec/kimg 20.69   maintenance 333.9  gpumem 7.1   augment 0.096
Evaluating metrics...
network-snapshot-000020        time 5m 06s       fid50k_full 225.7013
tick 6     kimg 24.7     time 47m 04s      sec/tick 85.3    sec/kimg 20.82   maintenance 332.8  gpumem 7.1   augment 0.116
Evaluating metrics...
network-snapshot-000024        time 5m 07s       fid50k_full 227.4555
tick 7     kimg 28.8     time 54m 03s      sec/tick 84.9    sec/kimg 20.72   maintenance 334.8  gpumem 7.1   augment 0.119
Evaluating metrics...
network-snapshot-000028        time 5m 05s       fid50k_full 229.1132
tick 8     kimg 32.9     time 1h 01m 01s   sec/tick 85.4    sec/kimg 20.86   maintenance 332.2  gpumem 7.1   augment 0.142
Evaluating metrics...
network-snapshot-000032        time 5m 07s       fid50k_full 254.7104
tick 9     kimg 37.0     time 1h 08m 02s   sec/tick 85.4    sec/kimg 20.84   maintenance 335.3  gpumem 7.1   augment 0.147
Evaluating metrics...
network-snapshot-000036        time 5m 13s       fid50k_full 257.0744
tick 10    kimg 41.1     time 1h 15m 17s   sec/tick 85.8    sec/kimg 20.94   maintenance 349.3  gpumem 7.1   augment 0.145
Evaluating metrics...
network-snapshot-000041        time 5m 06s       fid50k_full 252.4098
tick 11    kimg 45.2     time 1h 22m 16s   sec/tick 85.0    sec/kimg 20.74   maintenance 334.2  gpumem 7.1   augment 0.142
Evaluating metrics...
network-snapshot-000045        time 5m 05s       fid50k_full 246.8515
tick 12    kimg 49.3     time 1h 29m 14s   sec/tick 85.4    sec/kimg 20.86   maintenance 333.0  gpumem 7.1   augment 0.142
Evaluating metrics...
network-snapshot-000049        time 5m 08s       fid50k_full 242.4504
tick 13    kimg 53.4     time 1h 36m 15s   sec/tick 84.9    sec/kimg 20.74   maintenance 335.9  gpumem 7.1   augment 0.137
Evaluating metrics...
network-snapshot-000053        time 5m 06s       fid50k_full 233.9617
tick 14    kimg 57.5     time 1h 43m 14s   sec/tick 85.4    sec/kimg 20.86   maintenance 333.5  gpumem 7.1   augment 0.127
Evaluating metrics...
network-snapshot-000057        time 5m 06s       fid50k_full 228.0045
tick 15    kimg 61.6     time 1h 50m 11s   sec/tick 84.9    sec/kimg 20.73   maintenance 332.2  gpumem 7.1   augment 0.134
Evaluating metrics...
network-snapshot-000061        time 5m 06s       fid50k_full 232.8421
tick 16    kimg 65.7     time 1h 57m 08s   sec/tick 85.4    sec/kimg 20.85   maintenance 331.5  gpumem 7.1   augment 0.134
Evaluating metrics...
network-snapshot-000065        time 5m 10s       fid50k_full 237.4387
tick 17    kimg 69.8     time 2h 04m 08s   sec/tick 84.9    sec/kimg 20.73   maintenance 335.1  gpumem 7.1   augment 0.127
Evaluating metrics...
network-snapshot-000069        time 5m 06s       fid50k_full 237.7793
tick 18    kimg 73.9     time 2h 11m 04s   sec/tick 85.4    sec/kimg 20.84   maintenance 330.6  gpumem 7.1   augment 0.127
Evaluating metrics...
network-snapshot-000073        time 5m 06s       fid50k_full 238.1152
tick 19    kimg 78.0     time 2h 18m 00s   sec/tick 84.8    sec/kimg 20.71   maintenance 330.9  gpumem 7.1   augment 0.122
Evaluating metrics...
network-snapshot-000077        time 5m 06s       fid50k_full 235.8475
tick 20    kimg 82.0     time 2h 24m 55s   sec/tick 85.3    sec/kimg 20.82   maintenance 330.2  gpumem 7.1   augment 0.124
Evaluating metrics...
network-snapshot-000082        time 5m 10s       fid50k_full 241.6894
tick 21    kimg 86.1     time 2h 31m 55s   sec/tick 84.8    sec/kimg 20.71   maintenance 334.5  gpumem 7.1   augment 0.122
Evaluating metrics...
network-snapshot-000086        time 5m 06s       fid50k_full 239.2109
tick 22    kimg 90.2     time 2h 38m 50s   sec/tick 85.3    sec/kimg 20.82   maintenance 330.2  gpumem 7.1   augment 0.122
Evaluating metrics...
network-snapshot-000090        time 5m 06s       fid50k_full 238.9912
tick 23    kimg 94.3     time 2h 45m 45s   sec/tick 84.9    sec/kimg 20.72   maintenance 329.9  gpumem 7.1   augment 0.124
Evaluating metrics...
network-snapshot-000094        time 5m 06s       fid50k_full 237.1553
tick 24    kimg 98.4     time 2h 52m 40s   sec/tick 85.3    sec/kimg 20.83   maintenance 329.9  gpumem 7.1   augment 0.127
Evaluating metrics...
network-snapshot-000098        time 5m 06s       fid50k_full 236.5562
tick 25    kimg 102.5    time 2h 59m 35s   sec/tick 85.0    sec/kimg 20.74   maintenance 330.2  gpumem 7.1   augment 0.127
Evaluating metrics...
network-snapshot-000102        time 5m 06s       fid50k_full 236.7967
tick 26    kimg 106.6    time 3h 06m 30s   sec/tick 85.4    sec/kimg 20.86   maintenance 329.7  gpumem 7.1   augment 0.119
Evaluating metrics...
network-snapshot-000106        time 5m 05s       fid50k_full 236.6609
tick 27    kimg 110.7    time 3h 13m 25s   sec/tick 85.0    sec/kimg 20.75   maintenance 329.6  gpumem 7.1   augment 0.116
Evaluating metrics...
network-snapshot-000110        time 5m 11s       fid50k_full 234.7904
tick 28    kimg 114.8    time 3h 20m 26s   sec/tick 85.3    sec/kimg 20.81   maintenance 335.6  gpumem 7.1   augment 0.109
Evaluating metrics...
network-snapshot-000114        time 5m 06s       fid50k_full 232.3781
tick 29    kimg 118.9    time 3h 27m 20s   sec/tick 84.9    sec/kimg 20.73   maintenance 329.5  gpumem 7.1   augment 0.111
Evaluating metrics...
network-snapshot-000118        time 5m 06s       fid50k_full 232.4619
tick 30    kimg 123.0    time 3h 34m 15s   sec/tick 85.4    sec/kimg 20.84   maintenance 329.3  gpumem 7.1   augment 0.114
Evaluating metrics...
network-snapshot-000123        time 5m 06s       fid50k_full 227.8486
tick 31    kimg 127.1    time 3h 41m 09s   sec/tick 84.8    sec/kimg 20.71   maintenance 329.4  gpumem 7.1   augment 0.106
Evaluating metrics...
network-snapshot-000127        time 5m 05s       fid50k_full 229.9537
tick 32    kimg 131.2    time 3h 48m 04s   sec/tick 85.3    sec/kimg 20.83   maintenance 329.6  gpumem 7.1   augment 0.104
Evaluating metrics...
network-snapshot-000131        time 5m 06s       fid50k_full 227.6289
tick 33    kimg 135.3    time 3h 54m 58s   sec/tick 84.8    sec/kimg 20.70   maintenance 329.1  gpumem 7.1   augment 0.099
Evaluating metrics...
network-snapshot-000135        time 5m 07s       fid50k_full 217.7807
tick 34    kimg 139.4    time 4h 01m 54s   sec/tick 85.7    sec/kimg 20.91   maintenance 330.5  gpumem 7.1   augment 0.101
Evaluating metrics...
network-snapshot-000139        time 5m 13s       fid50k_full 209.2184
tick 35    kimg 143.5    time 4h 08m 56s   sec/tick 84.8    sec/kimg 20.70   maintenance 336.6  gpumem 7.1   augment 0.104
Evaluating metrics...
network-snapshot-000143        time 5m 06s       fid50k_full 206.7378
tick 36    kimg 147.6    time 4h 15m 50s   sec/tick 85.2    sec/kimg 20.81   maintenance 328.8  gpumem 7.1   augment 0.099
Evaluating metrics...
network-snapshot-000147        time 5m 06s       fid50k_full 201.4910
tick 37    kimg 151.7    time 4h 22m 44s   sec/tick 85.0    sec/kimg 20.76   maintenance 329.1  gpumem 7.1   augment 0.109
Evaluating metrics...
network-snapshot-000151        time 5m 06s       fid50k_full 195.0298
tick 38    kimg 155.8    time 4h 29m 38s   sec/tick 85.3    sec/kimg 20.82   maintenance 329.3  gpumem 7.1   augment 0.096
Evaluating metrics...
network-snapshot-000155        time 5m 06s       fid50k_full 189.5505
tick 39    kimg 159.9    time 4h 36m 33s   sec/tick 84.8    sec/kimg 20.70   maintenance 329.8  gpumem 7.1   augment 0.093
Evaluating metrics...
network-snapshot-000159        time 5m 06s       fid50k_full 184.5279
tick 40    kimg 164.0    time 4h 43m 28s   sec/tick 85.3    sec/kimg 20.81   maintenance 329.5  gpumem 7.1   augment 0.106
Evaluating metrics...
network-snapshot-000163        time 5m 06s       fid50k_full 185.9113
tick 41    kimg 168.1    time 4h 50m 22s   sec/tick 84.8    sec/kimg 20.71   maintenance 329.0  gpumem 7.1   augment 0.111
Evaluating metrics...
network-snapshot-000168        time 5m 06s       fid50k_full 203.2236
tick 42    kimg 172.2    time 4h 57m 16s   sec/tick 85.2    sec/kimg 20.81   maintenance 329.4  gpumem 7.1   augment 0.119
Evaluating metrics...
network-snapshot-000172        time 5m 06s       fid50k_full 210.1898
tick 43    kimg 176.3    time 5h 04m 11s   sec/tick 84.8    sec/kimg 20.71   maintenance 330.0  gpumem 7.1   augment 0.119
Evaluating metrics...
network-snapshot-000176        time 5m 15s       fid50k_full 206.3931
tick 44    kimg 180.4    time 5h 11m 15s   sec/tick 85.2    sec/kimg 20.80   maintenance 338.6  gpumem 7.1   augment 0.104
Evaluating metrics...
network-snapshot-000180        time 5m 06s       fid50k_full 204.6051
tick 45    kimg 184.4    time 5h 18m 10s   sec/tick 84.9    sec/kimg 20.72   maintenance 330.1  gpumem 7.1   augment 0.109
Evaluating metrics...
network-snapshot-000184        time 5m 06s       fid50k_full 202.5679
tick 46    kimg 188.5    time 5h 25m 05s   sec/tick 85.4    sec/kimg 20.84   maintenance 329.8  gpumem 7.1   augment 0.106
Evaluating metrics...
network-snapshot-000188        time 5m 06s       fid50k_full 193.0710
tick 47    kimg 192.6    time 5h 32m 00s   sec/tick 84.7    sec/kimg 20.69   maintenance 330.0  gpumem 7.1   augment 0.099
Evaluating metrics...
network-snapshot-000192        time 5m 06s       fid50k_full 183.8145
tick 48    kimg 196.7    time 5h 38m 54s   sec/tick 85.3    sec/kimg 20.82   maintenance 329.5  gpumem 7.1   augment 0.101
Evaluating metrics...
network-snapshot-000196        time 5m 07s       fid50k_full 171.6869
tick 49    kimg 200.8    time 5h 45m 49s   sec/tick 84.8    sec/kimg 20.71   maintenance 330.1  gpumem 7.1   augment 0.104
Evaluating metrics...
network-snapshot-000200        time 5m 06s       fid50k_full 160.9951
tick 50    kimg 204.9    time 5h 52m 45s   sec/tick 85.2    sec/kimg 20.81   maintenance 330.0  gpumem 7.1   augment 0.099
Evaluating metrics...
network-snapshot-000204        time 5m 06s       fid50k_full 151.2139
tick 51    kimg 209.0    time 5h 59m 39s   sec/tick 84.8    sec/kimg 20.70   maintenance 329.3  gpumem 7.1   augment 0.096
Evaluating metrics...
network-snapshot-000209        time 5m 06s       fid50k_full 147.2080
tick 52    kimg 213.1    time 6h 06m 33s   sec/tick 85.2    sec/kimg 20.81   maintenance 329.1  gpumem 7.1   augment 0.099
Evaluating metrics...
network-snapshot-000213        time 5m 06s       fid50k_full 150.7629
tick 53    kimg 217.2    time 6h 13m 26s   sec/tick 84.8    sec/kimg 20.70   maintenance 328.5  gpumem 7.1   augment 0.093
Evaluating metrics...
network-snapshot-000217        time 5m 07s       fid50k_full 141.2561
tick 54    kimg 221.3    time 6h 20m 21s   sec/tick 85.4    sec/kimg 20.85   maintenance 329.0  gpumem 7.1   augment 0.093
Evaluating metrics...
network-snapshot-000221        time 5m 07s       fid50k_full 131.3357
tick 55    kimg 225.4    time 6h 27m 14s   sec/tick 84.8    sec/kimg 20.71   maintenance 328.4  gpumem 7.1   augment 0.083
Evaluating metrics...
network-snapshot-000225        time 5m 18s       fid50k_full 121.9135
tick 56    kimg 229.5    time 6h 34m 18s   sec/tick 85.2    sec/kimg 20.81   maintenance 338.9  gpumem 7.1   augment 0.081
Evaluating metrics...
network-snapshot-000229        time 5m 06s       fid50k_full 118.0978
tick 57    kimg 233.6    time 6h 41m 09s   sec/tick 84.8    sec/kimg 20.69   maintenance 326.1  gpumem 7.1   augment 0.073
Evaluating metrics...
network-snapshot-000233        time 5m 06s       fid50k_full 116.5166
tick 58    kimg 237.7    time 6h 47m 59s   sec/tick 85.1    sec/kimg 20.78   maintenance 325.0  gpumem 7.1   augment 0.065
Evaluating metrics...
network-snapshot-000237        time 5m 06s       fid50k_full 116.5004
tick 59    kimg 241.8    time 6h 54m 49s   sec/tick 84.6    sec/kimg 20.65   maintenance 325.1  gpumem 7.1   augment 0.058
Evaluating metrics...
network-snapshot-000241        time 5m 06s       fid50k_full 113.3383
tick 60    kimg 245.9    time 7h 01m 39s   sec/tick 85.0    sec/kimg 20.76   maintenance 325.1  gpumem 7.1   augment 0.055
Evaluating metrics...
network-snapshot-000245        time 5m 06s       fid50k_full 111.4244
tick 61    kimg 250.0    time 7h 08m 28s   sec/tick 84.7    sec/kimg 20.68   maintenance 324.8  gpumem 7.1   augment 0.063
Evaluating metrics...
network-snapshot-000249        time 5m 06s       fid50k_full 108.6703
tick 62    kimg 254.1    time 7h 15m 18s   sec/tick 85.1    sec/kimg 20.77   maintenance 324.8  gpumem 7.1   augment 0.058
Evaluating metrics...
network-snapshot-000254        time 5m 06s       fid50k_full 103.0875
tick 63    kimg 258.2    time 7h 22m 08s   sec/tick 84.7    sec/kimg 20.67   maintenance 324.9  gpumem 7.1   augment 0.065
Evaluating metrics...
network-snapshot-000258        time 5m 07s       fid50k_full 104.1590
tick 64    kimg 262.3    time 7h 28m 58s   sec/tick 85.1    sec/kimg 20.78   maintenance 325.5  gpumem 7.1   augment 0.060
Evaluating metrics...
network-snapshot-000262        time 5m 06s       fid50k_full 101.2287
tick 65    kimg 266.4    time 7h 35m 48s   sec/tick 84.7    sec/kimg 20.68   maintenance 325.2  gpumem 7.1   augment 0.063
Evaluating metrics...
network-snapshot-000266        time 5m 07s       fid50k_full 98.7396
tick 66    kimg 270.5    time 7h 42m 41s   sec/tick 85.5    sec/kimg 20.88   maintenance 327.0  gpumem 7.1   augment 0.065
Evaluating metrics...
network-snapshot-000270        time 5m 06s       fid50k_full 96.6951
tick 67    kimg 274.6    time 7h 49m 31s   sec/tick 84.6    sec/kimg 20.67   maintenance 324.9  gpumem 7.1   augment 0.052
Evaluating metrics...
network-snapshot-000274        time 5m 06s       fid50k_full 94.9970
tick 68    kimg 278.7    time 7h 56m 20s   sec/tick 85.2    sec/kimg 20.79   maintenance 324.1  gpumem 7.1   augment 0.060
Evaluating metrics...
network-snapshot-000278        time 5m 06s       fid50k_full 94.9534
tick 69    kimg 282.8    time 8h 03m 09s   sec/tick 84.6    sec/kimg 20.66   maintenance 324.8  gpumem 7.1   augment 0.060
Evaluating metrics...
network-snapshot-000282        time 5m 21s       fid50k_full 94.3084
tick 70    kimg 286.8    time 8h 10m 14s   sec/tick 85.0    sec/kimg 20.75   maintenance 339.6  gpumem 7.1   augment 0.058
Evaluating metrics...
network-snapshot-000286        time 5m 06s       fid50k_full 94.4724
tick 71    kimg 290.9    time 8h 17m 03s   sec/tick 84.7    sec/kimg 20.67   maintenance 324.5  gpumem 7.1   augment 0.055
Evaluating metrics...
network-snapshot-000290        time 5m 07s       fid50k_full 93.5884
tick 72    kimg 295.0    time 8h 23m 54s   sec/tick 85.4    sec/kimg 20.84   maintenance 325.7  gpumem 7.1   augment 0.058
Evaluating metrics...
network-snapshot-000295        time 5m 06s       fid50k_full 92.0231
tick 73    kimg 299.1    time 8h 30m 44s   sec/tick 84.8    sec/kimg 20.71   maintenance 324.9  gpumem 7.1   augment 0.070
Evaluating metrics...
network-snapshot-000299        time 5m 06s       fid50k_full 91.0779
tick 74    kimg 303.2    time 8h 37m 34s   sec/tick 85.2    sec/kimg 20.79   maintenance 325.0  gpumem 7.1   augment 0.070
Evaluating metrics...
network-snapshot-000303        time 5m 06s       fid50k_full 89.1058
tick 75    kimg 307.3    time 8h 44m 25s   sec/tick 85.0    sec/kimg 20.75   maintenance 325.8  gpumem 7.1   augment 0.076
Evaluating metrics...
network-snapshot-000307        time 5m 07s       fid50k_full 89.3345
tick 76    kimg 311.4    time 8h 51m 16s   sec/tick 85.1    sec/kimg 20.77   maintenance 326.2  gpumem 7.1   augment 0.078
Evaluating metrics...
network-snapshot-000311        time 5m 06s       fid50k_full 91.5573
tick 77    kimg 315.5    time 8h 58m 06s   sec/tick 84.8    sec/kimg 20.69   maintenance 325.0  gpumem 7.1   augment 0.081
Evaluating metrics...
network-snapshot-000315        time 5m 06s       fid50k_full 92.1039
tick 78    kimg 319.6    time 9h 04m 56s   sec/tick 85.5    sec/kimg 20.87   maintenance 325.2  gpumem 7.1   augment 0.091
Evaluating metrics...
network-snapshot-000319        time 5m 07s       fid50k_full 90.2601
tick 79    kimg 323.7    time 9h 11m 47s   sec/tick 85.0    sec/kimg 20.76   maintenance 325.3  gpumem 7.1   augment 0.081
Evaluating metrics...
network-snapshot-000323        time 5m 07s       fid50k_full 92.5419
tick 80    kimg 327.8    time 9h 18m 38s   sec/tick 85.6    sec/kimg 20.90   maintenance 325.9  gpumem 7.1   augment 0.081
Evaluating metrics...
network-snapshot-000327        time 5m 07s       fid50k_full 92.3381
tick 81    kimg 331.9    time 9h 25m 28s   sec/tick 84.8    sec/kimg 20.71   maintenance 325.4  gpumem 7.1   augment 0.078
Evaluating metrics...
network-snapshot-000331        time 5m 06s       fid50k_full 93.1165
tick 82    kimg 336.0    time 9h 32m 19s   sec/tick 85.6    sec/kimg 20.90   maintenance 324.6  gpumem 7.1   augment 0.083
Evaluating metrics...
network-snapshot-000336        time 5m 06s       fid50k_full 92.4460
tick 83    kimg 340.1    time 9h 39m 09s   sec/tick 84.8    sec/kimg 20.69   maintenance 325.0  gpumem 7.1   augment 0.083
Evaluating metrics...
network-snapshot-000340        time 5m 07s       fid50k_full 91.2478
tick 84    kimg 344.2    time 9h 46m 00s   sec/tick 85.6    sec/kimg 20.89   maintenance 326.0  gpumem 7.1   augment 0.078
Evaluating metrics...
network-snapshot-000344        time 5m 06s       fid50k_full 91.6271
tick 85    kimg 348.3    time 9h 52m 51s   sec/tick 84.8    sec/kimg 20.70   maintenance 326.1  gpumem 7.1   augment 0.083
Evaluating metrics...
network-snapshot-000348        time 5m 07s       fid50k_full 93.1201
tick 86    kimg 352.4    time 9h 59m 44s   sec/tick 86.1    sec/kimg 21.02   maintenance 326.8  gpumem 7.1   augment 0.081
Evaluating metrics...
network-snapshot-000352        time 5m 06s       fid50k_full 92.2818
tick 87    kimg 356.5    time 10h 06m 34s  sec/tick 84.8    sec/kimg 20.70   maintenance 325.6  gpumem 7.1   augment 0.081
Evaluating metrics...
network-snapshot-000356        time 5m 24s       fid50k_full 89.9733
tick 88    kimg 360.6    time 10h 13m 43s  sec/tick 85.3    sec/kimg 20.82   maintenance 343.5  gpumem 7.1   augment 0.078
Evaluating metrics...
network-snapshot-000360        time 5m 06s       fid50k_full 89.8472
tick 89    kimg 364.7    time 10h 20m 34s  sec/tick 84.8    sec/kimg 20.71   maintenance 326.1  gpumem 7.1   augment 0.081
Evaluating metrics...
network-snapshot-000364        time 5m 07s       fid50k_full 89.2795
tick 90    kimg 368.8    time 10h 27m 32s  sec/tick 85.8    sec/kimg 20.94   maintenance 332.3  gpumem 7.1   augment 0.086
Evaluating metrics...
network-snapshot-000368        time 5m 07s       fid50k_full 87.8940
tick 91    kimg 372.9    time 10h 34m 23s  sec/tick 84.9    sec/kimg 20.72   maintenance 326.5  gpumem 7.1   augment 0.086
Evaluating metrics...
network-snapshot-000372        time 5m 06s       fid50k_full 86.4487
tick 92    kimg 377.0    time 10h 41m 15s  sec/tick 85.6    sec/kimg 20.90   maintenance 325.9  gpumem 7.1   augment 0.086
Evaluating metrics...
network-snapshot-000376        time 5m 06s       fid50k_full 84.9289
tick 93    kimg 381.1    time 10h 48m 06s  sec/tick 84.8    sec/kimg 20.71   maintenance 326.0  gpumem 7.1   augment 0.088
Evaluating metrics...
network-snapshot-000381        time 5m 07s       fid50k_full 85.4116
tick 94    kimg 385.2    time 10h 54m 58s  sec/tick 85.8    sec/kimg 20.94   maintenance 326.5  gpumem 7.1   augment 0.088
Evaluating metrics...
network-snapshot-000385        time 5m 10s       fid50k_full 85.4404
tick 95    kimg 389.2    time 11h 01m 54s  sec/tick 84.8    sec/kimg 20.71   maintenance 330.7  gpumem 7.1   augment 0.096
Evaluating metrics...
network-snapshot-000389        time 5m 07s       fid50k_full 84.7610
tick 96    kimg 393.3    time 11h 08m 46s  sec/tick 85.7    sec/kimg 20.93   maintenance 326.6  gpumem 7.1   augment 0.096
Evaluating metrics...
