/lustre/work/chaselab/malyetama
Tensorflow version: 1.14.0
0
Raw: 0, Resized: 20579
/work/chaselab/malyetama/ADA_Project/training_runs/StanfordDogs_training-runs/00000-StanfordDogs_custom-auto2-kimg1/network-snapshot-000001.pkl
Thu Mar 18 23:19:40 2021       
+-----------------------------------------------------------------------------+
| NVIDIA-SMI 450.51.06    Driver Version: 450.51.06    CUDA Version: 11.0     |
|-------------------------------+----------------------+----------------------+
| GPU  Name        Persistence-M| Bus-Id        Disp.A | Volatile Uncorr. ECC |
| Fan  Temp  Perf  Pwr:Usage/Cap|         Memory-Usage | GPU-Util  Compute M. |
|                               |                      |               MIG M. |
|===============================+======================+======================|
|   0  Tesla V100-PCIE...  On   | 00000000:5E:00.0 Off |                    0 |
| N/A   42C    P0    41W / 250W |    311MiB / 32510MiB |      0%      Default |
|                               |                      |                  N/A |
+-------------------------------+----------------------+----------------------+
|   1  Tesla V100-PCIE...  On   | 00000000:D8:00.0 Off |                    0 |
| N/A   44C    P0    38W / 250W |    311MiB / 32510MiB |      0%      Default |
|                               |                      |                  N/A |
+-------------------------------+----------------------+----------------------+
                                                                               
+-----------------------------------------------------------------------------+
| Processes:                                                                  |
|  GPU   GI   CI        PID   Type   Process name                  GPU Memory |
|        ID   ID                                                   Usage      |
|=============================================================================|
|    0   N/A  N/A    153261      C   ...a/envs/ada-env/bin/python      307MiB |
|    1   N/A  N/A    153261      C   ...a/envs/ada-env/bin/python      307MiB |
+-----------------------------------------------------------------------------+

Training options:
{
  "G_args": {
    "func_name": "training.networks.G_main",
    "fmap_base": 8192,
    "fmap_max": 512,
    "mapping_layers": 2,
    "num_fp16_res": 4,
    "conv_clamp": 256
  },
  "D_args": {
    "func_name": "training.networks.D_main",
    "mbstd_group_size": 4,
    "fmap_base": 8192,
    "fmap_max": 512,
    "num_fp16_res": 4,
    "conv_clamp": 256
  },
  "G_opt_args": {
    "beta1": 0.0,
    "beta2": 0.99,
    "learning_rate": 0.0025
  },
  "D_opt_args": {
    "beta1": 0.0,
    "beta2": 0.99,
    "learning_rate": 0.0025
  },
  "loss_args": {
    "func_name": "training.loss.stylegan2",
    "r1_gamma": 0.4096
  },
  "augment_args": {
    "class_name": "training.augment.AdaptiveAugment",
    "tune_heuristic": "rt",
    "tune_target": 0.6,
    "apply_func": "training.augment.augment_pipeline",
    "apply_args": {
      "xflip": 1,
      "rotate90": 1,
      "xint": 1,
      "scale": 1,
      "rotate": 1,
      "aniso": 1,
      "xfrac": 1,
      "brightness": 1,
      "contrast": 1,
      "lumaflip": 1,
      "hue": 1,
      "saturation": 1
    },
    "tune_kimg": 100
  },
  "num_gpus": 2,
  "image_snapshot_ticks": 1,
  "network_snapshot_ticks": 1,
  "train_dataset_args": {
    "path": "/work/chaselab/malyetama/ADA_Project/datasets/StanfordDogs_custom",
    "max_label_size": 0,
    "resolution": 256,
    "mirror_augment": false
  },
  "metric_arg_list": [
    {
      "name": "fid50k_full",
      "class_name": "metrics.frechet_inception_distance.FID",
      "max_reals": null,
      "num_fakes": 50000,
      "minibatch_per_gpu": 8,
      "force_dataset_args": {
        "shuffle": false,
        "max_images": null,
        "repeat": false,
        "mirror_augment": false
      }
    }
  ],
  "metric_dataset_args": {
    "path": "/work/chaselab/malyetama/ADA_Project/datasets/StanfordDogs_custom",
    "max_label_size": 0,
    "resolution": 256,
    "mirror_augment": false
  },
  "total_kimg": 25000,
  "minibatch_size": 32,
  "minibatch_gpu": 16,
  "G_smoothing_kimg": 10.0,
  "G_smoothing_rampup": null,
  "resume_pkl": "/work/chaselab/malyetama/ADA_Project/training_runs/StanfordDogs_training-runs/00000-StanfordDogs_custom-auto2-kimg1/network-snapshot-000001.pkl",
  "run_dir": "/work/chaselab/malyetama/ADA_Project/training_runs/StanfordDogs_training-runs/00001-StanfordDogs_custom-auto2-resumecustom"
}

Output directory:  /work/chaselab/malyetama/ADA_Project/training_runs/StanfordDogs_training-runs/00001-StanfordDogs_custom-auto2-resumecustom
Training data:     /work/chaselab/malyetama/ADA_Project/datasets/StanfordDogs_custom
Training length:   25000 kimg
Resolution:        256
Number of GPUs:    2

Dry run; exiting.

Training options:
{
  "G_args": {
    "func_name": "training.networks.G_main",
    "fmap_base": 8192,
    "fmap_max": 512,
    "mapping_layers": 2,
    "num_fp16_res": 4,
    "conv_clamp": 256
  },
  "D_args": {
    "func_name": "training.networks.D_main",
    "mbstd_group_size": 4,
    "fmap_base": 8192,
    "fmap_max": 512,
    "num_fp16_res": 4,
    "conv_clamp": 256
  },
  "G_opt_args": {
    "beta1": 0.0,
    "beta2": 0.99,
    "learning_rate": 0.0025
  },
  "D_opt_args": {
    "beta1": 0.0,
    "beta2": 0.99,
    "learning_rate": 0.0025
  },
  "loss_args": {
    "func_name": "training.loss.stylegan2",
    "r1_gamma": 0.4096
  },
  "augment_args": {
    "class_name": "training.augment.AdaptiveAugment",
    "tune_heuristic": "rt",
    "tune_target": 0.6,
    "apply_func": "training.augment.augment_pipeline",
    "apply_args": {
      "xflip": 1,
      "rotate90": 1,
      "xint": 1,
      "scale": 1,
      "rotate": 1,
      "aniso": 1,
      "xfrac": 1,
      "brightness": 1,
      "contrast": 1,
      "lumaflip": 1,
      "hue": 1,
      "saturation": 1
    },
    "tune_kimg": 100
  },
  "num_gpus": 2,
  "image_snapshot_ticks": 1,
  "network_snapshot_ticks": 1,
  "train_dataset_args": {
    "path": "/work/chaselab/malyetama/ADA_Project/datasets/StanfordDogs_custom",
    "max_label_size": 0,
    "resolution": 256,
    "mirror_augment": false
  },
  "metric_arg_list": [
    {
      "name": "fid50k_full",
      "class_name": "metrics.frechet_inception_distance.FID",
      "max_reals": null,
      "num_fakes": 50000,
      "minibatch_per_gpu": 8,
      "force_dataset_args": {
        "shuffle": false,
        "max_images": null,
        "repeat": false,
        "mirror_augment": false
      }
    }
  ],
  "metric_dataset_args": {
    "path": "/work/chaselab/malyetama/ADA_Project/datasets/StanfordDogs_custom",
    "max_label_size": 0,
    "resolution": 256,
    "mirror_augment": false
  },
  "total_kimg": 25000,
  "minibatch_size": 32,
  "minibatch_gpu": 16,
  "G_smoothing_kimg": 10.0,
  "G_smoothing_rampup": null,
  "resume_pkl": "/work/chaselab/malyetama/ADA_Project/training_runs/StanfordDogs_training-runs/00000-StanfordDogs_custom-auto2-kimg1/network-snapshot-000001.pkl",
  "run_dir": "/work/chaselab/malyetama/ADA_Project/training_runs/StanfordDogs_training-runs/00001-StanfordDogs_custom-auto2-resumecustom"
}

Output directory:  /work/chaselab/malyetama/ADA_Project/training_runs/StanfordDogs_training-runs/00001-StanfordDogs_custom-auto2-resumecustom
Training data:     /work/chaselab/malyetama/ADA_Project/datasets/StanfordDogs_custom
Training length:   25000 kimg
Resolution:        256
Number of GPUs:    2

Creating output directory...
Loading training set...
Image shape: [3, 256, 256]
Label shape: [0]

Constructing networks...
Setting up TensorFlow plugin "fused_bias_act.cu": Loading... Done.
Setting up TensorFlow plugin "upfirdn_2d.cu": Loading... Done.
Resuming from "/work/chaselab/malyetama/ADA_Project/training_runs/StanfordDogs_training-runs/00000-StanfordDogs_custom-auto2-kimg1/network-snapshot-000001.pkl"

G                             Params    OutputShape         WeightShape     
---                           ---       ---                 ---             
latents_in                    -         (?, 512)            -               
labels_in                     -         (?, 0)              -               
G_mapping/Normalize           -         (?, 512)            -               
G_mapping/Dense0              262656    (?, 512)            (512, 512)      
G_mapping/Dense1              262656    (?, 512)            (512, 512)      
G_mapping/Broadcast           -         (?, 14, 512)        -               
dlatent_avg                   -         (512,)              -               
Truncation/Lerp               -         (?, 14, 512)        -               
G_synthesis/4x4/Const         8192      (?, 512, 4, 4)      (1, 512, 4, 4)  
G_synthesis/4x4/Conv          2622465   (?, 512, 4, 4)      (3, 3, 512, 512)
G_synthesis/4x4/ToRGB         264195    (?, 3, 4, 4)        (1, 1, 512, 3)  
G_synthesis/8x8/Conv0_up      2622465   (?, 512, 8, 8)      (3, 3, 512, 512)
G_synthesis/8x8/Conv1         2622465   (?, 512, 8, 8)      (3, 3, 512, 512)
G_synthesis/8x8/Upsample      -         (?, 3, 8, 8)        -               
G_synthesis/8x8/ToRGB         264195    (?, 3, 8, 8)        (1, 1, 512, 3)  
G_synthesis/16x16/Conv0_up    2622465   (?, 512, 16, 16)    (3, 3, 512, 512)
G_synthesis/16x16/Conv1       2622465   (?, 512, 16, 16)    (3, 3, 512, 512)
G_synthesis/16x16/Upsample    -         (?, 3, 16, 16)      -               
G_synthesis/16x16/ToRGB       264195    (?, 3, 16, 16)      (1, 1, 512, 3)  
G_synthesis/32x32/Conv0_up    2622465   (?, 512, 32, 32)    (3, 3, 512, 512)
G_synthesis/32x32/Conv1       2622465   (?, 512, 32, 32)    (3, 3, 512, 512)
G_synthesis/32x32/Upsample    -         (?, 3, 32, 32)      -               
G_synthesis/32x32/ToRGB       264195    (?, 3, 32, 32)      (1, 1, 512, 3)  
G_synthesis/64x64/Conv0_up    1442561   (?, 256, 64, 64)    (3, 3, 512, 256)
G_synthesis/64x64/Conv1       721409    (?, 256, 64, 64)    (3, 3, 256, 256)
G_synthesis/64x64/Upsample    -         (?, 3, 64, 64)      -               
G_synthesis/64x64/ToRGB       132099    (?, 3, 64, 64)      (1, 1, 256, 3)  
G_synthesis/128x128/Conv0_up  426369    (?, 128, 128, 128)  (3, 3, 256, 128)
G_synthesis/128x128/Conv1     213249    (?, 128, 128, 128)  (3, 3, 128, 128)
G_synthesis/128x128/Upsample  -         (?, 3, 128, 128)    -               
G_synthesis/128x128/ToRGB     66051     (?, 3, 128, 128)    (1, 1, 128, 3)  
G_synthesis/256x256/Conv0_up  139457    (?, 64, 256, 256)   (3, 3, 128, 64) 
G_synthesis/256x256/Conv1     69761     (?, 64, 256, 256)   (3, 3, 64, 64)  
G_synthesis/256x256/Upsample  -         (?, 3, 256, 256)    -               
G_synthesis/256x256/ToRGB     33027     (?, 3, 256, 256)    (1, 1, 64, 3)   
---                           ---       ---                 ---             
Total                         23191522                                      


D                    Params    OutputShape         WeightShape     
---                  ---       ---                 ---             
images_in            -         (?, 3, 256, 256)    -               
labels_in            -         (?, 0)              -               
256x256/FromRGB      256       (?, 64, 256, 256)   (1, 1, 3, 64)   
256x256/Conv0        36928     (?, 64, 256, 256)   (3, 3, 64, 64)  
256x256/Conv1_down   73856     (?, 128, 128, 128)  (3, 3, 64, 128) 
256x256/Skip         8192      (?, 128, 128, 128)  (1, 1, 64, 128) 
128x128/Conv0        147584    (?, 128, 128, 128)  (3, 3, 128, 128)
128x128/Conv1_down   295168    (?, 256, 64, 64)    (3, 3, 128, 256)
128x128/Skip         32768     (?, 256, 64, 64)    (1, 1, 128, 256)
64x64/Conv0          590080    (?, 256, 64, 64)    (3, 3, 256, 256)
64x64/Conv1_down     1180160   (?, 512, 32, 32)    (3, 3, 256, 512)
64x64/Skip           131072    (?, 512, 32, 32)    (1, 1, 256, 512)
32x32/Conv0          2359808   (?, 512, 32, 32)    (3, 3, 512, 512)
32x32/Conv1_down     2359808   (?, 512, 16, 16)    (3, 3, 512, 512)
32x32/Skip           262144    (?, 512, 16, 16)    (1, 1, 512, 512)
16x16/Conv0          2359808   (?, 512, 16, 16)    (3, 3, 512, 512)
16x16/Conv1_down     2359808   (?, 512, 8, 8)      (3, 3, 512, 512)
16x16/Skip           262144    (?, 512, 8, 8)      (1, 1, 512, 512)
8x8/Conv0            2359808   (?, 512, 8, 8)      (3, 3, 512, 512)
8x8/Conv1_down       2359808   (?, 512, 4, 4)      (3, 3, 512, 512)
8x8/Skip             262144    (?, 512, 4, 4)      (1, 1, 512, 512)
4x4/MinibatchStddev  -         (?, 513, 4, 4)      -               
4x4/Conv             2364416   (?, 512, 4, 4)      (3, 3, 513, 512)
4x4/Dense0           4194816   (?, 512)            (8192, 512)     
Output               513       (?, 1)              (512, 1)        
---                  ---       ---                 ---             
Total                24001089                                      

Exporting sample images...
Replicating networks across 2 GPUs...
Initializing augmentations...
Setting up optimizers...
Constructing training graph...
Finalizing training ops...
Initializing metrics...
Training for 25000 kimg...

tick 0     kimg 0.1      time 4m 15s       sec/tick 49.9    sec/kimg 390.06  maintenance 204.7  gpumem 7.5   augment 0.001
Evaluating metrics...
network-snapshot-000000        time 5m 08s       fid50k_full 346.3652
tick 1     kimg 4.2      time 11m 42s      sec/tick 81.8    sec/kimg 19.98   maintenance 365.9  gpumem 7.5   augment 0.040
Evaluating metrics...
network-snapshot-000004        time 5m 07s       fid50k_full 370.6694
tick 2     kimg 8.3      time 18m 47s      sec/tick 82.2    sec/kimg 20.06   maintenance 342.7  gpumem 7.5   augment 0.065
Evaluating metrics...
network-snapshot-000008        time 5m 06s       fid50k_full 405.7781
tick 3     kimg 12.4     time 25m 48s      sec/tick 84.1    sec/kimg 20.54   maintenance 336.6  gpumem 7.5   augment 0.091
Evaluating metrics...
network-snapshot-000012        time 5m 07s       fid50k_full 436.6781
tick 4     kimg 16.5     time 32m 46s      sec/tick 82.4    sec/kimg 20.13   maintenance 335.7  gpumem 7.5   augment 0.109
Evaluating metrics...
network-snapshot-000016        time 5m 08s       fid50k_full 389.0137
tick 5     kimg 20.6     time 39m 53s      sec/tick 82.6    sec/kimg 20.15   maintenance 344.1  gpumem 7.5   augment 0.122
Evaluating metrics...
network-snapshot-000020        time 5m 06s       fid50k_full 405.3648
tick 6     kimg 24.7     time 46m 46s      sec/tick 82.5    sec/kimg 20.14   maintenance 330.9  gpumem 7.5   augment 0.137
Evaluating metrics...
network-snapshot-000024        time 5m 07s       fid50k_full 472.6374
tick 7     kimg 28.8     time 53m 34s      sec/tick 82.6    sec/kimg 20.17   maintenance 325.4  gpumem 7.5   augment 0.122
Evaluating metrics...
network-snapshot-000028        time 5m 05s       fid50k_full 374.6343
tick 8     kimg 32.9     time 1h 00m 21s   sec/tick 83.9    sec/kimg 20.49   maintenance 322.7  gpumem 7.5   augment 0.145
Evaluating metrics...
network-snapshot-000032        time 5m 09s       fid50k_full 324.6057
tick 9     kimg 37.0     time 1h 07m 12s   sec/tick 85.9    sec/kimg 20.96   maintenance 325.2  gpumem 7.5   augment 0.155
Evaluating metrics...
network-snapshot-000036        time 5m 12s       fid50k_full 355.4620
tick 10    kimg 41.1     time 1h 14m 01s   sec/tick 82.7    sec/kimg 20.19   maintenance 326.9  gpumem 7.5   augment 0.165
Evaluating metrics...
network-snapshot-000041        time 5m 07s       fid50k_full 363.6630
tick 11    kimg 45.2     time 1h 20m 45s   sec/tick 83.2    sec/kimg 20.31   maintenance 320.2  gpumem 7.5   augment 0.178
Evaluating metrics...
network-snapshot-000045        time 5m 08s       fid50k_full 376.5749
tick 12    kimg 49.3     time 1h 27m 29s   sec/tick 82.9    sec/kimg 20.24   maintenance 321.7  gpumem 7.5   augment 0.193
Evaluating metrics...
network-snapshot-000049        time 5m 11s       fid50k_full 378.0654
tick 13    kimg 53.4     time 1h 34m 20s   sec/tick 85.2    sec/kimg 20.81   maintenance 325.5  gpumem 7.5   augment 0.209
Evaluating metrics...
network-snapshot-000053        time 5m 06s       fid50k_full 363.8648
tick 14    kimg 57.5     time 1h 41m 03s   sec/tick 82.9    sec/kimg 20.24   maintenance 320.1  gpumem 7.5   augment 0.219
Evaluating metrics...
network-snapshot-000057        time 5m 06s       fid50k_full 349.6036
tick 15    kimg 61.6     time 1h 47m 46s   sec/tick 82.8    sec/kimg 20.22   maintenance 319.8  gpumem 7.5   augment 0.229
Evaluating metrics...
network-snapshot-000061        time 5m 06s       fid50k_full 340.8904
tick 16    kimg 65.7     time 1h 54m 29s   sec/tick 82.8    sec/kimg 20.21   maintenance 320.0  gpumem 7.5   augment 0.216
Evaluating metrics...
network-snapshot-000065        time 5m 09s       fid50k_full 335.7593
tick 17    kimg 69.8     time 2h 01m 14s   sec/tick 82.8    sec/kimg 20.21   maintenance 322.8  gpumem 7.5   augment 0.198
Evaluating metrics...
network-snapshot-000069        time 5m 06s       fid50k_full 335.9622
tick 18    kimg 73.9     time 2h 07m 58s   sec/tick 84.4    sec/kimg 20.60   maintenance 319.1  gpumem 7.5   augment 0.175
Evaluating metrics...
network-snapshot-000073        time 5m 07s       fid50k_full 334.3452
tick 19    kimg 78.0     time 2h 14m 41s   sec/tick 82.7    sec/kimg 20.19   maintenance 320.5  gpumem 7.5   augment 0.175
Evaluating metrics...
network-snapshot-000077        time 5m 06s       fid50k_full 325.6056
tick 20    kimg 82.0     time 2h 21m 24s   sec/tick 82.7    sec/kimg 20.19   maintenance 320.1  gpumem 7.5   augment 0.183
Evaluating metrics...
network-snapshot-000082        time 5m 11s       fid50k_full 312.1914
tick 21    kimg 86.1     time 2h 28m 12s   sec/tick 82.8    sec/kimg 20.20   maintenance 325.0  gpumem 7.5   augment 0.180
Evaluating metrics...
network-snapshot-000086        time 5m 06s       fid50k_full 302.7824
tick 22    kimg 90.2     time 2h 34m 55s   sec/tick 82.8    sec/kimg 20.22   maintenance 321.1  gpumem 7.5   augment 0.165
Evaluating metrics...
network-snapshot-000090        time 5m 06s       fid50k_full 297.4950
tick 23    kimg 94.3     time 2h 41m 41s   sec/tick 84.1    sec/kimg 20.54   maintenance 321.8  gpumem 7.5   augment 0.137
Evaluating metrics...
network-snapshot-000094        time 5m 07s       fid50k_full 296.3593
tick 24    kimg 98.4     time 2h 48m 27s   sec/tick 82.6    sec/kimg 20.16   maintenance 323.4  gpumem 7.5   augment 0.116
Evaluating metrics...
network-snapshot-000098        time 5m 06s       fid50k_full 294.5249
tick 25    kimg 102.5    time 2h 55m 13s   sec/tick 82.6    sec/kimg 20.16   maintenance 322.7  gpumem 7.5   augment 0.114
Evaluating metrics...
network-snapshot-000102        time 5m 06s       fid50k_full 297.7132
tick 26    kimg 106.6    time 3h 01m 58s   sec/tick 82.6    sec/kimg 20.17   maintenance 322.6  gpumem 7.5   augment 0.099
Evaluating metrics...
network-snapshot-000106        time 5m 11s       fid50k_full 301.1157
tick 27    kimg 110.7    time 3h 08m 48s   sec/tick 82.5    sec/kimg 20.14   maintenance 327.8  gpumem 7.5   augment 0.091
Evaluating metrics...
network-snapshot-000110        time 5m 06s       fid50k_full 298.1011
tick 28    kimg 114.8    time 3h 15m 34s   sec/tick 83.9    sec/kimg 20.48   maintenance 321.7  gpumem 7.5   augment 0.081
Evaluating metrics...
network-snapshot-000114        time 5m 10s       fid50k_full 296.2479
tick 29    kimg 118.9    time 3h 22m 25s   sec/tick 84.5    sec/kimg 20.63   maintenance 326.8  gpumem 7.5   augment 0.076
Evaluating metrics...
network-snapshot-000118        time 5m 08s       fid50k_full 292.7833
tick 30    kimg 123.0    time 3h 29m 14s   sec/tick 82.5    sec/kimg 20.13   maintenance 326.4  gpumem 7.5   augment 0.070
Evaluating metrics...
network-snapshot-000123        time 5m 06s       fid50k_full 289.1393
tick 31    kimg 127.1    time 3h 35m 58s   sec/tick 82.4    sec/kimg 20.13   maintenance 321.8  gpumem 7.5   augment 0.068
Evaluating metrics...
network-snapshot-000127        time 5m 06s       fid50k_full 287.6891
tick 32    kimg 131.2    time 3h 42m 42s   sec/tick 82.4    sec/kimg 20.12   maintenance 321.8  gpumem 7.5   augment 0.086
Evaluating metrics...
network-snapshot-000131        time 5m 06s       fid50k_full 273.3901
tick 33    kimg 135.3    time 3h 49m 29s   sec/tick 83.9    sec/kimg 20.48   maintenance 322.5  gpumem 7.5   augment 0.091
Evaluating metrics...
network-snapshot-000135        time 5m 07s       fid50k_full 261.2285
tick 34    kimg 139.4    time 3h 56m 14s   sec/tick 82.6    sec/kimg 20.16   maintenance 322.7  gpumem 7.5   augment 0.081
Evaluating metrics...
network-snapshot-000139        time 5m 13s       fid50k_full 258.2733
tick 35    kimg 143.5    time 4h 03m 06s   sec/tick 82.3    sec/kimg 20.10   maintenance 329.5  gpumem 7.5   augment 0.065
Evaluating metrics...
network-snapshot-000143        time 5m 08s       fid50k_full 261.1957
tick 36    kimg 147.6    time 4h 09m 52s   sec/tick 82.4    sec/kimg 20.13   maintenance 323.9  gpumem 7.5   augment 0.047
Evaluating metrics...
network-snapshot-000147        time 5m 07s       fid50k_full 265.8712
tick 37    kimg 151.7    time 4h 16m 38s   sec/tick 82.2    sec/kimg 20.07   maintenance 323.5  gpumem 7.5   augment 0.040
Evaluating metrics...
network-snapshot-000151        time 5m 06s       fid50k_full 268.8946
tick 38    kimg 155.8    time 4h 23m 24s   sec/tick 84.1    sec/kimg 20.54   maintenance 322.2  gpumem 7.5   augment 0.040
Evaluating metrics...
network-snapshot-000155        time 5m 06s       fid50k_full 272.4874
tick 39    kimg 159.9    time 4h 30m 10s   sec/tick 82.3    sec/kimg 20.09   maintenance 323.2  gpumem 7.5   augment 0.032
Evaluating metrics...
network-snapshot-000159        time 5m 06s       fid50k_full 271.6589
tick 40    kimg 164.0    time 4h 36m 54s   sec/tick 82.3    sec/kimg 20.10   maintenance 321.6  gpumem 7.5   augment 0.027
Evaluating metrics...
network-snapshot-000163        time 5m 06s       fid50k_full 273.7466
tick 41    kimg 168.1    time 4h 43m 37s   sec/tick 82.1    sec/kimg 20.04   maintenance 321.4  gpumem 7.5   augment 0.022
Evaluating metrics...
network-snapshot-000168        time 5m 06s       fid50k_full 272.9190
tick 42    kimg 172.2    time 4h 50m 21s   sec/tick 82.2    sec/kimg 20.07   maintenance 321.1  gpumem 7.5   augment 0.029
Evaluating metrics...
network-snapshot-000172        time 5m 07s       fid50k_full 270.6447
tick 43    kimg 176.3    time 4h 57m 06s   sec/tick 84.0    sec/kimg 20.50   maintenance 321.6  gpumem 7.5   augment 0.022
Evaluating metrics...
network-snapshot-000176        time 5m 15s       fid50k_full 264.1190
tick 44    kimg 180.4    time 5h 04m 00s   sec/tick 82.0    sec/kimg 20.02   maintenance 331.8  gpumem 7.5   augment 0.024
Evaluating metrics...
network-snapshot-000180        time 5m 06s       fid50k_full 260.0812
tick 45    kimg 184.4    time 5h 10m 44s   sec/tick 82.2    sec/kimg 20.06   maintenance 321.6  gpumem 7.5   augment 0.017
Evaluating metrics...
network-snapshot-000184        time 5m 06s       fid50k_full 253.3730
tick 46    kimg 188.5    time 5h 17m 28s   sec/tick 82.0    sec/kimg 20.01   maintenance 321.9  gpumem 7.5   augment 0.006
Evaluating metrics...
network-snapshot-000188        time 5m 06s       fid50k_full 245.7450
tick 47    kimg 192.6    time 5h 24m 11s   sec/tick 81.9    sec/kimg 20.01   maintenance 321.5  gpumem 7.5   augment 0.012
Evaluating metrics...
network-snapshot-000192        time 5m 06s       fid50k_full 243.3314
tick 48    kimg 196.7    time 5h 30m 56s   sec/tick 83.5    sec/kimg 20.37   maintenance 321.5  gpumem 7.5   augment 0.009
Evaluating metrics...
network-snapshot-000196        time 5m 07s       fid50k_full 240.1055
tick 49    kimg 200.8    time 5h 37m 40s   sec/tick 81.9    sec/kimg 19.99   maintenance 322.1  gpumem 7.5   augment 0.000
Evaluating metrics...
network-snapshot-000200        time 5m 07s       fid50k_full 238.4531
tick 50    kimg 204.9    time 5h 44m 25s   sec/tick 82.0    sec/kimg 20.02   maintenance 323.2  gpumem 7.5   augment 0.013
Evaluating metrics...
network-snapshot-000204        time 5m 07s       fid50k_full 237.0565
tick 51    kimg 209.0    time 5h 51m 10s   sec/tick 82.0    sec/kimg 20.02   maintenance 322.7  gpumem 7.5   augment 0.013
Evaluating metrics...
network-snapshot-000209        time 5m 06s       fid50k_full 237.3211
tick 52    kimg 213.1    time 5h 57m 53s   sec/tick 82.0    sec/kimg 20.03   maintenance 321.1  gpumem 7.5   augment 0.005
Evaluating metrics...
network-snapshot-000213        time 5m 07s       fid50k_full 234.7777
tick 53    kimg 217.2    time 6h 04m 40s   sec/tick 84.1    sec/kimg 20.53   maintenance 322.5  gpumem 7.5   augment 0.010
Evaluating metrics...
network-snapshot-000217        time 5m 07s       fid50k_full 230.6429
tick 54    kimg 221.3    time 6h 11m 26s   sec/tick 82.0    sec/kimg 20.02   maintenance 323.9  gpumem 7.5   augment 0.013
Evaluating metrics...
network-snapshot-000221        time 5m 07s       fid50k_full 229.8565
tick 55    kimg 225.4    time 6h 18m 10s   sec/tick 81.9    sec/kimg 20.00   maintenance 322.2  gpumem 7.5   augment 0.013
Evaluating metrics...
network-snapshot-000225        time 5m 17s       fid50k_full 224.9913
tick 56    kimg 229.5    time 6h 25m 05s   sec/tick 82.3    sec/kimg 20.10   maintenance 333.1  gpumem 7.5   augment 0.015
Evaluating metrics...
network-snapshot-000229        time 5m 07s       fid50k_full 221.2101
tick 57    kimg 233.6    time 6h 31m 51s   sec/tick 83.6    sec/kimg 20.41   maintenance 322.6  gpumem 7.5   augment 0.020
Evaluating metrics...
network-snapshot-000233        time 5m 06s       fid50k_full 217.6152
tick 58    kimg 237.7    time 6h 38m 37s   sec/tick 83.8    sec/kimg 20.46   maintenance 321.6  gpumem 7.5   augment 0.020
Evaluating metrics...
network-snapshot-000237        time 5m 08s       fid50k_full 215.4456
tick 59    kimg 241.8    time 6h 45m 24s   sec/tick 82.2    sec/kimg 20.06   maintenance 325.6  gpumem 7.5   augment 0.018
Evaluating metrics...
network-snapshot-000241        time 5m 07s       fid50k_full 208.1820
tick 60    kimg 245.9    time 6h 52m 09s   sec/tick 82.2    sec/kimg 20.06   maintenance 322.3  gpumem 7.5   augment 0.020
Evaluating metrics...
network-snapshot-000245        time 5m 07s       fid50k_full 203.9314
tick 61    kimg 250.0    time 6h 58m 53s   sec/tick 82.2    sec/kimg 20.06   maintenance 321.9  gpumem 7.5   augment 0.023
Evaluating metrics...
network-snapshot-000249        time 5m 06s       fid50k_full 199.1175
tick 62    kimg 254.1    time 7h 05m 37s   sec/tick 82.2    sec/kimg 20.06   maintenance 321.9  gpumem 7.5   augment 0.031
Evaluating metrics...
network-snapshot-000254        time 5m 06s       fid50k_full 193.9579
tick 63    kimg 258.2    time 7h 12m 23s   sec/tick 83.7    sec/kimg 20.43   maintenance 322.7  gpumem 7.5   augment 0.023
Evaluating metrics...
network-snapshot-000258        time 5m 07s       fid50k_full 192.1663
tick 64    kimg 262.3    time 7h 19m 13s   sec/tick 82.3    sec/kimg 20.09   maintenance 327.0  gpumem 7.5   augment 0.020
Evaluating metrics...
network-snapshot-000262        time 5m 07s       fid50k_full 189.3436
tick 65    kimg 266.4    time 7h 25m 57s   sec/tick 82.2    sec/kimg 20.08   maintenance 322.0  gpumem 7.5   augment 0.028
Evaluating metrics...
network-snapshot-000266        time 5m 06s       fid50k_full 187.2797
tick 66    kimg 270.5    time 7h 32m 41s   sec/tick 82.2    sec/kimg 20.07   maintenance 321.8  gpumem 7.5   augment 0.033
Evaluating metrics...
network-snapshot-000270        time 5m 06s       fid50k_full 187.2771
tick 67    kimg 274.6    time 7h 39m 25s   sec/tick 82.3    sec/kimg 20.09   maintenance 321.9  gpumem 7.5   augment 0.036
Evaluating metrics...
network-snapshot-000274        time 5m 07s       fid50k_full 188.4603
tick 68    kimg 278.7    time 7h 46m 11s   sec/tick 83.8    sec/kimg 20.47   maintenance 322.2  gpumem 7.5   augment 0.031
Evaluating metrics...
network-snapshot-000278        time 5m 07s       fid50k_full 186.7961
tick 69    kimg 282.8    time 7h 53m 00s   sec/tick 82.5    sec/kimg 20.13   maintenance 326.9  gpumem 7.5   augment 0.028
Evaluating metrics...
network-snapshot-000282        time 5m 20s       fid50k_full 184.6185
tick 70    kimg 286.8    time 7h 59m 58s   sec/tick 82.3    sec/kimg 20.08   maintenance 335.1  gpumem 7.5   augment 0.026
Evaluating metrics...
network-snapshot-000286        time 5m 07s       fid50k_full 183.7232
tick 71    kimg 290.9    time 8h 06m 42s   sec/tick 82.2    sec/kimg 20.06   maintenance 322.0  gpumem 7.5   augment 0.026
Evaluating metrics...
network-snapshot-000290        time 5m 06s       fid50k_full 181.1343
tick 72    kimg 295.0    time 8h 13m 26s   sec/tick 82.2    sec/kimg 20.06   maintenance 322.1  gpumem 7.5   augment 0.026
Evaluating metrics...
network-snapshot-000295        time 5m 07s       fid50k_full 178.6303
tick 73    kimg 299.1    time 8h 20m 12s   sec/tick 83.9    sec/kimg 20.48   maintenance 322.3  gpumem 7.5   augment 0.033
Evaluating metrics...
network-snapshot-000299        time 5m 07s       fid50k_full 178.0225
tick 74    kimg 303.2    time 8h 27m 02s   sec/tick 82.3    sec/kimg 20.08   maintenance 327.7  gpumem 7.5   augment 0.026
Evaluating metrics...
network-snapshot-000303        time 5m 07s       fid50k_full 175.5085
tick 75    kimg 307.3    time 8h 33m 47s   sec/tick 82.1    sec/kimg 20.05   maintenance 322.8  gpumem 7.5   augment 0.023
Evaluating metrics...
network-snapshot-000307        time 5m 07s       fid50k_full 174.6611
tick 76    kimg 311.4    time 8h 40m 32s   sec/tick 82.3    sec/kimg 20.09   maintenance 322.8  gpumem 7.5   augment 0.026
Evaluating metrics...
network-snapshot-000311        time 5m 06s       fid50k_full 173.3817
tick 77    kimg 315.5    time 8h 47m 18s   sec/tick 82.5    sec/kimg 20.14   maintenance 323.6  gpumem 7.5   augment 0.023
Evaluating metrics...
network-snapshot-000315        time 5m 07s       fid50k_full 173.6156
tick 78    kimg 319.6    time 8h 54m 05s   sec/tick 83.6    sec/kimg 20.41   maintenance 323.5  gpumem 7.5   augment 0.020
Evaluating metrics...
network-snapshot-000319        time 5m 07s       fid50k_full 172.9568
tick 79    kimg 323.7    time 9h 00m 55s   sec/tick 82.2    sec/kimg 20.07   maintenance 327.7  gpumem 7.5   augment 0.015
Evaluating metrics...
network-snapshot-000323        time 5m 07s       fid50k_full 171.7825
tick 80    kimg 327.8    time 9h 07m 40s   sec/tick 82.2    sec/kimg 20.06   maintenance 322.7  gpumem 7.5   augment 0.020
Evaluating metrics...
network-snapshot-000327        time 5m 07s       fid50k_full 174.2665
tick 81    kimg 331.9    time 9h 14m 25s   sec/tick 82.2    sec/kimg 20.07   maintenance 323.0  gpumem 7.5   augment 0.036
Evaluating metrics...
network-snapshot-000331        time 5m 07s       fid50k_full 176.9014
tick 82    kimg 336.0    time 9h 21m 11s   sec/tick 82.2    sec/kimg 20.08   maintenance 323.2  gpumem 7.5   augment 0.038
Evaluating metrics...
network-snapshot-000336        time 5m 07s       fid50k_full 175.7583
tick 83    kimg 340.1    time 9h 27m 58s   sec/tick 83.8    sec/kimg 20.46   maintenance 323.1  gpumem 7.5   augment 0.033
Evaluating metrics...
network-snapshot-000340        time 5m 09s       fid50k_full 174.7696
tick 84    kimg 344.2    time 9h 34m 51s   sec/tick 82.3    sec/kimg 20.10   maintenance 331.5  gpumem 7.5   augment 0.041
Evaluating metrics...
network-snapshot-000344        time 5m 07s       fid50k_full 174.1390
tick 85    kimg 348.3    time 9h 41m 37s   sec/tick 82.2    sec/kimg 20.07   maintenance 322.8  gpumem 7.5   augment 0.033
Evaluating metrics...
network-snapshot-000348        time 5m 07s       fid50k_full 173.4147
tick 86    kimg 352.4    time 9h 48m 26s   sec/tick 84.7    sec/kimg 20.67   maintenance 325.0  gpumem 7.5   augment 0.044
Evaluating metrics...
network-snapshot-000352        time 5m 07s       fid50k_full 170.7845
tick 87    kimg 356.5    time 9h 55m 13s   sec/tick 83.5    sec/kimg 20.38   maintenance 323.7  gpumem 7.5   augment 0.041
Evaluating metrics...
network-snapshot-000356        time 5m 25s       fid50k_full 168.3984
tick 88    kimg 360.6    time 10h 02m 20s  sec/tick 84.5    sec/kimg 20.63   maintenance 342.6  gpumem 7.5   augment 0.038
Evaluating metrics...
