/lustre/work/chaselab/malyetama
Tensorflow version: 1.14.0
/work/chaselab/malyetama/ADA_Project/training_runs/metfaces_training-runs/00002-metfaces_custom-auto2-resumecustom/network-snapshot-000024.pkl
Thu Mar 18 23:47:55 2021       
+-----------------------------------------------------------------------------+
| NVIDIA-SMI 450.51.06    Driver Version: 450.51.06    CUDA Version: 11.0     |
|-------------------------------+----------------------+----------------------+
| GPU  Name        Persistence-M| Bus-Id        Disp.A | Volatile Uncorr. ECC |
| Fan  Temp  Perf  Pwr:Usage/Cap|         Memory-Usage | GPU-Util  Compute M. |
|                               |                      |               MIG M. |
|===============================+======================+======================|
|   0  Tesla V100-PCIE...  On   | 00000000:5E:00.0 Off |                    0 |
| N/A   29C    P0    36W / 250W |    311MiB / 32510MiB |      0%      Default |
|                               |                      |                  N/A |
+-------------------------------+----------------------+----------------------+
|   1  Tesla V100-PCIE...  On   | 00000000:D8:00.0 Off |                    0 |
| N/A   31C    P0    34W / 250W |    311MiB / 32510MiB |      0%      Default |
|                               |                      |                  N/A |
+-------------------------------+----------------------+----------------------+
                                                                               
+-----------------------------------------------------------------------------+
| Processes:                                                                  |
|  GPU   GI   CI        PID   Type   Process name                  GPU Memory |
|        ID   ID                                                   Usage      |
|=============================================================================|
|    0   N/A  N/A    103147      C   ...a/envs/ada-env/bin/python      307MiB |
|    1   N/A  N/A    103147      C   ...a/envs/ada-env/bin/python      307MiB |
+-----------------------------------------------------------------------------+

Training options:
{
  "G_args": {
    "func_name": "training.networks.G_main",
    "fmap_base": 16384,
    "fmap_max": 512,
    "mapping_layers": 2,
    "num_fp16_res": 4,
    "conv_clamp": 256
  },
  "D_args": {
    "func_name": "training.networks.D_main",
    "mbstd_group_size": 4,
    "fmap_base": 16384,
    "fmap_max": 512,
    "num_fp16_res": 4,
    "conv_clamp": 256
  },
  "G_opt_args": {
    "beta1": 0.0,
    "beta2": 0.99,
    "learning_rate": 0.0025
  },
  "D_opt_args": {
    "beta1": 0.0,
    "beta2": 0.99,
    "learning_rate": 0.0025
  },
  "loss_args": {
    "func_name": "training.loss.stylegan2",
    "r1_gamma": 3.2768
  },
  "augment_args": {
    "class_name": "training.augment.AdaptiveAugment",
    "tune_heuristic": "rt",
    "tune_target": 0.6,
    "apply_func": "training.augment.augment_pipeline",
    "apply_args": {
      "xflip": 1,
      "rotate90": 1,
      "xint": 1,
      "scale": 1,
      "rotate": 1,
      "aniso": 1,
      "xfrac": 1,
      "brightness": 1,
      "contrast": 1,
      "lumaflip": 1,
      "hue": 1,
      "saturation": 1
    },
    "tune_kimg": 100
  },
  "num_gpus": 2,
  "image_snapshot_ticks": 1,
  "network_snapshot_ticks": 1,
  "train_dataset_args": {
    "path": "/work/chaselab/malyetama/ADA_Project/datasets/metfaces_custom",
    "max_label_size": 0,
    "resolution": 512,
    "mirror_augment": false
  },
  "metric_arg_list": [
    {
      "name": "fid50k_full",
      "class_name": "metrics.frechet_inception_distance.FID",
      "max_reals": null,
      "num_fakes": 50000,
      "minibatch_per_gpu": 8,
      "force_dataset_args": {
        "shuffle": false,
        "max_images": null,
        "repeat": false,
        "mirror_augment": false
      }
    }
  ],
  "metric_dataset_args": {
    "path": "/work/chaselab/malyetama/ADA_Project/datasets/metfaces_custom",
    "max_label_size": 0,
    "resolution": 512,
    "mirror_augment": false
  },
  "total_kimg": 25000,
  "minibatch_size": 16,
  "minibatch_gpu": 8,
  "G_smoothing_kimg": 5.0,
  "G_smoothing_rampup": null,
  "resume_pkl": "/work/chaselab/malyetama/ADA_Project/training_runs/metfaces_training-runs/00002-metfaces_custom-auto2-resumecustom/network-snapshot-000024.pkl",
  "run_dir": "/work/chaselab/malyetama/ADA_Project/training_runs/metfaces_training-runs/00003-metfaces_custom-auto2-resumecustom"
}

Output directory:  /work/chaselab/malyetama/ADA_Project/training_runs/metfaces_training-runs/00003-metfaces_custom-auto2-resumecustom
Training data:     /work/chaselab/malyetama/ADA_Project/datasets/metfaces_custom
Training length:   25000 kimg
Resolution:        512
Number of GPUs:    2

Dry run; exiting.

Training options:
{
  "G_args": {
    "func_name": "training.networks.G_main",
    "fmap_base": 16384,
    "fmap_max": 512,
    "mapping_layers": 2,
    "num_fp16_res": 4,
    "conv_clamp": 256
  },
  "D_args": {
    "func_name": "training.networks.D_main",
    "mbstd_group_size": 4,
    "fmap_base": 16384,
    "fmap_max": 512,
    "num_fp16_res": 4,
    "conv_clamp": 256
  },
  "G_opt_args": {
    "beta1": 0.0,
    "beta2": 0.99,
    "learning_rate": 0.0025
  },
  "D_opt_args": {
    "beta1": 0.0,
    "beta2": 0.99,
    "learning_rate": 0.0025
  },
  "loss_args": {
    "func_name": "training.loss.stylegan2",
    "r1_gamma": 3.2768
  },
  "augment_args": {
    "class_name": "training.augment.AdaptiveAugment",
    "tune_heuristic": "rt",
    "tune_target": 0.6,
    "apply_func": "training.augment.augment_pipeline",
    "apply_args": {
      "xflip": 1,
      "rotate90": 1,
      "xint": 1,
      "scale": 1,
      "rotate": 1,
      "aniso": 1,
      "xfrac": 1,
      "brightness": 1,
      "contrast": 1,
      "lumaflip": 1,
      "hue": 1,
      "saturation": 1
    },
    "tune_kimg": 100
  },
  "num_gpus": 2,
  "image_snapshot_ticks": 1,
  "network_snapshot_ticks": 1,
  "train_dataset_args": {
    "path": "/work/chaselab/malyetama/ADA_Project/datasets/metfaces_custom",
    "max_label_size": 0,
    "resolution": 512,
    "mirror_augment": false
  },
  "metric_arg_list": [
    {
      "name": "fid50k_full",
      "class_name": "metrics.frechet_inception_distance.FID",
      "max_reals": null,
      "num_fakes": 50000,
      "minibatch_per_gpu": 8,
      "force_dataset_args": {
        "shuffle": false,
        "max_images": null,
        "repeat": false,
        "mirror_augment": false
      }
    }
  ],
  "metric_dataset_args": {
    "path": "/work/chaselab/malyetama/ADA_Project/datasets/metfaces_custom",
    "max_label_size": 0,
    "resolution": 512,
    "mirror_augment": false
  },
  "total_kimg": 25000,
  "minibatch_size": 16,
  "minibatch_gpu": 8,
  "G_smoothing_kimg": 5.0,
  "G_smoothing_rampup": null,
  "resume_pkl": "/work/chaselab/malyetama/ADA_Project/training_runs/metfaces_training-runs/00002-metfaces_custom-auto2-resumecustom/network-snapshot-000024.pkl",
  "run_dir": "/work/chaselab/malyetama/ADA_Project/training_runs/metfaces_training-runs/00003-metfaces_custom-auto2-resumecustom"
}

Output directory:  /work/chaselab/malyetama/ADA_Project/training_runs/metfaces_training-runs/00003-metfaces_custom-auto2-resumecustom
Training data:     /work/chaselab/malyetama/ADA_Project/datasets/metfaces_custom
Training length:   25000 kimg
Resolution:        512
Number of GPUs:    2

Creating output directory...
Loading training set...
Image shape: [3, 512, 512]
Label shape: [0]

Constructing networks...
Setting up TensorFlow plugin "fused_bias_act.cu": Loading... Done.
Setting up TensorFlow plugin "upfirdn_2d.cu": Loading... Done.
Resuming from "/work/chaselab/malyetama/ADA_Project/training_runs/metfaces_training-runs/00002-metfaces_custom-auto2-resumecustom/network-snapshot-000024.pkl"

G                             Params    OutputShape         WeightShape     
---                           ---       ---                 ---             
latents_in                    -         (?, 512)            -               
labels_in                     -         (?, 0)              -               
G_mapping/Normalize           -         (?, 512)            -               
G_mapping/Dense0              262656    (?, 512)            (512, 512)      
G_mapping/Dense1              262656    (?, 512)            (512, 512)      
G_mapping/Broadcast           -         (?, 16, 512)        -               
dlatent_avg                   -         (512,)              -               
Truncation/Lerp               -         (?, 16, 512)        -               
G_synthesis/4x4/Const         8192      (?, 512, 4, 4)      (1, 512, 4, 4)  
G_synthesis/4x4/Conv          2622465   (?, 512, 4, 4)      (3, 3, 512, 512)
G_synthesis/4x4/ToRGB         264195    (?, 3, 4, 4)        (1, 1, 512, 3)  
G_synthesis/8x8/Conv0_up      2622465   (?, 512, 8, 8)      (3, 3, 512, 512)
G_synthesis/8x8/Conv1         2622465   (?, 512, 8, 8)      (3, 3, 512, 512)
G_synthesis/8x8/Upsample      -         (?, 3, 8, 8)        -               
G_synthesis/8x8/ToRGB         264195    (?, 3, 8, 8)        (1, 1, 512, 3)  
G_synthesis/16x16/Conv0_up    2622465   (?, 512, 16, 16)    (3, 3, 512, 512)
G_synthesis/16x16/Conv1       2622465   (?, 512, 16, 16)    (3, 3, 512, 512)
G_synthesis/16x16/Upsample    -         (?, 3, 16, 16)      -               
G_synthesis/16x16/ToRGB       264195    (?, 3, 16, 16)      (1, 1, 512, 3)  
G_synthesis/32x32/Conv0_up    2622465   (?, 512, 32, 32)    (3, 3, 512, 512)
G_synthesis/32x32/Conv1       2622465   (?, 512, 32, 32)    (3, 3, 512, 512)
G_synthesis/32x32/Upsample    -         (?, 3, 32, 32)      -               
G_synthesis/32x32/ToRGB       264195    (?, 3, 32, 32)      (1, 1, 512, 3)  
G_synthesis/64x64/Conv0_up    2622465   (?, 512, 64, 64)    (3, 3, 512, 512)
G_synthesis/64x64/Conv1       2622465   (?, 512, 64, 64)    (3, 3, 512, 512)
G_synthesis/64x64/Upsample    -         (?, 3, 64, 64)      -               
G_synthesis/64x64/ToRGB       264195    (?, 3, 64, 64)      (1, 1, 512, 3)  
G_synthesis/128x128/Conv0_up  1442561   (?, 256, 128, 128)  (3, 3, 512, 256)
G_synthesis/128x128/Conv1     721409    (?, 256, 128, 128)  (3, 3, 256, 256)
G_synthesis/128x128/Upsample  -         (?, 3, 128, 128)    -               
G_synthesis/128x128/ToRGB     132099    (?, 3, 128, 128)    (1, 1, 256, 3)  
G_synthesis/256x256/Conv0_up  426369    (?, 128, 256, 256)  (3, 3, 256, 128)
G_synthesis/256x256/Conv1     213249    (?, 128, 256, 256)  (3, 3, 128, 128)
G_synthesis/256x256/Upsample  -         (?, 3, 256, 256)    -               
G_synthesis/256x256/ToRGB     66051     (?, 3, 256, 256)    (1, 1, 128, 3)  
G_synthesis/512x512/Conv0_up  139457    (?, 64, 512, 512)   (3, 3, 128, 64) 
G_synthesis/512x512/Conv1     69761     (?, 64, 512, 512)   (3, 3, 64, 64)  
G_synthesis/512x512/Upsample  -         (?, 3, 512, 512)    -               
G_synthesis/512x512/ToRGB     33027     (?, 3, 512, 512)    (1, 1, 64, 3)   
---                           ---       ---                 ---             
Total                         28700647                                      


D                    Params    OutputShape         WeightShape     
---                  ---       ---                 ---             
images_in            -         (?, 3, 512, 512)    -               
labels_in            -         (?, 0)              -               
512x512/FromRGB      256       (?, 64, 512, 512)   (1, 1, 3, 64)   
512x512/Conv0        36928     (?, 64, 512, 512)   (3, 3, 64, 64)  
512x512/Conv1_down   73856     (?, 128, 256, 256)  (3, 3, 64, 128) 
512x512/Skip         8192      (?, 128, 256, 256)  (1, 1, 64, 128) 
256x256/Conv0        147584    (?, 128, 256, 256)  (3, 3, 128, 128)
256x256/Conv1_down   295168    (?, 256, 128, 128)  (3, 3, 128, 256)
256x256/Skip         32768     (?, 256, 128, 128)  (1, 1, 128, 256)
128x128/Conv0        590080    (?, 256, 128, 128)  (3, 3, 256, 256)
128x128/Conv1_down   1180160   (?, 512, 64, 64)    (3, 3, 256, 512)
128x128/Skip         131072    (?, 512, 64, 64)    (1, 1, 256, 512)
64x64/Conv0          2359808   (?, 512, 64, 64)    (3, 3, 512, 512)
64x64/Conv1_down     2359808   (?, 512, 32, 32)    (3, 3, 512, 512)
64x64/Skip           262144    (?, 512, 32, 32)    (1, 1, 512, 512)
32x32/Conv0          2359808   (?, 512, 32, 32)    (3, 3, 512, 512)
32x32/Conv1_down     2359808   (?, 512, 16, 16)    (3, 3, 512, 512)
32x32/Skip           262144    (?, 512, 16, 16)    (1, 1, 512, 512)
16x16/Conv0          2359808   (?, 512, 16, 16)    (3, 3, 512, 512)
16x16/Conv1_down     2359808   (?, 512, 8, 8)      (3, 3, 512, 512)
16x16/Skip           262144    (?, 512, 8, 8)      (1, 1, 512, 512)
8x8/Conv0            2359808   (?, 512, 8, 8)      (3, 3, 512, 512)
8x8/Conv1_down       2359808   (?, 512, 4, 4)      (3, 3, 512, 512)
8x8/Skip             262144    (?, 512, 4, 4)      (1, 1, 512, 512)
4x4/MinibatchStddev  -         (?, 513, 4, 4)      -               
4x4/Conv             2364416   (?, 512, 4, 4)      (3, 3, 513, 512)
4x4/Dense0           4194816   (?, 512)            (8192, 512)     
Output               513       (?, 1)              (512, 1)        
---                  ---       ---                 ---             
Total                28982849                                      

Exporting sample images...
Replicating networks across 2 GPUs...
Initializing augmentations...
Setting up optimizers...
Constructing training graph...
Finalizing training ops...
Initializing metrics...
Training for 25000 kimg...

tick 0     kimg 0.1      time 4m 55s       sec/tick 65.4    sec/kimg 1022.61 maintenance 229.1  gpumem 9.9   augment 0.001
Evaluating metrics...
network-snapshot-000000        time 9m 20s       fid50k_full 339.3867
tick 1     kimg 4.1      time 19m 24s      sec/tick 252.7   sec/kimg 62.66   maintenance 616.7  gpumem 9.9   augment 0.033
Evaluating metrics...
network-snapshot-000004        time 9m 15s       fid50k_full 334.8663
tick 2     kimg 8.1      time 33m 14s      sec/tick 254.1   sec/kimg 63.03   maintenance 575.6  gpumem 9.9   augment 0.068
Evaluating metrics...
network-snapshot-000008        time 9m 16s       fid50k_full 336.7354
tick 3     kimg 12.2     time 47m 05s      sec/tick 255.3   sec/kimg 63.31   maintenance 575.7  gpumem 9.9   augment 0.102
Evaluating metrics...
network-snapshot-000012        time 9m 19s       fid50k_full 326.8533
tick 4     kimg 16.2     time 1h 00m 59s   sec/tick 255.0   sec/kimg 63.24   maintenance 579.1  gpumem 9.9   augment 0.122
Evaluating metrics...
network-snapshot-000016        time 9m 17s       fid50k_full 336.2446
tick 5     kimg 20.2     time 1h 14m 51s   sec/tick 256.1   sec/kimg 63.52   maintenance 576.0  gpumem 9.9   augment 0.123
Evaluating metrics...
network-snapshot-000020        time 9m 19s       fid50k_full 308.2278
tick 6     kimg 24.3     time 1h 28m 44s   sec/tick 255.5   sec/kimg 63.36   maintenance 578.1  gpumem 9.9   augment 0.117
Evaluating metrics...
network-snapshot-000024        time 9m 15s       fid50k_full 309.7038
tick 7     kimg 28.3     time 1h 42m 34s   sec/tick 255.2   sec/kimg 63.30   maintenance 574.4  gpumem 9.9   augment 0.110
Evaluating metrics...
network-snapshot-000028        time 9m 17s       fid50k_full 316.2492
tick 8     kimg 32.3     time 1h 56m 30s   sec/tick 254.8   sec/kimg 63.18   maintenance 580.8  gpumem 9.9   augment 0.106
Evaluating metrics...
network-snapshot-000032        time 9m 16s       fid50k_full 333.9763
tick 9     kimg 36.4     time 2h 10m 33s   sec/tick 256.6   sec/kimg 63.64   maintenance 586.3  gpumem 9.9   augment 0.096
Evaluating metrics...
network-snapshot-000036        time 9m 16s       fid50k_full 319.4484
tick 10    kimg 40.4     time 2h 24m 35s   sec/tick 254.6   sec/kimg 63.15   maintenance 587.6  gpumem 9.9   augment 0.088
Evaluating metrics...
network-snapshot-000040        time 9m 18s       fid50k_full 261.4176
tick 11    kimg 44.4     time 2h 38m 35s   sec/tick 255.1   sec/kimg 63.27   maintenance 585.2  gpumem 9.9   augment 0.086
Evaluating metrics...
network-snapshot-000044        time 9m 15s       fid50k_full 162.3994
tick 12    kimg 48.4     time 2h 52m 29s   sec/tick 254.7   sec/kimg 63.17   maintenance 579.2  gpumem 9.9   augment 0.080
Evaluating metrics...
network-snapshot-000048        time 9m 15s       fid50k_full 128.2909
tick 13    kimg 52.5     time 3h 06m 20s   sec/tick 254.9   sec/kimg 63.23   maintenance 576.5  gpumem 9.9   augment 0.073
Evaluating metrics...
network-snapshot-000052        time 9m 16s       fid50k_full 117.5048
tick 14    kimg 56.5     time 3h 20m 14s   sec/tick 254.7   sec/kimg 63.16   maintenance 578.6  gpumem 9.9   augment 0.057
Evaluating metrics...
network-snapshot-000056        time 9m 19s       fid50k_full 116.8263
tick 15    kimg 60.5     time 3h 34m 15s   sec/tick 255.1   sec/kimg 63.28   maintenance 586.3  gpumem 9.9   augment 0.041
Evaluating metrics...
network-snapshot-000060        time 9m 15s       fid50k_full 117.3394
tick 16    kimg 64.6     time 3h 48m 16s   sec/tick 254.4   sec/kimg 63.09   maintenance 586.3  gpumem 9.9   augment 0.035
Evaluating metrics...
network-snapshot-000064        time 9m 16s       fid50k_full 108.4239
tick 17    kimg 68.6     time 4h 02m 14s   sec/tick 253.4   sec/kimg 62.85   maintenance 585.0  gpumem 9.9   augment 0.020
Evaluating metrics...
network-snapshot-000068        time 9m 16s       fid50k_full 99.2270
tick 18    kimg 72.6     time 4h 16m 12s   sec/tick 255.1   sec/kimg 63.27   maintenance 582.8  gpumem 9.9   augment 0.016
Evaluating metrics...
network-snapshot-000072        time 9m 16s       fid50k_full 95.2594
tick 19    kimg 76.7     time 4h 30m 10s   sec/tick 253.8   sec/kimg 62.94   maintenance 583.7  gpumem 9.9   augment 0.017
Evaluating metrics...
network-snapshot-000076        time 9m 21s       fid50k_full 88.6681
tick 20    kimg 80.7     time 4h 44m 07s   sec/tick 253.0   sec/kimg 62.76   maintenance 584.6  gpumem 9.9   augment 0.015
Evaluating metrics...
network-snapshot-000080        time 9m 15s       fid50k_full 83.0786
tick 21    kimg 84.7     time 4h 57m 56s   sec/tick 252.4   sec/kimg 62.60   maintenance 576.6  gpumem 9.9   augment 0.019
Evaluating metrics...
network-snapshot-000084        time 9m 16s       fid50k_full 79.2367
tick 22    kimg 88.8     time 5h 11m 46s   sec/tick 254.1   sec/kimg 63.02   maintenance 575.9  gpumem 9.9   augment 0.034
Evaluating metrics...
network-snapshot-000088        time 9m 16s       fid50k_full 75.5916
tick 23    kimg 92.8     time 5h 25m 35s   sec/tick 254.3   sec/kimg 63.07   maintenance 574.5  gpumem 9.9   augment 0.047
Evaluating metrics...
network-snapshot-000092        time 9m 16s       fid50k_full 72.4319
tick 24    kimg 96.8     time 5h 39m 25s   sec/tick 254.6   sec/kimg 63.14   maintenance 575.8  gpumem 9.9   augment 0.044
Evaluating metrics...
network-snapshot-000096        time 9m 21s       fid50k_full 71.2637
tick 25    kimg 100.9    time 5h 53m 20s   sec/tick 253.8   sec/kimg 62.95   maintenance 580.4  gpumem 9.9   augment 0.054
Evaluating metrics...
network-snapshot-000100        time 9m 16s       fid50k_full 65.7782
tick 26    kimg 104.9    time 6h 07m 09s   sec/tick 254.3   sec/kimg 63.07   maintenance 574.5  gpumem 9.9   augment 0.054
Evaluating metrics...
network-snapshot-000104        time 9m 16s       fid50k_full 62.6802
tick 27    kimg 108.9    time 6h 20m 58s   sec/tick 254.9   sec/kimg 63.21   maintenance 574.5  gpumem 9.9   augment 0.055
Evaluating metrics...
network-snapshot-000108        time 9m 16s       fid50k_full 58.3228
tick 28    kimg 113.0    time 6h 34m 47s   sec/tick 254.8   sec/kimg 63.20   maintenance 573.8  gpumem 9.9   augment 0.063
Evaluating metrics...
network-snapshot-000112        time 9m 16s       fid50k_full 59.5289
tick 29    kimg 117.0    time 6h 48m 35s   sec/tick 254.7   sec/kimg 63.17   maintenance 573.7  gpumem 9.9   augment 0.067
Evaluating metrics...
network-snapshot-000116        time 9m 16s       fid50k_full 57.9371
tick 30    kimg 121.0    time 7h 02m 24s   sec/tick 254.5   sec/kimg 63.11   maintenance 574.3  gpumem 9.9   augment 0.074
Evaluating metrics...
network-snapshot-000121        time 9m 16s       fid50k_full 55.8614
tick 31    kimg 125.1    time 7h 16m 13s   sec/tick 255.3   sec/kimg 63.31   maintenance 574.1  gpumem 9.9   augment 0.078
Evaluating metrics...
network-snapshot-000125        time 9m 23s       fid50k_full 59.4118
tick 32    kimg 129.1    time 7h 30m 08s   sec/tick 254.6   sec/kimg 63.14   maintenance 580.7  gpumem 9.9   augment 0.075
Evaluating metrics...
network-snapshot-000129        time 9m 16s       fid50k_full 58.8910
tick 33    kimg 133.1    time 7h 43m 58s   sec/tick 254.9   sec/kimg 63.23   maintenance 574.3  gpumem 9.9   augment 0.073
Evaluating metrics...
network-snapshot-000133        time 9m 16s       fid50k_full 57.2293
tick 34    kimg 137.2    time 7h 57m 53s   sec/tick 259.2   sec/kimg 64.27   maintenance 575.7  gpumem 9.9   augment 0.080
Evaluating metrics...
network-snapshot-000137        time 9m 18s       fid50k_full 53.5586
tick 35    kimg 141.2    time 8h 11m 46s   sec/tick 255.1   sec/kimg 63.26   maintenance 578.7  gpumem 9.9   augment 0.083
Evaluating metrics...
network-snapshot-000141        time 9m 16s       fid50k_full 51.8312
tick 36    kimg 145.2    time 8h 25m 36s   sec/tick 255.2   sec/kimg 63.28   maintenance 574.3  gpumem 9.9   augment 0.085
Evaluating metrics...
network-snapshot-000145        time 9m 16s       fid50k_full 50.6547
tick 37    kimg 149.2    time 8h 39m 25s   sec/tick 254.9   sec/kimg 63.21   maintenance 574.6  gpumem 9.9   augment 0.090
Evaluating metrics...
network-snapshot-000149        time 9m 16s       fid50k_full 51.3095
tick 38    kimg 153.3    time 8h 53m 16s   sec/tick 255.1   sec/kimg 63.26   maintenance 575.4  gpumem 9.9   augment 0.083
Evaluating metrics...
network-snapshot-000153        time 9m 16s       fid50k_full 49.5174
tick 39    kimg 157.3    time 9h 07m 08s   sec/tick 255.7   sec/kimg 63.41   maintenance 576.5  gpumem 9.9   augment 0.073
Evaluating metrics...
network-snapshot-000157        time 9m 17s       fid50k_full 48.4448
tick 40    kimg 161.3    time 9h 20m 59s   sec/tick 254.7   sec/kimg 63.17   maintenance 576.6  gpumem 9.9   augment 0.074
Evaluating metrics...
network-snapshot-000161        time 9m 26s       fid50k_full 47.3237
tick 41    kimg 165.4    time 9h 35m 00s   sec/tick 255.1   sec/kimg 63.27   maintenance 585.2  gpumem 9.9   augment 0.076
Evaluating metrics...
network-snapshot-000165        time 9m 15s       fid50k_full 46.7535
tick 42    kimg 169.4    time 9h 48m 49s   sec/tick 254.2   sec/kimg 63.05   maintenance 574.7  gpumem 9.9   augment 0.077
Evaluating metrics...
network-snapshot-000169        time 9m 16s       fid50k_full 45.6621
tick 43    kimg 173.4    time 10h 02m 39s  sec/tick 254.8   sec/kimg 63.19   maintenance 575.4  gpumem 9.9   augment 0.082
Evaluating metrics...
network-snapshot-000173        time 9m 16s       fid50k_full 46.4448
tick 44    kimg 177.5    time 10h 16m 31s  sec/tick 255.2   sec/kimg 63.29   maintenance 576.9  gpumem 9.9   augment 0.088
Evaluating metrics...
network-snapshot-000177        time 9m 17s       fid50k_full 45.5212
tick 45    kimg 181.5    time 10h 30m 22s  sec/tick 254.4   sec/kimg 63.08   maintenance 576.7  gpumem 9.9   augment 0.090
Evaluating metrics...
network-snapshot-000181        time 9m 15s       fid50k_full 45.3626
tick 46    kimg 185.5    time 10h 44m 12s  sec/tick 255.4   sec/kimg 63.34   maintenance 575.2  gpumem 9.9   augment 0.077
Evaluating metrics...
network-snapshot-000185        time 9m 16s       fid50k_full 45.3873
tick 47    kimg 189.6    time 10h 58m 03s  sec/tick 254.7   sec/kimg 63.18   maintenance 575.8  gpumem 9.9   augment 0.079
Evaluating metrics...
network-snapshot-000189        time 9m 16s       fid50k_full 47.6407
tick 48    kimg 193.6    time 11h 11m 54s  sec/tick 255.4   sec/kimg 63.34   maintenance 575.8  gpumem 9.9   augment 0.089
Evaluating metrics...
network-snapshot-000193        time 9m 15s       fid50k_full 48.7126
tick 49    kimg 197.6    time 11h 25m 44s  sec/tick 254.7   sec/kimg 63.18   maintenance 575.0  gpumem 9.9   augment 0.091
Evaluating metrics...
network-snapshot-000197        time 9m 17s       fid50k_full 48.0906
tick 50    kimg 201.7    time 11h 39m 35s  sec/tick 254.8   sec/kimg 63.19   maintenance 576.1  gpumem 9.9   augment 0.095
Evaluating metrics...
network-snapshot-000201        time 9m 15s       fid50k_full 46.7687
tick 51    kimg 205.7    time 11h 53m 25s  sec/tick 255.2   sec/kimg 63.30   maintenance 575.3  gpumem 9.9   augment 0.099
Evaluating metrics...
network-snapshot-000205        time 9m 28s       fid50k_full 44.4860
tick 52    kimg 209.7    time 12h 07m 30s  sec/tick 255.9   sec/kimg 63.47   maintenance 589.3  gpumem 9.9   augment 0.092
Evaluating metrics...
network-snapshot-000209        time 9m 16s       fid50k_full 43.2698
tick 53    kimg 213.8    time 12h 21m 22s  sec/tick 254.7   sec/kimg 63.17   maintenance 576.8  gpumem 9.9   augment 0.091
Evaluating metrics...
network-snapshot-000213        time 9m 17s       fid50k_full 42.2687
tick 54    kimg 217.8    time 12h 35m 17s  sec/tick 255.7   sec/kimg 63.42   maintenance 579.2  gpumem 9.9   augment 0.094
Evaluating metrics...
network-snapshot-000217        time 9m 16s       fid50k_full 41.5621
tick 55    kimg 221.8    time 12h 49m 10s  sec/tick 255.6   sec/kimg 63.38   maintenance 577.3  gpumem 9.9   augment 0.096
Evaluating metrics...
network-snapshot-000221        time 9m 16s       fid50k_full 41.4983
tick 56    kimg 225.9    time 13h 03m 03s  sec/tick 255.8   sec/kimg 63.43   maintenance 577.7  gpumem 9.9   augment 0.100
Evaluating metrics...
network-snapshot-000225        time 9m 15s       fid50k_full 41.4870
tick 57    kimg 229.9    time 13h 16m 55s  sec/tick 254.9   sec/kimg 63.23   maintenance 577.1  gpumem 9.9   augment 0.102
Evaluating metrics...
network-snapshot-000229        time 9m 17s       fid50k_full 40.3181
tick 58    kimg 233.9    time 13h 30m 49s  sec/tick 255.5   sec/kimg 63.37   maintenance 578.3  gpumem 9.9   augment 0.088
Evaluating metrics...
network-snapshot-000233        time 9m 16s       fid50k_full 40.3958
tick 59    kimg 238.0    time 13h 44m 43s  sec/tick 255.8   sec/kimg 63.45   maintenance 578.5  gpumem 9.9   augment 0.091
Evaluating metrics...
network-snapshot-000237        time 9m 16s       fid50k_full 40.3590
tick 60    kimg 242.0    time 13h 58m 36s  sec/tick 255.2   sec/kimg 63.29   maintenance 577.0  gpumem 9.9   augment 0.094
Evaluating metrics...
network-snapshot-000241        time 9m 16s       fid50k_full 40.8010
tick 61    kimg 246.0    time 14h 12m 27s  sec/tick 254.3   sec/kimg 63.08   maintenance 577.5  gpumem 9.9   augment 0.100
Evaluating metrics...
