/lustre/work/chaselab/malyetama
Tensorflow version: 1.14.0
/work/chaselab/malyetama/ADA_Project/training_runs/cars196_training-runs/00011-cars196_custom-auto2-resumecustom/network-snapshot-000409.pkl
Fri Mar 19 11:12:10 2021       
+-----------------------------------------------------------------------------+
| NVIDIA-SMI 450.51.06    Driver Version: 450.51.06    CUDA Version: 11.0     |
|-------------------------------+----------------------+----------------------+
| GPU  Name        Persistence-M| Bus-Id        Disp.A | Volatile Uncorr. ECC |
| Fan  Temp  Perf  Pwr:Usage/Cap|         Memory-Usage | GPU-Util  Compute M. |
|                               |                      |               MIG M. |
|===============================+======================+======================|
|   0  Tesla V100-PCIE...  On   | 00000000:5E:00.0 Off |                    0 |
| N/A   31C    P0    35W / 250W |    311MiB / 32510MiB |      0%      Default |
|                               |                      |                  N/A |
+-------------------------------+----------------------+----------------------+
|   1  Tesla V100-PCIE...  On   | 00000000:D8:00.0 Off |                    0 |
| N/A   31C    P0    36W / 250W |    311MiB / 32510MiB |      0%      Default |
|                               |                      |                  N/A |
+-------------------------------+----------------------+----------------------+
                                                                               
+-----------------------------------------------------------------------------+
| Processes:                                                                  |
|  GPU   GI   CI        PID   Type   Process name                  GPU Memory |
|        ID   ID                                                   Usage      |
|=============================================================================|
|    0   N/A  N/A    207019      C   ...a/envs/ada-env/bin/python      307MiB |
|    1   N/A  N/A    207019      C   ...a/envs/ada-env/bin/python      307MiB |
+-----------------------------------------------------------------------------+

Training options:
{
  "G_args": {
    "func_name": "training.networks.G_main",
    "fmap_base": 8192,
    "fmap_max": 512,
    "mapping_layers": 2,
    "num_fp16_res": 4,
    "conv_clamp": 256
  },
  "D_args": {
    "func_name": "training.networks.D_main",
    "mbstd_group_size": 4,
    "fmap_base": 8192,
    "fmap_max": 512,
    "num_fp16_res": 4,
    "conv_clamp": 256
  },
  "G_opt_args": {
    "beta1": 0.0,
    "beta2": 0.99,
    "learning_rate": 0.0025
  },
  "D_opt_args": {
    "beta1": 0.0,
    "beta2": 0.99,
    "learning_rate": 0.0025
  },
  "loss_args": {
    "func_name": "training.loss.stylegan2",
    "r1_gamma": 0.4096
  },
  "augment_args": {
    "class_name": "training.augment.AdaptiveAugment",
    "tune_heuristic": "rt",
    "tune_target": 0.6,
    "apply_func": "training.augment.augment_pipeline",
    "apply_args": {
      "xflip": 1,
      "rotate90": 1,
      "xint": 1,
      "scale": 1,
      "rotate": 1,
      "aniso": 1,
      "xfrac": 1,
      "brightness": 1,
      "contrast": 1,
      "lumaflip": 1,
      "hue": 1,
      "saturation": 1
    },
    "tune_kimg": 100
  },
  "num_gpus": 2,
  "image_snapshot_ticks": 30,
  "network_snapshot_ticks": 30,
  "train_dataset_args": {
    "path": "/work/chaselab/malyetama/ADA_Project/datasets/cars196_custom",
    "max_label_size": 0,
    "resolution": 256,
    "mirror_augment": false
  },
  "metric_arg_list": [
    {
      "name": "fid50k_full",
      "class_name": "metrics.frechet_inception_distance.FID",
      "max_reals": null,
      "num_fakes": 50000,
      "minibatch_per_gpu": 8,
      "force_dataset_args": {
        "shuffle": false,
        "max_images": null,
        "repeat": false,
        "mirror_augment": false
      }
    }
  ],
  "metric_dataset_args": {
    "path": "/work/chaselab/malyetama/ADA_Project/datasets/cars196_custom",
    "max_label_size": 0,
    "resolution": 256,
    "mirror_augment": false
  },
  "total_kimg": 25000,
  "minibatch_size": 32,
  "minibatch_gpu": 16,
  "G_smoothing_kimg": 10.0,
  "G_smoothing_rampup": null,
  "resume_pkl": "/work/chaselab/malyetama/ADA_Project/training_runs/cars196_training-runs/00011-cars196_custom-auto2-resumecustom/network-snapshot-000409.pkl",
  "run_dir": "/work/chaselab/malyetama/ADA_Project/training_runs/cars196_training-runs/00012-cars196_custom-auto2-resumecustom"
}

Output directory:  /work/chaselab/malyetama/ADA_Project/training_runs/cars196_training-runs/00012-cars196_custom-auto2-resumecustom
Training data:     /work/chaselab/malyetama/ADA_Project/datasets/cars196_custom
Training length:   25000 kimg
Resolution:        256
Number of GPUs:    2

Dry run; exiting.

Training options:
{
  "G_args": {
    "func_name": "training.networks.G_main",
    "fmap_base": 8192,
    "fmap_max": 512,
    "mapping_layers": 2,
    "num_fp16_res": 4,
    "conv_clamp": 256
  },
  "D_args": {
    "func_name": "training.networks.D_main",
    "mbstd_group_size": 4,
    "fmap_base": 8192,
    "fmap_max": 512,
    "num_fp16_res": 4,
    "conv_clamp": 256
  },
  "G_opt_args": {
    "beta1": 0.0,
    "beta2": 0.99,
    "learning_rate": 0.0025
  },
  "D_opt_args": {
    "beta1": 0.0,
    "beta2": 0.99,
    "learning_rate": 0.0025
  },
  "loss_args": {
    "func_name": "training.loss.stylegan2",
    "r1_gamma": 0.4096
  },
  "augment_args": {
    "class_name": "training.augment.AdaptiveAugment",
    "tune_heuristic": "rt",
    "tune_target": 0.6,
    "apply_func": "training.augment.augment_pipeline",
    "apply_args": {
      "xflip": 1,
      "rotate90": 1,
      "xint": 1,
      "scale": 1,
      "rotate": 1,
      "aniso": 1,
      "xfrac": 1,
      "brightness": 1,
      "contrast": 1,
      "lumaflip": 1,
      "hue": 1,
      "saturation": 1
    },
    "tune_kimg": 100
  },
  "num_gpus": 2,
  "image_snapshot_ticks": 30,
  "network_snapshot_ticks": 30,
  "train_dataset_args": {
    "path": "/work/chaselab/malyetama/ADA_Project/datasets/cars196_custom",
    "max_label_size": 0,
    "resolution": 256,
    "mirror_augment": false
  },
  "metric_arg_list": [
    {
      "name": "fid50k_full",
      "class_name": "metrics.frechet_inception_distance.FID",
      "max_reals": null,
      "num_fakes": 50000,
      "minibatch_per_gpu": 8,
      "force_dataset_args": {
        "shuffle": false,
        "max_images": null,
        "repeat": false,
        "mirror_augment": false
      }
    }
  ],
  "metric_dataset_args": {
    "path": "/work/chaselab/malyetama/ADA_Project/datasets/cars196_custom",
    "max_label_size": 0,
    "resolution": 256,
    "mirror_augment": false
  },
  "total_kimg": 25000,
  "minibatch_size": 32,
  "minibatch_gpu": 16,
  "G_smoothing_kimg": 10.0,
  "G_smoothing_rampup": null,
  "resume_pkl": "/work/chaselab/malyetama/ADA_Project/training_runs/cars196_training-runs/00011-cars196_custom-auto2-resumecustom/network-snapshot-000409.pkl",
  "run_dir": "/work/chaselab/malyetama/ADA_Project/training_runs/cars196_training-runs/00012-cars196_custom-auto2-resumecustom"
}

Output directory:  /work/chaselab/malyetama/ADA_Project/training_runs/cars196_training-runs/00012-cars196_custom-auto2-resumecustom
Training data:     /work/chaselab/malyetama/ADA_Project/datasets/cars196_custom
Training length:   25000 kimg
Resolution:        256
Number of GPUs:    2

Creating output directory...
Loading training set...
Image shape: [3, 256, 256]
Label shape: [0]

Constructing networks...
Setting up TensorFlow plugin "fused_bias_act.cu": Loading... Done.
Setting up TensorFlow plugin "upfirdn_2d.cu": Loading... Done.
Resuming from "/work/chaselab/malyetama/ADA_Project/training_runs/cars196_training-runs/00011-cars196_custom-auto2-resumecustom/network-snapshot-000409.pkl"

G                             Params    OutputShape         WeightShape     
---                           ---       ---                 ---             
latents_in                    -         (?, 512)            -               
labels_in                     -         (?, 0)              -               
G_mapping/Normalize           -         (?, 512)            -               
G_mapping/Dense0              262656    (?, 512)            (512, 512)      
G_mapping/Dense1              262656    (?, 512)            (512, 512)      
G_mapping/Broadcast           -         (?, 14, 512)        -               
dlatent_avg                   -         (512,)              -               
Truncation/Lerp               -         (?, 14, 512)        -               
G_synthesis/4x4/Const         8192      (?, 512, 4, 4)      (1, 512, 4, 4)  
G_synthesis/4x4/Conv          2622465   (?, 512, 4, 4)      (3, 3, 512, 512)
G_synthesis/4x4/ToRGB         264195    (?, 3, 4, 4)        (1, 1, 512, 3)  
G_synthesis/8x8/Conv0_up      2622465   (?, 512, 8, 8)      (3, 3, 512, 512)
G_synthesis/8x8/Conv1         2622465   (?, 512, 8, 8)      (3, 3, 512, 512)
G_synthesis/8x8/Upsample      -         (?, 3, 8, 8)        -               
G_synthesis/8x8/ToRGB         264195    (?, 3, 8, 8)        (1, 1, 512, 3)  
G_synthesis/16x16/Conv0_up    2622465   (?, 512, 16, 16)    (3, 3, 512, 512)
G_synthesis/16x16/Conv1       2622465   (?, 512, 16, 16)    (3, 3, 512, 512)
G_synthesis/16x16/Upsample    -         (?, 3, 16, 16)      -               
G_synthesis/16x16/ToRGB       264195    (?, 3, 16, 16)      (1, 1, 512, 3)  
G_synthesis/32x32/Conv0_up    2622465   (?, 512, 32, 32)    (3, 3, 512, 512)
G_synthesis/32x32/Conv1       2622465   (?, 512, 32, 32)    (3, 3, 512, 512)
G_synthesis/32x32/Upsample    -         (?, 3, 32, 32)      -               
G_synthesis/32x32/ToRGB       264195    (?, 3, 32, 32)      (1, 1, 512, 3)  
G_synthesis/64x64/Conv0_up    1442561   (?, 256, 64, 64)    (3, 3, 512, 256)
G_synthesis/64x64/Conv1       721409    (?, 256, 64, 64)    (3, 3, 256, 256)
G_synthesis/64x64/Upsample    -         (?, 3, 64, 64)      -               
G_synthesis/64x64/ToRGB       132099    (?, 3, 64, 64)      (1, 1, 256, 3)  
G_synthesis/128x128/Conv0_up  426369    (?, 128, 128, 128)  (3, 3, 256, 128)
G_synthesis/128x128/Conv1     213249    (?, 128, 128, 128)  (3, 3, 128, 128)
G_synthesis/128x128/Upsample  -         (?, 3, 128, 128)    -               
G_synthesis/128x128/ToRGB     66051     (?, 3, 128, 128)    (1, 1, 128, 3)  
G_synthesis/256x256/Conv0_up  139457    (?, 64, 256, 256)   (3, 3, 128, 64) 
G_synthesis/256x256/Conv1     69761     (?, 64, 256, 256)   (3, 3, 64, 64)  
G_synthesis/256x256/Upsample  -         (?, 3, 256, 256)    -               
G_synthesis/256x256/ToRGB     33027     (?, 3, 256, 256)    (1, 1, 64, 3)   
---                           ---       ---                 ---             
Total                         23191522                                      


D                    Params    OutputShape         WeightShape     
---                  ---       ---                 ---             
images_in            -         (?, 3, 256, 256)    -               
labels_in            -         (?, 0)              -               
256x256/FromRGB      256       (?, 64, 256, 256)   (1, 1, 3, 64)   
256x256/Conv0        36928     (?, 64, 256, 256)   (3, 3, 64, 64)  
256x256/Conv1_down   73856     (?, 128, 128, 128)  (3, 3, 64, 128) 
256x256/Skip         8192      (?, 128, 128, 128)  (1, 1, 64, 128) 
128x128/Conv0        147584    (?, 128, 128, 128)  (3, 3, 128, 128)
128x128/Conv1_down   295168    (?, 256, 64, 64)    (3, 3, 128, 256)
128x128/Skip         32768     (?, 256, 64, 64)    (1, 1, 128, 256)
64x64/Conv0          590080    (?, 256, 64, 64)    (3, 3, 256, 256)
64x64/Conv1_down     1180160   (?, 512, 32, 32)    (3, 3, 256, 512)
64x64/Skip           131072    (?, 512, 32, 32)    (1, 1, 256, 512)
32x32/Conv0          2359808   (?, 512, 32, 32)    (3, 3, 512, 512)
32x32/Conv1_down     2359808   (?, 512, 16, 16)    (3, 3, 512, 512)
32x32/Skip           262144    (?, 512, 16, 16)    (1, 1, 512, 512)
16x16/Conv0          2359808   (?, 512, 16, 16)    (3, 3, 512, 512)
16x16/Conv1_down     2359808   (?, 512, 8, 8)      (3, 3, 512, 512)
16x16/Skip           262144    (?, 512, 8, 8)      (1, 1, 512, 512)
8x8/Conv0            2359808   (?, 512, 8, 8)      (3, 3, 512, 512)
8x8/Conv1_down       2359808   (?, 512, 4, 4)      (3, 3, 512, 512)
8x8/Skip             262144    (?, 512, 4, 4)      (1, 1, 512, 512)
4x4/MinibatchStddev  -         (?, 513, 4, 4)      -               
4x4/Conv             2364416   (?, 512, 4, 4)      (3, 3, 513, 512)
4x4/Dense0           4194816   (?, 512)            (8192, 512)     
Output               513       (?, 1)              (512, 1)        
---                  ---       ---                 ---             
Total                24001089                                      

Exporting sample images...
Replicating networks across 2 GPUs...
Initializing augmentations...
Setting up optimizers...
Constructing training graph...
Finalizing training ops...
Initializing metrics...
Training for 25000 kimg...

tick 0     kimg 0.1      time 3m 19s       sec/tick 44.4    sec/kimg 347.26  maintenance 154.4  gpumem 7.1   augment 0.001
Evaluating metrics...
network-snapshot-000000        time 5m 09s       fid50k_full 61.4249
tick 1     kimg 4.2      time 10m 41s      sec/tick 83.0    sec/kimg 20.27   maintenance 359.1  gpumem 7.1   augment 0.040
tick 2     kimg 8.3      time 12m 05s      sec/tick 83.9    sec/kimg 20.48   maintenance 0.0    gpumem 7.1   augment 0.068
tick 3     kimg 12.4     time 13m 28s      sec/tick 83.6    sec/kimg 20.40   maintenance 0.0    gpumem 7.1   augment 0.099
tick 4     kimg 16.5     time 14m 53s      sec/tick 84.1    sec/kimg 20.53   maintenance 0.0    gpumem 7.1   augment 0.129
tick 5     kimg 20.6     time 16m 16s      sec/tick 83.7    sec/kimg 20.43   maintenance 0.0    gpumem 7.1   augment 0.163
tick 6     kimg 24.7     time 17m 41s      sec/tick 84.3    sec/kimg 20.58   maintenance 0.0    gpumem 7.1   augment 0.198
tick 7     kimg 28.8     time 19m 05s      sec/tick 83.8    sec/kimg 20.47   maintenance 0.0    gpumem 7.1   augment 0.229
tick 8     kimg 32.9     time 20m 29s      sec/tick 84.5    sec/kimg 20.63   maintenance 0.0    gpumem 7.1   augment 0.260
tick 9     kimg 37.0     time 21m 53s      sec/tick 84.0    sec/kimg 20.51   maintenance 0.0    gpumem 7.1   augment 0.285
tick 10    kimg 41.1     time 23m 18s      sec/tick 84.6    sec/kimg 20.66   maintenance 0.0    gpumem 7.1   augment 0.308
tick 11    kimg 45.2     time 24m 42s      sec/tick 84.2    sec/kimg 20.56   maintenance 0.0    gpumem 7.1   augment 0.326
tick 12    kimg 49.3     time 26m 07s      sec/tick 84.6    sec/kimg 20.66   maintenance 0.0    gpumem 7.1   augment 0.344
tick 13    kimg 53.4     time 27m 31s      sec/tick 84.3    sec/kimg 20.59   maintenance 0.0    gpumem 7.1   augment 0.370
tick 14    kimg 57.5     time 28m 56s      sec/tick 84.7    sec/kimg 20.68   maintenance 0.0    gpumem 7.1   augment 0.383
tick 15    kimg 61.6     time 30m 20s      sec/tick 84.4    sec/kimg 20.61   maintenance 0.0    gpumem 7.1   augment 0.398
tick 16    kimg 65.7     time 31m 46s      sec/tick 85.9    sec/kimg 20.98   maintenance 0.0    gpumem 7.1   augment 0.421
tick 17    kimg 69.8     time 33m 11s      sec/tick 84.5    sec/kimg 20.64   maintenance 0.0    gpumem 7.1   augment 0.434
tick 18    kimg 73.9     time 34m 36s      sec/tick 85.0    sec/kimg 20.76   maintenance 0.0    gpumem 7.1   augment 0.434
tick 19    kimg 78.0     time 36m 01s      sec/tick 84.6    sec/kimg 20.66   maintenance 0.0    gpumem 7.1   augment 0.439
tick 20    kimg 82.0     time 37m 26s      sec/tick 85.0    sec/kimg 20.76   maintenance 0.0    gpumem 7.1   augment 0.447
tick 21    kimg 86.1     time 38m 50s      sec/tick 84.6    sec/kimg 20.66   maintenance 0.0    gpumem 7.1   augment 0.447
tick 22    kimg 90.2     time 40m 16s      sec/tick 85.1    sec/kimg 20.78   maintenance 0.0    gpumem 7.1   augment 0.454
tick 23    kimg 94.3     time 41m 40s      sec/tick 84.6    sec/kimg 20.67   maintenance 0.0    gpumem 7.1   augment 0.460
tick 24    kimg 98.4     time 43m 05s      sec/tick 85.0    sec/kimg 20.76   maintenance 0.0    gpumem 7.1   augment 0.467
tick 25    kimg 102.5    time 44m 30s      sec/tick 84.6    sec/kimg 20.65   maintenance 0.0    gpumem 7.1   augment 0.467
tick 26    kimg 106.6    time 45m 55s      sec/tick 85.0    sec/kimg 20.76   maintenance 0.0    gpumem 7.1   augment 0.470
tick 27    kimg 110.7    time 47m 20s      sec/tick 84.7    sec/kimg 20.68   maintenance 0.0    gpumem 7.1   augment 0.475
tick 28    kimg 114.8    time 48m 45s      sec/tick 85.2    sec/kimg 20.79   maintenance 0.0    gpumem 7.1   augment 0.472
tick 29    kimg 118.9    time 50m 10s      sec/tick 84.7    sec/kimg 20.67   maintenance 0.0    gpumem 7.1   augment 0.462
tick 30    kimg 123.0    time 51m 35s      sec/tick 85.1    sec/kimg 20.77   maintenance 0.0    gpumem 7.1   augment 0.465
Evaluating metrics...
network-snapshot-000123        time 5m 08s       fid50k_full 60.7842
tick 31    kimg 127.1    time 58m 30s      sec/tick 84.7    sec/kimg 20.67   maintenance 330.6  gpumem 7.1   augment 0.465
tick 32    kimg 131.2    time 59m 55s      sec/tick 85.0    sec/kimg 20.74   maintenance 0.0    gpumem 7.1   augment 0.477
tick 33    kimg 135.3    time 1h 01m 20s   sec/tick 84.7    sec/kimg 20.67   maintenance 0.0    gpumem 7.1   augment 0.477
tick 34    kimg 139.4    time 1h 02m 45s   sec/tick 85.1    sec/kimg 20.77   maintenance 0.0    gpumem 7.1   augment 0.472
tick 35    kimg 143.5    time 1h 04m 10s   sec/tick 84.7    sec/kimg 20.68   maintenance 0.0    gpumem 7.1   augment 0.470
tick 36    kimg 147.6    time 1h 05m 35s   sec/tick 85.2    sec/kimg 20.79   maintenance 0.0    gpumem 7.1   augment 0.472
tick 37    kimg 151.7    time 1h 07m 00s   sec/tick 84.8    sec/kimg 20.71   maintenance 0.1    gpumem 7.1   augment 0.475
tick 38    kimg 155.8    time 1h 08m 25s   sec/tick 85.0    sec/kimg 20.74   maintenance 0.1    gpumem 7.1   augment 0.480
tick 39    kimg 159.9    time 1h 09m 50s   sec/tick 84.9    sec/kimg 20.73   maintenance 0.0    gpumem 7.1   augment 0.485
tick 40    kimg 164.0    time 1h 11m 15s   sec/tick 84.9    sec/kimg 20.73   maintenance 0.1    gpumem 7.1   augment 0.500
tick 41    kimg 168.1    time 1h 12m 40s   sec/tick 85.0    sec/kimg 20.75   maintenance 0.0    gpumem 7.1   augment 0.498
tick 42    kimg 172.2    time 1h 14m 05s   sec/tick 84.8    sec/kimg 20.71   maintenance 0.1    gpumem 7.1   augment 0.490
tick 43    kimg 176.3    time 1h 15m 30s   sec/tick 85.1    sec/kimg 20.79   maintenance 0.0    gpumem 7.1   augment 0.493
tick 44    kimg 180.4    time 1h 16m 55s   sec/tick 84.8    sec/kimg 20.71   maintenance 0.1    gpumem 7.1   augment 0.488
tick 45    kimg 184.4    time 1h 18m 20s   sec/tick 85.1    sec/kimg 20.77   maintenance 0.0    gpumem 7.1   augment 0.477
tick 46    kimg 188.5    time 1h 19m 45s   sec/tick 84.7    sec/kimg 20.69   maintenance 0.1    gpumem 7.1   augment 0.485
tick 47    kimg 192.6    time 1h 21m 10s   sec/tick 85.2    sec/kimg 20.80   maintenance 0.0    gpumem 7.1   augment 0.485
tick 48    kimg 196.7    time 1h 22m 35s   sec/tick 84.7    sec/kimg 20.67   maintenance 0.0    gpumem 7.1   augment 0.488
tick 49    kimg 200.8    time 1h 24m 00s   sec/tick 85.3    sec/kimg 20.81   maintenance 0.0    gpumem 7.1   augment 0.503
tick 50    kimg 204.9    time 1h 25m 25s   sec/tick 84.7    sec/kimg 20.67   maintenance 0.0    gpumem 7.1   augment 0.511
tick 51    kimg 209.0    time 1h 26m 50s   sec/tick 85.2    sec/kimg 20.81   maintenance 0.0    gpumem 7.1   augment 0.511
tick 52    kimg 213.1    time 1h 28m 15s   sec/tick 84.8    sec/kimg 20.70   maintenance 0.0    gpumem 7.1   augment 0.511
tick 53    kimg 217.2    time 1h 29m 40s   sec/tick 85.3    sec/kimg 20.82   maintenance 0.0    gpumem 7.1   augment 0.506
tick 54    kimg 221.3    time 1h 31m 05s   sec/tick 84.8    sec/kimg 20.69   maintenance 0.0    gpumem 7.1   augment 0.511
tick 55    kimg 225.4    time 1h 32m 30s   sec/tick 85.3    sec/kimg 20.83   maintenance 0.0    gpumem 7.1   augment 0.511
tick 56    kimg 229.5    time 1h 33m 55s   sec/tick 84.7    sec/kimg 20.69   maintenance 0.0    gpumem 7.1   augment 0.513
tick 57    kimg 233.6    time 1h 35m 21s   sec/tick 85.3    sec/kimg 20.83   maintenance 0.0    gpumem 7.1   augment 0.511
tick 58    kimg 237.7    time 1h 36m 45s   sec/tick 84.7    sec/kimg 20.67   maintenance 0.0    gpumem 7.1   augment 0.511
tick 59    kimg 241.8    time 1h 38m 11s   sec/tick 85.3    sec/kimg 20.83   maintenance 0.0    gpumem 7.1   augment 0.503
tick 60    kimg 245.9    time 1h 39m 35s   sec/tick 84.7    sec/kimg 20.68   maintenance 0.0    gpumem 7.1   augment 0.503
Evaluating metrics...
