/lustre/work/chaselab/malyetama
Tensorflow version: 1.14.0
/work/chaselab/malyetama/ADA_Project/training_runs/102flowers_training-runs/00021-102flowers_custom-auto2-resumecustom/network-snapshot-000413.pkl
Fri Mar 19 11:11:43 2021       
+-----------------------------------------------------------------------------+
| NVIDIA-SMI 450.51.06    Driver Version: 450.51.06    CUDA Version: 11.0     |
|-------------------------------+----------------------+----------------------+
| GPU  Name        Persistence-M| Bus-Id        Disp.A | Volatile Uncorr. ECC |
| Fan  Temp  Perf  Pwr:Usage/Cap|         Memory-Usage | GPU-Util  Compute M. |
|                               |                      |               MIG M. |
|===============================+======================+======================|
|   0  Tesla V100-PCIE...  On   | 00000000:5E:00.0 Off |                    0 |
| N/A   31C    P0    38W / 250W |    311MiB / 32510MiB |      0%      Default |
|                               |                      |                  N/A |
+-------------------------------+----------------------+----------------------+
|   1  Tesla V100-PCIE...  On   | 00000000:D8:00.0 Off |                    0 |
| N/A   33C    P0    36W / 250W |    311MiB / 32510MiB |      0%      Default |
|                               |                      |                  N/A |
+-------------------------------+----------------------+----------------------+
                                                                               
+-----------------------------------------------------------------------------+
| Processes:                                                                  |
|  GPU   GI   CI        PID   Type   Process name                  GPU Memory |
|        ID   ID                                                   Usage      |
|=============================================================================|
|    0   N/A  N/A     54409      C   ...a/envs/ada-env/bin/python      307MiB |
|    1   N/A  N/A     54409      C   ...a/envs/ada-env/bin/python      307MiB |
+-----------------------------------------------------------------------------+

Training options:
{
  "G_args": {
    "func_name": "training.networks.G_main",
    "fmap_base": 8192,
    "fmap_max": 512,
    "mapping_layers": 2,
    "num_fp16_res": 4,
    "conv_clamp": 256
  },
  "D_args": {
    "func_name": "training.networks.D_main",
    "mbstd_group_size": 4,
    "fmap_base": 8192,
    "fmap_max": 512,
    "num_fp16_res": 4,
    "conv_clamp": 256
  },
  "G_opt_args": {
    "beta1": 0.0,
    "beta2": 0.99,
    "learning_rate": 0.0025
  },
  "D_opt_args": {
    "beta1": 0.0,
    "beta2": 0.99,
    "learning_rate": 0.0025
  },
  "loss_args": {
    "func_name": "training.loss.stylegan2",
    "r1_gamma": 0.4096
  },
  "augment_args": {
    "class_name": "training.augment.AdaptiveAugment",
    "tune_heuristic": "rt",
    "tune_target": 0.6,
    "apply_func": "training.augment.augment_pipeline",
    "apply_args": {
      "xflip": 1,
      "rotate90": 1,
      "xint": 1,
      "scale": 1,
      "rotate": 1,
      "aniso": 1,
      "xfrac": 1,
      "brightness": 1,
      "contrast": 1,
      "lumaflip": 1,
      "hue": 1,
      "saturation": 1
    },
    "tune_kimg": 100
  },
  "num_gpus": 2,
  "image_snapshot_ticks": 30,
  "network_snapshot_ticks": 30,
  "train_dataset_args": {
    "path": "/work/chaselab/malyetama/ADA_Project/datasets/102flowers_custom",
    "max_label_size": 0,
    "resolution": 256,
    "mirror_augment": false
  },
  "metric_arg_list": [
    {
      "name": "fid50k_full",
      "class_name": "metrics.frechet_inception_distance.FID",
      "max_reals": null,
      "num_fakes": 50000,
      "minibatch_per_gpu": 8,
      "force_dataset_args": {
        "shuffle": false,
        "max_images": null,
        "repeat": false,
        "mirror_augment": false
      }
    }
  ],
  "metric_dataset_args": {
    "path": "/work/chaselab/malyetama/ADA_Project/datasets/102flowers_custom",
    "max_label_size": 0,
    "resolution": 256,
    "mirror_augment": false
  },
  "total_kimg": 25000,
  "minibatch_size": 32,
  "minibatch_gpu": 16,
  "G_smoothing_kimg": 10.0,
  "G_smoothing_rampup": null,
  "resume_pkl": "/work/chaselab/malyetama/ADA_Project/training_runs/102flowers_training-runs/00021-102flowers_custom-auto2-resumecustom/network-snapshot-000413.pkl",
  "run_dir": "/work/chaselab/malyetama/ADA_Project/training_runs/102flowers_training-runs/00022-102flowers_custom-auto2-resumecustom"
}

Output directory:  /work/chaselab/malyetama/ADA_Project/training_runs/102flowers_training-runs/00022-102flowers_custom-auto2-resumecustom
Training data:     /work/chaselab/malyetama/ADA_Project/datasets/102flowers_custom
Training length:   25000 kimg
Resolution:        256
Number of GPUs:    2

Dry run; exiting.

Training options:
{
  "G_args": {
    "func_name": "training.networks.G_main",
    "fmap_base": 8192,
    "fmap_max": 512,
    "mapping_layers": 2,
    "num_fp16_res": 4,
    "conv_clamp": 256
  },
  "D_args": {
    "func_name": "training.networks.D_main",
    "mbstd_group_size": 4,
    "fmap_base": 8192,
    "fmap_max": 512,
    "num_fp16_res": 4,
    "conv_clamp": 256
  },
  "G_opt_args": {
    "beta1": 0.0,
    "beta2": 0.99,
    "learning_rate": 0.0025
  },
  "D_opt_args": {
    "beta1": 0.0,
    "beta2": 0.99,
    "learning_rate": 0.0025
  },
  "loss_args": {
    "func_name": "training.loss.stylegan2",
    "r1_gamma": 0.4096
  },
  "augment_args": {
    "class_name": "training.augment.AdaptiveAugment",
    "tune_heuristic": "rt",
    "tune_target": 0.6,
    "apply_func": "training.augment.augment_pipeline",
    "apply_args": {
      "xflip": 1,
      "rotate90": 1,
      "xint": 1,
      "scale": 1,
      "rotate": 1,
      "aniso": 1,
      "xfrac": 1,
      "brightness": 1,
      "contrast": 1,
      "lumaflip": 1,
      "hue": 1,
      "saturation": 1
    },
    "tune_kimg": 100
  },
  "num_gpus": 2,
  "image_snapshot_ticks": 30,
  "network_snapshot_ticks": 30,
  "train_dataset_args": {
    "path": "/work/chaselab/malyetama/ADA_Project/datasets/102flowers_custom",
    "max_label_size": 0,
    "resolution": 256,
    "mirror_augment": false
  },
  "metric_arg_list": [
    {
      "name": "fid50k_full",
      "class_name": "metrics.frechet_inception_distance.FID",
      "max_reals": null,
      "num_fakes": 50000,
      "minibatch_per_gpu": 8,
      "force_dataset_args": {
        "shuffle": false,
        "max_images": null,
        "repeat": false,
        "mirror_augment": false
      }
    }
  ],
  "metric_dataset_args": {
    "path": "/work/chaselab/malyetama/ADA_Project/datasets/102flowers_custom",
    "max_label_size": 0,
    "resolution": 256,
    "mirror_augment": false
  },
  "total_kimg": 25000,
  "minibatch_size": 32,
  "minibatch_gpu": 16,
  "G_smoothing_kimg": 10.0,
  "G_smoothing_rampup": null,
  "resume_pkl": "/work/chaselab/malyetama/ADA_Project/training_runs/102flowers_training-runs/00021-102flowers_custom-auto2-resumecustom/network-snapshot-000413.pkl",
  "run_dir": "/work/chaselab/malyetama/ADA_Project/training_runs/102flowers_training-runs/00022-102flowers_custom-auto2-resumecustom"
}

Output directory:  /work/chaselab/malyetama/ADA_Project/training_runs/102flowers_training-runs/00022-102flowers_custom-auto2-resumecustom
Training data:     /work/chaselab/malyetama/ADA_Project/datasets/102flowers_custom
Training length:   25000 kimg
Resolution:        256
Number of GPUs:    2

Creating output directory...
Loading training set...
Image shape: [3, 256, 256]
Label shape: [0]

Constructing networks...
Setting up TensorFlow plugin "fused_bias_act.cu": Loading... Done.
Setting up TensorFlow plugin "upfirdn_2d.cu": Loading... Done.
Resuming from "/work/chaselab/malyetama/ADA_Project/training_runs/102flowers_training-runs/00021-102flowers_custom-auto2-resumecustom/network-snapshot-000413.pkl"

G                             Params    OutputShape         WeightShape     
---                           ---       ---                 ---             
latents_in                    -         (?, 512)            -               
labels_in                     -         (?, 0)              -               
G_mapping/Normalize           -         (?, 512)            -               
G_mapping/Dense0              262656    (?, 512)            (512, 512)      
G_mapping/Dense1              262656    (?, 512)            (512, 512)      
G_mapping/Broadcast           -         (?, 14, 512)        -               
dlatent_avg                   -         (512,)              -               
Truncation/Lerp               -         (?, 14, 512)        -               
G_synthesis/4x4/Const         8192      (?, 512, 4, 4)      (1, 512, 4, 4)  
G_synthesis/4x4/Conv          2622465   (?, 512, 4, 4)      (3, 3, 512, 512)
G_synthesis/4x4/ToRGB         264195    (?, 3, 4, 4)        (1, 1, 512, 3)  
G_synthesis/8x8/Conv0_up      2622465   (?, 512, 8, 8)      (3, 3, 512, 512)
G_synthesis/8x8/Conv1         2622465   (?, 512, 8, 8)      (3, 3, 512, 512)
G_synthesis/8x8/Upsample      -         (?, 3, 8, 8)        -               
G_synthesis/8x8/ToRGB         264195    (?, 3, 8, 8)        (1, 1, 512, 3)  
G_synthesis/16x16/Conv0_up    2622465   (?, 512, 16, 16)    (3, 3, 512, 512)
G_synthesis/16x16/Conv1       2622465   (?, 512, 16, 16)    (3, 3, 512, 512)
G_synthesis/16x16/Upsample    -         (?, 3, 16, 16)      -               
G_synthesis/16x16/ToRGB       264195    (?, 3, 16, 16)      (1, 1, 512, 3)  
G_synthesis/32x32/Conv0_up    2622465   (?, 512, 32, 32)    (3, 3, 512, 512)
G_synthesis/32x32/Conv1       2622465   (?, 512, 32, 32)    (3, 3, 512, 512)
G_synthesis/32x32/Upsample    -         (?, 3, 32, 32)      -               
G_synthesis/32x32/ToRGB       264195    (?, 3, 32, 32)      (1, 1, 512, 3)  
G_synthesis/64x64/Conv0_up    1442561   (?, 256, 64, 64)    (3, 3, 512, 256)
G_synthesis/64x64/Conv1       721409    (?, 256, 64, 64)    (3, 3, 256, 256)
G_synthesis/64x64/Upsample    -         (?, 3, 64, 64)      -               
G_synthesis/64x64/ToRGB       132099    (?, 3, 64, 64)      (1, 1, 256, 3)  
G_synthesis/128x128/Conv0_up  426369    (?, 128, 128, 128)  (3, 3, 256, 128)
G_synthesis/128x128/Conv1     213249    (?, 128, 128, 128)  (3, 3, 128, 128)
G_synthesis/128x128/Upsample  -         (?, 3, 128, 128)    -               
G_synthesis/128x128/ToRGB     66051     (?, 3, 128, 128)    (1, 1, 128, 3)  
G_synthesis/256x256/Conv0_up  139457    (?, 64, 256, 256)   (3, 3, 128, 64) 
G_synthesis/256x256/Conv1     69761     (?, 64, 256, 256)   (3, 3, 64, 64)  
G_synthesis/256x256/Upsample  -         (?, 3, 256, 256)    -               
G_synthesis/256x256/ToRGB     33027     (?, 3, 256, 256)    (1, 1, 64, 3)   
---                           ---       ---                 ---             
Total                         23191522                                      


D                    Params    OutputShape         WeightShape     
---                  ---       ---                 ---             
images_in            -         (?, 3, 256, 256)    -               
labels_in            -         (?, 0)              -               
256x256/FromRGB      256       (?, 64, 256, 256)   (1, 1, 3, 64)   
256x256/Conv0        36928     (?, 64, 256, 256)   (3, 3, 64, 64)  
256x256/Conv1_down   73856     (?, 128, 128, 128)  (3, 3, 64, 128) 
256x256/Skip         8192      (?, 128, 128, 128)  (1, 1, 64, 128) 
128x128/Conv0        147584    (?, 128, 128, 128)  (3, 3, 128, 128)
128x128/Conv1_down   295168    (?, 256, 64, 64)    (3, 3, 128, 256)
128x128/Skip         32768     (?, 256, 64, 64)    (1, 1, 128, 256)
64x64/Conv0          590080    (?, 256, 64, 64)    (3, 3, 256, 256)
64x64/Conv1_down     1180160   (?, 512, 32, 32)    (3, 3, 256, 512)
64x64/Skip           131072    (?, 512, 32, 32)    (1, 1, 256, 512)
32x32/Conv0          2359808   (?, 512, 32, 32)    (3, 3, 512, 512)
32x32/Conv1_down     2359808   (?, 512, 16, 16)    (3, 3, 512, 512)
32x32/Skip           262144    (?, 512, 16, 16)    (1, 1, 512, 512)
16x16/Conv0          2359808   (?, 512, 16, 16)    (3, 3, 512, 512)
16x16/Conv1_down     2359808   (?, 512, 8, 8)      (3, 3, 512, 512)
16x16/Skip           262144    (?, 512, 8, 8)      (1, 1, 512, 512)
8x8/Conv0            2359808   (?, 512, 8, 8)      (3, 3, 512, 512)
8x8/Conv1_down       2359808   (?, 512, 4, 4)      (3, 3, 512, 512)
8x8/Skip             262144    (?, 512, 4, 4)      (1, 1, 512, 512)
4x4/MinibatchStddev  -         (?, 513, 4, 4)      -               
4x4/Conv             2364416   (?, 512, 4, 4)      (3, 3, 513, 512)
4x4/Dense0           4194816   (?, 512)            (8192, 512)     
Output               513       (?, 1)              (512, 1)        
---                  ---       ---                 ---             
Total                24001089                                      

Exporting sample images...
Replicating networks across 2 GPUs...
Initializing augmentations...
Setting up optimizers...
Constructing training graph...
Finalizing training ops...
Initializing metrics...
Training for 25000 kimg...

tick 0     kimg 0.1      time 3m 33s       sec/tick 43.1    sec/kimg 336.71  maintenance 169.6  gpumem 7.1   augment 0.000
Evaluating metrics...
network-snapshot-000000        time 5m 08s       fid50k_full 79.6905
tick 1     kimg 4.2      time 10m 52s      sec/tick 84.0    sec/kimg 20.52   maintenance 354.8  gpumem 7.1   augment 0.015
tick 2     kimg 8.3      time 12m 15s      sec/tick 83.4    sec/kimg 20.35   maintenance 0.0    gpumem 7.1   augment 0.028
tick 3     kimg 12.4     time 13m 38s      sec/tick 82.8    sec/kimg 20.21   maintenance 0.0    gpumem 7.1   augment 0.044
tick 4     kimg 16.5     time 15m 01s      sec/tick 83.5    sec/kimg 20.39   maintenance 0.0    gpumem 7.1   augment 0.056
tick 5     kimg 20.6     time 16m 24s      sec/tick 82.9    sec/kimg 20.23   maintenance 0.0    gpumem 7.1   augment 0.059
tick 6     kimg 24.7     time 17m 48s      sec/tick 83.6    sec/kimg 20.41   maintenance 0.0    gpumem 7.1   augment 0.067
tick 7     kimg 28.8     time 19m 11s      sec/tick 83.0    sec/kimg 20.27   maintenance 0.0    gpumem 7.1   augment 0.072
tick 8     kimg 32.9     time 20m 34s      sec/tick 83.4    sec/kimg 20.35   maintenance 0.0    gpumem 7.1   augment 0.074
tick 9     kimg 37.0     time 21m 57s      sec/tick 83.1    sec/kimg 20.28   maintenance 0.0    gpumem 7.1   augment 0.082
tick 10    kimg 41.1     time 23m 21s      sec/tick 83.7    sec/kimg 20.44   maintenance 0.0    gpumem 7.1   augment 0.082
tick 11    kimg 45.2     time 24m 44s      sec/tick 83.0    sec/kimg 20.27   maintenance 0.0    gpumem 7.1   augment 0.079
tick 12    kimg 49.3     time 26m 08s      sec/tick 83.6    sec/kimg 20.41   maintenance 0.0    gpumem 7.1   augment 0.082
tick 13    kimg 53.4     time 27m 31s      sec/tick 83.1    sec/kimg 20.28   maintenance 0.0    gpumem 7.1   augment 0.090
tick 14    kimg 57.5     time 28m 55s      sec/tick 83.5    sec/kimg 20.38   maintenance 0.0    gpumem 7.1   augment 0.095
tick 15    kimg 61.6     time 30m 18s      sec/tick 83.1    sec/kimg 20.28   maintenance 0.0    gpumem 7.1   augment 0.084
tick 16    kimg 65.7     time 31m 41s      sec/tick 83.6    sec/kimg 20.41   maintenance 0.0    gpumem 7.1   augment 0.084
tick 17    kimg 69.8     time 33m 04s      sec/tick 83.0    sec/kimg 20.26   maintenance 0.0    gpumem 7.1   augment 0.082
tick 18    kimg 73.9     time 34m 28s      sec/tick 83.5    sec/kimg 20.38   maintenance 0.0    gpumem 7.1   augment 0.079
tick 19    kimg 78.0     time 35m 51s      sec/tick 83.1    sec/kimg 20.28   maintenance 0.0    gpumem 7.1   augment 0.084
tick 20    kimg 82.0     time 37m 14s      sec/tick 83.4    sec/kimg 20.37   maintenance 0.0    gpumem 7.1   augment 0.087
tick 21    kimg 86.1     time 38m 37s      sec/tick 83.0    sec/kimg 20.27   maintenance 0.0    gpumem 7.1   augment 0.087
tick 22    kimg 90.2     time 40m 01s      sec/tick 83.6    sec/kimg 20.42   maintenance 0.0    gpumem 7.1   augment 0.095
tick 23    kimg 94.3     time 41m 24s      sec/tick 83.0    sec/kimg 20.25   maintenance 0.0    gpumem 7.1   augment 0.092
tick 24    kimg 98.4     time 42m 48s      sec/tick 83.6    sec/kimg 20.42   maintenance 0.0    gpumem 7.1   augment 0.090
tick 25    kimg 102.5    time 44m 11s      sec/tick 83.1    sec/kimg 20.29   maintenance 0.0    gpumem 7.1   augment 0.084
tick 26    kimg 106.6    time 45m 35s      sec/tick 83.5    sec/kimg 20.38   maintenance 0.0    gpumem 7.1   augment 0.090
tick 27    kimg 110.7    time 46m 58s      sec/tick 83.0    sec/kimg 20.26   maintenance 0.0    gpumem 7.1   augment 0.084
tick 28    kimg 114.8    time 48m 21s      sec/tick 83.6    sec/kimg 20.41   maintenance 0.0    gpumem 7.1   augment 0.092
tick 29    kimg 118.9    time 49m 44s      sec/tick 83.1    sec/kimg 20.28   maintenance 0.0    gpumem 7.1   augment 0.092
tick 30    kimg 123.0    time 51m 08s      sec/tick 83.7    sec/kimg 20.43   maintenance 0.0    gpumem 7.1   augment 0.095
Evaluating metrics...
network-snapshot-000123        time 5m 07s       fid50k_full 68.5500
tick 31    kimg 127.1    time 57m 58s      sec/tick 83.1    sec/kimg 20.28   maintenance 327.2  gpumem 7.1   augment 0.097
tick 32    kimg 131.2    time 59m 22s      sec/tick 83.6    sec/kimg 20.41   maintenance 0.0    gpumem 7.1   augment 0.100
tick 33    kimg 135.3    time 1h 00m 45s   sec/tick 83.2    sec/kimg 20.31   maintenance 0.0    gpumem 7.1   augment 0.100
tick 34    kimg 139.4    time 1h 02m 09s   sec/tick 83.6    sec/kimg 20.40   maintenance 0.0    gpumem 7.1   augment 0.097
tick 35    kimg 143.5    time 1h 03m 32s   sec/tick 83.1    sec/kimg 20.29   maintenance 0.0    gpumem 7.1   augment 0.105
tick 36    kimg 147.6    time 1h 04m 57s   sec/tick 84.9    sec/kimg 20.74   maintenance 0.0    gpumem 7.1   augment 0.100
tick 37    kimg 151.7    time 1h 06m 20s   sec/tick 83.2    sec/kimg 20.31   maintenance 0.1    gpumem 7.1   augment 0.108
tick 38    kimg 155.8    time 1h 07m 45s   sec/tick 84.3    sec/kimg 20.59   maintenance 0.0    gpumem 7.1   augment 0.105
tick 39    kimg 159.9    time 1h 09m 08s   sec/tick 83.2    sec/kimg 20.32   maintenance 0.0    gpumem 7.1   augment 0.100
tick 40    kimg 164.0    time 1h 10m 32s   sec/tick 83.7    sec/kimg 20.43   maintenance 0.0    gpumem 7.1   augment 0.100
tick 41    kimg 168.1    time 1h 11m 55s   sec/tick 83.1    sec/kimg 20.29   maintenance 0.0    gpumem 7.1   augment 0.105
tick 42    kimg 172.2    time 1h 13m 18s   sec/tick 83.6    sec/kimg 20.42   maintenance 0.0    gpumem 7.1   augment 0.108
tick 43    kimg 176.3    time 1h 14m 42s   sec/tick 83.2    sec/kimg 20.31   maintenance 0.0    gpumem 7.1   augment 0.108
tick 44    kimg 180.4    time 1h 16m 05s   sec/tick 83.6    sec/kimg 20.42   maintenance 0.0    gpumem 7.1   augment 0.097
tick 45    kimg 184.4    time 1h 17m 29s   sec/tick 83.1    sec/kimg 20.30   maintenance 0.0    gpumem 7.1   augment 0.105
tick 46    kimg 188.5    time 1h 18m 52s   sec/tick 83.6    sec/kimg 20.40   maintenance 0.0    gpumem 7.1   augment 0.102
tick 47    kimg 192.6    time 1h 20m 15s   sec/tick 83.2    sec/kimg 20.30   maintenance 0.0    gpumem 7.1   augment 0.092
tick 48    kimg 196.7    time 1h 21m 39s   sec/tick 83.6    sec/kimg 20.41   maintenance 0.0    gpumem 7.1   augment 0.100
tick 49    kimg 200.8    time 1h 23m 02s   sec/tick 83.0    sec/kimg 20.27   maintenance 0.0    gpumem 7.1   augment 0.105
tick 50    kimg 204.9    time 1h 24m 26s   sec/tick 83.7    sec/kimg 20.43   maintenance 0.0    gpumem 7.1   augment 0.108
tick 51    kimg 209.0    time 1h 25m 49s   sec/tick 83.2    sec/kimg 20.32   maintenance 0.0    gpumem 7.1   augment 0.115
tick 52    kimg 213.1    time 1h 27m 13s   sec/tick 83.6    sec/kimg 20.41   maintenance 0.0    gpumem 7.1   augment 0.120
tick 53    kimg 217.2    time 1h 28m 36s   sec/tick 83.2    sec/kimg 20.32   maintenance 0.0    gpumem 7.1   augment 0.125
tick 54    kimg 221.3    time 1h 30m 00s   sec/tick 83.6    sec/kimg 20.42   maintenance 0.0    gpumem 7.1   augment 0.115
tick 55    kimg 225.4    time 1h 31m 23s   sec/tick 83.1    sec/kimg 20.28   maintenance 0.0    gpumem 7.1   augment 0.115
tick 56    kimg 229.5    time 1h 32m 47s   sec/tick 83.7    sec/kimg 20.44   maintenance 0.0    gpumem 7.1   augment 0.102
tick 57    kimg 233.6    time 1h 34m 10s   sec/tick 83.2    sec/kimg 20.30   maintenance 0.0    gpumem 7.1   augment 0.113
tick 58    kimg 237.7    time 1h 35m 33s   sec/tick 83.6    sec/kimg 20.42   maintenance 0.0    gpumem 7.1   augment 0.123
tick 59    kimg 241.8    time 1h 36m 57s   sec/tick 83.2    sec/kimg 20.32   maintenance 0.0    gpumem 7.1   augment 0.118
tick 60    kimg 245.9    time 1h 38m 20s   sec/tick 83.7    sec/kimg 20.44   maintenance 0.0    gpumem 7.1   augment 0.118
Evaluating metrics...
network-snapshot-000245        time 5m 10s       fid50k_full 57.2704
tick 61    kimg 250.0    time 1h 45m 15s   sec/tick 83.3    sec/kimg 20.33   maintenance 331.7  gpumem 7.1   augment 0.123
tick 62    kimg 254.1    time 1h 46m 39s   sec/tick 83.6    sec/kimg 20.41   maintenance 0.0    gpumem 7.1   augment 0.123
tick 63    kimg 258.2    time 1h 48m 02s   sec/tick 83.1    sec/kimg 20.30   maintenance 0.0    gpumem 7.1   augment 0.120
tick 64    kimg 262.3    time 1h 49m 26s   sec/tick 83.7    sec/kimg 20.43   maintenance 0.0    gpumem 7.1   augment 0.118
tick 65    kimg 266.4    time 1h 50m 49s   sec/tick 83.3    sec/kimg 20.33   maintenance 0.0    gpumem 7.1   augment 0.115
tick 66    kimg 270.5    time 1h 52m 13s   sec/tick 83.7    sec/kimg 20.44   maintenance 0.0    gpumem 7.1   augment 0.108
tick 67    kimg 274.6    time 1h 53m 36s   sec/tick 83.3    sec/kimg 20.33   maintenance 0.0    gpumem 7.1   augment 0.108
tick 68    kimg 278.7    time 1h 55m 00s   sec/tick 83.7    sec/kimg 20.45   maintenance 0.0    gpumem 7.1   augment 0.110
tick 69    kimg 282.8    time 1h 56m 23s   sec/tick 83.1    sec/kimg 20.30   maintenance 0.0    gpumem 7.1   augment 0.115
tick 70    kimg 286.8    time 1h 57m 48s   sec/tick 84.9    sec/kimg 20.73   maintenance 0.0    gpumem 7.1   augment 0.123
tick 71    kimg 290.9    time 1h 59m 12s   sec/tick 83.2    sec/kimg 20.30   maintenance 0.2    gpumem 7.1   augment 0.128
tick 72    kimg 295.0    time 2h 00m 35s   sec/tick 83.8    sec/kimg 20.46   maintenance 0.0    gpumem 7.1   augment 0.131
tick 73    kimg 299.1    time 2h 01m 59s   sec/tick 83.2    sec/kimg 20.32   maintenance 0.0    gpumem 7.1   augment 0.123
tick 74    kimg 303.2    time 2h 03m 23s   sec/tick 83.7    sec/kimg 20.44   maintenance 0.0    gpumem 7.1   augment 0.131
tick 75    kimg 307.3    time 2h 04m 46s   sec/tick 83.3    sec/kimg 20.33   maintenance 0.0    gpumem 7.1   augment 0.133
tick 76    kimg 311.4    time 2h 06m 10s   sec/tick 83.8    sec/kimg 20.45   maintenance 0.0    gpumem 7.1   augment 0.123
tick 77    kimg 315.5    time 2h 07m 33s   sec/tick 83.2    sec/kimg 20.31   maintenance 0.0    gpumem 7.1   augment 0.113
tick 78    kimg 319.6    time 2h 08m 57s   sec/tick 83.7    sec/kimg 20.44   maintenance 0.0    gpumem 7.1   augment 0.118
tick 79    kimg 323.7    time 2h 10m 20s   sec/tick 83.2    sec/kimg 20.32   maintenance 0.0    gpumem 7.1   augment 0.115
tick 80    kimg 327.8    time 2h 11m 44s   sec/tick 83.6    sec/kimg 20.42   maintenance 0.0    gpumem 7.1   augment 0.125
tick 81    kimg 331.9    time 2h 13m 07s   sec/tick 83.2    sec/kimg 20.32   maintenance 0.0    gpumem 7.1   augment 0.128
tick 82    kimg 336.0    time 2h 14m 31s   sec/tick 83.9    sec/kimg 20.47   maintenance 0.0    gpumem 7.1   augment 0.131
tick 83    kimg 340.1    time 2h 15m 54s   sec/tick 83.2    sec/kimg 20.30   maintenance 0.0    gpumem 7.1   augment 0.131
tick 84    kimg 344.2    time 2h 17m 18s   sec/tick 83.8    sec/kimg 20.45   maintenance 0.0    gpumem 7.1   augment 0.138
tick 85    kimg 348.3    time 2h 18m 41s   sec/tick 83.3    sec/kimg 20.34   maintenance 0.0    gpumem 7.1   augment 0.138
tick 86    kimg 352.4    time 2h 20m 05s   sec/tick 83.8    sec/kimg 20.45   maintenance 0.0    gpumem 7.1   augment 0.131
tick 87    kimg 356.5    time 2h 21m 28s   sec/tick 83.3    sec/kimg 20.33   maintenance 0.0    gpumem 7.1   augment 0.138
tick 88    kimg 360.6    time 2h 22m 52s   sec/tick 83.7    sec/kimg 20.43   maintenance 0.0    gpumem 7.1   augment 0.131
tick 89    kimg 364.7    time 2h 24m 15s   sec/tick 83.4    sec/kimg 20.35   maintenance 0.0    gpumem 7.1   augment 0.138
tick 90    kimg 368.8    time 2h 25m 39s   sec/tick 83.7    sec/kimg 20.43   maintenance 0.0    gpumem 7.1   augment 0.133
Evaluating metrics...
network-snapshot-000368        time 5m 07s       fid50k_full 55.5870
tick 91    kimg 372.9    time 2h 32m 32s   sec/tick 83.3    sec/kimg 20.34   maintenance 329.3  gpumem 7.1   augment 0.133
tick 92    kimg 377.0    time 2h 33m 55s   sec/tick 83.7    sec/kimg 20.43   maintenance 0.0    gpumem 7.1   augment 0.131
tick 93    kimg 381.1    time 2h 35m 19s   sec/tick 83.3    sec/kimg 20.33   maintenance 0.0    gpumem 7.1   augment 0.128
tick 94    kimg 385.2    time 2h 36m 42s   sec/tick 83.7    sec/kimg 20.43   maintenance 0.0    gpumem 7.1   augment 0.133
tick 95    kimg 389.2    time 2h 38m 06s   sec/tick 83.3    sec/kimg 20.35   maintenance 0.0    gpumem 7.1   augment 0.128
tick 96    kimg 393.3    time 2h 39m 30s   sec/tick 83.7    sec/kimg 20.43   maintenance 0.0    gpumem 7.1   augment 0.118
tick 97    kimg 397.4    time 2h 40m 53s   sec/tick 83.2    sec/kimg 20.30   maintenance 0.0    gpumem 7.1   augment 0.123
tick 98    kimg 401.5    time 2h 42m 17s   sec/tick 83.9    sec/kimg 20.49   maintenance 0.0    gpumem 7.1   augment 0.131
tick 99    kimg 405.6    time 2h 43m 40s   sec/tick 83.3    sec/kimg 20.35   maintenance 0.0    gpumem 7.1   augment 0.133
tick 100   kimg 409.7    time 2h 45m 04s   sec/tick 84.0    sec/kimg 20.51   maintenance 0.0    gpumem 7.1   augment 0.136
tick 101   kimg 413.8    time 2h 46m 27s   sec/tick 83.3    sec/kimg 20.34   maintenance 0.0    gpumem 7.1   augment 0.143
tick 102   kimg 417.9    time 2h 47m 51s   sec/tick 83.8    sec/kimg 20.45   maintenance 0.1    gpumem 7.1   augment 0.136
tick 103   kimg 422.0    time 2h 49m 15s   sec/tick 83.3    sec/kimg 20.34   maintenance 0.0    gpumem 7.1   augment 0.133
tick 104   kimg 426.1    time 2h 50m 38s   sec/tick 83.7    sec/kimg 20.44   maintenance 0.0    gpumem 7.1   augment 0.133
tick 105   kimg 430.2    time 2h 52m 02s   sec/tick 83.4    sec/kimg 20.35   maintenance 0.0    gpumem 7.1   augment 0.138
tick 106   kimg 434.3    time 2h 53m 26s   sec/tick 83.8    sec/kimg 20.47   maintenance 0.0    gpumem 7.1   augment 0.146
tick 107   kimg 438.4    time 2h 54m 49s   sec/tick 83.4    sec/kimg 20.36   maintenance 0.0    gpumem 7.1   augment 0.141
tick 108   kimg 442.5    time 2h 56m 13s   sec/tick 83.7    sec/kimg 20.44   maintenance 0.0    gpumem 7.1   augment 0.133
tick 109   kimg 446.6    time 2h 57m 36s   sec/tick 83.4    sec/kimg 20.36   maintenance 0.0    gpumem 7.1   augment 0.133
