/lustre/work/chaselab/malyetama
Tensorflow version: 1.14.0
0
Raw: 0, Resized: 20579
/work/chaselab/malyetama/ADA_Project/training_runs/StanfordDogs_training-runs/00002-StanfordDogs_custom-auto2-resumecustom/network-snapshot-000368.pkl
Fri Mar 19 20:16:21 2021       
+-----------------------------------------------------------------------------+
| NVIDIA-SMI 450.51.06    Driver Version: 450.51.06    CUDA Version: 11.0     |
|-------------------------------+----------------------+----------------------+
| GPU  Name        Persistence-M| Bus-Id        Disp.A | Volatile Uncorr. ECC |
| Fan  Temp  Perf  Pwr:Usage/Cap|         Memory-Usage | GPU-Util  Compute M. |
|                               |                      |               MIG M. |
|===============================+======================+======================|
|   0  Tesla V100-PCIE...  On   | 00000000:5E:00.0 Off |                    0 |
| N/A   38C    P0    37W / 250W |    311MiB / 32510MiB |      0%      Default |
|                               |                      |                  N/A |
+-------------------------------+----------------------+----------------------+
|   1  Tesla V100-PCIE...  On   | 00000000:D8:00.0 Off |                    0 |
| N/A   40C    P0    38W / 250W |    311MiB / 32510MiB |      0%      Default |
|                               |                      |                  N/A |
+-------------------------------+----------------------+----------------------+
                                                                               
+-----------------------------------------------------------------------------+
| Processes:                                                                  |
|  GPU   GI   CI        PID   Type   Process name                  GPU Memory |
|        ID   ID                                                   Usage      |
|=============================================================================|
|    0   N/A  N/A    169062      C   ...a/envs/ada-env/bin/python      307MiB |
|    1   N/A  N/A    169062      C   ...a/envs/ada-env/bin/python      307MiB |
+-----------------------------------------------------------------------------+

Training options:
{
  "G_args": {
    "func_name": "training.networks.G_main",
    "fmap_base": 8192,
    "fmap_max": 512,
    "mapping_layers": 2,
    "num_fp16_res": 4,
    "conv_clamp": 256
  },
  "D_args": {
    "func_name": "training.networks.D_main",
    "mbstd_group_size": 4,
    "fmap_base": 8192,
    "fmap_max": 512,
    "num_fp16_res": 4,
    "conv_clamp": 256
  },
  "G_opt_args": {
    "beta1": 0.0,
    "beta2": 0.99,
    "learning_rate": 0.0025
  },
  "D_opt_args": {
    "beta1": 0.0,
    "beta2": 0.99,
    "learning_rate": 0.0025
  },
  "loss_args": {
    "func_name": "training.loss.stylegan2",
    "r1_gamma": 0.4096
  },
  "augment_args": {
    "class_name": "training.augment.AdaptiveAugment",
    "tune_heuristic": "rt",
    "tune_target": 0.6,
    "apply_func": "training.augment.augment_pipeline",
    "apply_args": {
      "xflip": 1,
      "rotate90": 1,
      "xint": 1,
      "scale": 1,
      "rotate": 1,
      "aniso": 1,
      "xfrac": 1,
      "brightness": 1,
      "contrast": 1,
      "lumaflip": 1,
      "hue": 1,
      "saturation": 1
    },
    "tune_kimg": 100
  },
  "num_gpus": 2,
  "image_snapshot_ticks": 30,
  "network_snapshot_ticks": 30,
  "train_dataset_args": {
    "path": "/work/chaselab/malyetama/ADA_Project/datasets/StanfordDogs_custom",
    "max_label_size": 0,
    "resolution": 256,
    "mirror_augment": false
  },
  "metric_arg_list": [
    {
      "name": "fid50k_full",
      "class_name": "metrics.frechet_inception_distance.FID",
      "max_reals": null,
      "num_fakes": 50000,
      "minibatch_per_gpu": 8,
      "force_dataset_args": {
        "shuffle": false,
        "max_images": null,
        "repeat": false,
        "mirror_augment": false
      }
    }
  ],
  "metric_dataset_args": {
    "path": "/work/chaselab/malyetama/ADA_Project/datasets/StanfordDogs_custom",
    "max_label_size": 0,
    "resolution": 256,
    "mirror_augment": false
  },
  "total_kimg": 25000,
  "minibatch_size": 32,
  "minibatch_gpu": 16,
  "G_smoothing_kimg": 10.0,
  "G_smoothing_rampup": null,
  "resume_pkl": "/work/chaselab/malyetama/ADA_Project/training_runs/StanfordDogs_training-runs/00002-StanfordDogs_custom-auto2-resumecustom/network-snapshot-000368.pkl",
  "run_dir": "/work/chaselab/malyetama/ADA_Project/training_runs/StanfordDogs_training-runs/00003-StanfordDogs_custom-auto2-resumecustom"
}

Output directory:  /work/chaselab/malyetama/ADA_Project/training_runs/StanfordDogs_training-runs/00003-StanfordDogs_custom-auto2-resumecustom
Training data:     /work/chaselab/malyetama/ADA_Project/datasets/StanfordDogs_custom
Training length:   25000 kimg
Resolution:        256
Number of GPUs:    2

Dry run; exiting.

Training options:
{
  "G_args": {
    "func_name": "training.networks.G_main",
    "fmap_base": 8192,
    "fmap_max": 512,
    "mapping_layers": 2,
    "num_fp16_res": 4,
    "conv_clamp": 256
  },
  "D_args": {
    "func_name": "training.networks.D_main",
    "mbstd_group_size": 4,
    "fmap_base": 8192,
    "fmap_max": 512,
    "num_fp16_res": 4,
    "conv_clamp": 256
  },
  "G_opt_args": {
    "beta1": 0.0,
    "beta2": 0.99,
    "learning_rate": 0.0025
  },
  "D_opt_args": {
    "beta1": 0.0,
    "beta2": 0.99,
    "learning_rate": 0.0025
  },
  "loss_args": {
    "func_name": "training.loss.stylegan2",
    "r1_gamma": 0.4096
  },
  "augment_args": {
    "class_name": "training.augment.AdaptiveAugment",
    "tune_heuristic": "rt",
    "tune_target": 0.6,
    "apply_func": "training.augment.augment_pipeline",
    "apply_args": {
      "xflip": 1,
      "rotate90": 1,
      "xint": 1,
      "scale": 1,
      "rotate": 1,
      "aniso": 1,
      "xfrac": 1,
      "brightness": 1,
      "contrast": 1,
      "lumaflip": 1,
      "hue": 1,
      "saturation": 1
    },
    "tune_kimg": 100
  },
  "num_gpus": 2,
  "image_snapshot_ticks": 30,
  "network_snapshot_ticks": 30,
  "train_dataset_args": {
    "path": "/work/chaselab/malyetama/ADA_Project/datasets/StanfordDogs_custom",
    "max_label_size": 0,
    "resolution": 256,
    "mirror_augment": false
  },
  "metric_arg_list": [
    {
      "name": "fid50k_full",
      "class_name": "metrics.frechet_inception_distance.FID",
      "max_reals": null,
      "num_fakes": 50000,
      "minibatch_per_gpu": 8,
      "force_dataset_args": {
        "shuffle": false,
        "max_images": null,
        "repeat": false,
        "mirror_augment": false
      }
    }
  ],
  "metric_dataset_args": {
    "path": "/work/chaselab/malyetama/ADA_Project/datasets/StanfordDogs_custom",
    "max_label_size": 0,
    "resolution": 256,
    "mirror_augment": false
  },
  "total_kimg": 25000,
  "minibatch_size": 32,
  "minibatch_gpu": 16,
  "G_smoothing_kimg": 10.0,
  "G_smoothing_rampup": null,
  "resume_pkl": "/work/chaselab/malyetama/ADA_Project/training_runs/StanfordDogs_training-runs/00002-StanfordDogs_custom-auto2-resumecustom/network-snapshot-000368.pkl",
  "run_dir": "/work/chaselab/malyetama/ADA_Project/training_runs/StanfordDogs_training-runs/00003-StanfordDogs_custom-auto2-resumecustom"
}

Output directory:  /work/chaselab/malyetama/ADA_Project/training_runs/StanfordDogs_training-runs/00003-StanfordDogs_custom-auto2-resumecustom
Training data:     /work/chaselab/malyetama/ADA_Project/datasets/StanfordDogs_custom
Training length:   25000 kimg
Resolution:        256
Number of GPUs:    2

Creating output directory...
Loading training set...
Image shape: [3, 256, 256]
Label shape: [0]

Constructing networks...
Setting up TensorFlow plugin "fused_bias_act.cu": Loading... Done.
Setting up TensorFlow plugin "upfirdn_2d.cu": Loading... Done.
Resuming from "/work/chaselab/malyetama/ADA_Project/training_runs/StanfordDogs_training-runs/00002-StanfordDogs_custom-auto2-resumecustom/network-snapshot-000368.pkl"

G                             Params    OutputShape         WeightShape     
---                           ---       ---                 ---             
latents_in                    -         (?, 512)            -               
labels_in                     -         (?, 0)              -               
G_mapping/Normalize           -         (?, 512)            -               
G_mapping/Dense0              262656    (?, 512)            (512, 512)      
G_mapping/Dense1              262656    (?, 512)            (512, 512)      
G_mapping/Broadcast           -         (?, 14, 512)        -               
dlatent_avg                   -         (512,)              -               
Truncation/Lerp               -         (?, 14, 512)        -               
G_synthesis/4x4/Const         8192      (?, 512, 4, 4)      (1, 512, 4, 4)  
G_synthesis/4x4/Conv          2622465   (?, 512, 4, 4)      (3, 3, 512, 512)
G_synthesis/4x4/ToRGB         264195    (?, 3, 4, 4)        (1, 1, 512, 3)  
G_synthesis/8x8/Conv0_up      2622465   (?, 512, 8, 8)      (3, 3, 512, 512)
G_synthesis/8x8/Conv1         2622465   (?, 512, 8, 8)      (3, 3, 512, 512)
G_synthesis/8x8/Upsample      -         (?, 3, 8, 8)        -               
G_synthesis/8x8/ToRGB         264195    (?, 3, 8, 8)        (1, 1, 512, 3)  
G_synthesis/16x16/Conv0_up    2622465   (?, 512, 16, 16)    (3, 3, 512, 512)
G_synthesis/16x16/Conv1       2622465   (?, 512, 16, 16)    (3, 3, 512, 512)
G_synthesis/16x16/Upsample    -         (?, 3, 16, 16)      -               
G_synthesis/16x16/ToRGB       264195    (?, 3, 16, 16)      (1, 1, 512, 3)  
G_synthesis/32x32/Conv0_up    2622465   (?, 512, 32, 32)    (3, 3, 512, 512)
G_synthesis/32x32/Conv1       2622465   (?, 512, 32, 32)    (3, 3, 512, 512)
G_synthesis/32x32/Upsample    -         (?, 3, 32, 32)      -               
G_synthesis/32x32/ToRGB       264195    (?, 3, 32, 32)      (1, 1, 512, 3)  
G_synthesis/64x64/Conv0_up    1442561   (?, 256, 64, 64)    (3, 3, 512, 256)
G_synthesis/64x64/Conv1       721409    (?, 256, 64, 64)    (3, 3, 256, 256)
G_synthesis/64x64/Upsample    -         (?, 3, 64, 64)      -               
G_synthesis/64x64/ToRGB       132099    (?, 3, 64, 64)      (1, 1, 256, 3)  
G_synthesis/128x128/Conv0_up  426369    (?, 128, 128, 128)  (3, 3, 256, 128)
G_synthesis/128x128/Conv1     213249    (?, 128, 128, 128)  (3, 3, 128, 128)
G_synthesis/128x128/Upsample  -         (?, 3, 128, 128)    -               
G_synthesis/128x128/ToRGB     66051     (?, 3, 128, 128)    (1, 1, 128, 3)  
G_synthesis/256x256/Conv0_up  139457    (?, 64, 256, 256)   (3, 3, 128, 64) 
G_synthesis/256x256/Conv1     69761     (?, 64, 256, 256)   (3, 3, 64, 64)  
G_synthesis/256x256/Upsample  -         (?, 3, 256, 256)    -               
G_synthesis/256x256/ToRGB     33027     (?, 3, 256, 256)    (1, 1, 64, 3)   
---                           ---       ---                 ---             
Total                         23191522                                      


D                    Params    OutputShape         WeightShape     
---                  ---       ---                 ---             
images_in            -         (?, 3, 256, 256)    -               
labels_in            -         (?, 0)              -               
256x256/FromRGB      256       (?, 64, 256, 256)   (1, 1, 3, 64)   
256x256/Conv0        36928     (?, 64, 256, 256)   (3, 3, 64, 64)  
256x256/Conv1_down   73856     (?, 128, 128, 128)  (3, 3, 64, 128) 
256x256/Skip         8192      (?, 128, 128, 128)  (1, 1, 64, 128) 
128x128/Conv0        147584    (?, 128, 128, 128)  (3, 3, 128, 128)
128x128/Conv1_down   295168    (?, 256, 64, 64)    (3, 3, 128, 256)
128x128/Skip         32768     (?, 256, 64, 64)    (1, 1, 128, 256)
64x64/Conv0          590080    (?, 256, 64, 64)    (3, 3, 256, 256)
64x64/Conv1_down     1180160   (?, 512, 32, 32)    (3, 3, 256, 512)
64x64/Skip           131072    (?, 512, 32, 32)    (1, 1, 256, 512)
32x32/Conv0          2359808   (?, 512, 32, 32)    (3, 3, 512, 512)
32x32/Conv1_down     2359808   (?, 512, 16, 16)    (3, 3, 512, 512)
32x32/Skip           262144    (?, 512, 16, 16)    (1, 1, 512, 512)
16x16/Conv0          2359808   (?, 512, 16, 16)    (3, 3, 512, 512)
16x16/Conv1_down     2359808   (?, 512, 8, 8)      (3, 3, 512, 512)
16x16/Skip           262144    (?, 512, 8, 8)      (1, 1, 512, 512)
8x8/Conv0            2359808   (?, 512, 8, 8)      (3, 3, 512, 512)
8x8/Conv1_down       2359808   (?, 512, 4, 4)      (3, 3, 512, 512)
8x8/Skip             262144    (?, 512, 4, 4)      (1, 1, 512, 512)
4x4/MinibatchStddev  -         (?, 513, 4, 4)      -               
4x4/Conv             2364416   (?, 512, 4, 4)      (3, 3, 513, 512)
4x4/Dense0           4194816   (?, 512)            (8192, 512)     
Output               513       (?, 1)              (512, 1)        
---                  ---       ---                 ---             
Total                24001089                                      

Exporting sample images...
Replicating networks across 2 GPUs...
Initializing augmentations...
Setting up optimizers...
Constructing training graph...
Finalizing training ops...
Initializing metrics...
Training for 25000 kimg...

tick 0     kimg 0.1      time 4m 15s       sec/tick 52.9    sec/kimg 413.53  maintenance 202.4  gpumem 7.1   augment 0.001
Evaluating metrics...
network-snapshot-000000        time 5m 08s       fid50k_full 93.6185
tick 1     kimg 4.2      time 11m 33s      sec/tick 83.6    sec/kimg 20.40   maintenance 353.7  gpumem 7.1   augment 0.022
tick 2     kimg 8.3      time 12m 56s      sec/tick 83.7    sec/kimg 20.43   maintenance 0.0    gpumem 7.1   augment 0.037
tick 3     kimg 12.4     time 14m 22s      sec/tick 85.5    sec/kimg 20.87   maintenance 0.0    gpumem 7.1   augment 0.050
tick 4     kimg 16.5     time 15m 46s      sec/tick 84.1    sec/kimg 20.53   maintenance 0.0    gpumem 7.1   augment 0.060
tick 5     kimg 20.6     time 17m 10s      sec/tick 84.2    sec/kimg 20.56   maintenance 0.0    gpumem 7.1   augment 0.070
tick 6     kimg 24.7     time 18m 34s      sec/tick 84.0    sec/kimg 20.52   maintenance 0.0    gpumem 7.1   augment 0.081
tick 7     kimg 28.8     time 19m 59s      sec/tick 84.1    sec/kimg 20.54   maintenance 0.0    gpumem 7.1   augment 0.091
tick 8     kimg 32.9     time 21m 24s      sec/tick 85.2    sec/kimg 20.80   maintenance 0.0    gpumem 7.1   augment 0.091
tick 9     kimg 37.0     time 22m 48s      sec/tick 84.2    sec/kimg 20.56   maintenance 0.0    gpumem 7.1   augment 0.096
tick 10    kimg 41.1     time 24m 12s      sec/tick 84.1    sec/kimg 20.54   maintenance 0.0    gpumem 7.1   augment 0.099
tick 11    kimg 45.2     time 25m 36s      sec/tick 84.1    sec/kimg 20.52   maintenance 0.0    gpumem 7.1   augment 0.099
tick 12    kimg 49.3     time 27m 00s      sec/tick 84.1    sec/kimg 20.54   maintenance 0.0    gpumem 7.1   augment 0.088
tick 13    kimg 53.4     time 28m 26s      sec/tick 85.4    sec/kimg 20.84   maintenance 0.0    gpumem 7.1   augment 0.096
tick 14    kimg 57.5     time 29m 50s      sec/tick 84.1    sec/kimg 20.54   maintenance 0.0    gpumem 7.1   augment 0.104
tick 15    kimg 61.6     time 31m 14s      sec/tick 84.2    sec/kimg 20.56   maintenance 0.0    gpumem 7.1   augment 0.101
tick 16    kimg 65.7     time 32m 38s      sec/tick 84.1    sec/kimg 20.53   maintenance 0.0    gpumem 7.1   augment 0.093
tick 17    kimg 69.8     time 34m 03s      sec/tick 84.3    sec/kimg 20.57   maintenance 0.0    gpumem 7.1   augment 0.099
tick 18    kimg 73.9     time 35m 28s      sec/tick 85.3    sec/kimg 20.82   maintenance 0.0    gpumem 7.1   augment 0.101
tick 19    kimg 78.0     time 36m 52s      sec/tick 84.2    sec/kimg 20.55   maintenance 0.0    gpumem 7.1   augment 0.104
tick 20    kimg 82.0     time 38m 16s      sec/tick 84.1    sec/kimg 20.52   maintenance 0.0    gpumem 7.1   augment 0.104
tick 21    kimg 86.1     time 39m 41s      sec/tick 84.3    sec/kimg 20.58   maintenance 0.0    gpumem 7.1   augment 0.093
tick 22    kimg 90.2     time 41m 05s      sec/tick 84.1    sec/kimg 20.52   maintenance 0.0    gpumem 7.1   augment 0.104
tick 23    kimg 94.3     time 42m 30s      sec/tick 85.3    sec/kimg 20.82   maintenance 0.0    gpumem 7.1   augment 0.101
tick 24    kimg 98.4     time 43m 54s      sec/tick 84.1    sec/kimg 20.53   maintenance 0.0    gpumem 7.1   augment 0.101
tick 25    kimg 102.5    time 45m 19s      sec/tick 84.2    sec/kimg 20.55   maintenance 0.0    gpumem 7.1   augment 0.099
tick 26    kimg 106.6    time 46m 43s      sec/tick 84.2    sec/kimg 20.56   maintenance 0.0    gpumem 7.1   augment 0.104
tick 27    kimg 110.7    time 48m 07s      sec/tick 84.1    sec/kimg 20.52   maintenance 0.0    gpumem 7.1   augment 0.109
tick 28    kimg 114.8    time 49m 32s      sec/tick 85.4    sec/kimg 20.85   maintenance 0.0    gpumem 7.1   augment 0.114
tick 29    kimg 118.9    time 50m 57s      sec/tick 84.2    sec/kimg 20.56   maintenance 0.0    gpumem 7.1   augment 0.111
tick 30    kimg 123.0    time 52m 21s      sec/tick 84.2    sec/kimg 20.56   maintenance 0.0    gpumem 7.1   augment 0.104
Evaluating metrics...
network-snapshot-000123        time 5m 07s       fid50k_full 85.3436
tick 31    kimg 127.1    time 59m 09s      sec/tick 84.2    sec/kimg 20.56   maintenance 323.8  gpumem 7.1   augment 0.101
tick 32    kimg 131.2    time 1h 00m 33s   sec/tick 84.3    sec/kimg 20.58   maintenance 0.0    gpumem 7.1   augment 0.104
tick 33    kimg 135.3    time 1h 01m 59s   sec/tick 85.2    sec/kimg 20.81   maintenance 0.0    gpumem 7.1   augment 0.104
tick 34    kimg 139.4    time 1h 03m 25s   sec/tick 86.8    sec/kimg 21.19   maintenance 0.0    gpumem 7.1   augment 0.104
tick 35    kimg 143.5    time 1h 04m 50s   sec/tick 84.5    sec/kimg 20.64   maintenance 0.1    gpumem 7.1   augment 0.114
tick 36    kimg 147.6    time 1h 06m 14s   sec/tick 84.4    sec/kimg 20.60   maintenance 0.0    gpumem 7.1   augment 0.114
tick 37    kimg 151.7    time 1h 07m 39s   sec/tick 84.4    sec/kimg 20.60   maintenance 0.0    gpumem 7.1   augment 0.109
tick 38    kimg 155.8    time 1h 09m 05s   sec/tick 85.9    sec/kimg 20.97   maintenance 0.0    gpumem 7.1   augment 0.106
tick 39    kimg 159.9    time 1h 10m 30s   sec/tick 85.0    sec/kimg 20.76   maintenance 0.0    gpumem 7.1   augment 0.114
tick 40    kimg 164.0    time 1h 11m 54s   sec/tick 84.2    sec/kimg 20.55   maintenance 0.0    gpumem 7.1   augment 0.106
tick 41    kimg 168.1    time 1h 13m 18s   sec/tick 84.3    sec/kimg 20.58   maintenance 0.0    gpumem 7.1   augment 0.109
tick 42    kimg 172.2    time 1h 14m 43s   sec/tick 84.4    sec/kimg 20.62   maintenance 0.0    gpumem 7.1   augment 0.109
tick 43    kimg 176.3    time 1h 16m 08s   sec/tick 85.4    sec/kimg 20.84   maintenance 0.0    gpumem 7.1   augment 0.106
tick 44    kimg 180.4    time 1h 17m 33s   sec/tick 84.3    sec/kimg 20.59   maintenance 0.0    gpumem 7.1   augment 0.104
tick 45    kimg 184.4    time 1h 18m 57s   sec/tick 84.3    sec/kimg 20.57   maintenance 0.0    gpumem 7.1   augment 0.101
tick 46    kimg 188.5    time 1h 20m 21s   sec/tick 84.3    sec/kimg 20.58   maintenance 0.0    gpumem 7.1   augment 0.099
tick 47    kimg 192.6    time 1h 21m 46s   sec/tick 84.2    sec/kimg 20.56   maintenance 0.0    gpumem 7.1   augment 0.096
tick 48    kimg 196.7    time 1h 23m 11s   sec/tick 85.3    sec/kimg 20.83   maintenance 0.0    gpumem 7.1   augment 0.083
tick 49    kimg 200.8    time 1h 24m 35s   sec/tick 84.1    sec/kimg 20.54   maintenance 0.0    gpumem 7.1   augment 0.088
tick 50    kimg 204.9    time 1h 25m 59s   sec/tick 84.2    sec/kimg 20.56   maintenance 0.0    gpumem 7.1   augment 0.096
tick 51    kimg 209.0    time 1h 27m 24s   sec/tick 84.2    sec/kimg 20.56   maintenance 0.0    gpumem 7.1   augment 0.096
tick 52    kimg 213.1    time 1h 28m 48s   sec/tick 84.1    sec/kimg 20.54   maintenance 0.0    gpumem 7.1   augment 0.093
tick 53    kimg 217.2    time 1h 30m 13s   sec/tick 85.4    sec/kimg 20.86   maintenance 0.0    gpumem 7.1   augment 0.101
tick 54    kimg 221.3    time 1h 31m 38s   sec/tick 84.2    sec/kimg 20.55   maintenance 0.0    gpumem 7.1   augment 0.109
tick 55    kimg 225.4    time 1h 33m 02s   sec/tick 84.3    sec/kimg 20.58   maintenance 0.0    gpumem 7.1   augment 0.106
tick 56    kimg 229.5    time 1h 34m 26s   sec/tick 84.2    sec/kimg 20.56   maintenance 0.0    gpumem 7.1   augment 0.111
tick 57    kimg 233.6    time 1h 35m 50s   sec/tick 84.3    sec/kimg 20.57   maintenance 0.0    gpumem 7.1   augment 0.116
tick 58    kimg 237.7    time 1h 37m 16s   sec/tick 85.5    sec/kimg 20.88   maintenance 0.0    gpumem 7.1   augment 0.109
tick 59    kimg 241.8    time 1h 38m 40s   sec/tick 84.4    sec/kimg 20.60   maintenance 0.0    gpumem 7.1   augment 0.109
tick 60    kimg 245.9    time 1h 40m 05s   sec/tick 84.3    sec/kimg 20.57   maintenance 0.0    gpumem 7.1   augment 0.114
Evaluating metrics...
network-snapshot-000245        time 5m 10s       fid50k_full 79.5769
tick 61    kimg 250.0    time 1h 46m 58s   sec/tick 84.3    sec/kimg 20.59   maintenance 328.5  gpumem 7.1   augment 0.122
tick 62    kimg 254.1    time 1h 48m 22s   sec/tick 84.3    sec/kimg 20.57   maintenance 0.0    gpumem 7.1   augment 0.129
tick 63    kimg 258.2    time 1h 49m 47s   sec/tick 85.4    sec/kimg 20.85   maintenance 0.0    gpumem 7.1   augment 0.134
tick 64    kimg 262.3    time 1h 51m 12s   sec/tick 84.2    sec/kimg 20.56   maintenance 0.0    gpumem 7.1   augment 0.129
tick 65    kimg 266.4    time 1h 52m 36s   sec/tick 84.3    sec/kimg 20.58   maintenance 0.0    gpumem 7.1   augment 0.116
tick 66    kimg 270.5    time 1h 54m 00s   sec/tick 84.3    sec/kimg 20.58   maintenance 0.0    gpumem 7.1   augment 0.122
tick 67    kimg 274.6    time 1h 55m 25s   sec/tick 84.3    sec/kimg 20.57   maintenance 0.0    gpumem 7.1   augment 0.127
tick 68    kimg 278.7    time 1h 56m 50s   sec/tick 85.5    sec/kimg 20.87   maintenance 0.0    gpumem 7.1   augment 0.132
tick 69    kimg 282.8    time 1h 58m 15s   sec/tick 84.4    sec/kimg 20.60   maintenance 0.0    gpumem 7.1   augment 0.116
tick 70    kimg 286.8    time 1h 59m 39s   sec/tick 84.3    sec/kimg 20.57   maintenance 0.0    gpumem 7.1   augment 0.116
tick 71    kimg 290.9    time 2h 01m 03s   sec/tick 84.4    sec/kimg 20.60   maintenance 0.0    gpumem 7.1   augment 0.116
tick 72    kimg 295.0    time 2h 02m 28s   sec/tick 84.4    sec/kimg 20.60   maintenance 0.0    gpumem 7.1   augment 0.114
tick 73    kimg 299.1    time 2h 03m 53s   sec/tick 85.3    sec/kimg 20.83   maintenance 0.0    gpumem 7.1   augment 0.119
tick 74    kimg 303.2    time 2h 05m 17s   sec/tick 84.3    sec/kimg 20.59   maintenance 0.0    gpumem 7.1   augment 0.116
tick 75    kimg 307.3    time 2h 06m 42s   sec/tick 84.2    sec/kimg 20.57   maintenance 0.0    gpumem 7.1   augment 0.124
tick 76    kimg 311.4    time 2h 08m 06s   sec/tick 84.4    sec/kimg 20.59   maintenance 0.0    gpumem 7.1   augment 0.134
tick 77    kimg 315.5    time 2h 09m 31s   sec/tick 84.4    sec/kimg 20.61   maintenance 0.0    gpumem 7.1   augment 0.127
tick 78    kimg 319.6    time 2h 10m 56s   sec/tick 85.3    sec/kimg 20.82   maintenance 0.0    gpumem 7.1   augment 0.122
tick 79    kimg 323.7    time 2h 12m 20s   sec/tick 84.4    sec/kimg 20.60   maintenance 0.0    gpumem 7.1   augment 0.127
tick 80    kimg 327.8    time 2h 13m 45s   sec/tick 84.3    sec/kimg 20.58   maintenance 0.0    gpumem 7.1   augment 0.132
tick 81    kimg 331.9    time 2h 15m 09s   sec/tick 84.3    sec/kimg 20.58   maintenance 0.0    gpumem 7.1   augment 0.137
tick 82    kimg 336.0    time 2h 16m 33s   sec/tick 84.4    sec/kimg 20.60   maintenance 0.0    gpumem 7.1   augment 0.132
tick 83    kimg 340.1    time 2h 17m 59s   sec/tick 85.3    sec/kimg 20.82   maintenance 0.0    gpumem 7.1   augment 0.132
tick 84    kimg 344.2    time 2h 19m 23s   sec/tick 84.3    sec/kimg 20.58   maintenance 0.0    gpumem 7.1   augment 0.122
tick 85    kimg 348.3    time 2h 20m 47s   sec/tick 84.3    sec/kimg 20.59   maintenance 0.0    gpumem 7.1   augment 0.122
tick 86    kimg 352.4    time 2h 22m 12s   sec/tick 84.2    sec/kimg 20.56   maintenance 0.0    gpumem 7.1   augment 0.119
tick 87    kimg 356.5    time 2h 23m 36s   sec/tick 84.4    sec/kimg 20.59   maintenance 0.0    gpumem 7.1   augment 0.119
tick 88    kimg 360.6    time 2h 25m 02s   sec/tick 85.4    sec/kimg 20.84   maintenance 0.0    gpumem 7.1   augment 0.124
tick 89    kimg 364.7    time 2h 26m 26s   sec/tick 84.3    sec/kimg 20.58   maintenance 0.0    gpumem 7.1   augment 0.137
tick 90    kimg 368.8    time 2h 27m 50s   sec/tick 84.4    sec/kimg 20.60   maintenance 0.0    gpumem 7.1   augment 0.137
Evaluating metrics...
network-snapshot-000368        time 5m 06s       fid50k_full 73.8693
tick 91    kimg 372.9    time 2h 34m 39s   sec/tick 84.4    sec/kimg 20.61   maintenance 324.3  gpumem 7.1   augment 0.137
tick 92    kimg 377.0    time 2h 36m 03s   sec/tick 84.4    sec/kimg 20.62   maintenance 0.0    gpumem 7.1   augment 0.137
tick 93    kimg 381.1    time 2h 37m 29s   sec/tick 85.4    sec/kimg 20.86   maintenance 0.0    gpumem 7.1   augment 0.142
tick 94    kimg 385.2    time 2h 38m 53s   sec/tick 84.4    sec/kimg 20.60   maintenance 0.1    gpumem 7.1   augment 0.137
tick 95    kimg 389.2    time 2h 40m 18s   sec/tick 84.4    sec/kimg 20.60   maintenance 0.0    gpumem 7.1   augment 0.137
tick 96    kimg 393.3    time 2h 41m 42s   sec/tick 84.4    sec/kimg 20.59   maintenance 0.0    gpumem 7.1   augment 0.137
tick 97    kimg 397.4    time 2h 43m 06s   sec/tick 84.2    sec/kimg 20.57   maintenance 0.0    gpumem 7.1   augment 0.140
tick 98    kimg 401.5    time 2h 44m 32s   sec/tick 85.5    sec/kimg 20.86   maintenance 0.0    gpumem 7.1   augment 0.137
tick 99    kimg 405.6    time 2h 45m 56s   sec/tick 84.4    sec/kimg 20.61   maintenance 0.0    gpumem 7.1   augment 0.137
tick 100   kimg 409.7    time 2h 47m 21s   sec/tick 84.3    sec/kimg 20.58   maintenance 0.0    gpumem 7.1   augment 0.129
tick 101   kimg 413.8    time 2h 48m 45s   sec/tick 84.4    sec/kimg 20.61   maintenance 0.0    gpumem 7.1   augment 0.145
tick 102   kimg 417.9    time 2h 50m 10s   sec/tick 84.4    sec/kimg 20.60   maintenance 0.0    gpumem 7.1   augment 0.140
tick 103   kimg 422.0    time 2h 51m 35s   sec/tick 85.1    sec/kimg 20.76   maintenance 0.0    gpumem 7.1   augment 0.142
tick 104   kimg 426.1    time 2h 53m 01s   sec/tick 85.8    sec/kimg 20.94   maintenance 0.0    gpumem 7.1   augment 0.132
tick 105   kimg 430.2    time 2h 54m 25s   sec/tick 84.3    sec/kimg 20.58   maintenance 0.0    gpumem 7.1   augment 0.140
tick 106   kimg 434.3    time 2h 55m 49s   sec/tick 84.5    sec/kimg 20.63   maintenance 0.0    gpumem 7.1   augment 0.147
tick 107   kimg 438.4    time 2h 57m 14s   sec/tick 84.5    sec/kimg 20.62   maintenance 0.0    gpumem 7.1   augment 0.145
tick 108   kimg 442.5    time 2h 58m 39s   sec/tick 85.3    sec/kimg 20.82   maintenance 0.0    gpumem 7.1   augment 0.142
tick 109   kimg 446.6    time 3h 00m 04s   sec/tick 84.7    sec/kimg 20.69   maintenance 0.1    gpumem 7.1   augment 0.152
tick 110   kimg 450.7    time 3h 01m 29s   sec/tick 84.5    sec/kimg 20.63   maintenance 0.0    gpumem 7.1   augment 0.155
tick 111   kimg 454.8    time 3h 02m 53s   sec/tick 84.5    sec/kimg 20.63   maintenance 0.0    gpumem 7.1   augment 0.157
tick 112   kimg 458.9    time 3h 04m 18s   sec/tick 84.5    sec/kimg 20.63   maintenance 0.0    gpumem 7.1   augment 0.157
tick 113   kimg 463.0    time 3h 05m 43s   sec/tick 85.0    sec/kimg 20.75   maintenance 0.0    gpumem 7.1   augment 0.152
tick 114   kimg 467.1    time 3h 07m 08s   sec/tick 84.8    sec/kimg 20.71   maintenance 0.0    gpumem 7.1   augment 0.150
tick 115   kimg 471.2    time 3h 08m 32s   sec/tick 84.5    sec/kimg 20.62   maintenance 0.0    gpumem 7.1   augment 0.150
tick 116   kimg 475.3    time 3h 09m 57s   sec/tick 84.5    sec/kimg 20.62   maintenance 0.0    gpumem 7.1   augment 0.155
tick 117   kimg 479.4    time 3h 11m 21s   sec/tick 84.4    sec/kimg 20.60   maintenance 0.0    gpumem 7.1   augment 0.157
tick 118   kimg 483.5    time 3h 12m 46s   sec/tick 85.0    sec/kimg 20.74   maintenance 0.0    gpumem 7.1   augment 0.155
tick 119   kimg 487.6    time 3h 14m 11s   sec/tick 84.9    sec/kimg 20.72   maintenance 0.1    gpumem 7.1   augment 0.147
tick 120   kimg 491.6    time 3h 15m 35s   sec/tick 84.4    sec/kimg 20.60   maintenance 0.0    gpumem 7.1   augment 0.150
Evaluating metrics...
network-snapshot-000491        time 5m 08s       fid50k_full 72.3479
tick 121   kimg 495.7    time 3h 22m 26s   sec/tick 84.4    sec/kimg 20.60   maintenance 326.3  gpumem 7.1   augment 0.150
tick 122   kimg 499.8    time 3h 23m 50s   sec/tick 84.3    sec/kimg 20.59   maintenance 0.0    gpumem 7.1   augment 0.147
tick 123   kimg 503.9    time 3h 25m 15s   sec/tick 84.8    sec/kimg 20.70   maintenance 0.0    gpumem 7.1   augment 0.152
tick 124   kimg 508.0    time 3h 26m 40s   sec/tick 85.1    sec/kimg 20.77   maintenance 0.0    gpumem 7.1   augment 0.170
tick 125   kimg 512.1    time 3h 28m 05s   sec/tick 84.5    sec/kimg 20.63   maintenance 0.0    gpumem 7.1   augment 0.180
tick 126   kimg 516.2    time 3h 29m 29s   sec/tick 84.6    sec/kimg 20.65   maintenance 0.0    gpumem 7.1   augment 0.173
tick 127   kimg 520.3    time 3h 30m 54s   sec/tick 84.5    sec/kimg 20.63   maintenance 0.0    gpumem 7.1   augment 0.175
tick 128   kimg 524.4    time 3h 32m 19s   sec/tick 84.8    sec/kimg 20.71   maintenance 0.0    gpumem 7.1   augment 0.180
tick 129   kimg 528.5    time 3h 33m 44s   sec/tick 85.2    sec/kimg 20.80   maintenance 0.0    gpumem 7.1   augment 0.183
tick 130   kimg 532.6    time 3h 35m 09s   sec/tick 84.5    sec/kimg 20.63   maintenance 0.0    gpumem 7.1   augment 0.175
tick 131   kimg 536.7    time 3h 36m 33s   sec/tick 84.5    sec/kimg 20.64   maintenance 0.0    gpumem 7.1   augment 0.186
tick 132   kimg 540.8    time 3h 37m 58s   sec/tick 84.5    sec/kimg 20.64   maintenance 0.0    gpumem 7.1   augment 0.173
tick 133   kimg 544.9    time 3h 39m 23s   sec/tick 84.8    sec/kimg 20.70   maintenance 0.0    gpumem 7.1   augment 0.165
tick 134   kimg 549.0    time 3h 40m 48s   sec/tick 85.3    sec/kimg 20.82   maintenance 0.1    gpumem 7.1   augment 0.165
tick 135   kimg 553.1    time 3h 42m 13s   sec/tick 84.6    sec/kimg 20.65   maintenance 0.0    gpumem 7.1   augment 0.170
tick 136   kimg 557.2    time 3h 43m 37s   sec/tick 84.5    sec/kimg 20.62   maintenance 0.0    gpumem 7.1   augment 0.173
tick 137   kimg 561.3    time 3h 45m 02s   sec/tick 84.5    sec/kimg 20.62   maintenance 0.0    gpumem 7.1   augment 0.165
tick 138   kimg 565.4    time 3h 46m 26s   sec/tick 84.6    sec/kimg 20.66   maintenance 0.0    gpumem 7.1   augment 0.168
tick 139   kimg 569.5    time 3h 47m 52s   sec/tick 85.3    sec/kimg 20.83   maintenance 0.1    gpumem 7.1   augment 0.163
tick 140   kimg 573.6    time 3h 49m 16s   sec/tick 84.6    sec/kimg 20.65   maintenance 0.0    gpumem 7.1   augment 0.165
tick 141   kimg 577.7    time 3h 50m 41s   sec/tick 84.5    sec/kimg 20.63   maintenance 0.0    gpumem 7.1   augment 0.160
tick 142   kimg 581.8    time 3h 52m 05s   sec/tick 84.5    sec/kimg 20.62   maintenance 0.0    gpumem 7.1   augment 0.163
tick 143   kimg 585.9    time 3h 53m 30s   sec/tick 84.5    sec/kimg 20.64   maintenance 0.0    gpumem 7.1   augment 0.160
tick 144   kimg 590.0    time 3h 54m 55s   sec/tick 85.2    sec/kimg 20.81   maintenance 0.0    gpumem 7.1   augment 0.160
tick 145   kimg 594.0    time 3h 56m 20s   sec/tick 84.5    sec/kimg 20.62   maintenance 0.0    gpumem 7.1   augment 0.152
tick 146   kimg 598.1    time 3h 57m 44s   sec/tick 84.5    sec/kimg 20.63   maintenance 0.0    gpumem 7.1   augment 0.152
tick 147   kimg 602.2    time 3h 59m 09s   sec/tick 84.5    sec/kimg 20.63   maintenance 0.0    gpumem 7.1   augment 0.152
tick 148   kimg 606.3    time 4h 00m 33s   sec/tick 84.4    sec/kimg 20.61   maintenance 0.0    gpumem 7.1   augment 0.152
tick 149   kimg 610.4    time 4h 01m 59s   sec/tick 85.5    sec/kimg 20.88   maintenance 0.0    gpumem 7.1   augment 0.155
tick 150   kimg 614.5    time 4h 03m 23s   sec/tick 84.5    sec/kimg 20.62   maintenance 0.0    gpumem 7.1   augment 0.157
Evaluating metrics...
network-snapshot-000614        time 5m 06s       fid50k_full 70.0117
tick 151   kimg 618.6    time 4h 10m 12s   sec/tick 84.4    sec/kimg 20.60   maintenance 324.5  gpumem 7.1   augment 0.150
tick 152   kimg 622.7    time 4h 11m 37s   sec/tick 84.4    sec/kimg 20.60   maintenance 0.0    gpumem 7.1   augment 0.150
tick 153   kimg 626.8    time 4h 13m 01s   sec/tick 84.4    sec/kimg 20.61   maintenance 0.0    gpumem 7.1   augment 0.160
