/lustre/work/chaselab/malyetama
Tensorflow version: 1.14.0
/work/chaselab/malyetama/ADA_Project/training_runs/metfaces_training-runs/00003-metfaces_custom-auto2-resumecustom/network-snapshot-000411.pkl
Sat Mar 20 00:14:03 2021       
+-----------------------------------------------------------------------------+
| NVIDIA-SMI 450.51.06    Driver Version: 450.51.06    CUDA Version: 11.0     |
|-------------------------------+----------------------+----------------------+
| GPU  Name        Persistence-M| Bus-Id        Disp.A | Volatile Uncorr. ECC |
| Fan  Temp  Perf  Pwr:Usage/Cap|         Memory-Usage | GPU-Util  Compute M. |
|                               |                      |               MIG M. |
|===============================+======================+======================|
|   0  Tesla V100S-PCI...  Off  | 00000000:60:00.0 Off |                    0 |
| N/A   38C    P0    36W / 250W |    311MiB / 32510MiB |      0%      Default |
|                               |                      |                  N/A |
+-------------------------------+----------------------+----------------------+
|   1  Tesla V100S-PCI...  Off  | 00000000:DA:00.0 Off |                    0 |
| N/A   35C    P0    36W / 250W |    311MiB / 32510MiB |      0%      Default |
|                               |                      |                  N/A |
+-------------------------------+----------------------+----------------------+
                                                                               
+-----------------------------------------------------------------------------+
| Processes:                                                                  |
|  GPU   GI   CI        PID   Type   Process name                  GPU Memory |
|        ID   ID                                                   Usage      |
|=============================================================================|
|    0   N/A  N/A    112538      C   ...a/envs/ada-env/bin/python      307MiB |
|    1   N/A  N/A    112538      C   ...a/envs/ada-env/bin/python      307MiB |
+-----------------------------------------------------------------------------+

Training options:
{
  "G_args": {
    "func_name": "training.networks.G_main",
    "fmap_base": 16384,
    "fmap_max": 512,
    "mapping_layers": 2,
    "num_fp16_res": 4,
    "conv_clamp": 256
  },
  "D_args": {
    "func_name": "training.networks.D_main",
    "mbstd_group_size": 4,
    "fmap_base": 16384,
    "fmap_max": 512,
    "num_fp16_res": 4,
    "conv_clamp": 256
  },
  "G_opt_args": {
    "beta1": 0.0,
    "beta2": 0.99,
    "learning_rate": 0.0025
  },
  "D_opt_args": {
    "beta1": 0.0,
    "beta2": 0.99,
    "learning_rate": 0.0025
  },
  "loss_args": {
    "func_name": "training.loss.stylegan2",
    "r1_gamma": 3.2768
  },
  "augment_args": {
    "class_name": "training.augment.AdaptiveAugment",
    "tune_heuristic": "rt",
    "tune_target": 0.6,
    "apply_func": "training.augment.augment_pipeline",
    "apply_args": {
      "xflip": 1,
      "rotate90": 1,
      "xint": 1,
      "scale": 1,
      "rotate": 1,
      "aniso": 1,
      "xfrac": 1,
      "brightness": 1,
      "contrast": 1,
      "lumaflip": 1,
      "hue": 1,
      "saturation": 1
    },
    "tune_kimg": 100
  },
  "num_gpus": 2,
  "image_snapshot_ticks": 30,
  "network_snapshot_ticks": 30,
  "train_dataset_args": {
    "path": "/work/chaselab/malyetama/ADA_Project/datasets/metfaces_custom",
    "max_label_size": 0,
    "resolution": 512,
    "mirror_augment": false
  },
  "metric_arg_list": [
    {
      "name": "fid50k_full",
      "class_name": "metrics.frechet_inception_distance.FID",
      "max_reals": null,
      "num_fakes": 50000,
      "minibatch_per_gpu": 8,
      "force_dataset_args": {
        "shuffle": false,
        "max_images": null,
        "repeat": false,
        "mirror_augment": false
      }
    }
  ],
  "metric_dataset_args": {
    "path": "/work/chaselab/malyetama/ADA_Project/datasets/metfaces_custom",
    "max_label_size": 0,
    "resolution": 512,
    "mirror_augment": false
  },
  "total_kimg": 25000,
  "minibatch_size": 16,
  "minibatch_gpu": 8,
  "G_smoothing_kimg": 5.0,
  "G_smoothing_rampup": null,
  "resume_pkl": "/work/chaselab/malyetama/ADA_Project/training_runs/metfaces_training-runs/00003-metfaces_custom-auto2-resumecustom/network-snapshot-000411.pkl",
  "run_dir": "/work/chaselab/malyetama/ADA_Project/training_runs/metfaces_training-runs/00004-metfaces_custom-auto2-resumecustom"
}

Output directory:  /work/chaselab/malyetama/ADA_Project/training_runs/metfaces_training-runs/00004-metfaces_custom-auto2-resumecustom
Training data:     /work/chaselab/malyetama/ADA_Project/datasets/metfaces_custom
Training length:   25000 kimg
Resolution:        512
Number of GPUs:    2

Dry run; exiting.

Training options:
{
  "G_args": {
    "func_name": "training.networks.G_main",
    "fmap_base": 16384,
    "fmap_max": 512,
    "mapping_layers": 2,
    "num_fp16_res": 4,
    "conv_clamp": 256
  },
  "D_args": {
    "func_name": "training.networks.D_main",
    "mbstd_group_size": 4,
    "fmap_base": 16384,
    "fmap_max": 512,
    "num_fp16_res": 4,
    "conv_clamp": 256
  },
  "G_opt_args": {
    "beta1": 0.0,
    "beta2": 0.99,
    "learning_rate": 0.0025
  },
  "D_opt_args": {
    "beta1": 0.0,
    "beta2": 0.99,
    "learning_rate": 0.0025
  },
  "loss_args": {
    "func_name": "training.loss.stylegan2",
    "r1_gamma": 3.2768
  },
  "augment_args": {
    "class_name": "training.augment.AdaptiveAugment",
    "tune_heuristic": "rt",
    "tune_target": 0.6,
    "apply_func": "training.augment.augment_pipeline",
    "apply_args": {
      "xflip": 1,
      "rotate90": 1,
      "xint": 1,
      "scale": 1,
      "rotate": 1,
      "aniso": 1,
      "xfrac": 1,
      "brightness": 1,
      "contrast": 1,
      "lumaflip": 1,
      "hue": 1,
      "saturation": 1
    },
    "tune_kimg": 100
  },
  "num_gpus": 2,
  "image_snapshot_ticks": 30,
  "network_snapshot_ticks": 30,
  "train_dataset_args": {
    "path": "/work/chaselab/malyetama/ADA_Project/datasets/metfaces_custom",
    "max_label_size": 0,
    "resolution": 512,
    "mirror_augment": false
  },
  "metric_arg_list": [
    {
      "name": "fid50k_full",
      "class_name": "metrics.frechet_inception_distance.FID",
      "max_reals": null,
      "num_fakes": 50000,
      "minibatch_per_gpu": 8,
      "force_dataset_args": {
        "shuffle": false,
        "max_images": null,
        "repeat": false,
        "mirror_augment": false
      }
    }
  ],
  "metric_dataset_args": {
    "path": "/work/chaselab/malyetama/ADA_Project/datasets/metfaces_custom",
    "max_label_size": 0,
    "resolution": 512,
    "mirror_augment": false
  },
  "total_kimg": 25000,
  "minibatch_size": 16,
  "minibatch_gpu": 8,
  "G_smoothing_kimg": 5.0,
  "G_smoothing_rampup": null,
  "resume_pkl": "/work/chaselab/malyetama/ADA_Project/training_runs/metfaces_training-runs/00003-metfaces_custom-auto2-resumecustom/network-snapshot-000411.pkl",
  "run_dir": "/work/chaselab/malyetama/ADA_Project/training_runs/metfaces_training-runs/00004-metfaces_custom-auto2-resumecustom"
}

Output directory:  /work/chaselab/malyetama/ADA_Project/training_runs/metfaces_training-runs/00004-metfaces_custom-auto2-resumecustom
Training data:     /work/chaselab/malyetama/ADA_Project/datasets/metfaces_custom
Training length:   25000 kimg
Resolution:        512
Number of GPUs:    2

Creating output directory...
Loading training set...
Image shape: [3, 512, 512]
Label shape: [0]

Constructing networks...
Setting up TensorFlow plugin "fused_bias_act.cu": Loading... Done.
Setting up TensorFlow plugin "upfirdn_2d.cu": Loading... Done.
Resuming from "/work/chaselab/malyetama/ADA_Project/training_runs/metfaces_training-runs/00003-metfaces_custom-auto2-resumecustom/network-snapshot-000411.pkl"

G                             Params    OutputShape         WeightShape     
---                           ---       ---                 ---             
latents_in                    -         (?, 512)            -               
labels_in                     -         (?, 0)              -               
G_mapping/Normalize           -         (?, 512)            -               
G_mapping/Dense0              262656    (?, 512)            (512, 512)      
G_mapping/Dense1              262656    (?, 512)            (512, 512)      
G_mapping/Broadcast           -         (?, 16, 512)        -               
dlatent_avg                   -         (512,)              -               
Truncation/Lerp               -         (?, 16, 512)        -               
G_synthesis/4x4/Const         8192      (?, 512, 4, 4)      (1, 512, 4, 4)  
G_synthesis/4x4/Conv          2622465   (?, 512, 4, 4)      (3, 3, 512, 512)
G_synthesis/4x4/ToRGB         264195    (?, 3, 4, 4)        (1, 1, 512, 3)  
G_synthesis/8x8/Conv0_up      2622465   (?, 512, 8, 8)      (3, 3, 512, 512)
G_synthesis/8x8/Conv1         2622465   (?, 512, 8, 8)      (3, 3, 512, 512)
G_synthesis/8x8/Upsample      -         (?, 3, 8, 8)        -               
G_synthesis/8x8/ToRGB         264195    (?, 3, 8, 8)        (1, 1, 512, 3)  
G_synthesis/16x16/Conv0_up    2622465   (?, 512, 16, 16)    (3, 3, 512, 512)
G_synthesis/16x16/Conv1       2622465   (?, 512, 16, 16)    (3, 3, 512, 512)
G_synthesis/16x16/Upsample    -         (?, 3, 16, 16)      -               
G_synthesis/16x16/ToRGB       264195    (?, 3, 16, 16)      (1, 1, 512, 3)  
G_synthesis/32x32/Conv0_up    2622465   (?, 512, 32, 32)    (3, 3, 512, 512)
G_synthesis/32x32/Conv1       2622465   (?, 512, 32, 32)    (3, 3, 512, 512)
G_synthesis/32x32/Upsample    -         (?, 3, 32, 32)      -               
G_synthesis/32x32/ToRGB       264195    (?, 3, 32, 32)      (1, 1, 512, 3)  
G_synthesis/64x64/Conv0_up    2622465   (?, 512, 64, 64)    (3, 3, 512, 512)
G_synthesis/64x64/Conv1       2622465   (?, 512, 64, 64)    (3, 3, 512, 512)
G_synthesis/64x64/Upsample    -         (?, 3, 64, 64)      -               
G_synthesis/64x64/ToRGB       264195    (?, 3, 64, 64)      (1, 1, 512, 3)  
G_synthesis/128x128/Conv0_up  1442561   (?, 256, 128, 128)  (3, 3, 512, 256)
G_synthesis/128x128/Conv1     721409    (?, 256, 128, 128)  (3, 3, 256, 256)
G_synthesis/128x128/Upsample  -         (?, 3, 128, 128)    -               
G_synthesis/128x128/ToRGB     132099    (?, 3, 128, 128)    (1, 1, 256, 3)  
G_synthesis/256x256/Conv0_up  426369    (?, 128, 256, 256)  (3, 3, 256, 128)
G_synthesis/256x256/Conv1     213249    (?, 128, 256, 256)  (3, 3, 128, 128)
G_synthesis/256x256/Upsample  -         (?, 3, 256, 256)    -               
G_synthesis/256x256/ToRGB     66051     (?, 3, 256, 256)    (1, 1, 128, 3)  
G_synthesis/512x512/Conv0_up  139457    (?, 64, 512, 512)   (3, 3, 128, 64) 
G_synthesis/512x512/Conv1     69761     (?, 64, 512, 512)   (3, 3, 64, 64)  
G_synthesis/512x512/Upsample  -         (?, 3, 512, 512)    -               
G_synthesis/512x512/ToRGB     33027     (?, 3, 512, 512)    (1, 1, 64, 3)   
---                           ---       ---                 ---             
Total                         28700647                                      


D                    Params    OutputShape         WeightShape     
---                  ---       ---                 ---             
images_in            -         (?, 3, 512, 512)    -               
labels_in            -         (?, 0)              -               
512x512/FromRGB      256       (?, 64, 512, 512)   (1, 1, 3, 64)   
512x512/Conv0        36928     (?, 64, 512, 512)   (3, 3, 64, 64)  
512x512/Conv1_down   73856     (?, 128, 256, 256)  (3, 3, 64, 128) 
512x512/Skip         8192      (?, 128, 256, 256)  (1, 1, 64, 128) 
256x256/Conv0        147584    (?, 128, 256, 256)  (3, 3, 128, 128)
256x256/Conv1_down   295168    (?, 256, 128, 128)  (3, 3, 128, 256)
256x256/Skip         32768     (?, 256, 128, 128)  (1, 1, 128, 256)
128x128/Conv0        590080    (?, 256, 128, 128)  (3, 3, 256, 256)
128x128/Conv1_down   1180160   (?, 512, 64, 64)    (3, 3, 256, 512)
128x128/Skip         131072    (?, 512, 64, 64)    (1, 1, 256, 512)
64x64/Conv0          2359808   (?, 512, 64, 64)    (3, 3, 512, 512)
64x64/Conv1_down     2359808   (?, 512, 32, 32)    (3, 3, 512, 512)
64x64/Skip           262144    (?, 512, 32, 32)    (1, 1, 512, 512)
32x32/Conv0          2359808   (?, 512, 32, 32)    (3, 3, 512, 512)
32x32/Conv1_down     2359808   (?, 512, 16, 16)    (3, 3, 512, 512)
32x32/Skip           262144    (?, 512, 16, 16)    (1, 1, 512, 512)
16x16/Conv0          2359808   (?, 512, 16, 16)    (3, 3, 512, 512)
16x16/Conv1_down     2359808   (?, 512, 8, 8)      (3, 3, 512, 512)
16x16/Skip           262144    (?, 512, 8, 8)      (1, 1, 512, 512)
8x8/Conv0            2359808   (?, 512, 8, 8)      (3, 3, 512, 512)
8x8/Conv1_down       2359808   (?, 512, 4, 4)      (3, 3, 512, 512)
8x8/Skip             262144    (?, 512, 4, 4)      (1, 1, 512, 512)
4x4/MinibatchStddev  -         (?, 513, 4, 4)      -               
4x4/Conv             2364416   (?, 512, 4, 4)      (3, 3, 513, 512)
4x4/Dense0           4194816   (?, 512)            (8192, 512)     
Output               513       (?, 1)              (512, 1)        
---                  ---       ---                 ---             
Total                28982849                                      

Exporting sample images...
Replicating networks across 2 GPUs...
Initializing augmentations...
Setting up optimizers...
Constructing training graph...
Finalizing training ops...
Initializing metrics...
Training for 25000 kimg...

tick 0     kimg 0.1      time 3m 14s       sec/tick 49.5    sec/kimg 772.77  maintenance 144.3  gpumem 9.9   augment 0.001
Evaluating metrics...
network-snapshot-000000        time 8m 31s       fid50k_full 33.2790
tick 1     kimg 4.1      time 16m 19s      sec/tick 230.2   sec/kimg 57.09   maintenance 555.2  gpumem 9.9   augment 0.032
tick 2     kimg 8.1      time 20m 11s      sec/tick 231.7   sec/kimg 57.47   maintenance 0.0    gpumem 9.9   augment 0.062
tick 3     kimg 12.2     time 24m 04s      sec/tick 232.9   sec/kimg 57.77   maintenance 0.0    gpumem 9.9   augment 0.088
tick 4     kimg 16.2     time 27m 57s      sec/tick 233.2   sec/kimg 57.83   maintenance 0.0    gpumem 9.9   augment 0.103
tick 5     kimg 20.2     time 31m 50s      sec/tick 232.5   sec/kimg 57.67   maintenance 0.0    gpumem 9.9   augment 0.115
tick 6     kimg 24.3     time 35m 43s      sec/tick 233.7   sec/kimg 57.96   maintenance 0.0    gpumem 9.9   augment 0.126
tick 7     kimg 28.3     time 39m 36s      sec/tick 233.0   sec/kimg 57.78   maintenance 0.0    gpumem 9.9   augment 0.134
tick 8     kimg 32.3     time 43m 30s      sec/tick 233.4   sec/kimg 57.88   maintenance 0.0    gpumem 9.9   augment 0.139
tick 9     kimg 36.4     time 47m 23s      sec/tick 233.4   sec/kimg 57.88   maintenance 0.0    gpumem 9.9   augment 0.142
tick 10    kimg 40.4     time 51m 17s      sec/tick 233.6   sec/kimg 57.93   maintenance 0.0    gpumem 9.9   augment 0.148
tick 11    kimg 44.4     time 55m 10s      sec/tick 233.6   sec/kimg 57.94   maintenance 0.0    gpumem 9.9   augment 0.151
tick 12    kimg 48.4     time 59m 04s      sec/tick 234.0   sec/kimg 58.05   maintenance 0.0    gpumem 9.9   augment 0.154
tick 13    kimg 52.5     time 1h 02m 58s   sec/tick 233.7   sec/kimg 57.95   maintenance 0.0    gpumem 9.9   augment 0.156
tick 14    kimg 56.5     time 1h 06m 52s   sec/tick 234.2   sec/kimg 58.09   maintenance 0.0    gpumem 9.9   augment 0.153
tick 15    kimg 60.5     time 1h 10m 46s   sec/tick 233.7   sec/kimg 57.96   maintenance 0.2    gpumem 9.9   augment 0.150
tick 16    kimg 64.6     time 1h 14m 40s   sec/tick 233.5   sec/kimg 57.90   maintenance 0.0    gpumem 9.9   augment 0.150
tick 17    kimg 68.6     time 1h 18m 32s   sec/tick 232.5   sec/kimg 57.65   maintenance 0.0    gpumem 9.9   augment 0.150
tick 18    kimg 72.6     time 1h 22m 26s   sec/tick 233.5   sec/kimg 57.92   maintenance 0.0    gpumem 9.9   augment 0.149
tick 19    kimg 76.7     time 1h 26m 19s   sec/tick 233.4   sec/kimg 57.88   maintenance 0.0    gpumem 9.9   augment 0.143
tick 20    kimg 80.7     time 1h 30m 13s   sec/tick 233.6   sec/kimg 57.94   maintenance 0.0    gpumem 9.9   augment 0.145
tick 21    kimg 84.7     time 1h 34m 06s   sec/tick 232.7   sec/kimg 57.72   maintenance 0.0    gpumem 9.9   augment 0.154
tick 22    kimg 88.8     time 1h 37m 59s   sec/tick 233.6   sec/kimg 57.93   maintenance 0.0    gpumem 9.9   augment 0.154
tick 23    kimg 92.8     time 1h 41m 52s   sec/tick 232.9   sec/kimg 57.77   maintenance 0.0    gpumem 9.9   augment 0.150
tick 24    kimg 96.8     time 1h 45m 46s   sec/tick 233.5   sec/kimg 57.92   maintenance 0.0    gpumem 9.9   augment 0.153
tick 25    kimg 100.9    time 1h 49m 39s   sec/tick 233.1   sec/kimg 57.81   maintenance 0.0    gpumem 9.9   augment 0.157
tick 26    kimg 104.9    time 1h 53m 32s   sec/tick 233.2   sec/kimg 57.84   maintenance 0.0    gpumem 9.9   augment 0.158
tick 27    kimg 108.9    time 1h 57m 26s   sec/tick 233.7   sec/kimg 57.96   maintenance 0.0    gpumem 9.9   augment 0.160
tick 28    kimg 113.0    time 2h 01m 20s   sec/tick 234.0   sec/kimg 58.04   maintenance 0.0    gpumem 9.9   augment 0.159
tick 29    kimg 117.0    time 2h 05m 13s   sec/tick 232.7   sec/kimg 57.71   maintenance 0.0    gpumem 9.9   augment 0.164
tick 30    kimg 121.0    time 2h 09m 06s   sec/tick 233.1   sec/kimg 57.82   maintenance 0.0    gpumem 9.9   augment 0.168
Evaluating metrics...
network-snapshot-000121        time 8m 33s       fid50k_full 30.8792
tick 31    kimg 125.1    time 2h 21m 53s   sec/tick 233.9   sec/kimg 58.01   maintenance 533.7  gpumem 9.9   augment 0.174
tick 32    kimg 129.1    time 2h 25m 46s   sec/tick 233.1   sec/kimg 57.82   maintenance 0.0    gpumem 9.9   augment 0.180
tick 33    kimg 133.1    time 2h 29m 39s   sec/tick 232.8   sec/kimg 57.73   maintenance 0.0    gpumem 9.9   augment 0.165
tick 34    kimg 137.2    time 2h 33m 33s   sec/tick 233.6   sec/kimg 57.94   maintenance 0.0    gpumem 9.9   augment 0.166
tick 35    kimg 141.2    time 2h 37m 27s   sec/tick 233.9   sec/kimg 58.02   maintenance 0.0    gpumem 9.9   augment 0.161
tick 36    kimg 145.2    time 2h 41m 20s   sec/tick 233.1   sec/kimg 57.80   maintenance 0.0    gpumem 9.9   augment 0.167
tick 37    kimg 149.2    time 2h 45m 13s   sec/tick 233.4   sec/kimg 57.89   maintenance 0.0    gpumem 9.9   augment 0.174
tick 38    kimg 153.3    time 2h 49m 08s   sec/tick 234.1   sec/kimg 58.06   maintenance 0.0    gpumem 9.9   augment 0.180
tick 39    kimg 157.3    time 2h 53m 01s   sec/tick 233.7   sec/kimg 57.97   maintenance 0.0    gpumem 9.9   augment 0.173
tick 40    kimg 161.3    time 2h 56m 56s   sec/tick 234.3   sec/kimg 58.10   maintenance 0.0    gpumem 9.9   augment 0.177
tick 41    kimg 165.4    time 3h 00m 49s   sec/tick 233.6   sec/kimg 57.94   maintenance 0.0    gpumem 9.9   augment 0.177
tick 42    kimg 169.4    time 3h 04m 44s   sec/tick 234.5   sec/kimg 58.16   maintenance 0.0    gpumem 9.9   augment 0.176
tick 43    kimg 173.4    time 3h 08m 38s   sec/tick 233.9   sec/kimg 58.02   maintenance 0.0    gpumem 9.9   augment 0.177
tick 44    kimg 177.5    time 3h 12m 32s   sec/tick 234.6   sec/kimg 58.17   maintenance 0.0    gpumem 9.9   augment 0.176
tick 45    kimg 181.5    time 3h 16m 27s   sec/tick 234.2   sec/kimg 58.08   maintenance 0.0    gpumem 9.9   augment 0.178
tick 46    kimg 185.5    time 3h 20m 21s   sec/tick 234.4   sec/kimg 58.13   maintenance 0.0    gpumem 9.9   augment 0.179
tick 47    kimg 189.6    time 3h 24m 15s   sec/tick 234.1   sec/kimg 58.06   maintenance 0.0    gpumem 9.9   augment 0.183
tick 48    kimg 193.6    time 3h 28m 10s   sec/tick 234.3   sec/kimg 58.11   maintenance 0.0    gpumem 9.9   augment 0.185
tick 49    kimg 197.6    time 3h 32m 03s   sec/tick 233.8   sec/kimg 57.99   maintenance 0.0    gpumem 9.9   augment 0.184
tick 50    kimg 201.7    time 3h 35m 58s   sec/tick 234.3   sec/kimg 58.12   maintenance 0.0    gpumem 9.9   augment 0.181
tick 51    kimg 205.7    time 3h 39m 52s   sec/tick 234.1   sec/kimg 58.05   maintenance 0.0    gpumem 9.9   augment 0.173
tick 52    kimg 209.7    time 3h 43m 47s   sec/tick 234.8   sec/kimg 58.22   maintenance 0.1    gpumem 9.9   augment 0.172
tick 53    kimg 213.8    time 3h 47m 40s   sec/tick 233.8   sec/kimg 57.98   maintenance 0.0    gpumem 9.9   augment 0.174
tick 54    kimg 217.8    time 3h 51m 35s   sec/tick 234.4   sec/kimg 58.13   maintenance 0.0    gpumem 9.9   augment 0.164
tick 55    kimg 221.8    time 3h 55m 29s   sec/tick 233.9   sec/kimg 58.01   maintenance 0.0    gpumem 9.9   augment 0.169
tick 56    kimg 225.9    time 3h 59m 23s   sec/tick 233.9   sec/kimg 58.02   maintenance 0.0    gpumem 9.9   augment 0.173
tick 57    kimg 229.9    time 4h 03m 15s   sec/tick 232.7   sec/kimg 57.71   maintenance 0.0    gpumem 9.9   augment 0.182
tick 58    kimg 233.9    time 4h 07m 10s   sec/tick 234.3   sec/kimg 58.11   maintenance 0.0    gpumem 9.9   augment 0.185
tick 59    kimg 238.0    time 4h 11m 04s   sec/tick 233.7   sec/kimg 57.96   maintenance 0.0    gpumem 9.9   augment 0.188
tick 60    kimg 242.0    time 4h 14m 57s   sec/tick 233.8   sec/kimg 57.99   maintenance 0.0    gpumem 9.9   augment 0.189
Evaluating metrics...
network-snapshot-000241        time 8m 34s       fid50k_full 28.4664
tick 61    kimg 246.0    time 4h 27m 45s   sec/tick 233.5   sec/kimg 57.90   maintenance 534.5  gpumem 9.9   augment 0.187
tick 62    kimg 250.0    time 4h 31m 39s   sec/tick 233.8   sec/kimg 57.98   maintenance 0.0    gpumem 9.9   augment 0.193
tick 63    kimg 254.1    time 4h 35m 33s   sec/tick 233.8   sec/kimg 57.98   maintenance 0.0    gpumem 9.9   augment 0.193
tick 64    kimg 258.1    time 4h 39m 27s   sec/tick 233.9   sec/kimg 58.00   maintenance 0.0    gpumem 9.9   augment 0.195
tick 65    kimg 262.1    time 4h 43m 20s   sec/tick 233.5   sec/kimg 57.91   maintenance 0.0    gpumem 9.9   augment 0.195
tick 66    kimg 266.2    time 4h 47m 14s   sec/tick 233.4   sec/kimg 57.89   maintenance 0.0    gpumem 9.9   augment 0.184
tick 67    kimg 270.2    time 4h 51m 08s   sec/tick 233.8   sec/kimg 57.99   maintenance 0.0    gpumem 9.9   augment 0.186
tick 68    kimg 274.2    time 4h 55m 01s   sec/tick 233.6   sec/kimg 57.93   maintenance 0.0    gpumem 9.9   augment 0.186
tick 69    kimg 278.3    time 4h 58m 55s   sec/tick 234.0   sec/kimg 58.03   maintenance 0.0    gpumem 9.9   augment 0.187
tick 70    kimg 282.3    time 5h 02m 49s   sec/tick 234.0   sec/kimg 58.04   maintenance 0.0    gpumem 9.9   augment 0.196
tick 71    kimg 286.3    time 5h 06m 43s   sec/tick 233.5   sec/kimg 57.91   maintenance 0.0    gpumem 9.9   augment 0.201
tick 72    kimg 290.4    time 5h 10m 37s   sec/tick 234.4   sec/kimg 58.14   maintenance 0.0    gpumem 9.9   augment 0.203
tick 73    kimg 294.4    time 5h 14m 31s   sec/tick 233.8   sec/kimg 57.99   maintenance 0.0    gpumem 9.9   augment 0.205
tick 74    kimg 298.4    time 5h 18m 25s   sec/tick 233.4   sec/kimg 57.89   maintenance 0.0    gpumem 9.9   augment 0.209
tick 75    kimg 302.5    time 5h 22m 21s   sec/tick 236.1   sec/kimg 58.56   maintenance 0.0    gpumem 9.9   augment 0.196
tick 76    kimg 306.5    time 5h 26m 15s   sec/tick 234.3   sec/kimg 58.11   maintenance 0.1    gpumem 9.9   augment 0.190
tick 77    kimg 310.5    time 5h 30m 09s   sec/tick 234.2   sec/kimg 58.09   maintenance 0.0    gpumem 9.9   augment 0.188
tick 78    kimg 314.6    time 5h 34m 04s   sec/tick 234.5   sec/kimg 58.17   maintenance 0.0    gpumem 9.9   augment 0.181
tick 79    kimg 318.6    time 5h 37m 58s   sec/tick 233.8   sec/kimg 57.99   maintenance 0.0    gpumem 9.9   augment 0.187
tick 80    kimg 322.6    time 5h 41m 52s   sec/tick 234.2   sec/kimg 58.09   maintenance 0.0    gpumem 9.9   augment 0.176
tick 81    kimg 326.7    time 5h 45m 46s   sec/tick 234.0   sec/kimg 58.03   maintenance 0.0    gpumem 9.9   augment 0.188
tick 82    kimg 330.7    time 5h 49m 40s   sec/tick 233.6   sec/kimg 57.94   maintenance 0.0    gpumem 9.9   augment 0.195
tick 83    kimg 334.7    time 5h 53m 33s   sec/tick 233.6   sec/kimg 57.93   maintenance 0.0    gpumem 9.9   augment 0.201
tick 84    kimg 338.8    time 5h 57m 28s   sec/tick 234.5   sec/kimg 58.15   maintenance 0.0    gpumem 9.9   augment 0.204
tick 85    kimg 342.8    time 6h 01m 22s   sec/tick 233.9   sec/kimg 58.00   maintenance 0.0    gpumem 9.9   augment 0.205
tick 86    kimg 346.8    time 6h 05m 15s   sec/tick 233.7   sec/kimg 57.96   maintenance 0.0    gpumem 9.9   augment 0.211
tick 87    kimg 350.8    time 6h 09m 10s   sec/tick 234.4   sec/kimg 58.13   maintenance 0.0    gpumem 9.9   augment 0.209
tick 88    kimg 354.9    time 6h 13m 04s   sec/tick 234.0   sec/kimg 58.02   maintenance 0.0    gpumem 9.9   augment 0.205
tick 89    kimg 358.9    time 6h 16m 58s   sec/tick 234.0   sec/kimg 58.05   maintenance 0.0    gpumem 9.9   augment 0.211
tick 90    kimg 362.9    time 6h 20m 52s   sec/tick 234.0   sec/kimg 58.04   maintenance 0.0    gpumem 9.9   augment 0.216
Evaluating metrics...
network-snapshot-000362        time 8m 36s       fid50k_full 27.2196
tick 91    kimg 367.0    time 6h 33m 44s   sec/tick 234.9   sec/kimg 58.25   maintenance 537.1  gpumem 9.9   augment 0.218
tick 92    kimg 371.0    time 6h 37m 39s   sec/tick 234.7   sec/kimg 58.22   maintenance 0.0    gpumem 9.9   augment 0.220
tick 93    kimg 375.0    time 6h 41m 33s   sec/tick 234.2   sec/kimg 58.08   maintenance 0.0    gpumem 9.9   augment 0.224
tick 94    kimg 379.1    time 6h 45m 28s   sec/tick 235.0   sec/kimg 58.29   maintenance 0.0    gpumem 9.9   augment 0.227
tick 95    kimg 383.1    time 6h 49m 22s   sec/tick 234.4   sec/kimg 58.15   maintenance 0.0    gpumem 9.9   augment 0.238
tick 96    kimg 387.1    time 6h 53m 17s   sec/tick 234.9   sec/kimg 58.27   maintenance 0.0    gpumem 9.9   augment 0.236
tick 97    kimg 391.2    time 6h 57m 12s   sec/tick 234.1   sec/kimg 58.07   maintenance 0.0    gpumem 9.9   augment 0.239
tick 98    kimg 395.2    time 7h 01m 06s   sec/tick 234.5   sec/kimg 58.17   maintenance 0.0    gpumem 9.9   augment 0.243
tick 99    kimg 399.2    time 7h 05m 01s   sec/tick 234.8   sec/kimg 58.23   maintenance 0.0    gpumem 9.9   augment 0.230
tick 100   kimg 403.3    time 7h 08m 56s   sec/tick 235.0   sec/kimg 58.29   maintenance 0.0    gpumem 9.9   augment 0.236
tick 101   kimg 407.3    time 7h 12m 51s   sec/tick 235.2   sec/kimg 58.33   maintenance 0.0    gpumem 9.9   augment 0.237
tick 102   kimg 411.3    time 7h 16m 46s   sec/tick 234.6   sec/kimg 58.19   maintenance 0.0    gpumem 9.9   augment 0.241
tick 103   kimg 415.4    time 7h 20m 41s   sec/tick 235.1   sec/kimg 58.32   maintenance 0.0    gpumem 9.9   augment 0.239
tick 104   kimg 419.4    time 7h 24m 37s   sec/tick 235.3   sec/kimg 58.36   maintenance 0.0    gpumem 9.9   augment 0.236
tick 105   kimg 423.4    time 7h 28m 32s   sec/tick 235.2   sec/kimg 58.32   maintenance 0.0    gpumem 9.9   augment 0.239
tick 106   kimg 427.5    time 7h 32m 26s   sec/tick 234.6   sec/kimg 58.18   maintenance 0.0    gpumem 9.9   augment 0.234
tick 107   kimg 431.5    time 7h 36m 21s   sec/tick 234.4   sec/kimg 58.14   maintenance 0.0    gpumem 9.9   augment 0.229
tick 108   kimg 435.5    time 7h 40m 16s   sec/tick 235.1   sec/kimg 58.31   maintenance 0.0    gpumem 9.9   augment 0.231
tick 109   kimg 439.6    time 7h 44m 11s   sec/tick 234.6   sec/kimg 58.18   maintenance 0.0    gpumem 9.9   augment 0.243
tick 110   kimg 443.6    time 7h 48m 06s   sec/tick 235.2   sec/kimg 58.33   maintenance 0.0    gpumem 9.9   augment 0.243
tick 111   kimg 447.6    time 7h 52m 00s   sec/tick 234.5   sec/kimg 58.16   maintenance 0.0    gpumem 9.9   augment 0.248
tick 112   kimg 451.6    time 7h 55m 55s   sec/tick 234.5   sec/kimg 58.15   maintenance 0.0    gpumem 9.9   augment 0.244
tick 113   kimg 455.7    time 7h 59m 49s   sec/tick 233.8   sec/kimg 57.99   maintenance 0.0    gpumem 9.9   augment 0.227
tick 114   kimg 459.7    time 8h 03m 43s   sec/tick 234.1   sec/kimg 58.07   maintenance 0.0    gpumem 9.9   augment 0.230
tick 115   kimg 463.7    time 8h 07m 37s   sec/tick 234.0   sec/kimg 58.03   maintenance 0.0    gpumem 9.9   augment 0.239
tick 116   kimg 467.8    time 8h 11m 32s   sec/tick 234.7   sec/kimg 58.20   maintenance 0.0    gpumem 9.9   augment 0.244
tick 117   kimg 471.8    time 8h 15m 25s   sec/tick 233.5   sec/kimg 57.91   maintenance 0.0    gpumem 9.9   augment 0.237
tick 118   kimg 475.8    time 8h 19m 19s   sec/tick 234.0   sec/kimg 58.04   maintenance 0.0    gpumem 9.9   augment 0.237
tick 119   kimg 479.9    time 8h 23m 14s   sec/tick 234.4   sec/kimg 58.14   maintenance 0.0    gpumem 9.9   augment 0.241
tick 120   kimg 483.9    time 8h 27m 08s   sec/tick 234.6   sec/kimg 58.18   maintenance 0.0    gpumem 9.9   augment 0.239
Evaluating metrics...
network-snapshot-000483        time 8m 32s       fid50k_full 26.9277
tick 121   kimg 487.9    time 8h 39m 56s   sec/tick 233.4   sec/kimg 57.89   maintenance 533.8  gpumem 9.9   augment 0.243
tick 122   kimg 492.0    time 8h 43m 50s   sec/tick 234.0   sec/kimg 58.03   maintenance 0.0    gpumem 9.9   augment 0.243
tick 123   kimg 496.0    time 8h 47m 44s   sec/tick 234.5   sec/kimg 58.16   maintenance 0.0    gpumem 9.9   augment 0.247
tick 124   kimg 500.0    time 8h 51m 38s   sec/tick 233.8   sec/kimg 57.97   maintenance 0.0    gpumem 9.9   augment 0.244
tick 125   kimg 504.1    time 8h 55m 32s   sec/tick 233.8   sec/kimg 57.99   maintenance 0.0    gpumem 9.9   augment 0.246
tick 126   kimg 508.1    time 8h 59m 26s   sec/tick 234.7   sec/kimg 58.21   maintenance 0.0    gpumem 9.9   augment 0.249
tick 127   kimg 512.1    time 9h 03m 20s   sec/tick 233.9   sec/kimg 58.01   maintenance 0.0    gpumem 9.9   augment 0.251
tick 128   kimg 516.2    time 9h 07m 14s   sec/tick 234.1   sec/kimg 58.05   maintenance 0.0    gpumem 9.9   augment 0.246
tick 129   kimg 520.2    time 9h 11m 09s   sec/tick 234.6   sec/kimg 58.20   maintenance 0.1    gpumem 9.9   augment 0.237
tick 130   kimg 524.2    time 9h 15m 03s   sec/tick 234.2   sec/kimg 58.08   maintenance 0.0    gpumem 9.9   augment 0.239
tick 131   kimg 528.3    time 9h 18m 58s   sec/tick 234.1   sec/kimg 58.07   maintenance 0.0    gpumem 9.9   augment 0.248
tick 132   kimg 532.3    time 9h 22m 53s   sec/tick 235.1   sec/kimg 58.30   maintenance 0.0    gpumem 9.9   augment 0.252
tick 133   kimg 536.3    time 9h 26m 47s   sec/tick 234.3   sec/kimg 58.11   maintenance 0.0    gpumem 9.9   augment 0.259
tick 134   kimg 540.4    time 9h 30m 41s   sec/tick 234.3   sec/kimg 58.11   maintenance 0.0    gpumem 9.9   augment 0.260
tick 135   kimg 544.4    time 9h 34m 37s   sec/tick 235.2   sec/kimg 58.33   maintenance 0.0    gpumem 9.9   augment 0.255
tick 136   kimg 548.4    time 9h 38m 31s   sec/tick 234.6   sec/kimg 58.19   maintenance 0.0    gpumem 9.9   augment 0.260
tick 137   kimg 552.4    time 9h 42m 26s   sec/tick 234.3   sec/kimg 58.12   maintenance 0.0    gpumem 9.9   augment 0.257
tick 138   kimg 556.5    time 9h 46m 21s   sec/tick 235.1   sec/kimg 58.31   maintenance 0.0    gpumem 9.9   augment 0.255
tick 139   kimg 560.5    time 9h 50m 16s   sec/tick 234.8   sec/kimg 58.23   maintenance 0.0    gpumem 9.9   augment 0.243
tick 140   kimg 564.5    time 9h 54m 10s   sec/tick 234.7   sec/kimg 58.22   maintenance 0.0    gpumem 9.9   augment 0.236
tick 141   kimg 568.6    time 9h 58m 04s   sec/tick 234.1   sec/kimg 58.07   maintenance 0.0    gpumem 9.9   augment 0.238
tick 142   kimg 572.6    time 10h 01m 58s  sec/tick 233.7   sec/kimg 57.97   maintenance 0.0    gpumem 9.9   augment 0.235
tick 143   kimg 576.6    time 10h 05m 52s  sec/tick 234.0   sec/kimg 58.04   maintenance 0.0    gpumem 9.9   augment 0.232
tick 144   kimg 580.7    time 10h 09m 47s  sec/tick 234.7   sec/kimg 58.22   maintenance 0.0    gpumem 9.9   augment 0.239
tick 145   kimg 584.7    time 10h 13m 42s  sec/tick 234.6   sec/kimg 58.18   maintenance 0.0    gpumem 9.9   augment 0.253
tick 146   kimg 588.7    time 10h 17m 37s  sec/tick 235.1   sec/kimg 58.32   maintenance 0.0    gpumem 9.9   augment 0.262
tick 147   kimg 592.8    time 10h 21m 32s  sec/tick 234.9   sec/kimg 58.26   maintenance 0.0    gpumem 9.9   augment 0.250
tick 148   kimg 596.8    time 10h 25m 27s  sec/tick 235.3   sec/kimg 58.36   maintenance 0.0    gpumem 9.9   augment 0.257
tick 149   kimg 600.8    time 10h 29m 22s  sec/tick 234.9   sec/kimg 58.27   maintenance 0.0    gpumem 9.9   augment 0.255
tick 150   kimg 604.9    time 10h 33m 17s  sec/tick 235.2   sec/kimg 58.33   maintenance 0.0    gpumem 9.9   augment 0.248
Evaluating metrics...
network-snapshot-000604        time 8m 35s       fid50k_full 26.1941
tick 151   kimg 608.9    time 10h 46m 07s  sec/tick 234.6   sec/kimg 58.18   maintenance 535.2  gpumem 9.9   augment 0.257
tick 152   kimg 612.9    time 10h 50m 02s  sec/tick 234.7   sec/kimg 58.21   maintenance 0.0    gpumem 9.9   augment 0.266
tick 153   kimg 617.0    time 10h 53m 57s  sec/tick 234.6   sec/kimg 58.19   maintenance 0.0    gpumem 9.9   augment 0.273
tick 154   kimg 621.0    time 10h 57m 52s  sec/tick 235.3   sec/kimg 58.37   maintenance 0.0    gpumem 9.9   augment 0.273
tick 155   kimg 625.0    time 11h 01m 47s  sec/tick 234.9   sec/kimg 58.26   maintenance 0.0    gpumem 9.9   augment 0.274
tick 156   kimg 629.1    time 11h 05m 42s  sec/tick 235.0   sec/kimg 58.27   maintenance 0.0    gpumem 9.9   augment 0.273
tick 157   kimg 633.1    time 11h 09m 37s  sec/tick 234.7   sec/kimg 58.21   maintenance 0.0    gpumem 9.9   augment 0.271
tick 158   kimg 637.1    time 11h 13m 32s  sec/tick 235.0   sec/kimg 58.29   maintenance 0.0    gpumem 9.9   augment 0.272
tick 159   kimg 641.2    time 11h 17m 27s  sec/tick 234.8   sec/kimg 58.24   maintenance 0.0    gpumem 9.9   augment 0.271
tick 160   kimg 645.2    time 11h 21m 21s  sec/tick 234.5   sec/kimg 58.16   maintenance 0.0    gpumem 9.9   augment 0.277
tick 161   kimg 649.2    time 11h 25m 15s  sec/tick 234.1   sec/kimg 58.05   maintenance 0.0    gpumem 9.9   augment 0.279
tick 162   kimg 653.2    time 11h 29m 10s  sec/tick 234.7   sec/kimg 58.21   maintenance 0.0    gpumem 9.9   augment 0.284
tick 163   kimg 657.3    time 11h 33m 05s  sec/tick 235.1   sec/kimg 58.30   maintenance 0.1    gpumem 9.9   augment 0.284
tick 164   kimg 661.3    time 11h 37m 00s  sec/tick 234.6   sec/kimg 58.18   maintenance 0.0    gpumem 9.9   augment 0.255
tick 165   kimg 665.3    time 11h 40m 54s  sec/tick 234.7   sec/kimg 58.21   maintenance 0.0    gpumem 9.9   augment 0.265
tick 166   kimg 669.4    time 11h 44m 50s  sec/tick 235.4   sec/kimg 58.40   maintenance 0.0    gpumem 9.9   augment 0.266
tick 167   kimg 673.4    time 11h 48m 45s  sec/tick 234.8   sec/kimg 58.23   maintenance 0.0    gpumem 9.9   augment 0.275
tick 168   kimg 677.4    time 11h 52m 39s  sec/tick 234.5   sec/kimg 58.16   maintenance 0.0    gpumem 9.9   augment 0.278
tick 169   kimg 681.5    time 11h 56m 34s  sec/tick 234.9   sec/kimg 58.26   maintenance 0.0    gpumem 9.9   augment 0.283
tick 170   kimg 685.5    time 12h 00m 29s  sec/tick 234.5   sec/kimg 58.16   maintenance 0.0    gpumem 9.9   augment 0.271
tick 171   kimg 689.5    time 12h 04m 24s  sec/tick 234.8   sec/kimg 58.24   maintenance 0.0    gpumem 9.9   augment 0.266
tick 172   kimg 693.6    time 12h 08m 19s  sec/tick 235.0   sec/kimg 58.28   maintenance 0.0    gpumem 9.9   augment 0.275
tick 173   kimg 697.6    time 12h 12m 13s  sec/tick 234.0   sec/kimg 58.05   maintenance 0.0    gpumem 9.9   augment 0.284
tick 174   kimg 701.6    time 12h 16m 08s  sec/tick 234.9   sec/kimg 58.25   maintenance 0.0    gpumem 9.9   augment 0.292
tick 175   kimg 705.7    time 12h 20m 03s  sec/tick 234.9   sec/kimg 58.27   maintenance 0.0    gpumem 9.9   augment 0.297
tick 176   kimg 709.7    time 12h 23m 57s  sec/tick 234.8   sec/kimg 58.24   maintenance 0.0    gpumem 9.9   augment 0.303
tick 177   kimg 713.7    time 12h 27m 52s  sec/tick 234.3   sec/kimg 58.10   maintenance 0.0    gpumem 9.9   augment 0.294
tick 178   kimg 717.8    time 12h 31m 47s  sec/tick 235.4   sec/kimg 58.38   maintenance 0.0    gpumem 9.9   augment 0.296
tick 179   kimg 721.8    time 12h 35m 42s  sec/tick 235.2   sec/kimg 58.33   maintenance 0.0    gpumem 9.9   augment 0.303
tick 180   kimg 725.8    time 12h 39m 37s  sec/tick 234.8   sec/kimg 58.23   maintenance 0.0    gpumem 9.9   augment 0.303
Evaluating metrics...
network-snapshot-000725        time 8m 33s       fid50k_full 24.8069
tick 181   kimg 729.9    time 12h 52m 26s  sec/tick 234.7   sec/kimg 58.20   maintenance 534.4  gpumem 9.9   augment 0.303
tick 182   kimg 733.9    time 12h 56m 21s  sec/tick 234.9   sec/kimg 58.25   maintenance 0.0    gpumem 9.9   augment 0.301
tick 183   kimg 737.9    time 13h 00m 16s  sec/tick 234.6   sec/kimg 58.18   maintenance 0.0    gpumem 9.9   augment 0.298
tick 184   kimg 742.0    time 13h 04m 11s  sec/tick 235.2   sec/kimg 58.34   maintenance 0.0    gpumem 9.9   augment 0.294
tick 185   kimg 746.0    time 13h 08m 05s  sec/tick 234.2   sec/kimg 58.07   maintenance 0.0    gpumem 9.9   augment 0.294
tick 186   kimg 750.0    time 13h 12m 01s  sec/tick 235.5   sec/kimg 58.40   maintenance 0.0    gpumem 9.9   augment 0.289
tick 187   kimg 754.0    time 13h 15m 55s  sec/tick 234.5   sec/kimg 58.16   maintenance 0.0    gpumem 9.9   augment 0.292
tick 188   kimg 758.1    time 13h 19m 50s  sec/tick 235.0   sec/kimg 58.29   maintenance 0.0    gpumem 9.9   augment 0.291
tick 189   kimg 762.1    time 13h 23m 44s  sec/tick 234.0   sec/kimg 58.04   maintenance 0.0    gpumem 9.9   augment 0.291
tick 190   kimg 766.1    time 13h 27m 39s  sec/tick 234.8   sec/kimg 58.23   maintenance 0.0    gpumem 9.9   augment 0.292
tick 191   kimg 770.2    time 13h 31m 34s  sec/tick 234.5   sec/kimg 58.16   maintenance 0.0    gpumem 9.9   augment 0.291
tick 192   kimg 774.2    time 13h 35m 28s  sec/tick 234.8   sec/kimg 58.23   maintenance 0.0    gpumem 9.9   augment 0.280
tick 193   kimg 778.2    time 13h 39m 22s  sec/tick 233.9   sec/kimg 58.01   maintenance 0.0    gpumem 9.9   augment 0.273
tick 194   kimg 782.3    time 13h 43m 17s  sec/tick 234.6   sec/kimg 58.20   maintenance 0.0    gpumem 9.9   augment 0.268
tick 195   kimg 786.3    time 13h 47m 12s  sec/tick 235.2   sec/kimg 58.34   maintenance 0.0    gpumem 9.9   augment 0.275
tick 196   kimg 790.3    time 13h 51m 07s  sec/tick 234.7   sec/kimg 58.22   maintenance 0.0    gpumem 9.9   augment 0.291
tick 197   kimg 794.4    time 13h 55m 02s  sec/tick 235.1   sec/kimg 58.30   maintenance 0.0    gpumem 9.9   augment 0.297
tick 198   kimg 798.4    time 13h 58m 58s  sec/tick 235.4   sec/kimg 58.38   maintenance 0.0    gpumem 9.9   augment 0.303
tick 199   kimg 802.4    time 14h 02m 53s  sec/tick 235.6   sec/kimg 58.43   maintenance 0.0    gpumem 9.9   augment 0.303
tick 200   kimg 806.5    time 14h 06m 48s  sec/tick 235.1   sec/kimg 58.32   maintenance 0.0    gpumem 9.9   augment 0.298
tick 201   kimg 810.5    time 14h 10m 44s  sec/tick 236.0   sec/kimg 58.52   maintenance 0.0    gpumem 9.9   augment 0.307
tick 202   kimg 814.5    time 14h 14m 40s  sec/tick 235.9   sec/kimg 58.49   maintenance 0.0    gpumem 9.9   augment 0.307
tick 203   kimg 818.6    time 14h 18m 36s  sec/tick 236.0   sec/kimg 58.54   maintenance 0.0    gpumem 9.9   augment 0.312
tick 204   kimg 822.6    time 14h 22m 32s  sec/tick 235.8   sec/kimg 58.48   maintenance 0.0    gpumem 9.9   augment 0.310
tick 205   kimg 826.6    time 14h 26m 27s  sec/tick 235.1   sec/kimg 58.32   maintenance 0.0    gpumem 9.9   augment 0.305
tick 206   kimg 830.7    time 14h 30m 23s  sec/tick 235.3   sec/kimg 58.37   maintenance 0.0    gpumem 9.9   augment 0.303
tick 207   kimg 834.7    time 14h 34m 18s  sec/tick 235.1   sec/kimg 58.30   maintenance 0.0    gpumem 9.9   augment 0.291
tick 208   kimg 838.7    time 14h 38m 13s  sec/tick 235.2   sec/kimg 58.34   maintenance 0.0    gpumem 9.9   augment 0.291
tick 209   kimg 842.8    time 14h 42m 09s  sec/tick 235.5   sec/kimg 58.41   maintenance 0.0    gpumem 9.9   augment 0.293
tick 210   kimg 846.8    time 14h 46m 04s  sec/tick 235.6   sec/kimg 58.43   maintenance 0.0    gpumem 9.9   augment 0.291
Evaluating metrics...
network-snapshot-000846        time 8m 36s       fid50k_full 24.6538
tick 211   kimg 850.8    time 14h 58m 56s  sec/tick 234.9   sec/kimg 58.27   maintenance 536.9  gpumem 9.9   augment 0.302
tick 212   kimg 854.8    time 15h 02m 52s  sec/tick 235.5   sec/kimg 58.41   maintenance 0.0    gpumem 9.9   augment 0.298
tick 213   kimg 858.9    time 15h 06m 47s  sec/tick 234.9   sec/kimg 58.25   maintenance 0.0    gpumem 9.9   augment 0.292
tick 214   kimg 862.9    time 15h 10m 42s  sec/tick 235.3   sec/kimg 58.35   maintenance 0.0    gpumem 9.9   augment 0.298
tick 215   kimg 866.9    time 15h 14m 37s  sec/tick 235.6   sec/kimg 58.43   maintenance 0.0    gpumem 9.9   augment 0.306
tick 216   kimg 871.0    time 15h 18m 34s  sec/tick 236.1   sec/kimg 58.55   maintenance 0.0    gpumem 9.9   augment 0.303
tick 217   kimg 875.0    time 15h 22m 29s  sec/tick 235.5   sec/kimg 58.40   maintenance 0.0    gpumem 9.9   augment 0.311
tick 218   kimg 879.0    time 15h 26m 25s  sec/tick 235.8   sec/kimg 58.48   maintenance 0.1    gpumem 9.9   augment 0.318
tick 219   kimg 883.1    time 15h 30m 21s  sec/tick 235.6   sec/kimg 58.44   maintenance 0.0    gpumem 9.9   augment 0.293
