ln: creating symbolic link `/lib/libcuda.so': Permission denied
2021-03-19 20:16:00.000090: I tensorflow/core/platform/cpu_feature_guard.cc:142] Your CPU supports instructions that this TensorFlow binary was not compiled to use: SSE4.1 SSE4.2 AVX AVX2 AVX512F FMA
2021-03-19 20:16:01.346378: I tensorflow/core/platform/profile_utils/cpu_utils.cc:94] CPU Frequency: 2499985000 Hz
2021-03-19 20:16:01.401991: I tensorflow/compiler/xla/service/service.cc:168] XLA service 0x55aa878497f0 executing computations on platform Host. Devices:
2021-03-19 20:16:01.408363: I tensorflow/compiler/xla/service/service.cc:175]   StreamExecutor device (0): <undefined>, <undefined>
2021-03-19 20:16:01.473348: I tensorflow/stream_executor/platform/default/dso_loader.cc:42] Successfully opened dynamic library libcuda.so.1
2021-03-19 20:16:01.979933: I tensorflow/core/common_runtime/gpu/gpu_device.cc:1640] Found device 0 with properties: 
name: Tesla V100-PCIE-32GB major: 7 minor: 0 memoryClockRate(GHz): 1.38
pciBusID: 0000:5e:00.0
2021-03-19 20:16:01.981928: I tensorflow/core/common_runtime/gpu/gpu_device.cc:1640] Found device 1 with properties: 
name: Tesla V100-PCIE-32GB major: 7 minor: 0 memoryClockRate(GHz): 1.38
pciBusID: 0000:d8:00.0
2021-03-19 20:16:02.054195: I tensorflow/stream_executor/platform/default/dso_loader.cc:42] Successfully opened dynamic library libcudart.so.10.0
2021-03-19 20:16:05.507613: I tensorflow/stream_executor/platform/default/dso_loader.cc:42] Successfully opened dynamic library libcublas.so.10.0
2021-03-19 20:16:07.720915: I tensorflow/stream_executor/platform/default/dso_loader.cc:42] Successfully opened dynamic library libcufft.so.10.0
2021-03-19 20:16:08.225138: I tensorflow/stream_executor/platform/default/dso_loader.cc:42] Successfully opened dynamic library libcurand.so.10.0
2021-03-19 20:16:12.394256: I tensorflow/stream_executor/platform/default/dso_loader.cc:42] Successfully opened dynamic library libcusolver.so.10.0
2021-03-19 20:16:15.188836: I tensorflow/stream_executor/platform/default/dso_loader.cc:42] Successfully opened dynamic library libcusparse.so.10.0
2021-03-19 20:16:18.382974: I tensorflow/stream_executor/platform/default/dso_loader.cc:42] Successfully opened dynamic library libcudnn.so.7
2021-03-19 20:16:18.394998: I tensorflow/core/common_runtime/gpu/gpu_device.cc:1763] Adding visible gpu devices: 0, 1
2021-03-19 20:16:18.408153: I tensorflow/stream_executor/platform/default/dso_loader.cc:42] Successfully opened dynamic library libcudart.so.10.0
2021-03-19 20:16:18.414456: I tensorflow/core/common_runtime/gpu/gpu_device.cc:1181] Device interconnect StreamExecutor with strength 1 edge matrix:
2021-03-19 20:16:18.414528: I tensorflow/core/common_runtime/gpu/gpu_device.cc:1187]      0 1 
2021-03-19 20:16:18.415646: I tensorflow/core/common_runtime/gpu/gpu_device.cc:1200] 0:   N Y 
2021-03-19 20:16:18.415704: I tensorflow/core/common_runtime/gpu/gpu_device.cc:1200] 1:   Y N 
2021-03-19 20:16:18.458062: I tensorflow/core/common_runtime/gpu/gpu_device.cc:1326] Created TensorFlow device (/job:localhost/replica:0/task:0/device:GPU:0 with 30591 MB memory) -> physical GPU (device: 0, name: Tesla V100-PCIE-32GB, pci bus id: 0000:5e:00.0, compute capability: 7.0)
2021-03-19 20:16:18.597107: I tensorflow/core/common_runtime/gpu/gpu_device.cc:1326] Created TensorFlow device (/job:localhost/replica:0/task:0/device:GPU:1 with 30591 MB memory) -> physical GPU (device: 1, name: Tesla V100-PCIE-32GB, pci bus id: 0000:d8:00.0, compute capability: 7.0)
2021-03-19 20:16:18.644617: I tensorflow/compiler/xla/service/service.cc:168] XLA service 0x55aa88d50360 executing computations on platform CUDA. Devices:
2021-03-19 20:16:18.644654: I tensorflow/compiler/xla/service/service.cc:175]   StreamExecutor device (0): Tesla V100-PCIE-32GB, Compute Capability 7.0
2021-03-19 20:16:18.644679: I tensorflow/compiler/xla/service/service.cc:175]   StreamExecutor device (1): Tesla V100-PCIE-32GB, Compute Capability 7.0
2021-03-19 20:16:21.536592: I tensorflow/core/common_runtime/gpu/gpu_device.cc:1640] Found device 0 with properties: 
name: Tesla V100-PCIE-32GB major: 7 minor: 0 memoryClockRate(GHz): 1.38
pciBusID: 0000:5e:00.0
2021-03-19 20:16:21.539306: I tensorflow/core/common_runtime/gpu/gpu_device.cc:1640] Found device 1 with properties: 
name: Tesla V100-PCIE-32GB major: 7 minor: 0 memoryClockRate(GHz): 1.38
pciBusID: 0000:d8:00.0
2021-03-19 20:16:21.547915: I tensorflow/stream_executor/platform/default/dso_loader.cc:42] Successfully opened dynamic library libcudart.so.10.0
2021-03-19 20:16:21.548339: I tensorflow/stream_executor/platform/default/dso_loader.cc:42] Successfully opened dynamic library libcublas.so.10.0
2021-03-19 20:16:21.548649: I tensorflow/stream_executor/platform/default/dso_loader.cc:42] Successfully opened dynamic library libcufft.so.10.0
2021-03-19 20:16:21.548894: I tensorflow/stream_executor/platform/default/dso_loader.cc:42] Successfully opened dynamic library libcurand.so.10.0
2021-03-19 20:16:21.548935: I tensorflow/stream_executor/platform/default/dso_loader.cc:42] Successfully opened dynamic library libcusolver.so.10.0
2021-03-19 20:16:21.549252: I tensorflow/stream_executor/platform/default/dso_loader.cc:42] Successfully opened dynamic library libcusparse.so.10.0
2021-03-19 20:16:21.549538: I tensorflow/stream_executor/platform/default/dso_loader.cc:42] Successfully opened dynamic library libcudnn.so.7
2021-03-19 20:16:21.557043: I tensorflow/core/common_runtime/gpu/gpu_device.cc:1763] Adding visible gpu devices: 0, 1
2021-03-19 20:16:21.557339: I tensorflow/core/common_runtime/gpu/gpu_device.cc:1181] Device interconnect StreamExecutor with strength 1 edge matrix:
2021-03-19 20:16:21.557375: I tensorflow/core/common_runtime/gpu/gpu_device.cc:1187]      0 1 
2021-03-19 20:16:21.557404: I tensorflow/core/common_runtime/gpu/gpu_device.cc:1200] 0:   N Y 
2021-03-19 20:16:21.557426: I tensorflow/core/common_runtime/gpu/gpu_device.cc:1200] 1:   Y N 
2021-03-19 20:16:21.563247: I tensorflow/core/common_runtime/gpu/gpu_device.cc:1326] Created TensorFlow device (/job:localhost/replica:0/task:0/device:GPU:0 with 30591 MB memory) -> physical GPU (device: 0, name: Tesla V100-PCIE-32GB, pci bus id: 0000:5e:00.0, compute capability: 7.0)
2021-03-19 20:16:21.565274: I tensorflow/core/common_runtime/gpu/gpu_device.cc:1326] Created TensorFlow device (/job:localhost/replica:0/task:0/device:GPU:1 with 30591 MB memory) -> physical GPU (device: 1, name: Tesla V100-PCIE-32GB, pci bus id: 0000:d8:00.0, compute capability: 7.0)
2021-03-19 20:16:22.194572: I tensorflow/core/common_runtime/gpu/gpu_device.cc:1640] Found device 0 with properties: 
name: Tesla V100-PCIE-32GB major: 7 minor: 0 memoryClockRate(GHz): 1.38
pciBusID: 0000:5e:00.0
2021-03-19 20:16:22.196531: I tensorflow/core/common_runtime/gpu/gpu_device.cc:1640] Found device 1 with properties: 
name: Tesla V100-PCIE-32GB major: 7 minor: 0 memoryClockRate(GHz): 1.38
pciBusID: 0000:d8:00.0
2021-03-19 20:16:22.196599: I tensorflow/stream_executor/platform/default/dso_loader.cc:42] Successfully opened dynamic library libcudart.so.10.0
2021-03-19 20:16:22.196624: I tensorflow/stream_executor/platform/default/dso_loader.cc:42] Successfully opened dynamic library libcublas.so.10.0
2021-03-19 20:16:22.196653: I tensorflow/stream_executor/platform/default/dso_loader.cc:42] Successfully opened dynamic library libcufft.so.10.0
2021-03-19 20:16:22.196677: I tensorflow/stream_executor/platform/default/dso_loader.cc:42] Successfully opened dynamic library libcurand.so.10.0
2021-03-19 20:16:22.196698: I tensorflow/stream_executor/platform/default/dso_loader.cc:42] Successfully opened dynamic library libcusolver.so.10.0
2021-03-19 20:16:22.196717: I tensorflow/stream_executor/platform/default/dso_loader.cc:42] Successfully opened dynamic library libcusparse.so.10.0
2021-03-19 20:16:22.196746: I tensorflow/stream_executor/platform/default/dso_loader.cc:42] Successfully opened dynamic library libcudnn.so.7
2021-03-19 20:16:22.204300: I tensorflow/core/common_runtime/gpu/gpu_device.cc:1763] Adding visible gpu devices: 0, 1
2021-03-19 20:16:22.204364: I tensorflow/core/common_runtime/gpu/gpu_device.cc:1181] Device interconnect StreamExecutor with strength 1 edge matrix:
2021-03-19 20:16:22.204401: I tensorflow/core/common_runtime/gpu/gpu_device.cc:1187]      0 1 
2021-03-19 20:16:22.204418: I tensorflow/core/common_runtime/gpu/gpu_device.cc:1200] 0:   N Y 
2021-03-19 20:16:22.204431: I tensorflow/core/common_runtime/gpu/gpu_device.cc:1200] 1:   Y N 
2021-03-19 20:16:22.210167: I tensorflow/core/common_runtime/gpu/gpu_device.cc:1326] Created TensorFlow device (/device:GPU:0 with 30591 MB memory) -> physical GPU (device: 0, name: Tesla V100-PCIE-32GB, pci bus id: 0000:5e:00.0, compute capability: 7.0)
2021-03-19 20:16:22.212093: I tensorflow/core/common_runtime/gpu/gpu_device.cc:1326] Created TensorFlow device (/device:GPU:1 with 30591 MB memory) -> physical GPU (device: 1, name: Tesla V100-PCIE-32GB, pci bus id: 0000:d8:00.0, compute capability: 7.0)
2021-03-19 20:16:22.713341: I tensorflow/core/common_runtime/gpu/gpu_device.cc:1640] Found device 0 with properties: 
name: Tesla V100-PCIE-32GB major: 7 minor: 0 memoryClockRate(GHz): 1.38
pciBusID: 0000:5e:00.0
2021-03-19 20:16:22.715914: I tensorflow/core/common_runtime/gpu/gpu_device.cc:1640] Found device 1 with properties: 
name: Tesla V100-PCIE-32GB major: 7 minor: 0 memoryClockRate(GHz): 1.38
pciBusID: 0000:d8:00.0
2021-03-19 20:16:22.724427: I tensorflow/stream_executor/platform/default/dso_loader.cc:42] Successfully opened dynamic library libcudart.so.10.0
2021-03-19 20:16:22.724698: I tensorflow/stream_executor/platform/default/dso_loader.cc:42] Successfully opened dynamic library libcublas.so.10.0
2021-03-19 20:16:22.724954: I tensorflow/stream_executor/platform/default/dso_loader.cc:42] Successfully opened dynamic library libcufft.so.10.0
2021-03-19 20:16:22.725205: I tensorflow/stream_executor/platform/default/dso_loader.cc:42] Successfully opened dynamic library libcurand.so.10.0
2021-03-19 20:16:22.725233: I tensorflow/stream_executor/platform/default/dso_loader.cc:42] Successfully opened dynamic library libcusolver.so.10.0
2021-03-19 20:16:22.725465: I tensorflow/stream_executor/platform/default/dso_loader.cc:42] Successfully opened dynamic library libcusparse.so.10.0
2021-03-19 20:16:22.725724: I tensorflow/stream_executor/platform/default/dso_loader.cc:42] Successfully opened dynamic library libcudnn.so.7
2021-03-19 20:16:22.733241: I tensorflow/core/common_runtime/gpu/gpu_device.cc:1763] Adding visible gpu devices: 0, 1
2021-03-19 20:16:22.733493: I tensorflow/core/common_runtime/gpu/gpu_device.cc:1181] Device interconnect StreamExecutor with strength 1 edge matrix:
2021-03-19 20:16:22.733513: I tensorflow/core/common_runtime/gpu/gpu_device.cc:1187]      0 1 
2021-03-19 20:16:22.733554: I tensorflow/core/common_runtime/gpu/gpu_device.cc:1200] 0:   N Y 
2021-03-19 20:16:22.733569: I tensorflow/core/common_runtime/gpu/gpu_device.cc:1200] 1:   Y N 
2021-03-19 20:16:22.739373: I tensorflow/core/common_runtime/gpu/gpu_device.cc:1326] Created TensorFlow device (/device:GPU:0 with 30591 MB memory) -> physical GPU (device: 0, name: Tesla V100-PCIE-32GB, pci bus id: 0000:5e:00.0, compute capability: 7.0)
2021-03-19 20:16:22.741350: I tensorflow/core/common_runtime/gpu/gpu_device.cc:1326] Created TensorFlow device (/device:GPU:1 with 30591 MB memory) -> physical GPU (device: 1, name: Tesla V100-PCIE-32GB, pci bus id: 0000:d8:00.0, compute capability: 7.0)
2021-03-19 20:16:59.079060: W tensorflow/compiler/jit/mark_for_compilation_pass.cc:1412] (One-time warning): Not using XLA:CPU for cluster because envvar TF_XLA_FLAGS=--tf_xla_cpu_global_jit was not set.  If you want XLA:CPU, either set that envvar, or use experimental_jit_scope to enable XLA:CPU.  To confirm that XLA is active, pass --vmodule=xla_compilation_cache=1 (as a proper command-line flag, not via TF_XLA_FLAGS) or set the envvar XLA_FLAGS=--xla_hlo_profile.
2021-03-19 20:17:09.959667: I tensorflow/core/kernels/data/shuffle_dataset_op.cc:111] Filling up shuffle buffer (this may take a while): 5231 of 21846
2021-03-19 20:17:21.507292: I tensorflow/core/kernels/data/shuffle_dataset_op.cc:111] Filling up shuffle buffer (this may take a while): 10920 of 21846
2021-03-19 20:17:30.985883: I tensorflow/core/kernels/data/shuffle_dataset_op.cc:111] Filling up shuffle buffer (this may take a while): 16379 of 21846
2021-03-19 20:17:36.272058: I tensorflow/core/kernels/data/shuffle_dataset_op.cc:162] Shuffle buffer filled.
2021-03-19 20:17:52.748780: I tensorflow/stream_executor/platform/default/dso_loader.cc:42] Successfully opened dynamic library libcublas.so.10.0
2021-03-19 20:17:57.441921: I tensorflow/stream_executor/platform/default/dso_loader.cc:42] Successfully opened dynamic library libcudnn.so.7
2021-03-19 20:19:55.833432: I tensorflow/core/kernels/cuda_solvers.cc:159] Creating CudaSolver handles for stream 0x55aa88cd9690
2021-03-19 20:19:55.852644: I tensorflow/stream_executor/platform/default/dso_loader.cc:42] Successfully opened dynamic library libcusolver.so.10.0
2021-03-19 20:20:01.477500: I tensorflow/stream_executor/platform/default/dso_loader.cc:42] Successfully opened dynamic library libcublas.so.10.0
2021-03-19 20:20:01.667383: I tensorflow/core/kernels/cuda_solvers.cc:159] Creating CudaSolver handles for stream 0x55aa88cd22b0
2021-03-19 20:20:05.166123: I tensorflow/core/kernels/data/shuffle_dataset_op.cc:111] Filling up shuffle buffer (this may take a while): 13 of 21846
2021-03-19 20:20:10.657176: I tensorflow/core/kernels/data/shuffle_dataset_op.cc:162] Shuffle buffer filled.
2021-03-19 20:21:17.111828: I tensorflow/core/common_runtime/gpu/gpu_device.cc:1640] Found device 0 with properties: 
name: Tesla V100-PCIE-32GB major: 7 minor: 0 memoryClockRate(GHz): 1.38
pciBusID: 0000:5e:00.0
2021-03-19 20:21:17.113963: I tensorflow/core/common_runtime/gpu/gpu_device.cc:1640] Found device 1 with properties: 
name: Tesla V100-PCIE-32GB major: 7 minor: 0 memoryClockRate(GHz): 1.38
pciBusID: 0000:d8:00.0
2021-03-19 20:21:17.121863: I tensorflow/stream_executor/platform/default/dso_loader.cc:42] Successfully opened dynamic library libcudart.so.10.0
2021-03-19 20:21:17.122164: I tensorflow/stream_executor/platform/default/dso_loader.cc:42] Successfully opened dynamic library libcublas.so.10.0
2021-03-19 20:21:17.122453: I tensorflow/stream_executor/platform/default/dso_loader.cc:42] Successfully opened dynamic library libcufft.so.10.0
2021-03-19 20:21:17.122695: I tensorflow/stream_executor/platform/default/dso_loader.cc:42] Successfully opened dynamic library libcurand.so.10.0
2021-03-19 20:21:17.122727: I tensorflow/stream_executor/platform/default/dso_loader.cc:42] Successfully opened dynamic library libcusolver.so.10.0
2021-03-19 20:21:17.122987: I tensorflow/stream_executor/platform/default/dso_loader.cc:42] Successfully opened dynamic library libcusparse.so.10.0
2021-03-19 20:21:17.123277: I tensorflow/stream_executor/platform/default/dso_loader.cc:42] Successfully opened dynamic library libcudnn.so.7
2021-03-19 20:21:17.129321: I tensorflow/core/common_runtime/gpu/gpu_device.cc:1763] Adding visible gpu devices: 0, 1
2021-03-19 20:21:17.129600: I tensorflow/core/common_runtime/gpu/gpu_device.cc:1181] Device interconnect StreamExecutor with strength 1 edge matrix:
2021-03-19 20:21:17.129634: I tensorflow/core/common_runtime/gpu/gpu_device.cc:1187]      0 1 
2021-03-19 20:21:17.129670: I tensorflow/core/common_runtime/gpu/gpu_device.cc:1200] 0:   N Y 
2021-03-19 20:21:17.129684: I tensorflow/core/common_runtime/gpu/gpu_device.cc:1200] 1:   Y N 
2021-03-19 20:21:17.134333: I tensorflow/core/common_runtime/gpu/gpu_device.cc:1326] Created TensorFlow device (/job:localhost/replica:0/task:0/device:GPU:0 with 30591 MB memory) -> physical GPU (device: 0, name: Tesla V100-PCIE-32GB, pci bus id: 0000:5e:00.0, compute capability: 7.0)
2021-03-19 20:21:17.135938: I tensorflow/core/common_runtime/gpu/gpu_device.cc:1326] Created TensorFlow device (/job:localhost/replica:0/task:0/device:GPU:1 with 30591 MB memory) -> physical GPU (device: 1, name: Tesla V100-PCIE-32GB, pci bus id: 0000:d8:00.0, compute capability: 7.0)
2021-03-19 20:29:54.987111: I tensorflow/core/kernels/data/shuffle_dataset_op.cc:111] Filling up shuffle buffer (this may take a while): 8581 of 21846
2021-03-19 20:30:04.987394: I tensorflow/core/kernels/data/shuffle_dataset_op.cc:111] Filling up shuffle buffer (this may take a while): 15335 of 21846
2021-03-19 20:30:12.393304: I tensorflow/core/kernels/data/shuffle_dataset_op.cc:162] Shuffle buffer filled.
2021-03-19 20:36:59.094262: I tensorflow/core/kernels/data/shuffle_dataset_op.cc:111] Filling up shuffle buffer (this may take a while): 9555 of 21846
2021-03-19 20:37:08.966881: I tensorflow/core/kernels/data/shuffle_dataset_op.cc:111] Filling up shuffle buffer (this may take a while): 19262 of 21846
2021-03-19 20:37:10.313203: I tensorflow/core/kernels/data/shuffle_dataset_op.cc:162] Shuffle buffer filled.
2021-03-19 20:44:03.198954: I tensorflow/core/kernels/data/shuffle_dataset_op.cc:111] Filling up shuffle buffer (this may take a while): 9431 of 21846
2021-03-19 20:44:13.205777: I tensorflow/core/kernels/data/shuffle_dataset_op.cc:111] Filling up shuffle buffer (this may take a while): 18470 of 21846
2021-03-19 20:44:16.348833: I tensorflow/core/kernels/data/shuffle_dataset_op.cc:162] Shuffle buffer filled.
2021-03-19 20:51:07.999021: I tensorflow/core/kernels/data/shuffle_dataset_op.cc:111] Filling up shuffle buffer (this may take a while): 9114 of 21846
2021-03-19 20:51:17.993469: I tensorflow/core/kernels/data/shuffle_dataset_op.cc:111] Filling up shuffle buffer (this may take a while): 18990 of 21846
2021-03-19 20:51:20.542746: I tensorflow/core/kernels/data/shuffle_dataset_op.cc:162] Shuffle buffer filled.
2021-03-19 20:58:12.080757: I tensorflow/core/kernels/data/shuffle_dataset_op.cc:111] Filling up shuffle buffer (this may take a while): 9101 of 21846
2021-03-19 20:58:22.075190: I tensorflow/core/kernels/data/shuffle_dataset_op.cc:111] Filling up shuffle buffer (this may take a while): 18667 of 21846
2021-03-19 20:58:24.947601: I tensorflow/core/kernels/data/shuffle_dataset_op.cc:162] Shuffle buffer filled.
2021-03-19 21:05:16.276118: I tensorflow/core/kernels/data/shuffle_dataset_op.cc:111] Filling up shuffle buffer (this may take a while): 9436 of 21846
2021-03-19 21:05:26.262859: I tensorflow/core/kernels/data/shuffle_dataset_op.cc:111] Filling up shuffle buffer (this may take a while): 18988 of 21846
2021-03-19 21:05:28.622515: I tensorflow/core/kernels/data/shuffle_dataset_op.cc:162] Shuffle buffer filled.
2021-03-19 21:08:59.429252: I tensorflow/core/common_runtime/gpu/gpu_device.cc:1640] Found device 0 with properties: 
name: Tesla V100-PCIE-32GB major: 7 minor: 0 memoryClockRate(GHz): 1.38
pciBusID: 0000:5e:00.0
2021-03-19 21:08:59.431181: I tensorflow/core/common_runtime/gpu/gpu_device.cc:1640] Found device 1 with properties: 
name: Tesla V100-PCIE-32GB major: 7 minor: 0 memoryClockRate(GHz): 1.38
pciBusID: 0000:d8:00.0
2021-03-19 21:08:59.449678: I tensorflow/stream_executor/platform/default/dso_loader.cc:42] Successfully opened dynamic library libcudart.so.10.0
2021-03-19 21:08:59.450022: I tensorflow/stream_executor/platform/default/dso_loader.cc:42] Successfully opened dynamic library libcublas.so.10.0
2021-03-19 21:08:59.450330: I tensorflow/stream_executor/platform/default/dso_loader.cc:42] Successfully opened dynamic library libcufft.so.10.0
2021-03-19 21:08:59.450650: I tensorflow/stream_executor/platform/default/dso_loader.cc:42] Successfully opened dynamic library libcurand.so.10.0
2021-03-19 21:08:59.450678: I tensorflow/stream_executor/platform/default/dso_loader.cc:42] Successfully opened dynamic library libcusolver.so.10.0
2021-03-19 21:08:59.451059: I tensorflow/stream_executor/platform/default/dso_loader.cc:42] Successfully opened dynamic library libcusparse.so.10.0
2021-03-19 21:08:59.451464: I tensorflow/stream_executor/platform/default/dso_loader.cc:42] Successfully opened dynamic library libcudnn.so.7
2021-03-19 21:08:59.457673: I tensorflow/core/common_runtime/gpu/gpu_device.cc:1763] Adding visible gpu devices: 0, 1
2021-03-19 21:08:59.457955: I tensorflow/core/common_runtime/gpu/gpu_device.cc:1181] Device interconnect StreamExecutor with strength 1 edge matrix:
2021-03-19 21:08:59.457986: I tensorflow/core/common_runtime/gpu/gpu_device.cc:1187]      0 1 
2021-03-19 21:08:59.458037: I tensorflow/core/common_runtime/gpu/gpu_device.cc:1200] 0:   N Y 
2021-03-19 21:08:59.458057: I tensorflow/core/common_runtime/gpu/gpu_device.cc:1200] 1:   Y N 
2021-03-19 21:08:59.462729: I tensorflow/core/common_runtime/gpu/gpu_device.cc:1326] Created TensorFlow device (/job:localhost/replica:0/task:0/device:GPU:0 with 30591 MB memory) -> physical GPU (device: 0, name: Tesla V100-PCIE-32GB, pci bus id: 0000:5e:00.0, compute capability: 7.0)
2021-03-19 21:08:59.464350: I tensorflow/core/common_runtime/gpu/gpu_device.cc:1326] Created TensorFlow device (/job:localhost/replica:0/task:0/device:GPU:1 with 30591 MB memory) -> physical GPU (device: 1, name: Tesla V100-PCIE-32GB, pci bus id: 0000:d8:00.0, compute capability: 7.0)
2021-03-19 21:17:44.309057: I tensorflow/core/kernels/data/shuffle_dataset_op.cc:111] Filling up shuffle buffer (this may take a while): 9555 of 21846
2021-03-19 21:17:54.191286: I tensorflow/core/kernels/data/shuffle_dataset_op.cc:111] Filling up shuffle buffer (this may take a while): 19215 of 21846
2021-03-19 21:17:55.884135: I tensorflow/core/kernels/data/shuffle_dataset_op.cc:162] Shuffle buffer filled.
2021-03-19 21:24:54.725000: I tensorflow/core/kernels/data/shuffle_dataset_op.cc:111] Filling up shuffle buffer (this may take a while): 2730 of 21846
2021-03-19 21:25:02.984676: I tensorflow/core/kernels/data/shuffle_dataset_op.cc:111] Filling up shuffle buffer (this may take a while): 5460 of 21846
2021-03-19 21:25:15.029024: I tensorflow/core/kernels/data/shuffle_dataset_op.cc:111] Filling up shuffle buffer (this may take a while): 9555 of 21846
2021-03-19 21:25:23.306247: I tensorflow/core/kernels/data/shuffle_dataset_op.cc:111] Filling up shuffle buffer (this may take a while): 12285 of 21846
2021-03-19 21:25:32.185778: I tensorflow/core/kernels/data/shuffle_dataset_op.cc:111] Filling up shuffle buffer (this may take a while): 15677 of 21846
2021-03-19 21:25:43.951973: I tensorflow/core/kernels/data/shuffle_dataset_op.cc:111] Filling up shuffle buffer (this may take a while): 19109 of 21846
2021-03-19 21:25:45.351752: I tensorflow/core/kernels/data/shuffle_dataset_op.cc:162] Shuffle buffer filled.
2021-03-19 21:31:58.209174: I tensorflow/core/kernels/data/shuffle_dataset_op.cc:111] Filling up shuffle buffer (this may take a while): 9160 of 21846
2021-03-19 21:32:08.183357: I tensorflow/core/kernels/data/shuffle_dataset_op.cc:111] Filling up shuffle buffer (this may take a while): 18848 of 21846
2021-03-19 21:32:11.016385: I tensorflow/core/kernels/data/shuffle_dataset_op.cc:162] Shuffle buffer filled.
2021-03-19 21:39:03.024961: I tensorflow/core/kernels/data/shuffle_dataset_op.cc:111] Filling up shuffle buffer (this may take a while): 9461 of 21846
2021-03-19 21:39:13.042742: I tensorflow/core/kernels/data/shuffle_dataset_op.cc:111] Filling up shuffle buffer (this may take a while): 19109 of 21846
2021-03-19 21:39:14.952536: I tensorflow/core/kernels/data/shuffle_dataset_op.cc:162] Shuffle buffer filled.
2021-03-19 21:46:06.882918: I tensorflow/core/kernels/data/shuffle_dataset_op.cc:111] Filling up shuffle buffer (this may take a while): 9555 of 21846
2021-03-19 21:46:16.826829: I tensorflow/core/kernels/data/shuffle_dataset_op.cc:111] Filling up shuffle buffer (this may take a while): 19137 of 21846
2021-03-19 21:46:18.480840: I tensorflow/core/kernels/data/shuffle_dataset_op.cc:162] Shuffle buffer filled.
2021-03-19 21:53:11.664318: I tensorflow/core/kernels/data/shuffle_dataset_op.cc:111] Filling up shuffle buffer (this may take a while): 9555 of 21846
2021-03-19 21:53:21.560226: I tensorflow/core/kernels/data/shuffle_dataset_op.cc:111] Filling up shuffle buffer (this may take a while): 19485 of 21846
2021-03-19 21:53:23.155378: I tensorflow/core/kernels/data/shuffle_dataset_op.cc:162] Shuffle buffer filled.
2021-03-19 21:56:44.234418: I tensorflow/core/common_runtime/gpu/gpu_device.cc:1640] Found device 0 with properties: 
name: Tesla V100-PCIE-32GB major: 7 minor: 0 memoryClockRate(GHz): 1.38
pciBusID: 0000:5e:00.0
2021-03-19 21:56:44.236475: I tensorflow/core/common_runtime/gpu/gpu_device.cc:1640] Found device 1 with properties: 
name: Tesla V100-PCIE-32GB major: 7 minor: 0 memoryClockRate(GHz): 1.38
pciBusID: 0000:d8:00.0
2021-03-19 21:56:44.328242: I tensorflow/stream_executor/platform/default/dso_loader.cc:42] Successfully opened dynamic library libcudart.so.10.0
2021-03-19 21:56:44.329061: I tensorflow/stream_executor/platform/default/dso_loader.cc:42] Successfully opened dynamic library libcublas.so.10.0
2021-03-19 21:56:44.330571: I tensorflow/stream_executor/platform/default/dso_loader.cc:42] Successfully opened dynamic library libcufft.so.10.0
2021-03-19 21:56:44.330939: I tensorflow/stream_executor/platform/default/dso_loader.cc:42] Successfully opened dynamic library libcurand.so.10.0
2021-03-19 21:56:44.330966: I tensorflow/stream_executor/platform/default/dso_loader.cc:42] Successfully opened dynamic library libcusolver.so.10.0
2021-03-19 21:56:44.342033: I tensorflow/stream_executor/platform/default/dso_loader.cc:42] Successfully opened dynamic library libcusparse.so.10.0
2021-03-19 21:56:44.343503: I tensorflow/stream_executor/platform/default/dso_loader.cc:42] Successfully opened dynamic library libcudnn.so.7
2021-03-19 21:56:44.349705: I tensorflow/core/common_runtime/gpu/gpu_device.cc:1763] Adding visible gpu devices: 0, 1
2021-03-19 21:56:44.351468: I tensorflow/core/common_runtime/gpu/gpu_device.cc:1181] Device interconnect StreamExecutor with strength 1 edge matrix:
2021-03-19 21:56:44.351499: I tensorflow/core/common_runtime/gpu/gpu_device.cc:1187]      0 1 
2021-03-19 21:56:44.351535: I tensorflow/core/common_runtime/gpu/gpu_device.cc:1200] 0:   N Y 
2021-03-19 21:56:44.351553: I tensorflow/core/common_runtime/gpu/gpu_device.cc:1200] 1:   Y N 
2021-03-19 21:56:44.356236: I tensorflow/core/common_runtime/gpu/gpu_device.cc:1326] Created TensorFlow device (/job:localhost/replica:0/task:0/device:GPU:0 with 30591 MB memory) -> physical GPU (device: 0, name: Tesla V100-PCIE-32GB, pci bus id: 0000:5e:00.0, compute capability: 7.0)
2021-03-19 21:56:44.357839: I tensorflow/core/common_runtime/gpu/gpu_device.cc:1326] Created TensorFlow device (/job:localhost/replica:0/task:0/device:GPU:1 with 30591 MB memory) -> physical GPU (device: 1, name: Tesla V100-PCIE-32GB, pci bus id: 0000:d8:00.0, compute capability: 7.0)
2021-03-19 22:05:45.229426: I tensorflow/core/kernels/data/shuffle_dataset_op.cc:111] Filling up shuffle buffer (this may take a while): 9187 of 21846
2021-03-19 22:05:55.359242: I tensorflow/core/kernels/data/shuffle_dataset_op.cc:111] Filling up shuffle buffer (this may take a while): 19109 of 21846
2021-03-19 22:05:56.982575: I tensorflow/core/kernels/data/shuffle_dataset_op.cc:162] Shuffle buffer filled.
2021-03-19 22:12:50.094828: I tensorflow/core/kernels/data/shuffle_dataset_op.cc:111] Filling up shuffle buffer (this may take a while): 9350 of 21846
2021-03-19 22:13:00.137211: I tensorflow/core/kernels/data/shuffle_dataset_op.cc:111] Filling up shuffle buffer (this may take a while): 19109 of 21846
2021-03-19 22:13:01.735741: I tensorflow/core/kernels/data/shuffle_dataset_op.cc:162] Shuffle buffer filled.
2021-03-19 22:19:55.623841: I tensorflow/core/kernels/data/shuffle_dataset_op.cc:111] Filling up shuffle buffer (this may take a while): 9313 of 21846
2021-03-19 22:20:05.730979: I tensorflow/core/kernels/data/shuffle_dataset_op.cc:111] Filling up shuffle buffer (this may take a while): 19109 of 21846
2021-03-19 22:20:07.239290: I tensorflow/core/kernels/data/shuffle_dataset_op.cc:162] Shuffle buffer filled.
2021-03-19 22:27:00.172504: I tensorflow/core/kernels/data/shuffle_dataset_op.cc:111] Filling up shuffle buffer (this may take a while): 9555 of 21846
2021-03-19 22:27:10.190042: I tensorflow/core/kernels/data/shuffle_dataset_op.cc:111] Filling up shuffle buffer (this may take a while): 19314 of 21846
2021-03-19 22:27:11.536042: I tensorflow/core/kernels/data/shuffle_dataset_op.cc:162] Shuffle buffer filled.
2021-03-19 22:34:05.177708: I tensorflow/core/kernels/data/shuffle_dataset_op.cc:111] Filling up shuffle buffer (this may take a while): 9555 of 21846
2021-03-19 22:34:15.037124: I tensorflow/core/kernels/data/shuffle_dataset_op.cc:111] Filling up shuffle buffer (this may take a while): 19836 of 21846
2021-03-19 22:34:16.373055: I tensorflow/core/kernels/data/shuffle_dataset_op.cc:162] Shuffle buffer filled.
2021-03-19 22:41:09.983492: I tensorflow/core/kernels/data/shuffle_dataset_op.cc:111] Filling up shuffle buffer (this may take a while): 9331 of 21846
2021-03-19 22:41:20.005910: I tensorflow/core/kernels/data/shuffle_dataset_op.cc:111] Filling up shuffle buffer (this may take a while): 18635 of 21846
2021-03-19 22:41:22.079835: I tensorflow/core/kernels/data/shuffle_dataset_op.cc:162] Shuffle buffer filled.
2021-03-19 22:44:29.772365: I tensorflow/core/common_runtime/gpu/gpu_device.cc:1640] Found device 0 with properties: 
name: Tesla V100-PCIE-32GB major: 7 minor: 0 memoryClockRate(GHz): 1.38
pciBusID: 0000:5e:00.0
2021-03-19 22:44:29.774434: I tensorflow/core/common_runtime/gpu/gpu_device.cc:1640] Found device 1 with properties: 
name: Tesla V100-PCIE-32GB major: 7 minor: 0 memoryClockRate(GHz): 1.38
pciBusID: 0000:d8:00.0
2021-03-19 22:44:29.782269: I tensorflow/stream_executor/platform/default/dso_loader.cc:42] Successfully opened dynamic library libcudart.so.10.0
2021-03-19 22:44:29.782599: I tensorflow/stream_executor/platform/default/dso_loader.cc:42] Successfully opened dynamic library libcublas.so.10.0
2021-03-19 22:44:29.782887: I tensorflow/stream_executor/platform/default/dso_loader.cc:42] Successfully opened dynamic library libcufft.so.10.0
2021-03-19 22:44:29.783167: I tensorflow/stream_executor/platform/default/dso_loader.cc:42] Successfully opened dynamic library libcurand.so.10.0
2021-03-19 22:44:29.783193: I tensorflow/stream_executor/platform/default/dso_loader.cc:42] Successfully opened dynamic library libcusolver.so.10.0
2021-03-19 22:44:29.783464: I tensorflow/stream_executor/platform/default/dso_loader.cc:42] Successfully opened dynamic library libcusparse.so.10.0
2021-03-19 22:44:29.783756: I tensorflow/stream_executor/platform/default/dso_loader.cc:42] Successfully opened dynamic library libcudnn.so.7
2021-03-19 22:44:29.789723: I tensorflow/core/common_runtime/gpu/gpu_device.cc:1763] Adding visible gpu devices: 0, 1
2021-03-19 22:44:29.790010: I tensorflow/core/common_runtime/gpu/gpu_device.cc:1181] Device interconnect StreamExecutor with strength 1 edge matrix:
2021-03-19 22:44:29.790043: I tensorflow/core/common_runtime/gpu/gpu_device.cc:1187]      0 1 
2021-03-19 22:44:29.790082: I tensorflow/core/common_runtime/gpu/gpu_device.cc:1200] 0:   N Y 
2021-03-19 22:44:29.790098: I tensorflow/core/common_runtime/gpu/gpu_device.cc:1200] 1:   Y N 
2021-03-19 22:44:29.794769: I tensorflow/core/common_runtime/gpu/gpu_device.cc:1326] Created TensorFlow device (/job:localhost/replica:0/task:0/device:GPU:0 with 30591 MB memory) -> physical GPU (device: 0, name: Tesla V100-PCIE-32GB, pci bus id: 0000:5e:00.0, compute capability: 7.0)
2021-03-19 22:44:29.796394: I tensorflow/core/common_runtime/gpu/gpu_device.cc:1326] Created TensorFlow device (/job:localhost/replica:0/task:0/device:GPU:1 with 30591 MB memory) -> physical GPU (device: 1, name: Tesla V100-PCIE-32GB, pci bus id: 0000:d8:00.0, compute capability: 7.0)
2021-03-19 22:53:39.523402: I tensorflow/core/kernels/data/shuffle_dataset_op.cc:111] Filling up shuffle buffer (this may take a while): 9555 of 21846
2021-03-19 22:53:49.495611: I tensorflow/core/kernels/data/shuffle_dataset_op.cc:111] Filling up shuffle buffer (this may take a while): 19109 of 21846
2021-03-19 22:53:50.833131: I tensorflow/core/kernels/data/shuffle_dataset_op.cc:162] Shuffle buffer filled.
2021-03-19 23:00:44.185159: I tensorflow/core/kernels/data/shuffle_dataset_op.cc:111] Filling up shuffle buffer (this may take a while): 9555 of 21846
2021-03-19 23:00:54.135062: I tensorflow/core/kernels/data/shuffle_dataset_op.cc:111] Filling up shuffle buffer (this may take a while): 19477 of 21846
2021-03-19 23:00:55.390826: I tensorflow/core/kernels/data/shuffle_dataset_op.cc:162] Shuffle buffer filled.
2021-03-19 23:07:49.244893: I tensorflow/core/kernels/data/shuffle_dataset_op.cc:111] Filling up shuffle buffer (this may take a while): 3475 of 21846
2021-03-19 23:08:01.018691: I tensorflow/core/kernels/data/shuffle_dataset_op.cc:111] Filling up shuffle buffer (this may take a while): 8190 of 21846
2021-03-19 23:08:10.986116: I tensorflow/core/kernels/data/shuffle_dataset_op.cc:111] Filling up shuffle buffer (this may take a while): 12285 of 21846
2021-03-19 23:08:20.345807: I tensorflow/core/kernels/data/shuffle_dataset_op.cc:111] Filling up shuffle buffer (this may take a while): 16379 of 21846
2021-03-19 23:08:28.133725: I tensorflow/core/kernels/data/shuffle_dataset_op.cc:162] Shuffle buffer filled.
2021-03-19 23:14:55.571938: I tensorflow/core/kernels/data/shuffle_dataset_op.cc:111] Filling up shuffle buffer (this may take a while): 8947 of 21846
2021-03-19 23:15:05.562532: I tensorflow/core/kernels/data/shuffle_dataset_op.cc:111] Filling up shuffle buffer (this may take a while): 18710 of 21846
2021-03-19 23:15:07.564328: I tensorflow/core/kernels/data/shuffle_dataset_op.cc:162] Shuffle buffer filled.
2021-03-19 23:22:01.758394: I tensorflow/core/kernels/data/shuffle_dataset_op.cc:111] Filling up shuffle buffer (this may take a while): 9555 of 21846
2021-03-19 23:22:11.588318: I tensorflow/core/kernels/data/shuffle_dataset_op.cc:111] Filling up shuffle buffer (this may take a while): 19154 of 21846
2021-03-19 23:22:12.966761: I tensorflow/core/kernels/data/shuffle_dataset_op.cc:162] Shuffle buffer filled.
2021-03-19 23:29:06.568239: I tensorflow/core/kernels/data/shuffle_dataset_op.cc:111] Filling up shuffle buffer (this may take a while): 9626 of 21846
2021-03-19 23:29:16.568028: I tensorflow/core/kernels/data/shuffle_dataset_op.cc:111] Filling up shuffle buffer (this may take a while): 19451 of 21846
2021-03-19 23:29:17.770441: I tensorflow/core/kernels/data/shuffle_dataset_op.cc:162] Shuffle buffer filled.
2021-03-19 23:32:14.844433: I tensorflow/core/common_runtime/gpu/gpu_device.cc:1640] Found device 0 with properties: 
name: Tesla V100-PCIE-32GB major: 7 minor: 0 memoryClockRate(GHz): 1.38
pciBusID: 0000:5e:00.0
2021-03-19 23:32:14.846558: I tensorflow/core/common_runtime/gpu/gpu_device.cc:1640] Found device 1 with properties: 
name: Tesla V100-PCIE-32GB major: 7 minor: 0 memoryClockRate(GHz): 1.38
pciBusID: 0000:d8:00.0
2021-03-19 23:32:14.859104: I tensorflow/stream_executor/platform/default/dso_loader.cc:42] Successfully opened dynamic library libcudart.so.10.0
2021-03-19 23:32:14.859661: I tensorflow/stream_executor/platform/default/dso_loader.cc:42] Successfully opened dynamic library libcublas.so.10.0
2021-03-19 23:32:14.860167: I tensorflow/stream_executor/platform/default/dso_loader.cc:42] Successfully opened dynamic library libcufft.so.10.0
2021-03-19 23:32:14.861455: I tensorflow/stream_executor/platform/default/dso_loader.cc:42] Successfully opened dynamic library libcurand.so.10.0
2021-03-19 23:32:14.861523: I tensorflow/stream_executor/platform/default/dso_loader.cc:42] Successfully opened dynamic library libcusolver.so.10.0
2021-03-19 23:32:14.861891: I tensorflow/stream_executor/platform/default/dso_loader.cc:42] Successfully opened dynamic library libcusparse.so.10.0
2021-03-19 23:32:14.862296: I tensorflow/stream_executor/platform/default/dso_loader.cc:42] Successfully opened dynamic library libcudnn.so.7
2021-03-19 23:32:14.868481: I tensorflow/core/common_runtime/gpu/gpu_device.cc:1763] Adding visible gpu devices: 0, 1
2021-03-19 23:32:14.868742: I tensorflow/core/common_runtime/gpu/gpu_device.cc:1181] Device interconnect StreamExecutor with strength 1 edge matrix:
2021-03-19 23:32:14.868778: I tensorflow/core/common_runtime/gpu/gpu_device.cc:1187]      0 1 
2021-03-19 23:32:14.868810: I tensorflow/core/common_runtime/gpu/gpu_device.cc:1200] 0:   N Y 
2021-03-19 23:32:14.868824: I tensorflow/core/common_runtime/gpu/gpu_device.cc:1200] 1:   Y N 
2021-03-19 23:32:14.873404: I tensorflow/core/common_runtime/gpu/gpu_device.cc:1326] Created TensorFlow device (/job:localhost/replica:0/task:0/device:GPU:0 with 30591 MB memory) -> physical GPU (device: 0, name: Tesla V100-PCIE-32GB, pci bus id: 0000:5e:00.0, compute capability: 7.0)
2021-03-19 23:32:14.874968: I tensorflow/core/common_runtime/gpu/gpu_device.cc:1326] Created TensorFlow device (/job:localhost/replica:0/task:0/device:GPU:1 with 30591 MB memory) -> physical GPU (device: 1, name: Tesla V100-PCIE-32GB, pci bus id: 0000:d8:00.0, compute capability: 7.0)
2021-03-19 23:41:38.563909: I tensorflow/core/kernels/data/shuffle_dataset_op.cc:111] Filling up shuffle buffer (this may take a while): 9555 of 21846
2021-03-19 23:41:48.461206: I tensorflow/core/kernels/data/shuffle_dataset_op.cc:111] Filling up shuffle buffer (this may take a while): 19265 of 21846
2021-03-19 23:41:49.703104: I tensorflow/core/kernels/data/shuffle_dataset_op.cc:162] Shuffle buffer filled.
2021-03-19 23:48:44.259413: I tensorflow/core/kernels/data/shuffle_dataset_op.cc:111] Filling up shuffle buffer (this may take a while): 8983 of 21846
2021-03-19 23:48:54.288934: I tensorflow/core/kernels/data/shuffle_dataset_op.cc:111] Filling up shuffle buffer (this may take a while): 19043 of 21846
2021-03-19 23:48:56.014855: I tensorflow/core/kernels/data/shuffle_dataset_op.cc:162] Shuffle buffer filled.
2021-03-19 23:55:50.136596: I tensorflow/core/kernels/data/shuffle_dataset_op.cc:111] Filling up shuffle buffer (this may take a while): 8995 of 21846
2021-03-19 23:56:00.137050: I tensorflow/core/kernels/data/shuffle_dataset_op.cc:111] Filling up shuffle buffer (this may take a while): 19005 of 21846
2021-03-19 23:56:01.931623: I tensorflow/core/kernels/data/shuffle_dataset_op.cc:162] Shuffle buffer filled.
2021-03-20 00:02:56.086091: I tensorflow/core/kernels/data/shuffle_dataset_op.cc:111] Filling up shuffle buffer (this may take a while): 9479 of 21846
2021-03-20 00:03:06.085210: I tensorflow/core/kernels/data/shuffle_dataset_op.cc:111] Filling up shuffle buffer (this may take a while): 19113 of 21846
2021-03-20 00:03:07.578857: I tensorflow/core/kernels/data/shuffle_dataset_op.cc:162] Shuffle buffer filled.
2021-03-20 00:10:01.640367: I tensorflow/core/kernels/data/shuffle_dataset_op.cc:111] Filling up shuffle buffer (this may take a while): 9726 of 21846
2021-03-20 00:10:11.652307: I tensorflow/core/kernels/data/shuffle_dataset_op.cc:111] Filling up shuffle buffer (this may take a while): 19628 of 21846
2021-03-20 00:10:12.609076: I tensorflow/core/kernels/data/shuffle_dataset_op.cc:162] Shuffle buffer filled.
2021-03-20 00:17:07.015097: I tensorflow/core/kernels/data/shuffle_dataset_op.cc:111] Filling up shuffle buffer (this may take a while): 9165 of 21846
2021-03-20 00:17:17.011292: I tensorflow/core/kernels/data/shuffle_dataset_op.cc:111] Filling up shuffle buffer (this may take a while): 19049 of 21846
2021-03-20 00:17:18.737540: I tensorflow/core/kernels/data/shuffle_dataset_op.cc:162] Shuffle buffer filled.
2021-03-20 00:20:02.851495: I tensorflow/core/common_runtime/gpu/gpu_device.cc:1640] Found device 0 with properties: 
name: Tesla V100-PCIE-32GB major: 7 minor: 0 memoryClockRate(GHz): 1.38
pciBusID: 0000:5e:00.0
2021-03-20 00:20:02.853599: I tensorflow/core/common_runtime/gpu/gpu_device.cc:1640] Found device 1 with properties: 
name: Tesla V100-PCIE-32GB major: 7 minor: 0 memoryClockRate(GHz): 1.38
pciBusID: 0000:d8:00.0
2021-03-20 00:20:02.861716: I tensorflow/stream_executor/platform/default/dso_loader.cc:42] Successfully opened dynamic library libcudart.so.10.0
2021-03-20 00:20:02.862044: I tensorflow/stream_executor/platform/default/dso_loader.cc:42] Successfully opened dynamic library libcublas.so.10.0
2021-03-20 00:20:02.862373: I tensorflow/stream_executor/platform/default/dso_loader.cc:42] Successfully opened dynamic library libcufft.so.10.0
2021-03-20 00:20:02.862659: I tensorflow/stream_executor/platform/default/dso_loader.cc:42] Successfully opened dynamic library libcurand.so.10.0
2021-03-20 00:20:02.862692: I tensorflow/stream_executor/platform/default/dso_loader.cc:42] Successfully opened dynamic library libcusolver.so.10.0
2021-03-20 00:20:02.863004: I tensorflow/stream_executor/platform/default/dso_loader.cc:42] Successfully opened dynamic library libcusparse.so.10.0
2021-03-20 00:20:02.863290: I tensorflow/stream_executor/platform/default/dso_loader.cc:42] Successfully opened dynamic library libcudnn.so.7
2021-03-20 00:20:02.869388: I tensorflow/core/common_runtime/gpu/gpu_device.cc:1763] Adding visible gpu devices: 0, 1
2021-03-20 00:20:02.869673: I tensorflow/core/common_runtime/gpu/gpu_device.cc:1181] Device interconnect StreamExecutor with strength 1 edge matrix:
2021-03-20 00:20:02.869704: I tensorflow/core/common_runtime/gpu/gpu_device.cc:1187]      0 1 
2021-03-20 00:20:02.869739: I tensorflow/core/common_runtime/gpu/gpu_device.cc:1200] 0:   N Y 
2021-03-20 00:20:02.869758: I tensorflow/core/common_runtime/gpu/gpu_device.cc:1200] 1:   Y N 
2021-03-20 00:20:02.874477: I tensorflow/core/common_runtime/gpu/gpu_device.cc:1326] Created TensorFlow device (/job:localhost/replica:0/task:0/device:GPU:0 with 30591 MB memory) -> physical GPU (device: 0, name: Tesla V100-PCIE-32GB, pci bus id: 0000:5e:00.0, compute capability: 7.0)
2021-03-20 00:20:02.876140: I tensorflow/core/common_runtime/gpu/gpu_device.cc:1326] Created TensorFlow device (/job:localhost/replica:0/task:0/device:GPU:1 with 30591 MB memory) -> physical GPU (device: 1, name: Tesla V100-PCIE-32GB, pci bus id: 0000:d8:00.0, compute capability: 7.0)
