/lustre/work/chaselab/malyetama/ADA_Project
Tensorflow version: 1.14.0
5153
Raw: 5153, Resized: 5153
/work/chaselab/malyetama/ADA_Project/training_runs/AFHQ_training-runs/00001-AFHQ_custom-auto2-resumecustom/network-snapshot-000450.pkl
Sat Mar 20 00:14:20 2021       
+-----------------------------------------------------------------------------+
| NVIDIA-SMI 450.51.06    Driver Version: 450.51.06    CUDA Version: 11.0     |
|-------------------------------+----------------------+----------------------+
| GPU  Name        Persistence-M| Bus-Id        Disp.A | Volatile Uncorr. ECC |
| Fan  Temp  Perf  Pwr:Usage/Cap|         Memory-Usage | GPU-Util  Compute M. |
|                               |                      |               MIG M. |
|===============================+======================+======================|
|   0  Tesla V100-PCIE...  On   | 00000000:5E:00.0 Off |                    0 |
| N/A   45C    P0    40W / 250W |    311MiB / 32510MiB |      0%      Default |
|                               |                      |                  N/A |
+-------------------------------+----------------------+----------------------+
|   1  Tesla V100-PCIE...  On   | 00000000:D8:00.0 Off |                    0 |
| N/A   47C    P0    40W / 250W |    311MiB / 32510MiB |      0%      Default |
|                               |                      |                  N/A |
+-------------------------------+----------------------+----------------------+
                                                                               
+-----------------------------------------------------------------------------+
| Processes:                                                                  |
|  GPU   GI   CI        PID   Type   Process name                  GPU Memory |
|        ID   ID                                                   Usage      |
|=============================================================================|
|    0   N/A  N/A    211937      C   ...a/envs/ada-env/bin/python      307MiB |
|    1   N/A  N/A    211937      C   ...a/envs/ada-env/bin/python      307MiB |
+-----------------------------------------------------------------------------+

Training options:
{
  "G_args": {
    "func_name": "training.networks.G_main",
    "fmap_base": 8192,
    "fmap_max": 512,
    "mapping_layers": 2,
    "num_fp16_res": 4,
    "conv_clamp": 256
  },
  "D_args": {
    "func_name": "training.networks.D_main",
    "mbstd_group_size": 4,
    "fmap_base": 8192,
    "fmap_max": 512,
    "num_fp16_res": 4,
    "conv_clamp": 256
  },
  "G_opt_args": {
    "beta1": 0.0,
    "beta2": 0.99,
    "learning_rate": 0.0025
  },
  "D_opt_args": {
    "beta1": 0.0,
    "beta2": 0.99,
    "learning_rate": 0.0025
  },
  "loss_args": {
    "func_name": "training.loss.stylegan2",
    "r1_gamma": 0.4096
  },
  "augment_args": {
    "class_name": "training.augment.AdaptiveAugment",
    "tune_heuristic": "rt",
    "tune_target": 0.6,
    "apply_func": "training.augment.augment_pipeline",
    "apply_args": {
      "xflip": 1,
      "rotate90": 1,
      "xint": 1,
      "scale": 1,
      "rotate": 1,
      "aniso": 1,
      "xfrac": 1,
      "brightness": 1,
      "contrast": 1,
      "lumaflip": 1,
      "hue": 1,
      "saturation": 1
    },
    "tune_kimg": 100
  },
  "num_gpus": 2,
  "image_snapshot_ticks": 30,
  "network_snapshot_ticks": 30,
  "train_dataset_args": {
    "path": "/work/chaselab/malyetama/ADA_Project/datasets/AFHQ_custom",
    "max_label_size": 0,
    "resolution": 256,
    "mirror_augment": false
  },
  "metric_arg_list": [
    {
      "name": "fid50k_full",
      "class_name": "metrics.frechet_inception_distance.FID",
      "max_reals": null,
      "num_fakes": 50000,
      "minibatch_per_gpu": 8,
      "force_dataset_args": {
        "shuffle": false,
        "max_images": null,
        "repeat": false,
        "mirror_augment": false
      }
    }
  ],
  "metric_dataset_args": {
    "path": "/work/chaselab/malyetama/ADA_Project/datasets/AFHQ_custom",
    "max_label_size": 0,
    "resolution": 256,
    "mirror_augment": false
  },
  "total_kimg": 25000,
  "minibatch_size": 32,
  "minibatch_gpu": 16,
  "G_smoothing_kimg": 10.0,
  "G_smoothing_rampup": null,
  "resume_pkl": "/work/chaselab/malyetama/ADA_Project/training_runs/AFHQ_training-runs/00001-AFHQ_custom-auto2-resumecustom/network-snapshot-000450.pkl",
  "run_dir": "/work/chaselab/malyetama/ADA_Project/training_runs/AFHQ_training-runs/00002-AFHQ_custom-auto2-resumecustom"
}

Output directory:  /work/chaselab/malyetama/ADA_Project/training_runs/AFHQ_training-runs/00002-AFHQ_custom-auto2-resumecustom
Training data:     /work/chaselab/malyetama/ADA_Project/datasets/AFHQ_custom
Training length:   25000 kimg
Resolution:        256
Number of GPUs:    2

Dry run; exiting.

Training options:
{
  "G_args": {
    "func_name": "training.networks.G_main",
    "fmap_base": 8192,
    "fmap_max": 512,
    "mapping_layers": 2,
    "num_fp16_res": 4,
    "conv_clamp": 256
  },
  "D_args": {
    "func_name": "training.networks.D_main",
    "mbstd_group_size": 4,
    "fmap_base": 8192,
    "fmap_max": 512,
    "num_fp16_res": 4,
    "conv_clamp": 256
  },
  "G_opt_args": {
    "beta1": 0.0,
    "beta2": 0.99,
    "learning_rate": 0.0025
  },
  "D_opt_args": {
    "beta1": 0.0,
    "beta2": 0.99,
    "learning_rate": 0.0025
  },
  "loss_args": {
    "func_name": "training.loss.stylegan2",
    "r1_gamma": 0.4096
  },
  "augment_args": {
    "class_name": "training.augment.AdaptiveAugment",
    "tune_heuristic": "rt",
    "tune_target": 0.6,
    "apply_func": "training.augment.augment_pipeline",
    "apply_args": {
      "xflip": 1,
      "rotate90": 1,
      "xint": 1,
      "scale": 1,
      "rotate": 1,
      "aniso": 1,
      "xfrac": 1,
      "brightness": 1,
      "contrast": 1,
      "lumaflip": 1,
      "hue": 1,
      "saturation": 1
    },
    "tune_kimg": 100
  },
  "num_gpus": 2,
  "image_snapshot_ticks": 30,
  "network_snapshot_ticks": 30,
  "train_dataset_args": {
    "path": "/work/chaselab/malyetama/ADA_Project/datasets/AFHQ_custom",
    "max_label_size": 0,
    "resolution": 256,
    "mirror_augment": false
  },
  "metric_arg_list": [
    {
      "name": "fid50k_full",
      "class_name": "metrics.frechet_inception_distance.FID",
      "max_reals": null,
      "num_fakes": 50000,
      "minibatch_per_gpu": 8,
      "force_dataset_args": {
        "shuffle": false,
        "max_images": null,
        "repeat": false,
        "mirror_augment": false
      }
    }
  ],
  "metric_dataset_args": {
    "path": "/work/chaselab/malyetama/ADA_Project/datasets/AFHQ_custom",
    "max_label_size": 0,
    "resolution": 256,
    "mirror_augment": false
  },
  "total_kimg": 25000,
  "minibatch_size": 32,
  "minibatch_gpu": 16,
  "G_smoothing_kimg": 10.0,
  "G_smoothing_rampup": null,
  "resume_pkl": "/work/chaselab/malyetama/ADA_Project/training_runs/AFHQ_training-runs/00001-AFHQ_custom-auto2-resumecustom/network-snapshot-000450.pkl",
  "run_dir": "/work/chaselab/malyetama/ADA_Project/training_runs/AFHQ_training-runs/00002-AFHQ_custom-auto2-resumecustom"
}

Output directory:  /work/chaselab/malyetama/ADA_Project/training_runs/AFHQ_training-runs/00002-AFHQ_custom-auto2-resumecustom
Training data:     /work/chaselab/malyetama/ADA_Project/datasets/AFHQ_custom
Training length:   25000 kimg
Resolution:        256
Number of GPUs:    2

Creating output directory...
Loading training set...
Image shape: [3, 256, 256]
Label shape: [0]

Constructing networks...
Setting up TensorFlow plugin "fused_bias_act.cu": Loading... Done.
Setting up TensorFlow plugin "upfirdn_2d.cu": Loading... Done.
Resuming from "/work/chaselab/malyetama/ADA_Project/training_runs/AFHQ_training-runs/00001-AFHQ_custom-auto2-resumecustom/network-snapshot-000450.pkl"

G                             Params    OutputShape         WeightShape     
---                           ---       ---                 ---             
latents_in                    -         (?, 512)            -               
labels_in                     -         (?, 0)              -               
G_mapping/Normalize           -         (?, 512)            -               
G_mapping/Dense0              262656    (?, 512)            (512, 512)      
G_mapping/Dense1              262656    (?, 512)            (512, 512)      
G_mapping/Broadcast           -         (?, 14, 512)        -               
dlatent_avg                   -         (512,)              -               
Truncation/Lerp               -         (?, 14, 512)        -               
G_synthesis/4x4/Const         8192      (?, 512, 4, 4)      (1, 512, 4, 4)  
G_synthesis/4x4/Conv          2622465   (?, 512, 4, 4)      (3, 3, 512, 512)
G_synthesis/4x4/ToRGB         264195    (?, 3, 4, 4)        (1, 1, 512, 3)  
G_synthesis/8x8/Conv0_up      2622465   (?, 512, 8, 8)      (3, 3, 512, 512)
G_synthesis/8x8/Conv1         2622465   (?, 512, 8, 8)      (3, 3, 512, 512)
G_synthesis/8x8/Upsample      -         (?, 3, 8, 8)        -               
G_synthesis/8x8/ToRGB         264195    (?, 3, 8, 8)        (1, 1, 512, 3)  
G_synthesis/16x16/Conv0_up    2622465   (?, 512, 16, 16)    (3, 3, 512, 512)
G_synthesis/16x16/Conv1       2622465   (?, 512, 16, 16)    (3, 3, 512, 512)
G_synthesis/16x16/Upsample    -         (?, 3, 16, 16)      -               
G_synthesis/16x16/ToRGB       264195    (?, 3, 16, 16)      (1, 1, 512, 3)  
G_synthesis/32x32/Conv0_up    2622465   (?, 512, 32, 32)    (3, 3, 512, 512)
G_synthesis/32x32/Conv1       2622465   (?, 512, 32, 32)    (3, 3, 512, 512)
G_synthesis/32x32/Upsample    -         (?, 3, 32, 32)      -               
G_synthesis/32x32/ToRGB       264195    (?, 3, 32, 32)      (1, 1, 512, 3)  
G_synthesis/64x64/Conv0_up    1442561   (?, 256, 64, 64)    (3, 3, 512, 256)
G_synthesis/64x64/Conv1       721409    (?, 256, 64, 64)    (3, 3, 256, 256)
G_synthesis/64x64/Upsample    -         (?, 3, 64, 64)      -               
G_synthesis/64x64/ToRGB       132099    (?, 3, 64, 64)      (1, 1, 256, 3)  
G_synthesis/128x128/Conv0_up  426369    (?, 128, 128, 128)  (3, 3, 256, 128)
G_synthesis/128x128/Conv1     213249    (?, 128, 128, 128)  (3, 3, 128, 128)
G_synthesis/128x128/Upsample  -         (?, 3, 128, 128)    -               
G_synthesis/128x128/ToRGB     66051     (?, 3, 128, 128)    (1, 1, 128, 3)  
G_synthesis/256x256/Conv0_up  139457    (?, 64, 256, 256)   (3, 3, 128, 64) 
G_synthesis/256x256/Conv1     69761     (?, 64, 256, 256)   (3, 3, 64, 64)  
G_synthesis/256x256/Upsample  -         (?, 3, 256, 256)    -               
G_synthesis/256x256/ToRGB     33027     (?, 3, 256, 256)    (1, 1, 64, 3)   
---                           ---       ---                 ---             
Total                         23191522                                      


D                    Params    OutputShape         WeightShape     
---                  ---       ---                 ---             
images_in            -         (?, 3, 256, 256)    -               
labels_in            -         (?, 0)              -               
256x256/FromRGB      256       (?, 64, 256, 256)   (1, 1, 3, 64)   
256x256/Conv0        36928     (?, 64, 256, 256)   (3, 3, 64, 64)  
256x256/Conv1_down   73856     (?, 128, 128, 128)  (3, 3, 64, 128) 
256x256/Skip         8192      (?, 128, 128, 128)  (1, 1, 64, 128) 
128x128/Conv0        147584    (?, 128, 128, 128)  (3, 3, 128, 128)
128x128/Conv1_down   295168    (?, 256, 64, 64)    (3, 3, 128, 256)
128x128/Skip         32768     (?, 256, 64, 64)    (1, 1, 128, 256)
64x64/Conv0          590080    (?, 256, 64, 64)    (3, 3, 256, 256)
64x64/Conv1_down     1180160   (?, 512, 32, 32)    (3, 3, 256, 512)
64x64/Skip           131072    (?, 512, 32, 32)    (1, 1, 256, 512)
32x32/Conv0          2359808   (?, 512, 32, 32)    (3, 3, 512, 512)
32x32/Conv1_down     2359808   (?, 512, 16, 16)    (3, 3, 512, 512)
32x32/Skip           262144    (?, 512, 16, 16)    (1, 1, 512, 512)
16x16/Conv0          2359808   (?, 512, 16, 16)    (3, 3, 512, 512)
16x16/Conv1_down     2359808   (?, 512, 8, 8)      (3, 3, 512, 512)
16x16/Skip           262144    (?, 512, 8, 8)      (1, 1, 512, 512)
8x8/Conv0            2359808   (?, 512, 8, 8)      (3, 3, 512, 512)
8x8/Conv1_down       2359808   (?, 512, 4, 4)      (3, 3, 512, 512)
8x8/Skip             262144    (?, 512, 4, 4)      (1, 1, 512, 512)
4x4/MinibatchStddev  -         (?, 513, 4, 4)      -               
4x4/Conv             2364416   (?, 512, 4, 4)      (3, 3, 513, 512)
4x4/Dense0           4194816   (?, 512)            (8192, 512)     
Output               513       (?, 1)              (512, 1)        
---                  ---       ---                 ---             
Total                24001089                                      

Exporting sample images...
Replicating networks across 2 GPUs...
Initializing augmentations...
Setting up optimizers...
Constructing training graph...
Finalizing training ops...
Initializing metrics...
Training for 25000 kimg...

tick 0     kimg 0.1      time 3m 14s       sec/tick 44.8    sec/kimg 350.23  maintenance 148.8  gpumem 7.1   augment 0.001
Evaluating metrics...
network-snapshot-000000        time 5m 08s       fid50k_full 10.8585
tick 1     kimg 4.2      time 10m 30s      sec/tick 83.7    sec/kimg 20.44   maintenance 353.0  gpumem 7.1   augment 0.019
tick 2     kimg 8.3      time 11m 55s      sec/tick 84.2    sec/kimg 20.55   maintenance 0.0    gpumem 7.1   augment 0.037
tick 3     kimg 12.4     time 13m 19s      sec/tick 84.4    sec/kimg 20.61   maintenance 0.0    gpumem 7.1   augment 0.047
tick 4     kimg 16.5     time 14m 43s      sec/tick 84.3    sec/kimg 20.58   maintenance 0.0    gpumem 7.1   augment 0.058
tick 5     kimg 20.6     time 16m 08s      sec/tick 84.5    sec/kimg 20.62   maintenance 0.0    gpumem 7.1   augment 0.060
tick 6     kimg 24.7     time 17m 32s      sec/tick 84.1    sec/kimg 20.52   maintenance 0.0    gpumem 7.1   augment 0.055
tick 7     kimg 28.8     time 18m 56s      sec/tick 84.2    sec/kimg 20.56   maintenance 0.0    gpumem 7.1   augment 0.068
tick 8     kimg 32.9     time 20m 21s      sec/tick 84.4    sec/kimg 20.61   maintenance 0.0    gpumem 7.1   augment 0.065
tick 9     kimg 37.0     time 21m 45s      sec/tick 84.4    sec/kimg 20.62   maintenance 0.0    gpumem 7.1   augment 0.076
tick 10    kimg 41.1     time 23m 10s      sec/tick 84.4    sec/kimg 20.61   maintenance 0.0    gpumem 7.1   augment 0.070
tick 11    kimg 45.2     time 24m 34s      sec/tick 84.2    sec/kimg 20.55   maintenance 0.0    gpumem 7.1   augment 0.073
tick 12    kimg 49.3     time 25m 58s      sec/tick 84.5    sec/kimg 20.64   maintenance 0.0    gpumem 7.1   augment 0.076
tick 13    kimg 53.4     time 27m 23s      sec/tick 84.4    sec/kimg 20.62   maintenance 0.0    gpumem 7.1   augment 0.083
tick 14    kimg 57.5     time 28m 47s      sec/tick 84.4    sec/kimg 20.62   maintenance 0.0    gpumem 7.1   augment 0.086
tick 15    kimg 61.6     time 30m 12s      sec/tick 84.4    sec/kimg 20.62   maintenance 0.0    gpumem 7.1   augment 0.088
tick 16    kimg 65.7     time 31m 36s      sec/tick 84.2    sec/kimg 20.55   maintenance 0.0    gpumem 7.1   augment 0.088
tick 17    kimg 69.8     time 33m 01s      sec/tick 84.6    sec/kimg 20.65   maintenance 0.0    gpumem 7.1   augment 0.081
tick 18    kimg 73.9     time 34m 25s      sec/tick 84.4    sec/kimg 20.62   maintenance 0.0    gpumem 7.1   augment 0.088
tick 19    kimg 78.0     time 35m 50s      sec/tick 84.5    sec/kimg 20.63   maintenance 0.0    gpumem 7.1   augment 0.086
tick 20    kimg 82.0     time 37m 14s      sec/tick 84.5    sec/kimg 20.62   maintenance 0.0    gpumem 7.1   augment 0.091
tick 21    kimg 86.1     time 38m 39s      sec/tick 84.3    sec/kimg 20.59   maintenance 0.1    gpumem 7.1   augment 0.086
tick 22    kimg 90.2     time 40m 03s      sec/tick 84.5    sec/kimg 20.63   maintenance 0.0    gpumem 7.1   augment 0.083
tick 23    kimg 94.3     time 41m 28s      sec/tick 84.5    sec/kimg 20.62   maintenance 0.0    gpumem 7.1   augment 0.093
tick 24    kimg 98.4     time 42m 52s      sec/tick 84.4    sec/kimg 20.61   maintenance 0.0    gpumem 7.1   augment 0.099
tick 25    kimg 102.5    time 44m 17s      sec/tick 84.4    sec/kimg 20.60   maintenance 0.0    gpumem 7.1   augment 0.099
tick 26    kimg 106.6    time 45m 41s      sec/tick 84.5    sec/kimg 20.63   maintenance 0.1    gpumem 7.1   augment 0.101
tick 27    kimg 110.7    time 47m 06s      sec/tick 84.6    sec/kimg 20.65   maintenance 0.0    gpumem 7.1   augment 0.101
tick 28    kimg 114.8    time 48m 30s      sec/tick 84.5    sec/kimg 20.63   maintenance 0.0    gpumem 7.1   augment 0.096
tick 29    kimg 118.9    time 49m 55s      sec/tick 84.5    sec/kimg 20.63   maintenance 0.0    gpumem 7.1   augment 0.096
tick 30    kimg 123.0    time 51m 19s      sec/tick 84.3    sec/kimg 20.58   maintenance 0.0    gpumem 7.1   augment 0.091
Evaluating metrics...
network-snapshot-000123        time 5m 06s       fid50k_full 8.5333
tick 31    kimg 127.1    time 58m 09s      sec/tick 84.6    sec/kimg 20.64   maintenance 325.1  gpumem 7.1   augment 0.088
tick 32    kimg 131.2    time 59m 33s      sec/tick 84.4    sec/kimg 20.62   maintenance 0.0    gpumem 7.1   augment 0.083
tick 33    kimg 135.3    time 1h 00m 58s   sec/tick 84.5    sec/kimg 20.62   maintenance 0.0    gpumem 7.1   augment 0.099
tick 34    kimg 139.4    time 1h 02m 23s   sec/tick 84.5    sec/kimg 20.64   maintenance 0.0    gpumem 7.1   augment 0.101
tick 35    kimg 143.5    time 1h 03m 47s   sec/tick 84.3    sec/kimg 20.58   maintenance 0.0    gpumem 7.1   augment 0.106
tick 36    kimg 147.6    time 1h 05m 12s   sec/tick 85.2    sec/kimg 20.80   maintenance 0.0    gpumem 7.1   augment 0.104
tick 37    kimg 151.7    time 1h 06m 37s   sec/tick 84.8    sec/kimg 20.70   maintenance 0.1    gpumem 7.1   augment 0.104
tick 38    kimg 155.8    time 1h 08m 02s   sec/tick 84.6    sec/kimg 20.67   maintenance 0.0    gpumem 7.1   augment 0.106
tick 39    kimg 159.9    time 1h 09m 26s   sec/tick 84.6    sec/kimg 20.66   maintenance 0.0    gpumem 7.1   augment 0.106
tick 40    kimg 164.0    time 1h 10m 51s   sec/tick 84.2    sec/kimg 20.56   maintenance 0.0    gpumem 7.1   augment 0.096
tick 41    kimg 168.1    time 1h 12m 15s   sec/tick 84.5    sec/kimg 20.63   maintenance 0.0    gpumem 7.1   augment 0.091
tick 42    kimg 172.2    time 1h 13m 40s   sec/tick 84.6    sec/kimg 20.66   maintenance 0.0    gpumem 7.1   augment 0.091
tick 43    kimg 176.3    time 1h 15m 04s   sec/tick 84.4    sec/kimg 20.61   maintenance 0.0    gpumem 7.1   augment 0.093
tick 44    kimg 180.4    time 1h 16m 29s   sec/tick 84.6    sec/kimg 20.66   maintenance 0.0    gpumem 7.1   augment 0.101
tick 45    kimg 184.4    time 1h 17m 53s   sec/tick 84.2    sec/kimg 20.55   maintenance 0.0    gpumem 7.1   augment 0.096
tick 46    kimg 188.5    time 1h 19m 18s   sec/tick 84.5    sec/kimg 20.63   maintenance 0.0    gpumem 7.1   augment 0.099
tick 47    kimg 192.6    time 1h 20m 42s   sec/tick 84.6    sec/kimg 20.66   maintenance 0.0    gpumem 7.1   augment 0.096
tick 48    kimg 196.7    time 1h 22m 07s   sec/tick 84.5    sec/kimg 20.64   maintenance 0.0    gpumem 7.1   augment 0.093
tick 49    kimg 200.8    time 1h 23m 32s   sec/tick 84.6    sec/kimg 20.66   maintenance 0.0    gpumem 7.1   augment 0.091
tick 50    kimg 204.9    time 1h 24m 56s   sec/tick 84.3    sec/kimg 20.58   maintenance 0.0    gpumem 7.1   augment 0.093
tick 51    kimg 209.0    time 1h 26m 21s   sec/tick 84.6    sec/kimg 20.64   maintenance 0.1    gpumem 7.1   augment 0.093
tick 52    kimg 213.1    time 1h 27m 45s   sec/tick 84.6    sec/kimg 20.67   maintenance 0.0    gpumem 7.1   augment 0.101
tick 53    kimg 217.2    time 1h 29m 10s   sec/tick 84.6    sec/kimg 20.66   maintenance 0.0    gpumem 7.1   augment 0.101
tick 54    kimg 221.3    time 1h 30m 35s   sec/tick 84.6    sec/kimg 20.66   maintenance 0.0    gpumem 7.1   augment 0.104
tick 55    kimg 225.4    time 1h 31m 59s   sec/tick 84.4    sec/kimg 20.62   maintenance 0.0    gpumem 7.1   augment 0.109
tick 56    kimg 229.5    time 1h 33m 24s   sec/tick 84.6    sec/kimg 20.66   maintenance 0.0    gpumem 7.1   augment 0.111
tick 57    kimg 233.6    time 1h 34m 49s   sec/tick 84.7    sec/kimg 20.68   maintenance 0.0    gpumem 7.1   augment 0.111
tick 58    kimg 237.7    time 1h 36m 13s   sec/tick 84.6    sec/kimg 20.65   maintenance 0.0    gpumem 7.1   augment 0.106
tick 59    kimg 241.8    time 1h 37m 38s   sec/tick 84.6    sec/kimg 20.67   maintenance 0.0    gpumem 7.1   augment 0.104
tick 60    kimg 245.9    time 1h 39m 02s   sec/tick 84.4    sec/kimg 20.60   maintenance 0.1    gpumem 7.1   augment 0.109
Evaluating metrics...
network-snapshot-000245        time 5m 07s       fid50k_full 8.9918
tick 61    kimg 250.0    time 1h 45m 53s   sec/tick 84.5    sec/kimg 20.64   maintenance 326.2  gpumem 7.1   augment 0.106
tick 62    kimg 254.1    time 1h 47m 18s   sec/tick 84.6    sec/kimg 20.65   maintenance 0.0    gpumem 7.1   augment 0.106
tick 63    kimg 258.2    time 1h 48m 42s   sec/tick 84.5    sec/kimg 20.63   maintenance 0.0    gpumem 7.1   augment 0.106
tick 64    kimg 262.3    time 1h 50m 07s   sec/tick 84.4    sec/kimg 20.61   maintenance 0.0    gpumem 7.1   augment 0.109
tick 65    kimg 266.4    time 1h 51m 31s   sec/tick 84.3    sec/kimg 20.59   maintenance 0.1    gpumem 7.1   augment 0.104
tick 66    kimg 270.5    time 1h 52m 56s   sec/tick 84.6    sec/kimg 20.64   maintenance 0.0    gpumem 7.1   augment 0.101
tick 67    kimg 274.6    time 1h 54m 20s   sec/tick 84.6    sec/kimg 20.65   maintenance 0.0    gpumem 7.1   augment 0.099
tick 68    kimg 278.7    time 1h 55m 45s   sec/tick 84.5    sec/kimg 20.63   maintenance 0.0    gpumem 7.1   augment 0.099
tick 69    kimg 282.8    time 1h 57m 09s   sec/tick 84.3    sec/kimg 20.57   maintenance 0.0    gpumem 7.1   augment 0.106
tick 70    kimg 286.8    time 1h 58m 34s   sec/tick 84.6    sec/kimg 20.64   maintenance 0.0    gpumem 7.1   augment 0.109
tick 71    kimg 290.9    time 1h 59m 58s   sec/tick 84.7    sec/kimg 20.67   maintenance 0.0    gpumem 7.1   augment 0.106
tick 72    kimg 295.0    time 2h 01m 23s   sec/tick 84.6    sec/kimg 20.66   maintenance 0.0    gpumem 7.1   augment 0.111
tick 73    kimg 299.1    time 2h 02m 48s   sec/tick 84.6    sec/kimg 20.65   maintenance 0.0    gpumem 7.1   augment 0.119
tick 74    kimg 303.2    time 2h 04m 12s   sec/tick 84.3    sec/kimg 20.58   maintenance 0.0    gpumem 7.1   augment 0.122
tick 75    kimg 307.3    time 2h 05m 37s   sec/tick 84.7    sec/kimg 20.68   maintenance 0.0    gpumem 7.1   augment 0.122
tick 76    kimg 311.4    time 2h 07m 02s   sec/tick 84.7    sec/kimg 20.69   maintenance 0.0    gpumem 7.1   augment 0.122
tick 77    kimg 315.5    time 2h 08m 26s   sec/tick 84.7    sec/kimg 20.67   maintenance 0.0    gpumem 7.1   augment 0.116
tick 78    kimg 319.6    time 2h 09m 51s   sec/tick 84.7    sec/kimg 20.67   maintenance 0.0    gpumem 7.1   augment 0.122
tick 79    kimg 323.7    time 2h 11m 15s   sec/tick 84.4    sec/kimg 20.61   maintenance 0.0    gpumem 7.1   augment 0.119
tick 80    kimg 327.8    time 2h 12m 40s   sec/tick 84.6    sec/kimg 20.66   maintenance 0.0    gpumem 7.1   augment 0.116
tick 81    kimg 331.9    time 2h 14m 05s   sec/tick 84.6    sec/kimg 20.64   maintenance 0.0    gpumem 7.1   augment 0.122
tick 82    kimg 336.0    time 2h 15m 30s   sec/tick 84.8    sec/kimg 20.71   maintenance 0.0    gpumem 7.1   augment 0.119
tick 83    kimg 340.1    time 2h 16m 54s   sec/tick 84.6    sec/kimg 20.66   maintenance 0.0    gpumem 7.1   augment 0.124
tick 84    kimg 344.2    time 2h 18m 19s   sec/tick 84.4    sec/kimg 20.61   maintenance 0.0    gpumem 7.1   augment 0.124
tick 85    kimg 348.3    time 2h 19m 43s   sec/tick 84.6    sec/kimg 20.66   maintenance 0.0    gpumem 7.1   augment 0.134
tick 86    kimg 352.4    time 2h 21m 08s   sec/tick 84.8    sec/kimg 20.70   maintenance 0.0    gpumem 7.1   augment 0.137
tick 87    kimg 356.5    time 2h 22m 33s   sec/tick 84.7    sec/kimg 20.69   maintenance 0.0    gpumem 7.1   augment 0.129
tick 88    kimg 360.6    time 2h 23m 58s   sec/tick 84.7    sec/kimg 20.69   maintenance 0.0    gpumem 7.1   augment 0.124
tick 89    kimg 364.7    time 2h 25m 22s   sec/tick 84.3    sec/kimg 20.58   maintenance 0.0    gpumem 7.1   augment 0.127
tick 90    kimg 368.8    time 2h 26m 47s   sec/tick 84.7    sec/kimg 20.68   maintenance 0.0    gpumem 7.1   augment 0.124
Evaluating metrics...
network-snapshot-000368        time 5m 06s       fid50k_full 7.8290
tick 91    kimg 372.9    time 2h 33m 37s   sec/tick 84.7    sec/kimg 20.69   maintenance 325.6  gpumem 7.1   augment 0.132
tick 92    kimg 377.0    time 2h 35m 02s   sec/tick 84.7    sec/kimg 20.69   maintenance 0.0    gpumem 7.1   augment 0.124
tick 93    kimg 381.1    time 2h 36m 27s   sec/tick 84.7    sec/kimg 20.67   maintenance 0.0    gpumem 7.1   augment 0.127
tick 94    kimg 385.2    time 2h 37m 51s   sec/tick 84.3    sec/kimg 20.59   maintenance 0.0    gpumem 7.1   augment 0.122
tick 95    kimg 389.2    time 2h 39m 16s   sec/tick 84.7    sec/kimg 20.67   maintenance 0.0    gpumem 7.1   augment 0.124
tick 96    kimg 393.3    time 2h 40m 41s   sec/tick 84.7    sec/kimg 20.68   maintenance 0.0    gpumem 7.1   augment 0.119
tick 97    kimg 397.4    time 2h 42m 05s   sec/tick 84.5    sec/kimg 20.62   maintenance 0.0    gpumem 7.1   augment 0.124
tick 98    kimg 401.5    time 2h 43m 30s   sec/tick 84.7    sec/kimg 20.68   maintenance 0.0    gpumem 7.1   augment 0.122
tick 99    kimg 405.6    time 2h 44m 54s   sec/tick 84.4    sec/kimg 20.61   maintenance 0.1    gpumem 7.1   augment 0.129
tick 100   kimg 409.7    time 2h 46m 19s   sec/tick 84.7    sec/kimg 20.67   maintenance 0.0    gpumem 7.1   augment 0.129
tick 101   kimg 413.8    time 2h 47m 44s   sec/tick 84.6    sec/kimg 20.65   maintenance 0.0    gpumem 7.1   augment 0.124
tick 102   kimg 417.9    time 2h 49m 08s   sec/tick 84.7    sec/kimg 20.67   maintenance 0.0    gpumem 7.1   augment 0.122
tick 103   kimg 422.0    time 2h 50m 33s   sec/tick 84.5    sec/kimg 20.62   maintenance 0.0    gpumem 7.1   augment 0.122
tick 104   kimg 426.1    time 2h 51m 58s   sec/tick 84.7    sec/kimg 20.67   maintenance 0.0    gpumem 7.1   augment 0.122
tick 105   kimg 430.2    time 2h 53m 22s   sec/tick 84.6    sec/kimg 20.66   maintenance 0.0    gpumem 7.1   augment 0.124
tick 106   kimg 434.3    time 2h 54m 47s   sec/tick 84.7    sec/kimg 20.68   maintenance 0.0    gpumem 7.1   augment 0.134
tick 107   kimg 438.4    time 2h 56m 12s   sec/tick 84.7    sec/kimg 20.67   maintenance 0.0    gpumem 7.1   augment 0.132
tick 108   kimg 442.5    time 2h 57m 36s   sec/tick 84.5    sec/kimg 20.62   maintenance 0.0    gpumem 7.1   augment 0.134
tick 109   kimg 446.6    time 2h 59m 01s   sec/tick 84.6    sec/kimg 20.67   maintenance 0.0    gpumem 7.1   augment 0.132
tick 110   kimg 450.7    time 3h 00m 26s   sec/tick 84.8    sec/kimg 20.70   maintenance 0.0    gpumem 7.1   augment 0.134
tick 111   kimg 454.8    time 3h 01m 51s   sec/tick 84.7    sec/kimg 20.68   maintenance 0.0    gpumem 7.1   augment 0.129
tick 112   kimg 458.9    time 3h 03m 15s   sec/tick 84.8    sec/kimg 20.70   maintenance 0.0    gpumem 7.1   augment 0.127
tick 113   kimg 463.0    time 3h 04m 40s   sec/tick 84.4    sec/kimg 20.60   maintenance 0.0    gpumem 7.1   augment 0.134
tick 114   kimg 467.1    time 3h 06m 04s   sec/tick 84.6    sec/kimg 20.65   maintenance 0.0    gpumem 7.1   augment 0.132
tick 115   kimg 471.2    time 3h 07m 29s   sec/tick 84.7    sec/kimg 20.67   maintenance 0.0    gpumem 7.1   augment 0.137
tick 116   kimg 475.3    time 3h 08m 54s   sec/tick 84.7    sec/kimg 20.68   maintenance 0.0    gpumem 7.1   augment 0.134
tick 117   kimg 479.4    time 3h 10m 19s   sec/tick 84.7    sec/kimg 20.67   maintenance 0.0    gpumem 7.1   augment 0.132
tick 118   kimg 483.5    time 3h 11m 43s   sec/tick 84.3    sec/kimg 20.59   maintenance 0.0    gpumem 7.1   augment 0.134
tick 119   kimg 487.6    time 3h 13m 08s   sec/tick 84.7    sec/kimg 20.67   maintenance 0.0    gpumem 7.1   augment 0.132
tick 120   kimg 491.6    time 3h 14m 32s   sec/tick 84.6    sec/kimg 20.65   maintenance 0.0    gpumem 7.1   augment 0.134
Evaluating metrics...
network-snapshot-000491        time 5m 07s       fid50k_full 7.3705
tick 121   kimg 495.7    time 3h 21m 24s   sec/tick 84.6    sec/kimg 20.65   maintenance 326.6  gpumem 7.1   augment 0.137
tick 122   kimg 499.8    time 3h 22m 48s   sec/tick 84.7    sec/kimg 20.68   maintenance 0.0    gpumem 7.1   augment 0.137
tick 123   kimg 503.9    time 3h 24m 13s   sec/tick 84.4    sec/kimg 20.60   maintenance 0.0    gpumem 7.1   augment 0.129
tick 124   kimg 508.0    time 3h 25m 38s   sec/tick 84.7    sec/kimg 20.67   maintenance 0.0    gpumem 7.1   augment 0.134
tick 125   kimg 512.1    time 3h 27m 02s   sec/tick 84.6    sec/kimg 20.66   maintenance 0.0    gpumem 7.1   augment 0.140
tick 126   kimg 516.2    time 3h 28m 27s   sec/tick 84.7    sec/kimg 20.67   maintenance 0.0    gpumem 7.1   augment 0.137
tick 127   kimg 520.3    time 3h 29m 52s   sec/tick 84.7    sec/kimg 20.68   maintenance 0.0    gpumem 7.1   augment 0.140
tick 128   kimg 524.4    time 3h 31m 16s   sec/tick 84.5    sec/kimg 20.62   maintenance 0.0    gpumem 7.1   augment 0.134
tick 129   kimg 528.5    time 3h 32m 41s   sec/tick 84.7    sec/kimg 20.69   maintenance 0.0    gpumem 7.1   augment 0.145
tick 130   kimg 532.6    time 3h 34m 06s   sec/tick 84.8    sec/kimg 20.70   maintenance 0.0    gpumem 7.1   augment 0.142
tick 131   kimg 536.7    time 3h 35m 31s   sec/tick 84.8    sec/kimg 20.70   maintenance 0.0    gpumem 7.1   augment 0.140
tick 132   kimg 540.8    time 3h 36m 55s   sec/tick 84.6    sec/kimg 20.66   maintenance 0.0    gpumem 7.1   augment 0.137
tick 133   kimg 544.9    time 3h 38m 20s   sec/tick 84.5    sec/kimg 20.63   maintenance 0.0    gpumem 7.1   augment 0.137
tick 134   kimg 549.0    time 3h 39m 45s   sec/tick 84.8    sec/kimg 20.69   maintenance 0.0    gpumem 7.1   augment 0.145
tick 135   kimg 553.1    time 3h 41m 10s   sec/tick 84.9    sec/kimg 20.73   maintenance 0.0    gpumem 7.1   augment 0.150
tick 136   kimg 557.2    time 3h 42m 34s   sec/tick 84.8    sec/kimg 20.70   maintenance 0.0    gpumem 7.1   augment 0.147
tick 137   kimg 561.3    time 3h 43m 59s   sec/tick 84.8    sec/kimg 20.71   maintenance 0.0    gpumem 7.1   augment 0.150
tick 138   kimg 565.4    time 3h 45m 24s   sec/tick 84.3    sec/kimg 20.59   maintenance 0.1    gpumem 7.1   augment 0.145
tick 139   kimg 569.5    time 3h 46m 49s   sec/tick 84.8    sec/kimg 20.71   maintenance 0.0    gpumem 7.1   augment 0.140
tick 140   kimg 573.6    time 3h 48m 13s   sec/tick 84.7    sec/kimg 20.68   maintenance 0.0    gpumem 7.1   augment 0.142
tick 141   kimg 577.7    time 3h 49m 38s   sec/tick 84.9    sec/kimg 20.72   maintenance 0.0    gpumem 7.1   augment 0.140
tick 142   kimg 581.8    time 3h 51m 03s   sec/tick 84.5    sec/kimg 20.62   maintenance 0.0    gpumem 7.1   augment 0.134
tick 143   kimg 585.9    time 3h 52m 27s   sec/tick 84.6    sec/kimg 20.66   maintenance 0.1    gpumem 7.1   augment 0.137
tick 144   kimg 590.0    time 3h 53m 52s   sec/tick 84.6    sec/kimg 20.66   maintenance 0.0    gpumem 7.1   augment 0.142
tick 145   kimg 594.0    time 3h 55m 17s   sec/tick 84.7    sec/kimg 20.68   maintenance 0.0    gpumem 7.1   augment 0.134
tick 146   kimg 598.1    time 3h 56m 41s   sec/tick 84.6    sec/kimg 20.65   maintenance 0.0    gpumem 7.1   augment 0.134
tick 147   kimg 602.2    time 3h 58m 06s   sec/tick 84.5    sec/kimg 20.63   maintenance 0.0    gpumem 7.1   augment 0.140
tick 148   kimg 606.3    time 3h 59m 31s   sec/tick 84.8    sec/kimg 20.69   maintenance 0.0    gpumem 7.1   augment 0.145
tick 149   kimg 610.4    time 4h 00m 56s   sec/tick 85.6    sec/kimg 20.90   maintenance 0.0    gpumem 7.1   augment 0.140
tick 150   kimg 614.5    time 4h 02m 21s   sec/tick 84.6    sec/kimg 20.67   maintenance 0.0    gpumem 7.1   augment 0.137
Evaluating metrics...
network-snapshot-000614        time 5m 06s       fid50k_full 7.6880
tick 151   kimg 618.6    time 4h 09m 11s   sec/tick 84.8    sec/kimg 20.69   maintenance 325.5  gpumem 7.1   augment 0.142
tick 152   kimg 622.7    time 4h 10m 36s   sec/tick 84.4    sec/kimg 20.60   maintenance 0.0    gpumem 7.1   augment 0.140
tick 153   kimg 626.8    time 4h 12m 01s   sec/tick 84.7    sec/kimg 20.69   maintenance 0.0    gpumem 7.1   augment 0.137
tick 154   kimg 630.9    time 4h 13m 25s   sec/tick 84.6    sec/kimg 20.66   maintenance 0.0    gpumem 7.1   augment 0.140
tick 155   kimg 635.0    time 4h 14m 50s   sec/tick 84.7    sec/kimg 20.69   maintenance 0.0    gpumem 7.1   augment 0.147
tick 156   kimg 639.1    time 4h 16m 15s   sec/tick 84.7    sec/kimg 20.67   maintenance 0.0    gpumem 7.1   augment 0.140
tick 157   kimg 643.2    time 4h 17m 39s   sec/tick 84.5    sec/kimg 20.64   maintenance 0.0    gpumem 7.1   augment 0.152
tick 158   kimg 647.3    time 4h 19m 04s   sec/tick 84.6    sec/kimg 20.66   maintenance 0.0    gpumem 7.1   augment 0.142
tick 159   kimg 651.4    time 4h 20m 29s   sec/tick 84.9    sec/kimg 20.72   maintenance 0.0    gpumem 7.1   augment 0.137
tick 160   kimg 655.5    time 4h 21m 54s   sec/tick 84.7    sec/kimg 20.67   maintenance 0.1    gpumem 7.1   augment 0.137
tick 161   kimg 659.6    time 4h 23m 18s   sec/tick 84.8    sec/kimg 20.69   maintenance 0.0    gpumem 7.1   augment 0.137
tick 162   kimg 663.7    time 4h 24m 43s   sec/tick 84.4    sec/kimg 20.61   maintenance 0.0    gpumem 7.1   augment 0.145
tick 163   kimg 667.8    time 4h 26m 08s   sec/tick 84.7    sec/kimg 20.68   maintenance 0.0    gpumem 7.1   augment 0.147
tick 164   kimg 671.9    time 4h 27m 33s   sec/tick 84.8    sec/kimg 20.70   maintenance 0.1    gpumem 7.1   augment 0.155
tick 165   kimg 676.0    time 4h 28m 57s   sec/tick 84.7    sec/kimg 20.69   maintenance 0.0    gpumem 7.1   augment 0.150
tick 166   kimg 680.1    time 4h 30m 22s   sec/tick 84.7    sec/kimg 20.69   maintenance 0.0    gpumem 7.1   augment 0.145
tick 167   kimg 684.2    time 4h 31m 47s   sec/tick 84.5    sec/kimg 20.63   maintenance 0.0    gpumem 7.1   augment 0.145
tick 168   kimg 688.3    time 4h 33m 11s   sec/tick 84.8    sec/kimg 20.71   maintenance 0.0    gpumem 7.1   augment 0.152
tick 169   kimg 692.4    time 4h 34m 36s   sec/tick 84.7    sec/kimg 20.69   maintenance 0.0    gpumem 7.1   augment 0.150
tick 170   kimg 696.4    time 4h 36m 01s   sec/tick 84.7    sec/kimg 20.68   maintenance 0.0    gpumem 7.1   augment 0.152
tick 171   kimg 700.5    time 4h 37m 26s   sec/tick 84.7    sec/kimg 20.68   maintenance 0.0    gpumem 7.1   augment 0.145
tick 172   kimg 704.6    time 4h 38m 50s   sec/tick 84.4    sec/kimg 20.62   maintenance 0.1    gpumem 7.1   augment 0.145
tick 173   kimg 708.7    time 4h 40m 15s   sec/tick 84.7    sec/kimg 20.67   maintenance 0.0    gpumem 7.1   augment 0.150
tick 174   kimg 712.8    time 4h 41m 40s   sec/tick 84.8    sec/kimg 20.70   maintenance 0.0    gpumem 7.1   augment 0.155
tick 175   kimg 716.9    time 4h 43m 05s   sec/tick 84.7    sec/kimg 20.69   maintenance 0.0    gpumem 7.1   augment 0.157
tick 176   kimg 721.0    time 4h 44m 29s   sec/tick 84.7    sec/kimg 20.67   maintenance 0.0    gpumem 7.1   augment 0.160
tick 177   kimg 725.1    time 4h 45m 54s   sec/tick 84.5    sec/kimg 20.62   maintenance 0.1    gpumem 7.1   augment 0.150
tick 178   kimg 729.2    time 4h 47m 19s   sec/tick 84.7    sec/kimg 20.68   maintenance 0.0    gpumem 7.1   augment 0.152
tick 179   kimg 733.3    time 4h 48m 43s   sec/tick 84.7    sec/kimg 20.69   maintenance 0.0    gpumem 7.1   augment 0.155
tick 180   kimg 737.4    time 4h 50m 08s   sec/tick 84.7    sec/kimg 20.67   maintenance 0.0    gpumem 7.1   augment 0.155
Evaluating metrics...
network-snapshot-000737        time 5m 08s       fid50k_full 7.3782
tick 181   kimg 741.5    time 4h 57m 01s   sec/tick 84.6    sec/kimg 20.64   maintenance 328.0  gpumem 7.1   augment 0.155
tick 182   kimg 745.6    time 4h 58m 25s   sec/tick 84.7    sec/kimg 20.67   maintenance 0.1    gpumem 7.1   augment 0.157
tick 183   kimg 749.7    time 4h 59m 50s   sec/tick 84.8    sec/kimg 20.71   maintenance 0.0    gpumem 7.1   augment 0.155
tick 184   kimg 753.8    time 5h 01m 15s   sec/tick 85.0    sec/kimg 20.74   maintenance 0.0    gpumem 7.1   augment 0.157
tick 185   kimg 757.9    time 5h 02m 40s   sec/tick 84.8    sec/kimg 20.70   maintenance 0.0    gpumem 7.1   augment 0.165
tick 186   kimg 762.0    time 5h 04m 05s   sec/tick 84.5    sec/kimg 20.62   maintenance 0.0    gpumem 7.1   augment 0.157
tick 187   kimg 766.1    time 5h 05m 29s   sec/tick 84.7    sec/kimg 20.69   maintenance 0.0    gpumem 7.1   augment 0.163
tick 188   kimg 770.2    time 5h 06m 54s   sec/tick 84.7    sec/kimg 20.69   maintenance 0.0    gpumem 7.1   augment 0.163
tick 189   kimg 774.3    time 5h 08m 19s   sec/tick 84.8    sec/kimg 20.70   maintenance 0.0    gpumem 7.1   augment 0.163
tick 190   kimg 778.4    time 5h 09m 44s   sec/tick 84.9    sec/kimg 20.74   maintenance 0.0    gpumem 7.1   augment 0.160
tick 191   kimg 782.5    time 5h 11m 08s   sec/tick 84.5    sec/kimg 20.62   maintenance 0.0    gpumem 7.1   augment 0.152
tick 192   kimg 786.6    time 5h 12m 33s   sec/tick 84.8    sec/kimg 20.71   maintenance 0.0    gpumem 7.1   augment 0.157
tick 193   kimg 790.7    time 5h 13m 58s   sec/tick 84.9    sec/kimg 20.73   maintenance 0.0    gpumem 7.1   augment 0.163
tick 194   kimg 794.8    time 5h 15m 23s   sec/tick 84.8    sec/kimg 20.70   maintenance 0.0    gpumem 7.1   augment 0.163
tick 195   kimg 798.8    time 5h 16m 48s   sec/tick 84.8    sec/kimg 20.71   maintenance 0.0    gpumem 7.1   augment 0.163
tick 196   kimg 802.9    time 5h 18m 13s   sec/tick 84.5    sec/kimg 20.64   maintenance 0.0    gpumem 7.1   augment 0.168
tick 197   kimg 807.0    time 5h 19m 37s   sec/tick 84.8    sec/kimg 20.71   maintenance 0.0    gpumem 7.1   augment 0.168
tick 198   kimg 811.1    time 5h 21m 02s   sec/tick 84.9    sec/kimg 20.73   maintenance 0.0    gpumem 7.1   augment 0.168
tick 199   kimg 815.2    time 5h 22m 27s   sec/tick 84.8    sec/kimg 20.71   maintenance 0.0    gpumem 7.1   augment 0.165
tick 200   kimg 819.3    time 5h 23m 52s   sec/tick 84.7    sec/kimg 20.67   maintenance 0.0    gpumem 7.1   augment 0.163
tick 201   kimg 823.4    time 5h 25m 17s   sec/tick 84.6    sec/kimg 20.64   maintenance 0.0    gpumem 7.1   augment 0.168
tick 202   kimg 827.5    time 5h 26m 41s   sec/tick 84.8    sec/kimg 20.71   maintenance 0.0    gpumem 7.1   augment 0.173
tick 203   kimg 831.6    time 5h 28m 06s   sec/tick 84.8    sec/kimg 20.71   maintenance 0.0    gpumem 7.1   augment 0.175
tick 204   kimg 835.7    time 5h 29m 31s   sec/tick 84.9    sec/kimg 20.73   maintenance 0.0    gpumem 7.1   augment 0.173
tick 205   kimg 839.8    time 5h 30m 56s   sec/tick 84.8    sec/kimg 20.70   maintenance 0.0    gpumem 7.1   augment 0.178
tick 206   kimg 843.9    time 5h 32m 21s   sec/tick 84.5    sec/kimg 20.64   maintenance 0.1    gpumem 7.1   augment 0.173
tick 207   kimg 848.0    time 5h 33m 46s   sec/tick 84.9    sec/kimg 20.72   maintenance 0.0    gpumem 7.1   augment 0.165
tick 208   kimg 852.1    time 5h 35m 11s   sec/tick 84.9    sec/kimg 20.73   maintenance 0.0    gpumem 7.1   augment 0.160
tick 209   kimg 856.2    time 5h 36m 36s   sec/tick 84.9    sec/kimg 20.72   maintenance 0.0    gpumem 7.1   augment 0.157
tick 210   kimg 860.3    time 5h 38m 01s   sec/tick 84.9    sec/kimg 20.74   maintenance 0.0    gpumem 7.1   augment 0.168
Evaluating metrics...
network-snapshot-000860        time 5m 06s       fid50k_full 6.7749
tick 211   kimg 864.4    time 5h 44m 50s   sec/tick 84.5    sec/kimg 20.62   maintenance 325.1  gpumem 7.1   augment 0.165
tick 212   kimg 868.5    time 5h 46m 15s   sec/tick 84.7    sec/kimg 20.69   maintenance 0.0    gpumem 7.1   augment 0.173
tick 213   kimg 872.6    time 5h 47m 40s   sec/tick 84.8    sec/kimg 20.70   maintenance 0.0    gpumem 7.1   augment 0.173
tick 214   kimg 876.7    time 5h 49m 05s   sec/tick 84.9    sec/kimg 20.73   maintenance 0.0    gpumem 7.1   augment 0.173
tick 215   kimg 880.8    time 5h 50m 29s   sec/tick 84.8    sec/kimg 20.69   maintenance 0.0    gpumem 7.1   augment 0.163
tick 216   kimg 884.9    time 5h 51m 54s   sec/tick 84.5    sec/kimg 20.62   maintenance 0.1    gpumem 7.1   augment 0.170
tick 217   kimg 889.0    time 5h 53m 19s   sec/tick 85.0    sec/kimg 20.74   maintenance 0.0    gpumem 7.1   augment 0.173
tick 218   kimg 893.1    time 5h 54m 44s   sec/tick 84.7    sec/kimg 20.69   maintenance 0.0    gpumem 7.1   augment 0.175
tick 219   kimg 897.2    time 5h 56m 09s   sec/tick 84.8    sec/kimg 20.70   maintenance 0.0    gpumem 7.1   augment 0.183
tick 220   kimg 901.2    time 5h 57m 33s   sec/tick 84.6    sec/kimg 20.65   maintenance 0.1    gpumem 7.1   augment 0.170
tick 221   kimg 905.3    time 5h 58m 58s   sec/tick 84.7    sec/kimg 20.68   maintenance 0.1    gpumem 7.1   augment 0.170
tick 222   kimg 909.4    time 6h 00m 23s   sec/tick 84.8    sec/kimg 20.71   maintenance 0.0    gpumem 7.1   augment 0.157
tick 223   kimg 913.5    time 6h 01m 48s   sec/tick 84.8    sec/kimg 20.71   maintenance 0.0    gpumem 7.1   augment 0.157
tick 224   kimg 917.6    time 6h 03m 13s   sec/tick 84.8    sec/kimg 20.71   maintenance 0.0    gpumem 7.1   augment 0.152
tick 225   kimg 921.7    time 6h 04m 37s   sec/tick 84.5    sec/kimg 20.62   maintenance 0.0    gpumem 7.1   augment 0.157
tick 226   kimg 925.8    time 6h 06m 02s   sec/tick 84.7    sec/kimg 20.68   maintenance 0.0    gpumem 7.1   augment 0.165
tick 227   kimg 929.9    time 6h 07m 27s   sec/tick 84.9    sec/kimg 20.73   maintenance 0.0    gpumem 7.1   augment 0.170
tick 228   kimg 934.0    time 6h 08m 52s   sec/tick 84.8    sec/kimg 20.71   maintenance 0.0    gpumem 7.1   augment 0.173
tick 229   kimg 938.1    time 6h 10m 17s   sec/tick 84.9    sec/kimg 20.72   maintenance 0.0    gpumem 7.1   augment 0.180
tick 230   kimg 942.2    time 6h 11m 41s   sec/tick 84.5    sec/kimg 20.63   maintenance 0.0    gpumem 7.1   augment 0.178
tick 231   kimg 946.3    time 6h 13m 06s   sec/tick 84.8    sec/kimg 20.70   maintenance 0.0    gpumem 7.1   augment 0.180
tick 232   kimg 950.4    time 6h 14m 31s   sec/tick 84.9    sec/kimg 20.72   maintenance 0.0    gpumem 7.1   augment 0.175
tick 233   kimg 954.5    time 6h 15m 56s   sec/tick 84.8    sec/kimg 20.70   maintenance 0.0    gpumem 7.1   augment 0.173
tick 234   kimg 958.6    time 6h 17m 20s   sec/tick 84.7    sec/kimg 20.68   maintenance 0.0    gpumem 7.1   augment 0.165
tick 235   kimg 962.7    time 6h 18m 45s   sec/tick 84.5    sec/kimg 20.64   maintenance 0.0    gpumem 7.1   augment 0.170
tick 236   kimg 966.8    time 6h 20m 10s   sec/tick 84.9    sec/kimg 20.73   maintenance 0.0    gpumem 7.1   augment 0.178
tick 237   kimg 970.9    time 6h 21m 35s   sec/tick 84.8    sec/kimg 20.71   maintenance 0.0    gpumem 7.1   augment 0.173
tick 238   kimg 975.0    time 6h 23m 00s   sec/tick 84.9    sec/kimg 20.72   maintenance 0.0    gpumem 7.1   augment 0.168
tick 239   kimg 979.1    time 6h 24m 25s   sec/tick 84.8    sec/kimg 20.70   maintenance 0.0    gpumem 7.1   augment 0.180
tick 240   kimg 983.2    time 6h 25m 49s   sec/tick 84.5    sec/kimg 20.64   maintenance 0.0    gpumem 7.1   augment 0.170
Evaluating metrics...
network-snapshot-000983        time 5m 06s       fid50k_full 6.8163
tick 241   kimg 987.3    time 6h 32m 39s   sec/tick 84.8    sec/kimg 20.71   maintenance 325.3  gpumem 7.1   augment 0.183
tick 242   kimg 991.4    time 6h 34m 04s   sec/tick 84.8    sec/kimg 20.71   maintenance 0.0    gpumem 7.1   augment 0.191
tick 243   kimg 995.5    time 6h 35m 29s   sec/tick 84.8    sec/kimg 20.70   maintenance 0.0    gpumem 7.1   augment 0.186
tick 244   kimg 999.6    time 6h 36m 54s   sec/tick 84.8    sec/kimg 20.70   maintenance 0.0    gpumem 7.1   augment 0.191
tick 245   kimg 1003.6   time 6h 38m 18s   sec/tick 84.6    sec/kimg 20.66   maintenance 0.0    gpumem 7.1   augment 0.180
tick 246   kimg 1007.7   time 6h 39m 43s   sec/tick 84.8    sec/kimg 20.71   maintenance 0.0    gpumem 7.1   augment 0.180
tick 247   kimg 1011.8   time 6h 41m 08s   sec/tick 84.8    sec/kimg 20.71   maintenance 0.0    gpumem 7.1   augment 0.178
tick 248   kimg 1015.9   time 6h 42m 33s   sec/tick 84.8    sec/kimg 20.71   maintenance 0.0    gpumem 7.1   augment 0.175
tick 249   kimg 1020.0   time 6h 43m 58s   sec/tick 84.9    sec/kimg 20.72   maintenance 0.0    gpumem 7.1   augment 0.180
tick 250   kimg 1024.1   time 6h 45m 22s   sec/tick 84.5    sec/kimg 20.62   maintenance 0.0    gpumem 7.1   augment 0.178
tick 251   kimg 1028.2   time 6h 46m 47s   sec/tick 84.9    sec/kimg 20.72   maintenance 0.0    gpumem 7.1   augment 0.173
tick 252   kimg 1032.3   time 6h 48m 12s   sec/tick 84.8    sec/kimg 20.71   maintenance 0.0    gpumem 7.1   augment 0.178
tick 253   kimg 1036.4   time 6h 49m 37s   sec/tick 84.8    sec/kimg 20.70   maintenance 0.0    gpumem 7.1   augment 0.180
tick 254   kimg 1040.5   time 6h 51m 02s   sec/tick 84.7    sec/kimg 20.68   maintenance 0.0    gpumem 7.1   augment 0.175
tick 255   kimg 1044.6   time 6h 52m 26s   sec/tick 84.6    sec/kimg 20.66   maintenance 0.1    gpumem 7.1   augment 0.175
tick 256   kimg 1048.7   time 6h 53m 51s   sec/tick 84.8    sec/kimg 20.70   maintenance 0.0    gpumem 7.1   augment 0.173
tick 257   kimg 1052.8   time 6h 55m 16s   sec/tick 84.7    sec/kimg 20.68   maintenance 0.0    gpumem 7.1   augment 0.178
tick 258   kimg 1056.9   time 6h 56m 41s   sec/tick 84.8    sec/kimg 20.71   maintenance 0.0    gpumem 7.1   augment 0.183
tick 259   kimg 1061.0   time 6h 58m 06s   sec/tick 84.6    sec/kimg 20.67   maintenance 0.0    gpumem 7.1   augment 0.178
tick 260   kimg 1065.1   time 6h 59m 30s   sec/tick 84.7    sec/kimg 20.67   maintenance 0.1    gpumem 7.1   augment 0.175
tick 261   kimg 1069.2   time 7h 00m 55s   sec/tick 84.8    sec/kimg 20.70   maintenance 0.0    gpumem 7.1   augment 0.180
tick 262   kimg 1073.3   time 7h 02m 20s   sec/tick 84.9    sec/kimg 20.72   maintenance 0.0    gpumem 7.1   augment 0.180
tick 263   kimg 1077.4   time 7h 03m 45s   sec/tick 84.8    sec/kimg 20.71   maintenance 0.0    gpumem 7.1   augment 0.183
tick 264   kimg 1081.5   time 7h 05m 10s   sec/tick 84.6    sec/kimg 20.64   maintenance 0.0    gpumem 7.1   augment 0.191
tick 265   kimg 1085.6   time 7h 06m 34s   sec/tick 84.8    sec/kimg 20.70   maintenance 0.0    gpumem 7.1   augment 0.191
tick 266   kimg 1089.7   time 7h 07m 59s   sec/tick 85.0    sec/kimg 20.75   maintenance 0.0    gpumem 7.1   augment 0.191
tick 267   kimg 1093.8   time 7h 09m 24s   sec/tick 84.9    sec/kimg 20.73   maintenance 0.0    gpumem 7.1   augment 0.196
tick 268   kimg 1097.9   time 7h 10m 49s   sec/tick 85.0    sec/kimg 20.75   maintenance 0.0    gpumem 7.1   augment 0.183
tick 269   kimg 1102.0   time 7h 12m 14s   sec/tick 84.6    sec/kimg 20.66   maintenance 0.0    gpumem 7.1   augment 0.188
tick 270   kimg 1106.0   time 7h 13m 39s   sec/tick 84.9    sec/kimg 20.74   maintenance 0.0    gpumem 7.1   augment 0.183
Evaluating metrics...
network-snapshot-001106        time 5m 09s       fid50k_full 6.9228
tick 271   kimg 1110.1   time 7h 20m 32s   sec/tick 84.9    sec/kimg 20.73   maintenance 327.7  gpumem 7.1   augment 0.178
tick 272   kimg 1114.2   time 7h 21m 57s   sec/tick 84.8    sec/kimg 20.70   maintenance 0.0    gpumem 7.1   augment 0.186
tick 273   kimg 1118.3   time 7h 23m 21s   sec/tick 84.7    sec/kimg 20.68   maintenance 0.0    gpumem 7.1   augment 0.180
tick 274   kimg 1122.4   time 7h 24m 46s   sec/tick 84.5    sec/kimg 20.64   maintenance 0.0    gpumem 7.1   augment 0.183
tick 275   kimg 1126.5   time 7h 26m 11s   sec/tick 84.9    sec/kimg 20.72   maintenance 0.0    gpumem 7.1   augment 0.191
tick 276   kimg 1130.6   time 7h 27m 36s   sec/tick 84.8    sec/kimg 20.70   maintenance 0.0    gpumem 7.1   augment 0.188
tick 277   kimg 1134.7   time 7h 29m 01s   sec/tick 85.0    sec/kimg 20.75   maintenance 0.0    gpumem 7.1   augment 0.186
tick 278   kimg 1138.8   time 7h 30m 26s   sec/tick 84.8    sec/kimg 20.69   maintenance 0.0    gpumem 7.1   augment 0.188
tick 279   kimg 1142.9   time 7h 31m 50s   sec/tick 84.4    sec/kimg 20.61   maintenance 0.0    gpumem 7.1   augment 0.191
tick 280   kimg 1147.0   time 7h 33m 15s   sec/tick 84.8    sec/kimg 20.71   maintenance 0.0    gpumem 7.1   augment 0.198
tick 281   kimg 1151.1   time 7h 34m 40s   sec/tick 85.0    sec/kimg 20.74   maintenance 0.0    gpumem 7.1   augment 0.198
tick 282   kimg 1155.2   time 7h 36m 05s   sec/tick 84.9    sec/kimg 20.73   maintenance 0.0    gpumem 7.1   augment 0.193
tick 283   kimg 1159.3   time 7h 37m 30s   sec/tick 85.0    sec/kimg 20.75   maintenance 0.0    gpumem 7.1   augment 0.204
tick 284   kimg 1163.4   time 7h 38m 55s   sec/tick 84.6    sec/kimg 20.65   maintenance 0.0    gpumem 7.1   augment 0.204
tick 285   kimg 1167.5   time 7h 40m 19s   sec/tick 84.9    sec/kimg 20.73   maintenance 0.0    gpumem 7.1   augment 0.198
tick 286   kimg 1171.6   time 7h 41m 44s   sec/tick 85.0    sec/kimg 20.74   maintenance 0.0    gpumem 7.1   augment 0.193
tick 287   kimg 1175.7   time 7h 43m 09s   sec/tick 84.9    sec/kimg 20.74   maintenance 0.0    gpumem 7.1   augment 0.198
tick 288   kimg 1179.8   time 7h 44m 34s   sec/tick 84.9    sec/kimg 20.73   maintenance 0.0    gpumem 7.1   augment 0.198
tick 289   kimg 1183.9   time 7h 45m 59s   sec/tick 84.6    sec/kimg 20.65   maintenance 0.0    gpumem 7.1   augment 0.201
tick 290   kimg 1188.0   time 7h 47m 24s   sec/tick 84.9    sec/kimg 20.72   maintenance 0.0    gpumem 7.1   augment 0.196
tick 291   kimg 1192.1   time 7h 48m 49s   sec/tick 84.9    sec/kimg 20.72   maintenance 0.0    gpumem 7.1   augment 0.196
tick 292   kimg 1196.2   time 7h 50m 14s   sec/tick 84.9    sec/kimg 20.73   maintenance 0.0    gpumem 7.1   augment 0.196
tick 293   kimg 1200.3   time 7h 51m 39s   sec/tick 85.0    sec/kimg 20.75   maintenance 0.0    gpumem 7.1   augment 0.206
tick 294   kimg 1204.4   time 7h 53m 04s   sec/tick 84.6    sec/kimg 20.66   maintenance 0.1    gpumem 7.1   augment 0.204
tick 295   kimg 1208.4   time 7h 54m 29s   sec/tick 85.0    sec/kimg 20.74   maintenance 0.0    gpumem 7.1   augment 0.196
tick 296   kimg 1212.5   time 7h 55m 53s   sec/tick 84.8    sec/kimg 20.71   maintenance 0.0    gpumem 7.1   augment 0.196
tick 297   kimg 1216.6   time 7h 57m 18s   sec/tick 85.0    sec/kimg 20.75   maintenance 0.0    gpumem 7.1   augment 0.186
tick 298   kimg 1220.7   time 7h 58m 43s   sec/tick 84.8    sec/kimg 20.69   maintenance 0.0    gpumem 7.1   augment 0.186
tick 299   kimg 1224.8   time 8h 00m 08s   sec/tick 84.8    sec/kimg 20.70   maintenance 0.1    gpumem 7.1   augment 0.186
tick 300   kimg 1228.9   time 8h 01m 33s   sec/tick 84.9    sec/kimg 20.74   maintenance 0.0    gpumem 7.1   augment 0.183
Evaluating metrics...
network-snapshot-001228        time 5m 06s       fid50k_full 7.3024
tick 301   kimg 1233.0   time 8h 08m 23s   sec/tick 84.8    sec/kimg 20.70   maintenance 324.9  gpumem 7.1   augment 0.186
tick 302   kimg 1237.1   time 8h 09m 48s   sec/tick 85.0    sec/kimg 20.75   maintenance 0.0    gpumem 7.1   augment 0.188
tick 303   kimg 1241.2   time 8h 11m 12s   sec/tick 84.6    sec/kimg 20.65   maintenance 0.0    gpumem 7.1   augment 0.186
tick 304   kimg 1245.3   time 8h 12m 37s   sec/tick 84.8    sec/kimg 20.71   maintenance 0.0    gpumem 7.1   augment 0.186
tick 305   kimg 1249.4   time 8h 14m 02s   sec/tick 84.8    sec/kimg 20.71   maintenance 0.0    gpumem 7.1   augment 0.188
tick 306   kimg 1253.5   time 8h 15m 27s   sec/tick 85.0    sec/kimg 20.74   maintenance 0.0    gpumem 7.1   augment 0.186
tick 307   kimg 1257.6   time 8h 16m 52s   sec/tick 84.9    sec/kimg 20.73   maintenance 0.0    gpumem 7.1   augment 0.198
tick 308   kimg 1261.7   time 8h 18m 17s   sec/tick 84.6    sec/kimg 20.66   maintenance 0.0    gpumem 7.1   augment 0.198
tick 309   kimg 1265.8   time 8h 19m 42s   sec/tick 84.9    sec/kimg 20.73   maintenance 0.0    gpumem 7.1   augment 0.198
tick 310   kimg 1269.9   time 8h 21m 07s   sec/tick 85.1    sec/kimg 20.78   maintenance 0.0    gpumem 7.1   augment 0.196
tick 311   kimg 1274.0   time 8h 22m 32s   sec/tick 85.1    sec/kimg 20.77   maintenance 0.0    gpumem 7.1   augment 0.193
tick 312   kimg 1278.1   time 8h 23m 57s   sec/tick 84.9    sec/kimg 20.73   maintenance 0.0    gpumem 7.1   augment 0.193
tick 313   kimg 1282.2   time 8h 25m 21s   sec/tick 84.4    sec/kimg 20.60   maintenance 0.0    gpumem 7.1   augment 0.193
tick 314   kimg 1286.3   time 8h 26m 46s   sec/tick 84.9    sec/kimg 20.73   maintenance 0.0    gpumem 7.1   augment 0.193
tick 315   kimg 1290.4   time 8h 28m 11s   sec/tick 84.9    sec/kimg 20.73   maintenance 0.0    gpumem 7.1   augment 0.193
tick 316   kimg 1294.5   time 8h 29m 36s   sec/tick 84.9    sec/kimg 20.74   maintenance 0.0    gpumem 7.1   augment 0.198
tick 317   kimg 1298.6   time 8h 31m 01s   sec/tick 84.8    sec/kimg 20.70   maintenance 0.0    gpumem 7.1   augment 0.209
tick 318   kimg 1302.7   time 8h 32m 26s   sec/tick 84.6    sec/kimg 20.66   maintenance 0.0    gpumem 7.1   augment 0.204
tick 319   kimg 1306.8   time 8h 33m 51s   sec/tick 84.9    sec/kimg 20.72   maintenance 0.0    gpumem 7.1   augment 0.209
tick 320   kimg 1310.8   time 8h 35m 16s   sec/tick 84.8    sec/kimg 20.70   maintenance 0.0    gpumem 7.1   augment 0.209
tick 321   kimg 1314.9   time 8h 36m 41s   sec/tick 85.0    sec/kimg 20.75   maintenance 0.0    gpumem 7.1   augment 0.211
tick 322   kimg 1319.0   time 8h 38m 06s   sec/tick 84.9    sec/kimg 20.74   maintenance 0.0    gpumem 7.1   augment 0.214
tick 323   kimg 1323.1   time 8h 39m 30s   sec/tick 84.7    sec/kimg 20.67   maintenance 0.0    gpumem 7.1   augment 0.224
tick 324   kimg 1327.2   time 8h 40m 55s   sec/tick 84.9    sec/kimg 20.72   maintenance 0.0    gpumem 7.1   augment 0.221
tick 325   kimg 1331.3   time 8h 42m 20s   sec/tick 85.0    sec/kimg 20.76   maintenance 0.0    gpumem 7.1   augment 0.214
tick 326   kimg 1335.4   time 8h 43m 45s   sec/tick 85.0    sec/kimg 20.74   maintenance 0.0    gpumem 7.1   augment 0.209
tick 327   kimg 1339.5   time 8h 45m 10s   sec/tick 84.9    sec/kimg 20.72   maintenance 0.0    gpumem 7.1   augment 0.198
tick 328   kimg 1343.6   time 8h 46m 35s   sec/tick 84.6    sec/kimg 20.65   maintenance 0.0    gpumem 7.1   augment 0.198
tick 329   kimg 1347.7   time 8h 48m 00s   sec/tick 85.0    sec/kimg 20.76   maintenance 0.0    gpumem 7.1   augment 0.201
tick 330   kimg 1351.8   time 8h 49m 25s   sec/tick 84.8    sec/kimg 20.71   maintenance 0.0    gpumem 7.1   augment 0.209
Evaluating metrics...
network-snapshot-001351        time 5m 06s       fid50k_full 7.1382
tick 331   kimg 1355.9   time 8h 56m 19s   sec/tick 84.9    sec/kimg 20.74   maintenance 329.0  gpumem 7.1   augment 0.209
tick 332   kimg 1360.0   time 8h 57m 44s   sec/tick 84.9    sec/kimg 20.74   maintenance 0.0    gpumem 7.1   augment 0.209
tick 333   kimg 1364.1   time 8h 59m 08s   sec/tick 84.6    sec/kimg 20.66   maintenance 0.0    gpumem 7.1   augment 0.211
tick 334   kimg 1368.2   time 9h 00m 33s   sec/tick 85.0    sec/kimg 20.75   maintenance 0.0    gpumem 7.1   augment 0.209
tick 335   kimg 1372.3   time 9h 01m 58s   sec/tick 84.7    sec/kimg 20.69   maintenance 0.0    gpumem 7.1   augment 0.209
tick 336   kimg 1376.4   time 9h 03m 23s   sec/tick 84.8    sec/kimg 20.71   maintenance 0.0    gpumem 7.1   augment 0.206
tick 337   kimg 1380.5   time 9h 04m 49s   sec/tick 85.7    sec/kimg 20.91   maintenance 0.0    gpumem 7.1   augment 0.204
tick 338   kimg 1384.6   time 9h 06m 14s   sec/tick 84.8    sec/kimg 20.69   maintenance 0.1    gpumem 7.1   augment 0.209
tick 339   kimg 1388.7   time 9h 07m 39s   sec/tick 85.1    sec/kimg 20.77   maintenance 0.0    gpumem 7.1   augment 0.209
tick 340   kimg 1392.8   time 9h 09m 04s   sec/tick 84.9    sec/kimg 20.73   maintenance 0.0    gpumem 7.1   augment 0.219
tick 341   kimg 1396.9   time 9h 10m 29s   sec/tick 84.9    sec/kimg 20.74   maintenance 0.0    gpumem 7.1   augment 0.216
tick 342   kimg 1401.0   time 9h 11m 53s   sec/tick 84.6    sec/kimg 20.66   maintenance 0.0    gpumem 7.1   augment 0.224
tick 343   kimg 1405.1   time 9h 13m 18s   sec/tick 85.1    sec/kimg 20.76   maintenance 0.0    gpumem 7.1   augment 0.219
tick 344   kimg 1409.2   time 9h 14m 43s   sec/tick 85.0    sec/kimg 20.76   maintenance 0.0    gpumem 7.1   augment 0.224
tick 345   kimg 1413.2   time 9h 16m 08s   sec/tick 85.0    sec/kimg 20.74   maintenance 0.0    gpumem 7.1   augment 0.219
tick 346   kimg 1417.3   time 9h 17m 33s   sec/tick 84.9    sec/kimg 20.74   maintenance 0.0    gpumem 7.1   augment 0.216
tick 347   kimg 1421.4   time 9h 18m 58s   sec/tick 84.7    sec/kimg 20.67   maintenance 0.0    gpumem 7.1   augment 0.219
tick 348   kimg 1425.5   time 9h 20m 23s   sec/tick 84.9    sec/kimg 20.72   maintenance 0.0    gpumem 7.1   augment 0.221
tick 349   kimg 1429.6   time 9h 21m 48s   sec/tick 85.0    sec/kimg 20.75   maintenance 0.0    gpumem 7.1   augment 0.214
tick 350   kimg 1433.7   time 9h 23m 13s   sec/tick 84.9    sec/kimg 20.72   maintenance 0.0    gpumem 7.1   augment 0.211
tick 351   kimg 1437.8   time 9h 24m 38s   sec/tick 85.1    sec/kimg 20.78   maintenance 0.0    gpumem 7.1   augment 0.216
tick 352   kimg 1441.9   time 9h 26m 03s   sec/tick 84.7    sec/kimg 20.67   maintenance 0.0    gpumem 7.1   augment 0.219
tick 353   kimg 1446.0   time 9h 27m 28s   sec/tick 84.9    sec/kimg 20.73   maintenance 0.0    gpumem 7.1   augment 0.224
tick 354   kimg 1450.1   time 9h 28m 53s   sec/tick 85.0    sec/kimg 20.74   maintenance 0.0    gpumem 7.1   augment 0.221
tick 355   kimg 1454.2   time 9h 30m 18s   sec/tick 85.0    sec/kimg 20.76   maintenance 0.0    gpumem 7.1   augment 0.211
tick 356   kimg 1458.3   time 9h 31m 43s   sec/tick 85.0    sec/kimg 20.75   maintenance 0.0    gpumem 7.1   augment 0.214
tick 357   kimg 1462.4   time 9h 33m 08s   sec/tick 84.6    sec/kimg 20.66   maintenance 0.0    gpumem 7.1   augment 0.216
tick 358   kimg 1466.5   time 9h 34m 33s   sec/tick 84.9    sec/kimg 20.72   maintenance 0.0    gpumem 7.1   augment 0.219
tick 359   kimg 1470.6   time 9h 35m 58s   sec/tick 85.0    sec/kimg 20.75   maintenance 0.0    gpumem 7.1   augment 0.221
tick 360   kimg 1474.7   time 9h 37m 23s   sec/tick 85.0    sec/kimg 20.74   maintenance 0.0    gpumem 7.1   augment 0.224
Evaluating metrics...
network-snapshot-001474        time 5m 11s       fid50k_full 7.3198
tick 361   kimg 1478.8   time 9h 44m 18s   sec/tick 85.0    sec/kimg 20.74   maintenance 330.3  gpumem 7.1   augment 0.221
tick 362   kimg 1482.9   time 9h 45m 42s   sec/tick 84.6    sec/kimg 20.65   maintenance 0.0    gpumem 7.1   augment 0.227
tick 363   kimg 1487.0   time 9h 47m 07s   sec/tick 84.9    sec/kimg 20.73   maintenance 0.0    gpumem 7.1   augment 0.221
tick 364   kimg 1491.1   time 9h 48m 32s   sec/tick 84.9    sec/kimg 20.74   maintenance 0.0    gpumem 7.1   augment 0.229
tick 365   kimg 1495.2   time 9h 49m 57s   sec/tick 85.0    sec/kimg 20.76   maintenance 0.0    gpumem 7.1   augment 0.229
tick 366   kimg 1499.3   time 9h 51m 22s   sec/tick 84.9    sec/kimg 20.72   maintenance 0.0    gpumem 7.1   augment 0.234
tick 367   kimg 1503.4   time 9h 52m 47s   sec/tick 84.7    sec/kimg 20.67   maintenance 0.0    gpumem 7.1   augment 0.227
tick 368   kimg 1507.5   time 9h 54m 12s   sec/tick 85.0    sec/kimg 20.75   maintenance 0.0    gpumem 7.1   augment 0.227
tick 369   kimg 1511.6   time 9h 55m 37s   sec/tick 85.0    sec/kimg 20.76   maintenance 0.0    gpumem 7.1   augment 0.224
tick 370   kimg 1515.6   time 9h 57m 02s   sec/tick 85.0    sec/kimg 20.75   maintenance 0.0    gpumem 7.1   augment 0.224
tick 371   kimg 1519.7   time 9h 58m 27s   sec/tick 85.1    sec/kimg 20.77   maintenance 0.0    gpumem 7.1   augment 0.224
tick 372   kimg 1523.8   time 9h 59m 52s   sec/tick 84.6    sec/kimg 20.66   maintenance 0.0    gpumem 7.1   augment 0.219
tick 373   kimg 1527.9   time 10h 01m 17s  sec/tick 85.0    sec/kimg 20.76   maintenance 0.0    gpumem 7.1   augment 0.221
tick 374   kimg 1532.0   time 10h 02m 42s  sec/tick 85.0    sec/kimg 20.74   maintenance 0.0    gpumem 7.1   augment 0.214
tick 375   kimg 1536.1   time 10h 04m 07s  sec/tick 85.0    sec/kimg 20.75   maintenance 0.0    gpumem 7.1   augment 0.219
tick 376   kimg 1540.2   time 10h 05m 32s  sec/tick 84.8    sec/kimg 20.71   maintenance 0.0    gpumem 7.1   augment 0.224
tick 377   kimg 1544.3   time 10h 06m 57s  sec/tick 85.1    sec/kimg 20.77   maintenance 0.0    gpumem 7.1   augment 0.227
tick 378   kimg 1548.4   time 10h 08m 22s  sec/tick 84.9    sec/kimg 20.72   maintenance 0.0    gpumem 7.1   augment 0.224
tick 379   kimg 1552.5   time 10h 09m 47s  sec/tick 85.2    sec/kimg 20.79   maintenance 0.0    gpumem 7.1   augment 0.229
tick 380   kimg 1556.6   time 10h 11m 12s  sec/tick 85.0    sec/kimg 20.74   maintenance 0.0    gpumem 7.1   augment 0.232
tick 381   kimg 1560.7   time 10h 12m 37s  sec/tick 84.8    sec/kimg 20.70   maintenance 0.0    gpumem 7.1   augment 0.239
tick 382   kimg 1564.8   time 10h 14m 02s  sec/tick 85.0    sec/kimg 20.75   maintenance 0.0    gpumem 7.1   augment 0.237
tick 383   kimg 1568.9   time 10h 15m 27s  sec/tick 85.1    sec/kimg 20.78   maintenance 0.0    gpumem 7.1   augment 0.232
tick 384   kimg 1573.0   time 10h 16m 52s  sec/tick 85.0    sec/kimg 20.75   maintenance 0.0    gpumem 7.1   augment 0.239
tick 385   kimg 1577.1   time 10h 18m 17s  sec/tick 85.1    sec/kimg 20.76   maintenance 0.0    gpumem 7.1   augment 0.244
tick 386   kimg 1581.2   time 10h 19m 42s  sec/tick 84.7    sec/kimg 20.68   maintenance 0.0    gpumem 7.1   augment 0.247
tick 387   kimg 1585.3   time 10h 21m 07s  sec/tick 85.1    sec/kimg 20.77   maintenance 0.0    gpumem 7.1   augment 0.244
tick 388   kimg 1589.4   time 10h 22m 32s  sec/tick 85.0    sec/kimg 20.76   maintenance 0.0    gpumem 7.1   augment 0.244
tick 389   kimg 1593.5   time 10h 23m 58s  sec/tick 85.1    sec/kimg 20.77   maintenance 0.0    gpumem 7.1   augment 0.250
tick 390   kimg 1597.6   time 10h 25m 23s  sec/tick 85.0    sec/kimg 20.76   maintenance 0.0    gpumem 7.1   augment 0.255
Evaluating metrics...
network-snapshot-001597        time 5m 07s       fid50k_full 8.1474
tick 391   kimg 1601.7   time 10h 32m 13s  sec/tick 84.7    sec/kimg 20.68   maintenance 325.5  gpumem 7.1   augment 0.244
tick 392   kimg 1605.8   time 10h 33m 38s  sec/tick 84.9    sec/kimg 20.73   maintenance 0.0    gpumem 7.1   augment 0.239
tick 393   kimg 1609.9   time 10h 35m 03s  sec/tick 85.0    sec/kimg 20.75   maintenance 0.0    gpumem 7.1   augment 0.244
tick 394   kimg 1614.0   time 10h 36m 28s  sec/tick 85.0    sec/kimg 20.76   maintenance 0.0    gpumem 7.1   augment 0.242
tick 395   kimg 1618.0   time 10h 37m 53s  sec/tick 84.9    sec/kimg 20.72   maintenance 0.0    gpumem 7.1   augment 0.244
tick 396   kimg 1622.1   time 10h 39m 18s  sec/tick 84.6    sec/kimg 20.66   maintenance 0.0    gpumem 7.1   augment 0.237
tick 397   kimg 1626.2   time 10h 40m 43s  sec/tick 85.0    sec/kimg 20.74   maintenance 0.0    gpumem 7.1   augment 0.229
tick 398   kimg 1630.3   time 10h 42m 08s  sec/tick 84.9    sec/kimg 20.73   maintenance 0.0    gpumem 7.1   augment 0.239
tick 399   kimg 1634.4   time 10h 43m 33s  sec/tick 85.1    sec/kimg 20.78   maintenance 0.0    gpumem 7.1   augment 0.232
tick 400   kimg 1638.5   time 10h 44m 58s  sec/tick 85.1    sec/kimg 20.76   maintenance 0.0    gpumem 7.1   augment 0.242
tick 401   kimg 1642.6   time 10h 46m 22s  sec/tick 84.5    sec/kimg 20.64   maintenance 0.0    gpumem 7.1   augment 0.234
tick 402   kimg 1646.7   time 10h 47m 47s  sec/tick 85.0    sec/kimg 20.75   maintenance 0.0    gpumem 7.1   augment 0.234
tick 403   kimg 1650.8   time 10h 49m 12s  sec/tick 85.0    sec/kimg 20.76   maintenance 0.0    gpumem 7.1   augment 0.239
tick 404   kimg 1654.9   time 10h 50m 38s  sec/tick 85.1    sec/kimg 20.78   maintenance 0.0    gpumem 7.1   augment 0.244
tick 405   kimg 1659.0   time 10h 52m 03s  sec/tick 85.1    sec/kimg 20.77   maintenance 0.0    gpumem 7.1   augment 0.239
tick 406   kimg 1663.1   time 10h 53m 28s  sec/tick 84.9    sec/kimg 20.72   maintenance 0.0    gpumem 7.1   augment 0.237
tick 407   kimg 1667.2   time 10h 54m 53s  sec/tick 84.9    sec/kimg 20.73   maintenance 0.0    gpumem 7.1   augment 0.247
tick 408   kimg 1671.3   time 10h 56m 18s  sec/tick 85.0    sec/kimg 20.76   maintenance 0.0    gpumem 7.1   augment 0.242
tick 409   kimg 1675.4   time 10h 57m 43s  sec/tick 84.9    sec/kimg 20.73   maintenance 0.0    gpumem 7.1   augment 0.244
tick 410   kimg 1679.5   time 10h 59m 08s  sec/tick 85.1    sec/kimg 20.78   maintenance 0.0    gpumem 7.1   augment 0.247
tick 411   kimg 1683.6   time 11h 00m 33s  sec/tick 84.8    sec/kimg 20.69   maintenance 0.0    gpumem 7.1   augment 0.250
tick 412   kimg 1687.7   time 11h 01m 58s  sec/tick 85.1    sec/kimg 20.78   maintenance 0.0    gpumem 7.1   augment 0.244
tick 413   kimg 1691.8   time 11h 03m 23s  sec/tick 85.0    sec/kimg 20.75   maintenance 0.0    gpumem 7.1   augment 0.232
tick 414   kimg 1695.9   time 11h 04m 48s  sec/tick 85.1    sec/kimg 20.77   maintenance 0.0    gpumem 7.1   augment 0.237
tick 415   kimg 1700.0   time 11h 06m 13s  sec/tick 84.8    sec/kimg 20.69   maintenance 0.0    gpumem 7.1   augment 0.232
tick 416   kimg 1704.1   time 11h 07m 38s  sec/tick 84.9    sec/kimg 20.72   maintenance 0.0    gpumem 7.1   augment 0.234
tick 417   kimg 1708.2   time 11h 09m 03s  sec/tick 85.0    sec/kimg 20.75   maintenance 0.0    gpumem 7.1   augment 0.239
tick 418   kimg 1712.3   time 11h 10m 28s  sec/tick 85.2    sec/kimg 20.79   maintenance 0.0    gpumem 7.1   augment 0.242
tick 419   kimg 1716.4   time 11h 11m 53s  sec/tick 85.1    sec/kimg 20.77   maintenance 0.0    gpumem 7.1   augment 0.250
tick 420   kimg 1720.4   time 11h 13m 18s  sec/tick 84.7    sec/kimg 20.68   maintenance 0.0    gpumem 7.1   augment 0.242
Evaluating metrics...
network-snapshot-001720        time 5m 06s       fid50k_full 7.6786
tick 421   kimg 1724.5   time 11h 20m 09s  sec/tick 85.0    sec/kimg 20.76   maintenance 326.4  gpumem 7.1   augment 0.250
tick 422   kimg 1728.6   time 11h 21m 34s  sec/tick 85.1    sec/kimg 20.77   maintenance 0.0    gpumem 7.1   augment 0.247
tick 423   kimg 1732.7   time 11h 22m 59s  sec/tick 85.0    sec/kimg 20.74   maintenance 0.0    gpumem 7.1   augment 0.244
tick 424   kimg 1736.8   time 11h 24m 24s  sec/tick 84.9    sec/kimg 20.72   maintenance 0.0    gpumem 7.1   augment 0.242
tick 425   kimg 1740.9   time 11h 25m 49s  sec/tick 84.7    sec/kimg 20.68   maintenance 0.0    gpumem 7.1   augment 0.244
tick 426   kimg 1745.0   time 11h 27m 14s  sec/tick 85.1    sec/kimg 20.77   maintenance 0.0    gpumem 7.1   augment 0.239
tick 427   kimg 1749.1   time 11h 28m 39s  sec/tick 85.0    sec/kimg 20.76   maintenance 0.0    gpumem 7.1   augment 0.244
tick 428   kimg 1753.2   time 11h 30m 04s  sec/tick 84.9    sec/kimg 20.74   maintenance 0.0    gpumem 7.1   augment 0.237
tick 429   kimg 1757.3   time 11h 31m 29s  sec/tick 85.0    sec/kimg 20.75   maintenance 0.0    gpumem 7.1   augment 0.250
tick 430   kimg 1761.4   time 11h 32m 54s  sec/tick 84.6    sec/kimg 20.67   maintenance 0.0    gpumem 7.1   augment 0.250
tick 431   kimg 1765.5   time 11h 34m 19s  sec/tick 85.0    sec/kimg 20.76   maintenance 0.0    gpumem 7.1   augment 0.237
tick 432   kimg 1769.6   time 11h 35m 44s  sec/tick 84.9    sec/kimg 20.73   maintenance 0.0    gpumem 7.1   augment 0.234
tick 433   kimg 1773.7   time 11h 37m 09s  sec/tick 85.0    sec/kimg 20.75   maintenance 0.0    gpumem 7.1   augment 0.232
tick 434   kimg 1777.8   time 11h 38m 34s  sec/tick 84.9    sec/kimg 20.74   maintenance 0.0    gpumem 7.1   augment 0.237
tick 435   kimg 1781.9   time 11h 39m 59s  sec/tick 84.8    sec/kimg 20.69   maintenance 0.0    gpumem 7.1   augment 0.237
tick 436   kimg 1786.0   time 11h 41m 24s  sec/tick 84.9    sec/kimg 20.73   maintenance 0.0    gpumem 7.1   augment 0.242
tick 437   kimg 1790.1   time 11h 42m 49s  sec/tick 85.0    sec/kimg 20.74   maintenance 0.0    gpumem 7.1   augment 0.255
tick 438   kimg 1794.2   time 11h 44m 14s  sec/tick 85.0    sec/kimg 20.74   maintenance 0.0    gpumem 7.1   augment 0.255
tick 439   kimg 1798.3   time 11h 45m 39s  sec/tick 85.1    sec/kimg 20.78   maintenance 0.0    gpumem 7.1   augment 0.255
tick 440   kimg 1802.4   time 11h 47m 04s  sec/tick 84.7    sec/kimg 20.67   maintenance 0.0    gpumem 7.1   augment 0.247
tick 441   kimg 1806.5   time 11h 48m 29s  sec/tick 85.0    sec/kimg 20.76   maintenance 0.0    gpumem 7.1   augment 0.252
tick 442   kimg 1810.6   time 11h 49m 54s  sec/tick 85.0    sec/kimg 20.75   maintenance 0.0    gpumem 7.1   augment 0.260
tick 443   kimg 1814.7   time 11h 51m 19s  sec/tick 85.0    sec/kimg 20.75   maintenance 0.0    gpumem 7.1   augment 0.255
tick 444   kimg 1818.8   time 11h 52m 44s  sec/tick 84.9    sec/kimg 20.72   maintenance 0.0    gpumem 7.1   augment 0.255
tick 445   kimg 1822.8   time 11h 54m 09s  sec/tick 84.8    sec/kimg 20.71   maintenance 0.0    gpumem 7.1   augment 0.247
tick 446   kimg 1826.9   time 11h 55m 34s  sec/tick 85.1    sec/kimg 20.77   maintenance 0.0    gpumem 7.1   augment 0.237
tick 447   kimg 1831.0   time 11h 56m 59s  sec/tick 85.0    sec/kimg 20.75   maintenance 0.0    gpumem 7.1   augment 0.242
tick 448   kimg 1835.1   time 11h 58m 24s  sec/tick 85.0    sec/kimg 20.75   maintenance 0.0    gpumem 7.1   augment 0.239
tick 449   kimg 1839.2   time 11h 59m 49s  sec/tick 85.0    sec/kimg 20.74   maintenance 0.0    gpumem 7.1   augment 0.244
tick 450   kimg 1843.3   time 12h 01m 13s  sec/tick 84.7    sec/kimg 20.68   maintenance 0.0    gpumem 7.1   augment 0.239
Evaluating metrics...
network-snapshot-001843        time 5m 06s       fid50k_full 7.4128
tick 451   kimg 1847.4   time 12h 08m 04s  sec/tick 85.1    sec/kimg 20.77   maintenance 325.4  gpumem 7.1   augment 0.237
tick 452   kimg 1851.5   time 12h 09m 29s  sec/tick 85.0    sec/kimg 20.76   maintenance 0.0    gpumem 7.1   augment 0.244
tick 453   kimg 1855.6   time 12h 10m 54s  sec/tick 85.1    sec/kimg 20.77   maintenance 0.0    gpumem 7.1   augment 0.244
tick 454   kimg 1859.7   time 12h 12m 19s  sec/tick 84.9    sec/kimg 20.72   maintenance 0.0    gpumem 7.1   augment 0.244
tick 455   kimg 1863.8   time 12h 13m 44s  sec/tick 84.9    sec/kimg 20.72   maintenance 0.0    gpumem 7.1   augment 0.247
tick 456   kimg 1867.9   time 12h 15m 09s  sec/tick 85.1    sec/kimg 20.77   maintenance 0.0    gpumem 7.1   augment 0.257
tick 457   kimg 1872.0   time 12h 16m 34s  sec/tick 85.1    sec/kimg 20.77   maintenance 0.0    gpumem 7.1   augment 0.262
tick 458   kimg 1876.1   time 12h 17m 59s  sec/tick 85.1    sec/kimg 20.77   maintenance 0.0    gpumem 7.1   augment 0.257
tick 459   kimg 1880.2   time 12h 19m 24s  sec/tick 84.8    sec/kimg 20.69   maintenance 0.0    gpumem 7.1   augment 0.255
tick 460   kimg 1884.3   time 12h 20m 49s  sec/tick 85.1    sec/kimg 20.79   maintenance 0.1    gpumem 7.1   augment 0.247
tick 461   kimg 1888.4   time 12h 22m 14s  sec/tick 85.0    sec/kimg 20.76   maintenance 0.0    gpumem 7.1   augment 0.242
tick 462   kimg 1892.5   time 12h 23m 40s  sec/tick 85.1    sec/kimg 20.77   maintenance 0.0    gpumem 7.1   augment 0.247
tick 463   kimg 1896.6   time 12h 25m 05s  sec/tick 85.2    sec/kimg 20.79   maintenance 0.0    gpumem 7.1   augment 0.244
tick 464   kimg 1900.7   time 12h 26m 30s  sec/tick 84.8    sec/kimg 20.70   maintenance 0.0    gpumem 7.1   augment 0.252
tick 465   kimg 1904.8   time 12h 27m 55s  sec/tick 85.0    sec/kimg 20.75   maintenance 0.0    gpumem 7.1   augment 0.262
tick 466   kimg 1908.9   time 12h 29m 20s  sec/tick 85.1    sec/kimg 20.77   maintenance 0.0    gpumem 7.1   augment 0.260
tick 467   kimg 1913.0   time 12h 30m 45s  sec/tick 85.0    sec/kimg 20.75   maintenance 0.0    gpumem 7.1   augment 0.260
tick 468   kimg 1917.1   time 12h 32m 10s  sec/tick 85.2    sec/kimg 20.80   maintenance 0.0    gpumem 7.1   augment 0.265
tick 469   kimg 1921.2   time 12h 33m 35s  sec/tick 84.8    sec/kimg 20.70   maintenance 0.0    gpumem 7.1   augment 0.270
tick 470   kimg 1925.2   time 12h 35m 00s  sec/tick 85.1    sec/kimg 20.78   maintenance 0.0    gpumem 7.1   augment 0.262
tick 471   kimg 1929.3   time 12h 36m 25s  sec/tick 85.0    sec/kimg 20.75   maintenance 0.0    gpumem 7.1   augment 0.257
tick 472   kimg 1933.4   time 12h 37m 50s  sec/tick 85.1    sec/kimg 20.77   maintenance 0.0    gpumem 7.1   augment 0.257
tick 473   kimg 1937.5   time 12h 39m 15s  sec/tick 85.1    sec/kimg 20.77   maintenance 0.0    gpumem 7.1   augment 0.260
tick 474   kimg 1941.6   time 12h 40m 40s  sec/tick 84.8    sec/kimg 20.71   maintenance 0.0    gpumem 7.1   augment 0.260
tick 475   kimg 1945.7   time 12h 42m 05s  sec/tick 85.0    sec/kimg 20.74   maintenance 0.0    gpumem 7.1   augment 0.247
tick 476   kimg 1949.8   time 12h 43m 30s  sec/tick 85.2    sec/kimg 20.79   maintenance 0.0    gpumem 7.1   augment 0.252
tick 477   kimg 1953.9   time 12h 44m 55s  sec/tick 85.0    sec/kimg 20.76   maintenance 0.0    gpumem 7.1   augment 0.255
tick 478   kimg 1958.0   time 12h 46m 20s  sec/tick 85.1    sec/kimg 20.77   maintenance 0.0    gpumem 7.1   augment 0.252
tick 479   kimg 1962.1   time 12h 47m 45s  sec/tick 84.8    sec/kimg 20.70   maintenance 0.0    gpumem 7.1   augment 0.262
tick 480   kimg 1966.2   time 12h 49m 10s  sec/tick 85.0    sec/kimg 20.75   maintenance 0.0    gpumem 7.1   augment 0.260
Evaluating metrics...
network-snapshot-001966        time 5m 10s       fid50k_full 7.8226
tick 481   kimg 1970.3   time 12h 56m 05s  sec/tick 85.2    sec/kimg 20.79   maintenance 329.4  gpumem 7.1   augment 0.265
tick 482   kimg 1974.4   time 12h 57m 30s  sec/tick 84.9    sec/kimg 20.74   maintenance 0.0    gpumem 7.1   augment 0.268
tick 483   kimg 1978.5   time 12h 58m 55s  sec/tick 85.1    sec/kimg 20.77   maintenance 0.0    gpumem 7.1   augment 0.268
tick 484   kimg 1982.6   time 13h 00m 20s  sec/tick 84.8    sec/kimg 20.70   maintenance 0.0    gpumem 7.1   augment 0.270
tick 485   kimg 1986.7   time 13h 01m 45s  sec/tick 85.0    sec/kimg 20.75   maintenance 0.0    gpumem 7.1   augment 0.273
tick 486   kimg 1990.8   time 13h 03m 10s  sec/tick 85.1    sec/kimg 20.79   maintenance 0.0    gpumem 7.1   augment 0.273
tick 487   kimg 1994.9   time 13h 04m 35s  sec/tick 85.0    sec/kimg 20.76   maintenance 0.0    gpumem 7.1   augment 0.268
tick 488   kimg 1999.0   time 13h 06m 00s  sec/tick 85.2    sec/kimg 20.80   maintenance 0.0    gpumem 7.1   augment 0.270
tick 489   kimg 2003.1   time 13h 07m 25s  sec/tick 84.7    sec/kimg 20.68   maintenance 0.0    gpumem 7.1   augment 0.273
tick 490   kimg 2007.2   time 13h 08m 50s  sec/tick 85.1    sec/kimg 20.77   maintenance 0.0    gpumem 7.1   augment 0.270
tick 491   kimg 2011.3   time 13h 10m 15s  sec/tick 85.0    sec/kimg 20.74   maintenance 0.0    gpumem 7.1   augment 0.262
tick 492   kimg 2015.4   time 13h 11m 40s  sec/tick 85.1    sec/kimg 20.77   maintenance 0.0    gpumem 7.1   augment 0.260
tick 493   kimg 2019.5   time 13h 13m 05s  sec/tick 84.9    sec/kimg 20.72   maintenance 0.0    gpumem 7.1   augment 0.255
tick 494   kimg 2023.6   time 13h 14m 30s  sec/tick 84.9    sec/kimg 20.73   maintenance 0.1    gpumem 7.1   augment 0.260
tick 495   kimg 2027.6   time 13h 15m 55s  sec/tick 84.9    sec/kimg 20.72   maintenance 0.0    gpumem 7.1   augment 0.262
tick 496   kimg 2031.7   time 13h 17m 20s  sec/tick 85.1    sec/kimg 20.77   maintenance 0.0    gpumem 7.1   augment 0.268
tick 497   kimg 2035.8   time 13h 18m 46s  sec/tick 85.2    sec/kimg 20.80   maintenance 0.0    gpumem 7.1   augment 0.268
tick 498   kimg 2039.9   time 13h 20m 10s  sec/tick 84.8    sec/kimg 20.70   maintenance 0.0    gpumem 7.1   augment 0.270
tick 499   kimg 2044.0   time 13h 21m 36s  sec/tick 85.1    sec/kimg 20.78   maintenance 0.0    gpumem 7.1   augment 0.273
tick 500   kimg 2048.1   time 13h 23m 01s  sec/tick 85.0    sec/kimg 20.76   maintenance 0.0    gpumem 7.1   augment 0.268
tick 501   kimg 2052.2   time 13h 24m 26s  sec/tick 85.1    sec/kimg 20.77   maintenance 0.0    gpumem 7.1   augment 0.265
tick 502   kimg 2056.3   time 13h 25m 51s  sec/tick 85.0    sec/kimg 20.76   maintenance 0.0    gpumem 7.1   augment 0.265
tick 503   kimg 2060.4   time 13h 27m 16s  sec/tick 84.7    sec/kimg 20.68   maintenance 0.0    gpumem 7.1   augment 0.252
tick 504   kimg 2064.5   time 13h 28m 41s  sec/tick 85.1    sec/kimg 20.78   maintenance 0.0    gpumem 7.1   augment 0.260
tick 505   kimg 2068.6   time 13h 30m 06s  sec/tick 85.0    sec/kimg 20.76   maintenance 0.0    gpumem 7.1   augment 0.262
tick 506   kimg 2072.7   time 13h 31m 31s  sec/tick 85.1    sec/kimg 20.79   maintenance 0.0    gpumem 7.1   augment 0.268
tick 507   kimg 2076.8   time 13h 32m 56s  sec/tick 85.1    sec/kimg 20.78   maintenance 0.0    gpumem 7.1   augment 0.268
tick 508   kimg 2080.9   time 13h 34m 21s  sec/tick 84.7    sec/kimg 20.67   maintenance 0.0    gpumem 7.1   augment 0.265
tick 509   kimg 2085.0   time 13h 35m 46s  sec/tick 85.1    sec/kimg 20.77   maintenance 0.0    gpumem 7.1   augment 0.260
tick 510   kimg 2089.1   time 13h 37m 11s  sec/tick 85.0    sec/kimg 20.75   maintenance 0.0    gpumem 7.1   augment 0.255
Evaluating metrics...
network-snapshot-002089        time 5m 06s       fid50k_full 7.6901
tick 511   kimg 2093.2   time 13h 44m 02s  sec/tick 85.0    sec/kimg 20.75   maintenance 325.7  gpumem 7.1   augment 0.262
tick 512   kimg 2097.3   time 13h 45m 27s  sec/tick 85.0    sec/kimg 20.76   maintenance 0.0    gpumem 7.1   augment 0.270
tick 513   kimg 2101.4   time 13h 46m 51s  sec/tick 84.8    sec/kimg 20.69   maintenance 0.0    gpumem 7.1   augment 0.270
tick 514   kimg 2105.5   time 13h 48m 17s  sec/tick 85.1    sec/kimg 20.77   maintenance 0.0    gpumem 7.1   augment 0.275
tick 515   kimg 2109.6   time 13h 49m 42s  sec/tick 85.1    sec/kimg 20.78   maintenance 0.0    gpumem 7.1   augment 0.273
tick 516   kimg 2113.7   time 13h 51m 07s  sec/tick 85.1    sec/kimg 20.77   maintenance 0.0    gpumem 7.1   augment 0.273
tick 517   kimg 2117.8   time 13h 52m 32s  sec/tick 85.1    sec/kimg 20.77   maintenance 0.0    gpumem 7.1   augment 0.278
tick 518   kimg 2121.9   time 13h 53m 57s  sec/tick 84.8    sec/kimg 20.70   maintenance 0.0    gpumem 7.1   augment 0.283
tick 519   kimg 2126.0   time 13h 55m 22s  sec/tick 85.6    sec/kimg 20.90   maintenance 0.0    gpumem 7.1   augment 0.278
tick 520   kimg 2130.0   time 13h 56m 48s  sec/tick 85.2    sec/kimg 20.81   maintenance 0.0    gpumem 7.1   augment 0.278
tick 521   kimg 2134.1   time 13h 58m 13s  sec/tick 85.2    sec/kimg 20.80   maintenance 0.0    gpumem 7.1   augment 0.278
tick 522   kimg 2138.2   time 13h 59m 38s  sec/tick 85.0    sec/kimg 20.76   maintenance 0.0    gpumem 7.1   augment 0.273
tick 523   kimg 2142.3   time 14h 01m 03s  sec/tick 84.9    sec/kimg 20.72   maintenance 0.0    gpumem 7.1   augment 0.273
tick 524   kimg 2146.4   time 14h 02m 28s  sec/tick 85.2    sec/kimg 20.80   maintenance 0.0    gpumem 7.1   augment 0.275
tick 525   kimg 2150.5   time 14h 03m 54s  sec/tick 85.2    sec/kimg 20.81   maintenance 0.0    gpumem 7.1   augment 0.280
tick 526   kimg 2154.6   time 14h 05m 19s  sec/tick 85.3    sec/kimg 20.83   maintenance 0.0    gpumem 7.1   augment 0.280
tick 527   kimg 2158.7   time 14h 06m 44s  sec/tick 85.1    sec/kimg 20.78   maintenance 0.0    gpumem 7.1   augment 0.278
tick 528   kimg 2162.8   time 14h 08m 09s  sec/tick 84.9    sec/kimg 20.73   maintenance 0.1    gpumem 7.1   augment 0.275
tick 529   kimg 2166.9   time 14h 09m 34s  sec/tick 85.1    sec/kimg 20.78   maintenance 0.0    gpumem 7.1   augment 0.273
tick 530   kimg 2171.0   time 14h 10m 59s  sec/tick 85.2    sec/kimg 20.81   maintenance 0.0    gpumem 7.1   augment 0.273
tick 531   kimg 2175.1   time 14h 12m 24s  sec/tick 85.0    sec/kimg 20.75   maintenance 0.0    gpumem 7.1   augment 0.268
tick 532   kimg 2179.2   time 14h 13m 50s  sec/tick 85.0    sec/kimg 20.75   maintenance 0.0    gpumem 7.1   augment 0.273
tick 533   kimg 2183.3   time 14h 15m 15s  sec/tick 85.0    sec/kimg 20.74   maintenance 0.0    gpumem 7.1   augment 0.270
tick 534   kimg 2187.4   time 14h 16m 40s  sec/tick 85.1    sec/kimg 20.77   maintenance 0.0    gpumem 7.1   augment 0.273
tick 535   kimg 2191.5   time 14h 18m 05s  sec/tick 85.1    sec/kimg 20.79   maintenance 0.0    gpumem 7.1   augment 0.278
tick 536   kimg 2195.6   time 14h 19m 30s  sec/tick 85.2    sec/kimg 20.80   maintenance 0.0    gpumem 7.1   augment 0.275
tick 537   kimg 2199.7   time 14h 20m 55s  sec/tick 84.8    sec/kimg 20.69   maintenance 0.0    gpumem 7.1   augment 0.278
tick 538   kimg 2203.8   time 14h 22m 20s  sec/tick 85.1    sec/kimg 20.78   maintenance 0.0    gpumem 7.1   augment 0.278
tick 539   kimg 2207.9   time 14h 23m 45s  sec/tick 85.2    sec/kimg 20.79   maintenance 0.0    gpumem 7.1   augment 0.275
tick 540   kimg 2212.0   time 14h 25m 10s  sec/tick 85.1    sec/kimg 20.78   maintenance 0.0    gpumem 7.1   augment 0.283
Evaluating metrics...
network-snapshot-002211        time 5m 06s       fid50k_full 8.1606
tick 541   kimg 2216.1   time 14h 32m 01s  sec/tick 85.1    sec/kimg 20.78   maintenance 325.7  gpumem 7.1   augment 0.275
tick 542   kimg 2220.2   time 14h 33m 26s  sec/tick 84.8    sec/kimg 20.70   maintenance 0.0    gpumem 7.1   augment 0.278
tick 543   kimg 2224.3   time 14h 34m 51s  sec/tick 84.9    sec/kimg 20.73   maintenance 0.0    gpumem 7.1   augment 0.275
tick 544   kimg 2228.4   time 14h 36m 16s  sec/tick 85.2    sec/kimg 20.79   maintenance 0.0    gpumem 7.1   augment 0.283
tick 545   kimg 2232.4   time 14h 37m 41s  sec/tick 85.1    sec/kimg 20.76   maintenance 0.0    gpumem 7.1   augment 0.273
tick 546   kimg 2236.5   time 14h 39m 06s  sec/tick 85.0    sec/kimg 20.76   maintenance 0.0    gpumem 7.1   augment 0.280
tick 547   kimg 2240.6   time 14h 40m 31s  sec/tick 84.9    sec/kimg 20.72   maintenance 0.0    gpumem 7.1   augment 0.283
tick 548   kimg 2244.7   time 14h 41m 56s  sec/tick 85.0    sec/kimg 20.76   maintenance 0.0    gpumem 7.1   augment 0.280
tick 549   kimg 2248.8   time 14h 43m 22s  sec/tick 85.1    sec/kimg 20.77   maintenance 0.0    gpumem 7.1   augment 0.275
tick 550   kimg 2252.9   time 14h 44m 47s  sec/tick 85.0    sec/kimg 20.75   maintenance 0.0    gpumem 7.1   augment 0.278
tick 551   kimg 2257.0   time 14h 46m 12s  sec/tick 85.1    sec/kimg 20.78   maintenance 0.0    gpumem 7.1   augment 0.283
tick 552   kimg 2261.1   time 14h 47m 37s  sec/tick 84.8    sec/kimg 20.71   maintenance 0.0    gpumem 7.1   augment 0.283
tick 553   kimg 2265.2   time 14h 49m 02s  sec/tick 85.0    sec/kimg 20.76   maintenance 0.0    gpumem 7.1   augment 0.285
tick 554   kimg 2269.3   time 14h 50m 27s  sec/tick 85.1    sec/kimg 20.77   maintenance 0.0    gpumem 7.1   augment 0.280
tick 555   kimg 2273.4   time 14h 51m 52s  sec/tick 85.0    sec/kimg 20.74   maintenance 0.0    gpumem 7.1   augment 0.273
tick 556   kimg 2277.5   time 14h 53m 17s  sec/tick 85.1    sec/kimg 20.77   maintenance 0.0    gpumem 7.1   augment 0.278
tick 557   kimg 2281.6   time 14h 54m 42s  sec/tick 84.8    sec/kimg 20.71   maintenance 0.0    gpumem 7.1   augment 0.278
tick 558   kimg 2285.7   time 14h 56m 07s  sec/tick 85.1    sec/kimg 20.77   maintenance 0.0    gpumem 7.1   augment 0.278
tick 559   kimg 2289.8   time 14h 57m 32s  sec/tick 85.1    sec/kimg 20.78   maintenance 0.0    gpumem 7.1   augment 0.273
tick 560   kimg 2293.9   time 14h 58m 57s  sec/tick 85.1    sec/kimg 20.78   maintenance 0.0    gpumem 7.1   augment 0.275
tick 561   kimg 2298.0   time 15h 00m 22s  sec/tick 85.0    sec/kimg 20.75   maintenance 0.0    gpumem 7.1   augment 0.260
tick 562   kimg 2302.1   time 15h 01m 47s  sec/tick 84.9    sec/kimg 20.73   maintenance 0.0    gpumem 7.1   augment 0.268
tick 563   kimg 2306.2   time 15h 03m 12s  sec/tick 85.1    sec/kimg 20.77   maintenance 0.0    gpumem 7.1   augment 0.278
tick 564   kimg 2310.3   time 15h 04m 37s  sec/tick 85.1    sec/kimg 20.78   maintenance 0.0    gpumem 7.1   augment 0.288
tick 565   kimg 2314.4   time 15h 06m 03s  sec/tick 85.1    sec/kimg 20.78   maintenance 0.0    gpumem 7.1   augment 0.285
tick 566   kimg 2318.5   time 15h 07m 28s  sec/tick 85.1    sec/kimg 20.79   maintenance 0.0    gpumem 7.1   augment 0.280
tick 567   kimg 2322.6   time 15h 08m 53s  sec/tick 84.8    sec/kimg 20.69   maintenance 0.0    gpumem 7.1   augment 0.273
