/lustre/work/chaselab/malyetama/ADA_Project
Tensorflow version: 1.14.0
4739
Raw: 4739, Resized: 4739
/work/chaselab/malyetama/ADA_Project/training_runs/AFHQ-DOG_training-runs/00002-AFHQ-DOG_custom-auto2-resumecustom/network-snapshot-000430.pkl
Sat Mar 20 00:13:55 2021       
+-----------------------------------------------------------------------------+
| NVIDIA-SMI 450.51.06    Driver Version: 450.51.06    CUDA Version: 11.0     |
|-------------------------------+----------------------+----------------------+
| GPU  Name        Persistence-M| Bus-Id        Disp.A | Volatile Uncorr. ECC |
| Fan  Temp  Perf  Pwr:Usage/Cap|         Memory-Usage | GPU-Util  Compute M. |
|                               |                      |               MIG M. |
|===============================+======================+======================|
|   0  Tesla V100S-PCI...  Off  | 00000000:60:00.0 Off |                    0 |
| N/A   47C    P0    41W / 250W |    311MiB / 32510MiB |      0%      Default |
|                               |                      |                  N/A |
+-------------------------------+----------------------+----------------------+
|   1  Tesla V100S-PCI...  Off  | 00000000:DA:00.0 Off |                    0 |
| N/A   46C    P0    37W / 250W |    311MiB / 32510MiB |      0%      Default |
|                               |                      |                  N/A |
+-------------------------------+----------------------+----------------------+
                                                                               
+-----------------------------------------------------------------------------+
| Processes:                                                                  |
|  GPU   GI   CI        PID   Type   Process name                  GPU Memory |
|        ID   ID                                                   Usage      |
|=============================================================================|
|    0   N/A  N/A    155893      C   ...a/envs/ada-env/bin/python      307MiB |
|    1   N/A  N/A    155893      C   ...a/envs/ada-env/bin/python      307MiB |
+-----------------------------------------------------------------------------+

Training options:
{
  "G_args": {
    "func_name": "training.networks.G_main",
    "fmap_base": 8192,
    "fmap_max": 512,
    "mapping_layers": 2,
    "num_fp16_res": 4,
    "conv_clamp": 256
  },
  "D_args": {
    "func_name": "training.networks.D_main",
    "mbstd_group_size": 4,
    "fmap_base": 8192,
    "fmap_max": 512,
    "num_fp16_res": 4,
    "conv_clamp": 256
  },
  "G_opt_args": {
    "beta1": 0.0,
    "beta2": 0.99,
    "learning_rate": 0.0025
  },
  "D_opt_args": {
    "beta1": 0.0,
    "beta2": 0.99,
    "learning_rate": 0.0025
  },
  "loss_args": {
    "func_name": "training.loss.stylegan2",
    "r1_gamma": 0.4096
  },
  "augment_args": {
    "class_name": "training.augment.AdaptiveAugment",
    "tune_heuristic": "rt",
    "tune_target": 0.6,
    "apply_func": "training.augment.augment_pipeline",
    "apply_args": {
      "xflip": 1,
      "rotate90": 1,
      "xint": 1,
      "scale": 1,
      "rotate": 1,
      "aniso": 1,
      "xfrac": 1,
      "brightness": 1,
      "contrast": 1,
      "lumaflip": 1,
      "hue": 1,
      "saturation": 1
    },
    "tune_kimg": 100
  },
  "num_gpus": 2,
  "image_snapshot_ticks": 30,
  "network_snapshot_ticks": 30,
  "train_dataset_args": {
    "path": "/work/chaselab/malyetama/ADA_Project/datasets/AFHQ-DOG_custom",
    "max_label_size": 0,
    "resolution": 256,
    "mirror_augment": false
  },
  "metric_arg_list": [
    {
      "name": "fid50k_full",
      "class_name": "metrics.frechet_inception_distance.FID",
      "max_reals": null,
      "num_fakes": 50000,
      "minibatch_per_gpu": 8,
      "force_dataset_args": {
        "shuffle": false,
        "max_images": null,
        "repeat": false,
        "mirror_augment": false
      }
    }
  ],
  "metric_dataset_args": {
    "path": "/work/chaselab/malyetama/ADA_Project/datasets/AFHQ-DOG_custom",
    "max_label_size": 0,
    "resolution": 256,
    "mirror_augment": false
  },
  "total_kimg": 25000,
  "minibatch_size": 32,
  "minibatch_gpu": 16,
  "G_smoothing_kimg": 10.0,
  "G_smoothing_rampup": null,
  "resume_pkl": "/work/chaselab/malyetama/ADA_Project/training_runs/AFHQ-DOG_training-runs/00002-AFHQ-DOG_custom-auto2-resumecustom/network-snapshot-000430.pkl",
  "run_dir": "/work/chaselab/malyetama/ADA_Project/training_runs/AFHQ-DOG_training-runs/00003-AFHQ-DOG_custom-auto2-resumecustom"
}

Output directory:  /work/chaselab/malyetama/ADA_Project/training_runs/AFHQ-DOG_training-runs/00003-AFHQ-DOG_custom-auto2-resumecustom
Training data:     /work/chaselab/malyetama/ADA_Project/datasets/AFHQ-DOG_custom
Training length:   25000 kimg
Resolution:        256
Number of GPUs:    2

Dry run; exiting.

Training options:
{
  "G_args": {
    "func_name": "training.networks.G_main",
    "fmap_base": 8192,
    "fmap_max": 512,
    "mapping_layers": 2,
    "num_fp16_res": 4,
    "conv_clamp": 256
  },
  "D_args": {
    "func_name": "training.networks.D_main",
    "mbstd_group_size": 4,
    "fmap_base": 8192,
    "fmap_max": 512,
    "num_fp16_res": 4,
    "conv_clamp": 256
  },
  "G_opt_args": {
    "beta1": 0.0,
    "beta2": 0.99,
    "learning_rate": 0.0025
  },
  "D_opt_args": {
    "beta1": 0.0,
    "beta2": 0.99,
    "learning_rate": 0.0025
  },
  "loss_args": {
    "func_name": "training.loss.stylegan2",
    "r1_gamma": 0.4096
  },
  "augment_args": {
    "class_name": "training.augment.AdaptiveAugment",
    "tune_heuristic": "rt",
    "tune_target": 0.6,
    "apply_func": "training.augment.augment_pipeline",
    "apply_args": {
      "xflip": 1,
      "rotate90": 1,
      "xint": 1,
      "scale": 1,
      "rotate": 1,
      "aniso": 1,
      "xfrac": 1,
      "brightness": 1,
      "contrast": 1,
      "lumaflip": 1,
      "hue": 1,
      "saturation": 1
    },
    "tune_kimg": 100
  },
  "num_gpus": 2,
  "image_snapshot_ticks": 30,
  "network_snapshot_ticks": 30,
  "train_dataset_args": {
    "path": "/work/chaselab/malyetama/ADA_Project/datasets/AFHQ-DOG_custom",
    "max_label_size": 0,
    "resolution": 256,
    "mirror_augment": false
  },
  "metric_arg_list": [
    {
      "name": "fid50k_full",
      "class_name": "metrics.frechet_inception_distance.FID",
      "max_reals": null,
      "num_fakes": 50000,
      "minibatch_per_gpu": 8,
      "force_dataset_args": {
        "shuffle": false,
        "max_images": null,
        "repeat": false,
        "mirror_augment": false
      }
    }
  ],
  "metric_dataset_args": {
    "path": "/work/chaselab/malyetama/ADA_Project/datasets/AFHQ-DOG_custom",
    "max_label_size": 0,
    "resolution": 256,
    "mirror_augment": false
  },
  "total_kimg": 25000,
  "minibatch_size": 32,
  "minibatch_gpu": 16,
  "G_smoothing_kimg": 10.0,
  "G_smoothing_rampup": null,
  "resume_pkl": "/work/chaselab/malyetama/ADA_Project/training_runs/AFHQ-DOG_training-runs/00002-AFHQ-DOG_custom-auto2-resumecustom/network-snapshot-000430.pkl",
  "run_dir": "/work/chaselab/malyetama/ADA_Project/training_runs/AFHQ-DOG_training-runs/00003-AFHQ-DOG_custom-auto2-resumecustom"
}

Output directory:  /work/chaselab/malyetama/ADA_Project/training_runs/AFHQ-DOG_training-runs/00003-AFHQ-DOG_custom-auto2-resumecustom
Training data:     /work/chaselab/malyetama/ADA_Project/datasets/AFHQ-DOG_custom
Training length:   25000 kimg
Resolution:        256
Number of GPUs:    2

Creating output directory...
Loading training set...
Image shape: [3, 256, 256]
Label shape: [0]

Constructing networks...
Setting up TensorFlow plugin "fused_bias_act.cu": Loading... Done.
Setting up TensorFlow plugin "upfirdn_2d.cu": Loading... Done.
Resuming from "/work/chaselab/malyetama/ADA_Project/training_runs/AFHQ-DOG_training-runs/00002-AFHQ-DOG_custom-auto2-resumecustom/network-snapshot-000430.pkl"

G                             Params    OutputShape         WeightShape     
---                           ---       ---                 ---             
latents_in                    -         (?, 512)            -               
labels_in                     -         (?, 0)              -               
G_mapping/Normalize           -         (?, 512)            -               
G_mapping/Dense0              262656    (?, 512)            (512, 512)      
G_mapping/Dense1              262656    (?, 512)            (512, 512)      
G_mapping/Broadcast           -         (?, 14, 512)        -               
dlatent_avg                   -         (512,)              -               
Truncation/Lerp               -         (?, 14, 512)        -               
G_synthesis/4x4/Const         8192      (?, 512, 4, 4)      (1, 512, 4, 4)  
G_synthesis/4x4/Conv          2622465   (?, 512, 4, 4)      (3, 3, 512, 512)
G_synthesis/4x4/ToRGB         264195    (?, 3, 4, 4)        (1, 1, 512, 3)  
G_synthesis/8x8/Conv0_up      2622465   (?, 512, 8, 8)      (3, 3, 512, 512)
G_synthesis/8x8/Conv1         2622465   (?, 512, 8, 8)      (3, 3, 512, 512)
G_synthesis/8x8/Upsample      -         (?, 3, 8, 8)        -               
G_synthesis/8x8/ToRGB         264195    (?, 3, 8, 8)        (1, 1, 512, 3)  
G_synthesis/16x16/Conv0_up    2622465   (?, 512, 16, 16)    (3, 3, 512, 512)
G_synthesis/16x16/Conv1       2622465   (?, 512, 16, 16)    (3, 3, 512, 512)
G_synthesis/16x16/Upsample    -         (?, 3, 16, 16)      -               
G_synthesis/16x16/ToRGB       264195    (?, 3, 16, 16)      (1, 1, 512, 3)  
G_synthesis/32x32/Conv0_up    2622465   (?, 512, 32, 32)    (3, 3, 512, 512)
G_synthesis/32x32/Conv1       2622465   (?, 512, 32, 32)    (3, 3, 512, 512)
G_synthesis/32x32/Upsample    -         (?, 3, 32, 32)      -               
G_synthesis/32x32/ToRGB       264195    (?, 3, 32, 32)      (1, 1, 512, 3)  
G_synthesis/64x64/Conv0_up    1442561   (?, 256, 64, 64)    (3, 3, 512, 256)
G_synthesis/64x64/Conv1       721409    (?, 256, 64, 64)    (3, 3, 256, 256)
G_synthesis/64x64/Upsample    -         (?, 3, 64, 64)      -               
G_synthesis/64x64/ToRGB       132099    (?, 3, 64, 64)      (1, 1, 256, 3)  
G_synthesis/128x128/Conv0_up  426369    (?, 128, 128, 128)  (3, 3, 256, 128)
G_synthesis/128x128/Conv1     213249    (?, 128, 128, 128)  (3, 3, 128, 128)
G_synthesis/128x128/Upsample  -         (?, 3, 128, 128)    -               
G_synthesis/128x128/ToRGB     66051     (?, 3, 128, 128)    (1, 1, 128, 3)  
G_synthesis/256x256/Conv0_up  139457    (?, 64, 256, 256)   (3, 3, 128, 64) 
G_synthesis/256x256/Conv1     69761     (?, 64, 256, 256)   (3, 3, 64, 64)  
G_synthesis/256x256/Upsample  -         (?, 3, 256, 256)    -               
G_synthesis/256x256/ToRGB     33027     (?, 3, 256, 256)    (1, 1, 64, 3)   
---                           ---       ---                 ---             
Total                         23191522                                      


D                    Params    OutputShape         WeightShape     
---                  ---       ---                 ---             
images_in            -         (?, 3, 256, 256)    -               
labels_in            -         (?, 0)              -               
256x256/FromRGB      256       (?, 64, 256, 256)   (1, 1, 3, 64)   
256x256/Conv0        36928     (?, 64, 256, 256)   (3, 3, 64, 64)  
256x256/Conv1_down   73856     (?, 128, 128, 128)  (3, 3, 64, 128) 
256x256/Skip         8192      (?, 128, 128, 128)  (1, 1, 64, 128) 
128x128/Conv0        147584    (?, 128, 128, 128)  (3, 3, 128, 128)
128x128/Conv1_down   295168    (?, 256, 64, 64)    (3, 3, 128, 256)
128x128/Skip         32768     (?, 256, 64, 64)    (1, 1, 128, 256)
64x64/Conv0          590080    (?, 256, 64, 64)    (3, 3, 256, 256)
64x64/Conv1_down     1180160   (?, 512, 32, 32)    (3, 3, 256, 512)
64x64/Skip           131072    (?, 512, 32, 32)    (1, 1, 256, 512)
32x32/Conv0          2359808   (?, 512, 32, 32)    (3, 3, 512, 512)
32x32/Conv1_down     2359808   (?, 512, 16, 16)    (3, 3, 512, 512)
32x32/Skip           262144    (?, 512, 16, 16)    (1, 1, 512, 512)
16x16/Conv0          2359808   (?, 512, 16, 16)    (3, 3, 512, 512)
16x16/Conv1_down     2359808   (?, 512, 8, 8)      (3, 3, 512, 512)
16x16/Skip           262144    (?, 512, 8, 8)      (1, 1, 512, 512)
8x8/Conv0            2359808   (?, 512, 8, 8)      (3, 3, 512, 512)
8x8/Conv1_down       2359808   (?, 512, 4, 4)      (3, 3, 512, 512)
8x8/Skip             262144    (?, 512, 4, 4)      (1, 1, 512, 512)
4x4/MinibatchStddev  -         (?, 513, 4, 4)      -               
4x4/Conv             2364416   (?, 512, 4, 4)      (3, 3, 513, 512)
4x4/Dense0           4194816   (?, 512)            (8192, 512)     
Output               513       (?, 1)              (512, 1)        
---                  ---       ---                 ---             
Total                24001089                                      

Exporting sample images...
Replicating networks across 2 GPUs...
Initializing augmentations...
Setting up optimizers...
Constructing training graph...
Finalizing training ops...
Initializing metrics...
Training for 25000 kimg...

tick 0     kimg 0.1      time 2m 48s       sec/tick 39.8    sec/kimg 310.61  maintenance 128.6  gpumem 7.1   augment 0.001
Evaluating metrics...
network-snapshot-000000        time 4m 31s       fid50k_full 35.4645
tick 1     kimg 4.2      time 9m 14s       sec/tick 75.0    sec/kimg 18.32   maintenance 310.7  gpumem 7.1   augment 0.032
tick 2     kimg 8.3      time 10m 29s      sec/tick 75.3    sec/kimg 18.38   maintenance 0.0    gpumem 7.1   augment 0.055
tick 3     kimg 12.4     time 11m 45s      sec/tick 75.2    sec/kimg 18.36   maintenance 0.0    gpumem 7.1   augment 0.068
tick 4     kimg 16.5     time 13m 00s      sec/tick 75.4    sec/kimg 18.40   maintenance 0.0    gpumem 7.1   augment 0.076
tick 5     kimg 20.6     time 14m 16s      sec/tick 75.7    sec/kimg 18.47   maintenance 0.0    gpumem 7.1   augment 0.078
tick 6     kimg 24.7     time 15m 31s      sec/tick 75.3    sec/kimg 18.40   maintenance 0.0    gpumem 7.1   augment 0.078
tick 7     kimg 28.8     time 16m 47s      sec/tick 75.5    sec/kimg 18.43   maintenance 0.0    gpumem 7.1   augment 0.086
tick 8     kimg 32.9     time 18m 02s      sec/tick 75.4    sec/kimg 18.42   maintenance 0.0    gpumem 7.1   augment 0.083
tick 9     kimg 37.0     time 19m 18s      sec/tick 75.5    sec/kimg 18.43   maintenance 0.0    gpumem 7.1   augment 0.078
tick 10    kimg 41.1     time 20m 33s      sec/tick 75.2    sec/kimg 18.35   maintenance 0.0    gpumem 7.1   augment 0.078
tick 11    kimg 45.2     time 21m 48s      sec/tick 75.3    sec/kimg 18.38   maintenance 0.0    gpumem 7.1   augment 0.083
tick 12    kimg 49.3     time 23m 04s      sec/tick 75.4    sec/kimg 18.41   maintenance 0.0    gpumem 7.1   augment 0.081
tick 13    kimg 53.4     time 24m 19s      sec/tick 75.3    sec/kimg 18.39   maintenance 0.0    gpumem 7.1   augment 0.078
tick 14    kimg 57.5     time 25m 35s      sec/tick 75.5    sec/kimg 18.43   maintenance 0.0    gpumem 7.1   augment 0.076
tick 15    kimg 61.6     time 26m 50s      sec/tick 75.4    sec/kimg 18.40   maintenance 0.0    gpumem 7.1   augment 0.078
tick 16    kimg 65.7     time 28m 06s      sec/tick 75.5    sec/kimg 18.43   maintenance 0.0    gpumem 7.1   augment 0.081
tick 17    kimg 69.8     time 29m 21s      sec/tick 75.4    sec/kimg 18.40   maintenance 0.0    gpumem 7.1   augment 0.086
tick 18    kimg 73.9     time 30m 36s      sec/tick 75.3    sec/kimg 18.37   maintenance 0.0    gpumem 7.1   augment 0.086
tick 19    kimg 78.0     time 31m 52s      sec/tick 75.4    sec/kimg 18.41   maintenance 0.0    gpumem 7.1   augment 0.081
tick 20    kimg 82.0     time 33m 07s      sec/tick 75.5    sec/kimg 18.43   maintenance 0.0    gpumem 7.1   augment 0.091
tick 21    kimg 86.1     time 34m 23s      sec/tick 75.5    sec/kimg 18.43   maintenance 0.0    gpumem 7.1   augment 0.091
tick 22    kimg 90.2     time 35m 38s      sec/tick 75.6    sec/kimg 18.46   maintenance 0.0    gpumem 7.1   augment 0.088
tick 23    kimg 94.3     time 36m 54s      sec/tick 75.4    sec/kimg 18.41   maintenance 0.0    gpumem 7.1   augment 0.083
tick 24    kimg 98.4     time 38m 09s      sec/tick 75.5    sec/kimg 18.43   maintenance 0.0    gpumem 7.1   augment 0.078
tick 25    kimg 102.5    time 39m 25s      sec/tick 75.1    sec/kimg 18.34   maintenance 0.0    gpumem 7.1   augment 0.088
tick 26    kimg 106.6    time 40m 40s      sec/tick 75.4    sec/kimg 18.42   maintenance 0.0    gpumem 7.1   augment 0.091
tick 27    kimg 110.7    time 41m 56s      sec/tick 75.4    sec/kimg 18.42   maintenance 0.0    gpumem 7.1   augment 0.088
tick 28    kimg 114.8    time 43m 11s      sec/tick 75.5    sec/kimg 18.43   maintenance 0.0    gpumem 7.1   augment 0.083
tick 29    kimg 118.9    time 44m 27s      sec/tick 75.7    sec/kimg 18.47   maintenance 0.0    gpumem 7.1   augment 0.091
tick 30    kimg 123.0    time 45m 42s      sec/tick 75.4    sec/kimg 18.42   maintenance 0.0    gpumem 7.1   augment 0.086
Evaluating metrics...
network-snapshot-000123        time 4m 30s       fid50k_full 31.2891
tick 31    kimg 127.1    time 51m 44s      sec/tick 75.5    sec/kimg 18.44   maintenance 286.3  gpumem 7.1   augment 0.088
tick 32    kimg 131.2    time 52m 59s      sec/tick 75.2    sec/kimg 18.37   maintenance 0.0    gpumem 7.1   augment 0.093
tick 33    kimg 135.3    time 54m 15s      sec/tick 75.4    sec/kimg 18.41   maintenance 0.0    gpumem 7.1   augment 0.093
tick 34    kimg 139.4    time 55m 30s      sec/tick 75.4    sec/kimg 18.40   maintenance 0.0    gpumem 7.1   augment 0.093
tick 35    kimg 143.5    time 56m 46s      sec/tick 75.5    sec/kimg 18.44   maintenance 0.0    gpumem 7.1   augment 0.088
tick 36    kimg 147.6    time 58m 01s      sec/tick 75.6    sec/kimg 18.45   maintenance 0.0    gpumem 7.1   augment 0.093
tick 37    kimg 151.7    time 59m 17s      sec/tick 75.5    sec/kimg 18.44   maintenance 0.0    gpumem 7.1   augment 0.093
tick 38    kimg 155.8    time 1h 00m 33s   sec/tick 75.6    sec/kimg 18.46   maintenance 0.0    gpumem 7.1   augment 0.088
tick 39    kimg 159.9    time 1h 01m 48s   sec/tick 75.5    sec/kimg 18.42   maintenance 0.0    gpumem 7.1   augment 0.083
tick 40    kimg 164.0    time 1h 03m 03s   sec/tick 75.2    sec/kimg 18.37   maintenance 0.0    gpumem 7.1   augment 0.093
tick 41    kimg 168.1    time 1h 04m 19s   sec/tick 75.5    sec/kimg 18.43   maintenance 0.0    gpumem 7.1   augment 0.096
tick 42    kimg 172.2    time 1h 05m 38s   sec/tick 78.9    sec/kimg 19.25   maintenance 0.0    gpumem 7.1   augment 0.093
tick 43    kimg 176.3    time 1h 06m 53s   sec/tick 75.5    sec/kimg 18.44   maintenance 0.0    gpumem 7.1   augment 0.091
tick 44    kimg 180.4    time 1h 08m 09s   sec/tick 75.7    sec/kimg 18.48   maintenance 0.0    gpumem 7.1   augment 0.096
tick 45    kimg 184.4    time 1h 09m 25s   sec/tick 75.6    sec/kimg 18.46   maintenance 0.0    gpumem 7.1   augment 0.099
tick 46    kimg 188.5    time 1h 10m 40s   sec/tick 75.5    sec/kimg 18.44   maintenance 0.0    gpumem 7.1   augment 0.106
tick 47    kimg 192.6    time 1h 11m 56s   sec/tick 75.4    sec/kimg 18.41   maintenance 0.0    gpumem 7.1   augment 0.101
tick 48    kimg 196.7    time 1h 13m 11s   sec/tick 75.5    sec/kimg 18.44   maintenance 0.0    gpumem 7.1   augment 0.099
tick 49    kimg 200.8    time 1h 14m 27s   sec/tick 75.6    sec/kimg 18.45   maintenance 0.0    gpumem 7.1   augment 0.104
tick 50    kimg 204.9    time 1h 15m 42s   sec/tick 75.5    sec/kimg 18.43   maintenance 0.0    gpumem 7.1   augment 0.104
tick 51    kimg 209.0    time 1h 16m 58s   sec/tick 75.6    sec/kimg 18.45   maintenance 0.0    gpumem 7.1   augment 0.096
tick 52    kimg 213.1    time 1h 18m 14s   sec/tick 75.5    sec/kimg 18.43   maintenance 0.0    gpumem 7.1   augment 0.093
tick 53    kimg 217.2    time 1h 19m 29s   sec/tick 75.5    sec/kimg 18.43   maintenance 0.0    gpumem 7.1   augment 0.096
tick 54    kimg 221.3    time 1h 20m 45s   sec/tick 75.4    sec/kimg 18.41   maintenance 0.0    gpumem 7.1   augment 0.104
tick 55    kimg 225.4    time 1h 22m 00s   sec/tick 75.4    sec/kimg 18.41   maintenance 0.0    gpumem 7.1   augment 0.101
tick 56    kimg 229.5    time 1h 23m 16s   sec/tick 75.5    sec/kimg 18.43   maintenance 0.0    gpumem 7.1   augment 0.109
tick 57    kimg 233.6    time 1h 24m 31s   sec/tick 75.6    sec/kimg 18.46   maintenance 0.0    gpumem 7.1   augment 0.104
tick 58    kimg 237.7    time 1h 25m 47s   sec/tick 75.6    sec/kimg 18.45   maintenance 0.0    gpumem 7.1   augment 0.111
tick 59    kimg 241.8    time 1h 27m 02s   sec/tick 75.6    sec/kimg 18.46   maintenance 0.0    gpumem 7.1   augment 0.109
tick 60    kimg 245.9    time 1h 28m 18s   sec/tick 75.6    sec/kimg 18.45   maintenance 0.0    gpumem 7.1   augment 0.104
Evaluating metrics...
network-snapshot-000245        time 4m 32s       fid50k_full 29.7096
tick 61    kimg 250.0    time 1h 34m 23s   sec/tick 75.6    sec/kimg 18.47   maintenance 289.5  gpumem 7.1   augment 0.109
tick 62    kimg 254.1    time 1h 35m 38s   sec/tick 75.2    sec/kimg 18.35   maintenance 0.0    gpumem 7.1   augment 0.109
tick 63    kimg 258.2    time 1h 36m 54s   sec/tick 75.6    sec/kimg 18.45   maintenance 0.0    gpumem 7.1   augment 0.109
tick 64    kimg 262.3    time 1h 38m 10s   sec/tick 75.5    sec/kimg 18.44   maintenance 0.0    gpumem 7.1   augment 0.104
tick 65    kimg 266.4    time 1h 39m 25s   sec/tick 75.6    sec/kimg 18.45   maintenance 0.0    gpumem 7.1   augment 0.101
tick 66    kimg 270.5    time 1h 40m 41s   sec/tick 75.5    sec/kimg 18.44   maintenance 0.0    gpumem 7.1   augment 0.111
tick 67    kimg 274.6    time 1h 41m 56s   sec/tick 75.7    sec/kimg 18.47   maintenance 0.0    gpumem 7.1   augment 0.114
tick 68    kimg 278.7    time 1h 43m 12s   sec/tick 75.6    sec/kimg 18.45   maintenance 0.0    gpumem 7.1   augment 0.109
tick 69    kimg 282.8    time 1h 44m 27s   sec/tick 75.3    sec/kimg 18.38   maintenance 0.0    gpumem 7.1   augment 0.109
tick 70    kimg 286.8    time 1h 45m 43s   sec/tick 75.5    sec/kimg 18.44   maintenance 0.0    gpumem 7.1   augment 0.111
tick 71    kimg 290.9    time 1h 46m 59s   sec/tick 75.6    sec/kimg 18.46   maintenance 0.0    gpumem 7.1   augment 0.114
tick 72    kimg 295.0    time 1h 48m 14s   sec/tick 75.6    sec/kimg 18.47   maintenance 0.0    gpumem 7.1   augment 0.127
tick 73    kimg 299.1    time 1h 49m 30s   sec/tick 75.6    sec/kimg 18.45   maintenance 0.0    gpumem 7.1   augment 0.116
tick 74    kimg 303.2    time 1h 50m 46s   sec/tick 75.6    sec/kimg 18.45   maintenance 0.0    gpumem 7.1   augment 0.122
tick 75    kimg 307.3    time 1h 52m 01s   sec/tick 75.7    sec/kimg 18.47   maintenance 0.0    gpumem 7.1   augment 0.116
tick 76    kimg 311.4    time 1h 53m 17s   sec/tick 75.5    sec/kimg 18.42   maintenance 0.0    gpumem 7.1   augment 0.114
tick 77    kimg 315.5    time 1h 54m 32s   sec/tick 75.5    sec/kimg 18.44   maintenance 0.1    gpumem 7.1   augment 0.116
tick 78    kimg 319.6    time 1h 55m 48s   sec/tick 75.6    sec/kimg 18.45   maintenance 0.0    gpumem 7.1   augment 0.101
tick 79    kimg 323.7    time 1h 57m 04s   sec/tick 75.6    sec/kimg 18.47   maintenance 0.0    gpumem 7.1   augment 0.104
tick 80    kimg 327.8    time 1h 58m 19s   sec/tick 75.6    sec/kimg 18.45   maintenance 0.0    gpumem 7.1   augment 0.109
tick 81    kimg 331.9    time 1h 59m 35s   sec/tick 75.6    sec/kimg 18.45   maintenance 0.0    gpumem 7.1   augment 0.106
tick 82    kimg 336.0    time 2h 00m 50s   sec/tick 75.5    sec/kimg 18.43   maintenance 0.0    gpumem 7.1   augment 0.116
tick 83    kimg 340.1    time 2h 02m 06s   sec/tick 75.6    sec/kimg 18.45   maintenance 0.0    gpumem 7.1   augment 0.116
tick 84    kimg 344.2    time 2h 03m 21s   sec/tick 75.4    sec/kimg 18.40   maintenance 0.0    gpumem 7.1   augment 0.129
tick 85    kimg 348.3    time 2h 04m 37s   sec/tick 75.7    sec/kimg 18.48   maintenance 0.0    gpumem 7.1   augment 0.119
tick 86    kimg 352.4    time 2h 05m 53s   sec/tick 75.7    sec/kimg 18.48   maintenance 0.0    gpumem 7.1   augment 0.119
tick 87    kimg 356.5    time 2h 07m 09s   sec/tick 75.6    sec/kimg 18.46   maintenance 0.0    gpumem 7.1   augment 0.119
tick 88    kimg 360.6    time 2h 08m 24s   sec/tick 75.7    sec/kimg 18.47   maintenance 0.0    gpumem 7.1   augment 0.127
tick 89    kimg 364.7    time 2h 09m 40s   sec/tick 75.6    sec/kimg 18.45   maintenance 0.0    gpumem 7.1   augment 0.122
tick 90    kimg 368.8    time 2h 10m 55s   sec/tick 75.5    sec/kimg 18.44   maintenance 0.0    gpumem 7.1   augment 0.116
Evaluating metrics...
network-snapshot-000368        time 4m 30s       fid50k_full 27.8937
tick 91    kimg 372.9    time 2h 16m 57s   sec/tick 75.4    sec/kimg 18.41   maintenance 286.3  gpumem 7.1   augment 0.116
tick 92    kimg 377.0    time 2h 18m 13s   sec/tick 75.7    sec/kimg 18.47   maintenance 0.0    gpumem 7.1   augment 0.114
tick 93    kimg 381.1    time 2h 19m 28s   sec/tick 75.6    sec/kimg 18.47   maintenance 0.0    gpumem 7.1   augment 0.114
tick 94    kimg 385.2    time 2h 20m 44s   sec/tick 75.7    sec/kimg 18.48   maintenance 0.0    gpumem 7.1   augment 0.116
tick 95    kimg 389.2    time 2h 22m 00s   sec/tick 75.6    sec/kimg 18.46   maintenance 0.0    gpumem 7.1   augment 0.119
tick 96    kimg 393.3    time 2h 23m 15s   sec/tick 75.6    sec/kimg 18.46   maintenance 0.0    gpumem 7.1   augment 0.122
tick 97    kimg 397.4    time 2h 24m 31s   sec/tick 75.6    sec/kimg 18.46   maintenance 0.0    gpumem 7.1   augment 0.119
tick 98    kimg 401.5    time 2h 25m 47s   sec/tick 75.7    sec/kimg 18.47   maintenance 0.0    gpumem 7.1   augment 0.119
tick 99    kimg 405.6    time 2h 27m 02s   sec/tick 75.4    sec/kimg 18.40   maintenance 0.0    gpumem 7.1   augment 0.119
tick 100   kimg 409.7    time 2h 28m 18s   sec/tick 75.6    sec/kimg 18.46   maintenance 0.0    gpumem 7.1   augment 0.122
tick 101   kimg 413.8    time 2h 29m 34s   sec/tick 75.8    sec/kimg 18.50   maintenance 0.0    gpumem 7.1   augment 0.132
tick 102   kimg 417.9    time 2h 30m 49s   sec/tick 75.6    sec/kimg 18.45   maintenance 0.0    gpumem 7.1   augment 0.116
tick 103   kimg 422.0    time 2h 32m 05s   sec/tick 75.7    sec/kimg 18.49   maintenance 0.0    gpumem 7.1   augment 0.116
tick 104   kimg 426.1    time 2h 33m 21s   sec/tick 75.6    sec/kimg 18.45   maintenance 0.0    gpumem 7.1   augment 0.122
tick 105   kimg 430.2    time 2h 34m 37s   sec/tick 76.1    sec/kimg 18.58   maintenance 0.0    gpumem 7.1   augment 0.111
tick 106   kimg 434.3    time 2h 35m 52s   sec/tick 75.6    sec/kimg 18.45   maintenance 0.0    gpumem 7.1   augment 0.114
tick 107   kimg 438.4    time 2h 37m 08s   sec/tick 75.6    sec/kimg 18.46   maintenance 0.0    gpumem 7.1   augment 0.119
tick 108   kimg 442.5    time 2h 38m 24s   sec/tick 75.6    sec/kimg 18.47   maintenance 0.0    gpumem 7.1   augment 0.122
tick 109   kimg 446.6    time 2h 39m 40s   sec/tick 75.7    sec/kimg 18.49   maintenance 0.0    gpumem 7.1   augment 0.127
tick 110   kimg 450.7    time 2h 40m 55s   sec/tick 75.6    sec/kimg 18.46   maintenance 0.0    gpumem 7.1   augment 0.111
tick 111   kimg 454.8    time 2h 42m 11s   sec/tick 75.5    sec/kimg 18.44   maintenance 0.0    gpumem 7.1   augment 0.114
tick 112   kimg 458.9    time 2h 43m 27s   sec/tick 75.8    sec/kimg 18.51   maintenance 0.0    gpumem 7.1   augment 0.122
tick 113   kimg 463.0    time 2h 44m 42s   sec/tick 75.5    sec/kimg 18.43   maintenance 0.0    gpumem 7.1   augment 0.124
tick 114   kimg 467.1    time 2h 45m 58s   sec/tick 75.7    sec/kimg 18.47   maintenance 0.0    gpumem 7.1   augment 0.122
tick 115   kimg 471.2    time 2h 47m 14s   sec/tick 75.7    sec/kimg 18.49   maintenance 0.0    gpumem 7.1   augment 0.124
tick 116   kimg 475.3    time 2h 48m 29s   sec/tick 75.7    sec/kimg 18.48   maintenance 0.0    gpumem 7.1   augment 0.124
tick 117   kimg 479.4    time 2h 49m 45s   sec/tick 75.7    sec/kimg 18.49   maintenance 0.0    gpumem 7.1   augment 0.124
tick 118   kimg 483.5    time 2h 51m 01s   sec/tick 75.8    sec/kimg 18.49   maintenance 0.0    gpumem 7.1   augment 0.122
tick 119   kimg 487.6    time 2h 52m 17s   sec/tick 75.8    sec/kimg 18.50   maintenance 0.0    gpumem 7.1   augment 0.134
tick 120   kimg 491.6    time 2h 53m 33s   sec/tick 75.8    sec/kimg 18.51   maintenance 0.0    gpumem 7.1   augment 0.124
Evaluating metrics...
network-snapshot-000491        time 4m 32s       fid50k_full 29.2183
tick 121   kimg 495.7    time 2h 59m 36s   sec/tick 75.5    sec/kimg 18.42   maintenance 288.2  gpumem 7.1   augment 0.122
tick 122   kimg 499.8    time 3h 00m 52s   sec/tick 75.7    sec/kimg 18.47   maintenance 0.0    gpumem 7.1   augment 0.132
tick 123   kimg 503.9    time 3h 02m 08s   sec/tick 75.8    sec/kimg 18.50   maintenance 0.0    gpumem 7.1   augment 0.129
tick 124   kimg 508.0    time 3h 03m 24s   sec/tick 75.8    sec/kimg 18.49   maintenance 0.0    gpumem 7.1   augment 0.127
tick 125   kimg 512.1    time 3h 04m 39s   sec/tick 75.7    sec/kimg 18.47   maintenance 0.0    gpumem 7.1   augment 0.134
tick 126   kimg 516.2    time 3h 05m 55s   sec/tick 75.7    sec/kimg 18.47   maintenance 0.0    gpumem 7.1   augment 0.134
tick 127   kimg 520.3    time 3h 07m 11s   sec/tick 75.8    sec/kimg 18.50   maintenance 0.0    gpumem 7.1   augment 0.140
tick 128   kimg 524.4    time 3h 08m 26s   sec/tick 75.5    sec/kimg 18.44   maintenance 0.0    gpumem 7.1   augment 0.127
tick 129   kimg 528.5    time 3h 09m 42s   sec/tick 75.7    sec/kimg 18.48   maintenance 0.0    gpumem 7.1   augment 0.137
tick 130   kimg 532.6    time 3h 10m 58s   sec/tick 75.6    sec/kimg 18.46   maintenance 0.0    gpumem 7.1   augment 0.137
tick 131   kimg 536.7    time 3h 12m 14s   sec/tick 75.8    sec/kimg 18.50   maintenance 0.0    gpumem 7.1   augment 0.134
tick 132   kimg 540.8    time 3h 13m 29s   sec/tick 75.7    sec/kimg 18.48   maintenance 0.0    gpumem 7.1   augment 0.132
tick 133   kimg 544.9    time 3h 14m 45s   sec/tick 75.6    sec/kimg 18.46   maintenance 0.0    gpumem 7.1   augment 0.132
tick 134   kimg 549.0    time 3h 16m 01s   sec/tick 75.7    sec/kimg 18.47   maintenance 0.0    gpumem 7.1   augment 0.127
tick 135   kimg 553.1    time 3h 17m 16s   sec/tick 75.4    sec/kimg 18.41   maintenance 0.0    gpumem 7.1   augment 0.134
tick 136   kimg 557.2    time 3h 18m 32s   sec/tick 75.6    sec/kimg 18.45   maintenance 0.0    gpumem 7.1   augment 0.129
tick 137   kimg 561.3    time 3h 19m 47s   sec/tick 75.6    sec/kimg 18.46   maintenance 0.0    gpumem 7.1   augment 0.132
tick 138   kimg 565.4    time 3h 21m 03s   sec/tick 75.7    sec/kimg 18.49   maintenance 0.0    gpumem 7.1   augment 0.129
tick 139   kimg 569.5    time 3h 22m 19s   sec/tick 75.7    sec/kimg 18.49   maintenance 0.0    gpumem 7.1   augment 0.129
tick 140   kimg 573.6    time 3h 23m 35s   sec/tick 75.7    sec/kimg 18.48   maintenance 0.0    gpumem 7.1   augment 0.127
tick 141   kimg 577.7    time 3h 24m 50s   sec/tick 75.7    sec/kimg 18.48   maintenance 0.0    gpumem 7.1   augment 0.122
tick 142   kimg 581.8    time 3h 26m 06s   sec/tick 75.8    sec/kimg 18.50   maintenance 0.0    gpumem 7.1   augment 0.116
tick 143   kimg 585.9    time 3h 27m 22s   sec/tick 75.3    sec/kimg 18.38   maintenance 0.0    gpumem 7.1   augment 0.122
tick 144   kimg 590.0    time 3h 28m 37s   sec/tick 75.8    sec/kimg 18.50   maintenance 0.0    gpumem 7.1   augment 0.122
tick 145   kimg 594.0    time 3h 29m 53s   sec/tick 75.7    sec/kimg 18.47   maintenance 0.0    gpumem 7.1   augment 0.127
tick 146   kimg 598.1    time 3h 31m 09s   sec/tick 75.8    sec/kimg 18.50   maintenance 0.0    gpumem 7.1   augment 0.127
tick 147   kimg 602.2    time 3h 32m 25s   sec/tick 75.7    sec/kimg 18.48   maintenance 0.0    gpumem 7.1   augment 0.134
tick 148   kimg 606.3    time 3h 33m 40s   sec/tick 75.7    sec/kimg 18.49   maintenance 0.0    gpumem 7.1   augment 0.140
tick 149   kimg 610.4    time 3h 34m 56s   sec/tick 75.8    sec/kimg 18.50   maintenance 0.0    gpumem 7.1   augment 0.137
tick 150   kimg 614.5    time 3h 36m 12s   sec/tick 75.6    sec/kimg 18.46   maintenance 0.0    gpumem 7.1   augment 0.129
Evaluating metrics...
network-snapshot-000614        time 4m 30s       fid50k_full 27.2311
tick 151   kimg 618.6    time 3h 42m 14s   sec/tick 75.8    sec/kimg 18.50   maintenance 286.8  gpumem 7.1   augment 0.140
tick 152   kimg 622.7    time 3h 43m 30s   sec/tick 75.7    sec/kimg 18.48   maintenance 0.0    gpumem 7.1   augment 0.129
tick 153   kimg 626.8    time 3h 44m 46s   sec/tick 75.7    sec/kimg 18.48   maintenance 0.0    gpumem 7.1   augment 0.134
tick 154   kimg 630.9    time 3h 46m 02s   sec/tick 75.8    sec/kimg 18.51   maintenance 0.0    gpumem 7.1   augment 0.134
tick 155   kimg 635.0    time 3h 47m 17s   sec/tick 75.7    sec/kimg 18.48   maintenance 0.0    gpumem 7.1   augment 0.132
tick 156   kimg 639.1    time 3h 48m 33s   sec/tick 75.8    sec/kimg 18.52   maintenance 0.0    gpumem 7.1   augment 0.137
tick 157   kimg 643.2    time 3h 49m 49s   sec/tick 75.7    sec/kimg 18.48   maintenance 0.0    gpumem 7.1   augment 0.134
tick 158   kimg 647.3    time 3h 51m 05s   sec/tick 75.6    sec/kimg 18.46   maintenance 0.1    gpumem 7.1   augment 0.134
tick 159   kimg 651.4    time 3h 52m 20s   sec/tick 75.6    sec/kimg 18.46   maintenance 0.0    gpumem 7.1   augment 0.134
tick 160   kimg 655.5    time 3h 53m 36s   sec/tick 75.8    sec/kimg 18.50   maintenance 0.0    gpumem 7.1   augment 0.134
tick 161   kimg 659.6    time 3h 54m 52s   sec/tick 75.7    sec/kimg 18.47   maintenance 0.0    gpumem 7.1   augment 0.140
tick 162   kimg 663.7    time 3h 56m 08s   sec/tick 75.7    sec/kimg 18.48   maintenance 0.0    gpumem 7.1   augment 0.145
tick 163   kimg 667.8    time 3h 57m 23s   sec/tick 75.7    sec/kimg 18.48   maintenance 0.0    gpumem 7.1   augment 0.140
tick 164   kimg 671.9    time 3h 58m 39s   sec/tick 75.6    sec/kimg 18.45   maintenance 0.0    gpumem 7.1   augment 0.145
tick 165   kimg 676.0    time 3h 59m 55s   sec/tick 75.5    sec/kimg 18.44   maintenance 0.0    gpumem 7.1   augment 0.147
tick 166   kimg 680.1    time 4h 01m 11s   sec/tick 76.0    sec/kimg 18.55   maintenance 0.0    gpumem 7.1   augment 0.145
tick 167   kimg 684.2    time 4h 02m 26s   sec/tick 75.8    sec/kimg 18.51   maintenance 0.0    gpumem 7.1   augment 0.134
tick 168   kimg 688.3    time 4h 03m 42s   sec/tick 75.7    sec/kimg 18.48   maintenance 0.0    gpumem 7.1   augment 0.137
tick 169   kimg 692.4    time 4h 04m 58s   sec/tick 75.8    sec/kimg 18.52   maintenance 0.0    gpumem 7.1   augment 0.140
tick 170   kimg 696.4    time 4h 06m 14s   sec/tick 75.8    sec/kimg 18.50   maintenance 0.0    gpumem 7.1   augment 0.132
tick 171   kimg 700.5    time 4h 07m 30s   sec/tick 75.7    sec/kimg 18.48   maintenance 0.0    gpumem 7.1   augment 0.137
tick 172   kimg 704.6    time 4h 08m 45s   sec/tick 75.5    sec/kimg 18.43   maintenance 0.0    gpumem 7.1   augment 0.142
tick 173   kimg 708.7    time 4h 10m 01s   sec/tick 75.7    sec/kimg 18.48   maintenance 0.0    gpumem 7.1   augment 0.140
tick 174   kimg 712.8    time 4h 11m 17s   sec/tick 75.6    sec/kimg 18.46   maintenance 0.0    gpumem 7.1   augment 0.134
tick 175   kimg 716.9    time 4h 12m 32s   sec/tick 75.7    sec/kimg 18.49   maintenance 0.0    gpumem 7.1   augment 0.140
tick 176   kimg 721.0    time 4h 13m 48s   sec/tick 75.7    sec/kimg 18.48   maintenance 0.0    gpumem 7.1   augment 0.145
tick 177   kimg 725.1    time 4h 15m 04s   sec/tick 75.7    sec/kimg 18.48   maintenance 0.0    gpumem 7.1   augment 0.140
tick 178   kimg 729.2    time 4h 16m 19s   sec/tick 75.6    sec/kimg 18.46   maintenance 0.0    gpumem 7.1   augment 0.142
tick 179   kimg 733.3    time 4h 17m 35s   sec/tick 75.8    sec/kimg 18.50   maintenance 0.0    gpumem 7.1   augment 0.145
tick 180   kimg 737.4    time 4h 18m 51s   sec/tick 75.5    sec/kimg 18.44   maintenance 0.0    gpumem 7.1   augment 0.157
Evaluating metrics...
network-snapshot-000737        time 4m 31s       fid50k_full 26.8114
tick 181   kimg 741.5    time 4h 24m 55s   sec/tick 75.7    sec/kimg 18.49   maintenance 288.3  gpumem 7.1   augment 0.150
tick 182   kimg 745.6    time 4h 26m 11s   sec/tick 75.7    sec/kimg 18.49   maintenance 0.0    gpumem 7.1   augment 0.152
tick 183   kimg 749.7    time 4h 27m 26s   sec/tick 75.8    sec/kimg 18.50   maintenance 0.0    gpumem 7.1   augment 0.145
tick 184   kimg 753.8    time 4h 28m 42s   sec/tick 75.7    sec/kimg 18.49   maintenance 0.0    gpumem 7.1   augment 0.147
tick 185   kimg 757.9    time 4h 29m 58s   sec/tick 75.7    sec/kimg 18.49   maintenance 0.0    gpumem 7.1   augment 0.145
tick 186   kimg 762.0    time 4h 31m 14s   sec/tick 75.7    sec/kimg 18.48   maintenance 0.0    gpumem 7.1   augment 0.152
tick 187   kimg 766.1    time 4h 32m 29s   sec/tick 75.6    sec/kimg 18.45   maintenance 0.0    gpumem 7.1   augment 0.150
tick 188   kimg 770.2    time 4h 33m 45s   sec/tick 75.7    sec/kimg 18.47   maintenance 0.0    gpumem 7.1   augment 0.150
tick 189   kimg 774.3    time 4h 35m 01s   sec/tick 75.7    sec/kimg 18.49   maintenance 0.0    gpumem 7.1   augment 0.145
tick 190   kimg 778.4    time 4h 36m 17s   sec/tick 75.7    sec/kimg 18.48   maintenance 0.0    gpumem 7.1   augment 0.157
tick 191   kimg 782.5    time 4h 37m 32s   sec/tick 75.9    sec/kimg 18.52   maintenance 0.0    gpumem 7.1   augment 0.155
tick 192   kimg 786.6    time 4h 38m 48s   sec/tick 75.8    sec/kimg 18.50   maintenance 0.0    gpumem 7.1   augment 0.142
tick 193   kimg 790.7    time 4h 40m 04s   sec/tick 75.8    sec/kimg 18.51   maintenance 0.0    gpumem 7.1   augment 0.147
tick 194   kimg 794.8    time 4h 41m 20s   sec/tick 75.5    sec/kimg 18.44   maintenance 0.0    gpumem 7.1   augment 0.142
tick 195   kimg 798.8    time 4h 42m 35s   sec/tick 75.7    sec/kimg 18.47   maintenance 0.1    gpumem 7.1   augment 0.142
tick 196   kimg 802.9    time 4h 43m 51s   sec/tick 75.7    sec/kimg 18.49   maintenance 0.0    gpumem 7.1   augment 0.150
tick 197   kimg 807.0    time 4h 45m 07s   sec/tick 75.8    sec/kimg 18.51   maintenance 0.0    gpumem 7.1   augment 0.147
tick 198   kimg 811.1    time 4h 46m 23s   sec/tick 75.8    sec/kimg 18.52   maintenance 0.0    gpumem 7.1   augment 0.152
tick 199   kimg 815.2    time 4h 47m 39s   sec/tick 75.7    sec/kimg 18.49   maintenance 0.0    gpumem 7.1   augment 0.152
tick 200   kimg 819.3    time 4h 48m 55s   sec/tick 75.8    sec/kimg 18.51   maintenance 0.0    gpumem 7.1   augment 0.157
tick 201   kimg 823.4    time 4h 50m 10s   sec/tick 75.9    sec/kimg 18.52   maintenance 0.0    gpumem 7.1   augment 0.152
tick 202   kimg 827.5    time 4h 51m 26s   sec/tick 75.5    sec/kimg 18.43   maintenance 0.0    gpumem 7.1   augment 0.150
tick 203   kimg 831.6    time 4h 52m 42s   sec/tick 75.8    sec/kimg 18.49   maintenance 0.0    gpumem 7.1   augment 0.152
tick 204   kimg 835.7    time 4h 53m 58s   sec/tick 75.9    sec/kimg 18.54   maintenance 0.0    gpumem 7.1   augment 0.150
tick 205   kimg 839.8    time 4h 55m 13s   sec/tick 75.7    sec/kimg 18.49   maintenance 0.0    gpumem 7.1   augment 0.157
tick 206   kimg 843.9    time 4h 56m 29s   sec/tick 75.8    sec/kimg 18.50   maintenance 0.0    gpumem 7.1   augment 0.157
tick 207   kimg 848.0    time 4h 57m 45s   sec/tick 75.8    sec/kimg 18.51   maintenance 0.0    gpumem 7.1   augment 0.155
tick 208   kimg 852.1    time 4h 59m 01s   sec/tick 75.7    sec/kimg 18.48   maintenance 0.0    gpumem 7.1   augment 0.152
tick 209   kimg 856.2    time 5h 00m 16s   sec/tick 75.4    sec/kimg 18.41   maintenance 0.0    gpumem 7.1   augment 0.150
tick 210   kimg 860.3    time 5h 01m 32s   sec/tick 75.7    sec/kimg 18.49   maintenance 0.0    gpumem 7.1   augment 0.163
Evaluating metrics...
network-snapshot-000860        time 4m 30s       fid50k_full 24.3233
tick 211   kimg 864.4    time 5h 07m 35s   sec/tick 75.7    sec/kimg 18.49   maintenance 287.0  gpumem 7.1   augment 0.160
tick 212   kimg 868.5    time 5h 08m 51s   sec/tick 75.7    sec/kimg 18.48   maintenance 0.0    gpumem 7.1   augment 0.157
tick 213   kimg 872.6    time 5h 10m 06s   sec/tick 75.8    sec/kimg 18.51   maintenance 0.0    gpumem 7.1   augment 0.168
tick 214   kimg 876.7    time 5h 11m 22s   sec/tick 75.8    sec/kimg 18.51   maintenance 0.0    gpumem 7.1   augment 0.163
tick 215   kimg 880.8    time 5h 12m 38s   sec/tick 75.7    sec/kimg 18.48   maintenance 0.0    gpumem 7.1   augment 0.160
tick 216   kimg 884.9    time 5h 13m 54s   sec/tick 75.8    sec/kimg 18.50   maintenance 0.0    gpumem 7.1   augment 0.150
tick 217   kimg 889.0    time 5h 15m 09s   sec/tick 75.6    sec/kimg 18.45   maintenance 0.1    gpumem 7.1   augment 0.155
tick 218   kimg 893.1    time 5h 16m 25s   sec/tick 75.7    sec/kimg 18.48   maintenance 0.0    gpumem 7.1   augment 0.157
tick 219   kimg 897.2    time 5h 17m 41s   sec/tick 75.7    sec/kimg 18.47   maintenance 0.0    gpumem 7.1   augment 0.152
tick 220   kimg 901.2    time 5h 18m 57s   sec/tick 75.7    sec/kimg 18.48   maintenance 0.0    gpumem 7.1   augment 0.165
tick 221   kimg 905.3    time 5h 20m 13s   sec/tick 75.8    sec/kimg 18.52   maintenance 0.0    gpumem 7.1   augment 0.155
tick 222   kimg 909.4    time 5h 21m 28s   sec/tick 75.7    sec/kimg 18.49   maintenance 0.0    gpumem 7.1   augment 0.160
tick 223   kimg 913.5    time 5h 22m 44s   sec/tick 75.7    sec/kimg 18.48   maintenance 0.0    gpumem 7.1   augment 0.160
tick 224   kimg 917.6    time 5h 24m 00s   sec/tick 75.6    sec/kimg 18.45   maintenance 0.0    gpumem 7.1   augment 0.152
tick 225   kimg 921.7    time 5h 25m 16s   sec/tick 75.9    sec/kimg 18.52   maintenance 0.0    gpumem 7.1   augment 0.160
tick 226   kimg 925.8    time 5h 26m 32s   sec/tick 76.2    sec/kimg 18.60   maintenance 0.0    gpumem 7.1   augment 0.157
tick 227   kimg 929.9    time 5h 27m 48s   sec/tick 75.7    sec/kimg 18.49   maintenance 0.0    gpumem 7.1   augment 0.155
tick 228   kimg 934.0    time 5h 29m 03s   sec/tick 75.7    sec/kimg 18.49   maintenance 0.0    gpumem 7.1   augment 0.163
tick 229   kimg 938.1    time 5h 30m 19s   sec/tick 75.8    sec/kimg 18.51   maintenance 0.0    gpumem 7.1   augment 0.165
tick 230   kimg 942.2    time 5h 31m 35s   sec/tick 75.9    sec/kimg 18.53   maintenance 0.0    gpumem 7.1   augment 0.163
tick 231   kimg 946.3    time 5h 32m 51s   sec/tick 75.6    sec/kimg 18.45   maintenance 0.0    gpumem 7.1   augment 0.157
tick 232   kimg 950.4    time 5h 34m 07s   sec/tick 75.8    sec/kimg 18.51   maintenance 0.0    gpumem 7.1   augment 0.160
tick 233   kimg 954.5    time 5h 35m 23s   sec/tick 75.9    sec/kimg 18.54   maintenance 0.0    gpumem 7.1   augment 0.170
tick 234   kimg 958.6    time 5h 36m 38s   sec/tick 75.8    sec/kimg 18.51   maintenance 0.0    gpumem 7.1   augment 0.173
tick 235   kimg 962.7    time 5h 37m 54s   sec/tick 75.9    sec/kimg 18.53   maintenance 0.0    gpumem 7.1   augment 0.173
tick 236   kimg 966.8    time 5h 39m 10s   sec/tick 75.8    sec/kimg 18.50   maintenance 0.0    gpumem 7.1   augment 0.165
tick 237   kimg 970.9    time 5h 40m 26s   sec/tick 75.9    sec/kimg 18.52   maintenance 0.0    gpumem 7.1   augment 0.170
tick 238   kimg 975.0    time 5h 41m 42s   sec/tick 75.9    sec/kimg 18.52   maintenance 0.0    gpumem 7.1   augment 0.165
tick 239   kimg 979.1    time 5h 42m 58s   sec/tick 75.7    sec/kimg 18.47   maintenance 0.1    gpumem 7.1   augment 0.168
tick 240   kimg 983.2    time 5h 44m 14s   sec/tick 75.7    sec/kimg 18.49   maintenance 0.0    gpumem 7.1   augment 0.165
Evaluating metrics...
network-snapshot-000983        time 4m 31s       fid50k_full 25.8540
tick 241   kimg 987.3    time 5h 50m 17s   sec/tick 75.8    sec/kimg 18.50   maintenance 287.6  gpumem 7.1   augment 0.175
tick 242   kimg 991.4    time 5h 51m 33s   sec/tick 75.8    sec/kimg 18.50   maintenance 0.0    gpumem 7.1   augment 0.170
tick 243   kimg 995.5    time 5h 52m 49s   sec/tick 75.9    sec/kimg 18.52   maintenance 0.0    gpumem 7.1   augment 0.168
tick 244   kimg 999.6    time 5h 54m 04s   sec/tick 75.8    sec/kimg 18.52   maintenance 0.0    gpumem 7.1   augment 0.163
tick 245   kimg 1003.6   time 5h 55m 20s   sec/tick 75.7    sec/kimg 18.48   maintenance 0.0    gpumem 7.1   augment 0.165
tick 246   kimg 1007.7   time 5h 56m 36s   sec/tick 75.6    sec/kimg 18.45   maintenance 0.0    gpumem 7.1   augment 0.165
tick 247   kimg 1011.8   time 5h 57m 52s   sec/tick 75.8    sec/kimg 18.50   maintenance 0.0    gpumem 7.1   augment 0.175
tick 248   kimg 1015.9   time 5h 59m 08s   sec/tick 75.9    sec/kimg 18.52   maintenance 0.0    gpumem 7.1   augment 0.168
tick 249   kimg 1020.0   time 6h 00m 23s   sec/tick 75.7    sec/kimg 18.48   maintenance 0.0    gpumem 7.1   augment 0.165
tick 250   kimg 1024.1   time 6h 01m 39s   sec/tick 75.7    sec/kimg 18.49   maintenance 0.0    gpumem 7.1   augment 0.170
tick 251   kimg 1028.2   time 6h 02m 55s   sec/tick 75.9    sec/kimg 18.53   maintenance 0.0    gpumem 7.1   augment 0.170
tick 252   kimg 1032.3   time 6h 04m 11s   sec/tick 75.7    sec/kimg 18.49   maintenance 0.0    gpumem 7.1   augment 0.170
tick 253   kimg 1036.4   time 6h 05m 26s   sec/tick 75.7    sec/kimg 18.47   maintenance 0.0    gpumem 7.1   augment 0.175
tick 254   kimg 1040.5   time 6h 06m 42s   sec/tick 75.7    sec/kimg 18.49   maintenance 0.0    gpumem 7.1   augment 0.165
tick 255   kimg 1044.6   time 6h 07m 58s   sec/tick 75.8    sec/kimg 18.51   maintenance 0.0    gpumem 7.1   augment 0.165
tick 256   kimg 1048.7   time 6h 09m 14s   sec/tick 75.8    sec/kimg 18.51   maintenance 0.0    gpumem 7.1   augment 0.163
tick 257   kimg 1052.8   time 6h 10m 30s   sec/tick 75.8    sec/kimg 18.50   maintenance 0.0    gpumem 7.1   augment 0.163
tick 258   kimg 1056.9   time 6h 11m 45s   sec/tick 75.8    sec/kimg 18.50   maintenance 0.0    gpumem 7.1   augment 0.165
tick 259   kimg 1061.0   time 6h 13m 01s   sec/tick 75.9    sec/kimg 18.52   maintenance 0.0    gpumem 7.1   augment 0.175
tick 260   kimg 1065.1   time 6h 14m 17s   sec/tick 75.9    sec/kimg 18.54   maintenance 0.0    gpumem 7.1   augment 0.180
tick 261   kimg 1069.2   time 6h 15m 33s   sec/tick 75.7    sec/kimg 18.48   maintenance 0.0    gpumem 7.1   augment 0.183
tick 262   kimg 1073.3   time 6h 16m 49s   sec/tick 75.9    sec/kimg 18.53   maintenance 0.0    gpumem 7.1   augment 0.178
tick 263   kimg 1077.4   time 6h 18m 05s   sec/tick 75.9    sec/kimg 18.52   maintenance 0.0    gpumem 7.1   augment 0.163
tick 264   kimg 1081.5   time 6h 19m 21s   sec/tick 75.7    sec/kimg 18.48   maintenance 0.0    gpumem 7.1   augment 0.165
tick 265   kimg 1085.6   time 6h 20m 37s   sec/tick 75.8    sec/kimg 18.51   maintenance 0.0    gpumem 7.1   augment 0.168
tick 266   kimg 1089.7   time 6h 21m 52s   sec/tick 75.8    sec/kimg 18.51   maintenance 0.0    gpumem 7.1   augment 0.168
tick 267   kimg 1093.8   time 6h 23m 08s   sec/tick 76.0    sec/kimg 18.54   maintenance 0.0    gpumem 7.1   augment 0.175
tick 268   kimg 1097.9   time 6h 24m 24s   sec/tick 75.6    sec/kimg 18.45   maintenance 0.0    gpumem 7.1   augment 0.170
tick 269   kimg 1102.0   time 6h 25m 40s   sec/tick 75.8    sec/kimg 18.51   maintenance 0.0    gpumem 7.1   augment 0.173
tick 270   kimg 1106.0   time 6h 26m 56s   sec/tick 75.8    sec/kimg 18.52   maintenance 0.0    gpumem 7.1   augment 0.173
Evaluating metrics...
network-snapshot-001106        time 4m 33s       fid50k_full 21.6984
tick 271   kimg 1110.1   time 6h 33m 01s   sec/tick 75.9    sec/kimg 18.53   maintenance 289.5  gpumem 7.1   augment 0.178
tick 272   kimg 1114.2   time 6h 34m 17s   sec/tick 75.9    sec/kimg 18.52   maintenance 0.0    gpumem 7.1   augment 0.175
tick 273   kimg 1118.3   time 6h 35m 33s   sec/tick 75.8    sec/kimg 18.51   maintenance 0.0    gpumem 7.1   augment 0.168
tick 274   kimg 1122.4   time 6h 36m 49s   sec/tick 75.8    sec/kimg 18.51   maintenance 0.0    gpumem 7.1   augment 0.175
tick 275   kimg 1126.5   time 6h 38m 05s   sec/tick 75.7    sec/kimg 18.49   maintenance 0.0    gpumem 7.1   augment 0.168
tick 276   kimg 1130.6   time 6h 39m 20s   sec/tick 75.6    sec/kimg 18.45   maintenance 0.1    gpumem 7.1   augment 0.178
tick 277   kimg 1134.7   time 6h 40m 36s   sec/tick 75.9    sec/kimg 18.53   maintenance 0.0    gpumem 7.1   augment 0.183
tick 278   kimg 1138.8   time 6h 41m 52s   sec/tick 75.8    sec/kimg 18.50   maintenance 0.0    gpumem 7.1   augment 0.173
tick 279   kimg 1142.9   time 6h 43m 08s   sec/tick 75.8    sec/kimg 18.50   maintenance 0.0    gpumem 7.1   augment 0.180
tick 280   kimg 1147.0   time 6h 44m 24s   sec/tick 75.8    sec/kimg 18.50   maintenance 0.0    gpumem 7.1   augment 0.180
tick 281   kimg 1151.1   time 6h 45m 39s   sec/tick 75.7    sec/kimg 18.49   maintenance 0.0    gpumem 7.1   augment 0.183
tick 282   kimg 1155.2   time 6h 46m 55s   sec/tick 75.8    sec/kimg 18.50   maintenance 0.0    gpumem 7.1   augment 0.178
tick 283   kimg 1159.3   time 6h 48m 11s   sec/tick 75.5    sec/kimg 18.44   maintenance 0.0    gpumem 7.1   augment 0.183
tick 284   kimg 1163.4   time 6h 49m 27s   sec/tick 75.9    sec/kimg 18.54   maintenance 0.0    gpumem 7.1   augment 0.180
tick 285   kimg 1167.5   time 6h 50m 43s   sec/tick 75.9    sec/kimg 18.52   maintenance 0.0    gpumem 7.1   augment 0.178
tick 286   kimg 1171.6   time 6h 51m 58s   sec/tick 75.8    sec/kimg 18.51   maintenance 0.0    gpumem 7.1   augment 0.170
tick 287   kimg 1175.7   time 6h 53m 14s   sec/tick 75.9    sec/kimg 18.54   maintenance 0.0    gpumem 7.1   augment 0.178
tick 288   kimg 1179.8   time 6h 54m 30s   sec/tick 75.8    sec/kimg 18.51   maintenance 0.0    gpumem 7.1   augment 0.175
tick 289   kimg 1183.9   time 6h 55m 46s   sec/tick 75.8    sec/kimg 18.50   maintenance 0.0    gpumem 7.1   augment 0.180
tick 290   kimg 1188.0   time 6h 57m 02s   sec/tick 75.6    sec/kimg 18.46   maintenance 0.0    gpumem 7.1   augment 0.183
tick 291   kimg 1192.1   time 6h 58m 18s   sec/tick 75.9    sec/kimg 18.53   maintenance 0.0    gpumem 7.1   augment 0.186
tick 292   kimg 1196.2   time 6h 59m 34s   sec/tick 75.8    sec/kimg 18.50   maintenance 0.0    gpumem 7.1   augment 0.188
tick 293   kimg 1200.3   time 7h 00m 49s   sec/tick 75.8    sec/kimg 18.50   maintenance 0.0    gpumem 7.1   augment 0.183
tick 294   kimg 1204.4   time 7h 02m 05s   sec/tick 75.9    sec/kimg 18.53   maintenance 0.0    gpumem 7.1   augment 0.175
tick 295   kimg 1208.4   time 7h 03m 21s   sec/tick 75.8    sec/kimg 18.50   maintenance 0.0    gpumem 7.1   augment 0.183
tick 296   kimg 1212.5   time 7h 04m 37s   sec/tick 75.9    sec/kimg 18.52   maintenance 0.0    gpumem 7.1   augment 0.186
tick 297   kimg 1216.6   time 7h 05m 53s   sec/tick 75.8    sec/kimg 18.51   maintenance 0.0    gpumem 7.1   augment 0.193
tick 298   kimg 1220.7   time 7h 07m 09s   sec/tick 75.6    sec/kimg 18.46   maintenance 0.0    gpumem 7.1   augment 0.180
tick 299   kimg 1224.8   time 7h 08m 24s   sec/tick 75.9    sec/kimg 18.54   maintenance 0.0    gpumem 7.1   augment 0.175
tick 300   kimg 1228.9   time 7h 09m 40s   sec/tick 75.8    sec/kimg 18.51   maintenance 0.0    gpumem 7.1   augment 0.188
Evaluating metrics...
network-snapshot-001228        time 4m 30s       fid50k_full 20.5766
tick 301   kimg 1233.0   time 7h 15m 43s   sec/tick 75.9    sec/kimg 18.52   maintenance 287.0  gpumem 7.1   augment 0.183
tick 302   kimg 1237.1   time 7h 16m 59s   sec/tick 75.8    sec/kimg 18.51   maintenance 0.0    gpumem 7.1   augment 0.183
tick 303   kimg 1241.2   time 7h 18m 15s   sec/tick 75.8    sec/kimg 18.51   maintenance 0.0    gpumem 7.1   augment 0.186
tick 304   kimg 1245.3   time 7h 19m 31s   sec/tick 75.9    sec/kimg 18.52   maintenance 0.0    gpumem 7.1   augment 0.191
tick 305   kimg 1249.4   time 7h 20m 46s   sec/tick 75.6    sec/kimg 18.46   maintenance 0.0    gpumem 7.1   augment 0.188
tick 306   kimg 1253.5   time 7h 22m 02s   sec/tick 75.8    sec/kimg 18.51   maintenance 0.0    gpumem 7.1   augment 0.180
tick 307   kimg 1257.6   time 7h 23m 18s   sec/tick 75.9    sec/kimg 18.52   maintenance 0.0    gpumem 7.1   augment 0.183
tick 308   kimg 1261.7   time 7h 24m 34s   sec/tick 76.0    sec/kimg 18.56   maintenance 0.0    gpumem 7.1   augment 0.183
tick 309   kimg 1265.8   time 7h 25m 50s   sec/tick 75.9    sec/kimg 18.53   maintenance 0.0    gpumem 7.1   augment 0.188
tick 310   kimg 1269.9   time 7h 27m 06s   sec/tick 75.9    sec/kimg 18.53   maintenance 0.0    gpumem 7.1   augment 0.198
tick 311   kimg 1274.0   time 7h 28m 22s   sec/tick 76.0    sec/kimg 18.54   maintenance 0.0    gpumem 7.1   augment 0.196
tick 312   kimg 1278.1   time 7h 29m 38s   sec/tick 75.8    sec/kimg 18.50   maintenance 0.0    gpumem 7.1   augment 0.198
tick 313   kimg 1282.2   time 7h 30m 54s   sec/tick 75.9    sec/kimg 18.53   maintenance 0.0    gpumem 7.1   augment 0.201
tick 314   kimg 1286.3   time 7h 32m 10s   sec/tick 75.9    sec/kimg 18.52   maintenance 0.0    gpumem 7.1   augment 0.191
tick 315   kimg 1290.4   time 7h 33m 26s   sec/tick 76.4    sec/kimg 18.65   maintenance 0.0    gpumem 7.1   augment 0.183
tick 316   kimg 1294.5   time 7h 34m 42s   sec/tick 75.9    sec/kimg 18.53   maintenance 0.0    gpumem 7.1   augment 0.186
tick 317   kimg 1298.6   time 7h 35m 58s   sec/tick 76.0    sec/kimg 18.55   maintenance 0.0    gpumem 7.1   augment 0.196
tick 318   kimg 1302.7   time 7h 37m 14s   sec/tick 75.9    sec/kimg 18.53   maintenance 0.0    gpumem 7.1   augment 0.191
tick 319   kimg 1306.8   time 7h 38m 30s   sec/tick 76.0    sec/kimg 18.56   maintenance 0.0    gpumem 7.1   augment 0.180
tick 320   kimg 1310.8   time 7h 39m 46s   sec/tick 75.6    sec/kimg 18.45   maintenance 0.0    gpumem 7.1   augment 0.175
tick 321   kimg 1314.9   time 7h 41m 02s   sec/tick 76.0    sec/kimg 18.55   maintenance 0.0    gpumem 7.1   augment 0.180
tick 322   kimg 1319.0   time 7h 42m 18s   sec/tick 75.9    sec/kimg 18.54   maintenance 0.0    gpumem 7.1   augment 0.188
tick 323   kimg 1323.1   time 7h 43m 34s   sec/tick 75.9    sec/kimg 18.53   maintenance 0.0    gpumem 7.1   augment 0.191
tick 324   kimg 1327.2   time 7h 44m 50s   sec/tick 75.9    sec/kimg 18.53   maintenance 0.0    gpumem 7.1   augment 0.188
tick 325   kimg 1331.3   time 7h 46m 06s   sec/tick 75.9    sec/kimg 18.52   maintenance 0.0    gpumem 7.1   augment 0.193
tick 326   kimg 1335.4   time 7h 47m 22s   sec/tick 76.0    sec/kimg 18.55   maintenance 0.0    gpumem 7.1   augment 0.198
tick 327   kimg 1339.5   time 7h 48m 38s   sec/tick 75.7    sec/kimg 18.49   maintenance 0.0    gpumem 7.1   augment 0.196
tick 328   kimg 1343.6   time 7h 49m 53s   sec/tick 75.8    sec/kimg 18.51   maintenance 0.0    gpumem 7.1   augment 0.196
tick 329   kimg 1347.7   time 7h 51m 09s   sec/tick 75.9    sec/kimg 18.54   maintenance 0.0    gpumem 7.1   augment 0.193
tick 330   kimg 1351.8   time 7h 52m 25s   sec/tick 75.8    sec/kimg 18.52   maintenance 0.0    gpumem 7.1   augment 0.186
Evaluating metrics...
network-snapshot-001351        time 4m 30s       fid50k_full 18.0755
tick 331   kimg 1355.9   time 7h 58m 28s   sec/tick 75.8    sec/kimg 18.51   maintenance 287.2  gpumem 7.1   augment 0.186
tick 332   kimg 1360.0   time 7h 59m 44s   sec/tick 76.0    sec/kimg 18.55   maintenance 0.0    gpumem 7.1   augment 0.196
tick 333   kimg 1364.1   time 8h 01m 00s   sec/tick 75.9    sec/kimg 18.53   maintenance 0.0    gpumem 7.1   augment 0.196
tick 334   kimg 1368.2   time 8h 02m 16s   sec/tick 75.6    sec/kimg 18.46   maintenance 0.0    gpumem 7.1   augment 0.196
tick 335   kimg 1372.3   time 8h 03m 32s   sec/tick 75.7    sec/kimg 18.49   maintenance 0.1    gpumem 7.1   augment 0.193
tick 336   kimg 1376.4   time 8h 04m 48s   sec/tick 75.9    sec/kimg 18.52   maintenance 0.0    gpumem 7.1   augment 0.196
tick 337   kimg 1380.5   time 8h 06m 04s   sec/tick 76.0    sec/kimg 18.55   maintenance 0.0    gpumem 7.1   augment 0.196
tick 338   kimg 1384.6   time 8h 07m 20s   sec/tick 75.9    sec/kimg 18.53   maintenance 0.0    gpumem 7.1   augment 0.198
tick 339   kimg 1388.7   time 8h 08m 35s   sec/tick 75.9    sec/kimg 18.52   maintenance 0.0    gpumem 7.1   augment 0.196
tick 340   kimg 1392.8   time 8h 09m 51s   sec/tick 75.8    sec/kimg 18.51   maintenance 0.0    gpumem 7.1   augment 0.198
tick 341   kimg 1396.9   time 8h 11m 07s   sec/tick 75.9    sec/kimg 18.53   maintenance 0.0    gpumem 7.1   augment 0.204
tick 342   kimg 1401.0   time 8h 12m 23s   sec/tick 75.6    sec/kimg 18.47   maintenance 0.0    gpumem 7.1   augment 0.206
tick 343   kimg 1405.1   time 8h 13m 39s   sec/tick 76.0    sec/kimg 18.54   maintenance 0.0    gpumem 7.1   augment 0.214
tick 344   kimg 1409.2   time 8h 14m 55s   sec/tick 75.8    sec/kimg 18.52   maintenance 0.0    gpumem 7.1   augment 0.204
tick 345   kimg 1413.2   time 8h 16m 11s   sec/tick 75.9    sec/kimg 18.53   maintenance 0.0    gpumem 7.1   augment 0.204
tick 346   kimg 1417.3   time 8h 17m 27s   sec/tick 76.0    sec/kimg 18.56   maintenance 0.0    gpumem 7.1   augment 0.209
tick 347   kimg 1421.4   time 8h 18m 43s   sec/tick 75.9    sec/kimg 18.53   maintenance 0.0    gpumem 7.1   augment 0.211
tick 348   kimg 1425.5   time 8h 19m 59s   sec/tick 76.0    sec/kimg 18.55   maintenance 0.0    gpumem 7.1   augment 0.211
tick 349   kimg 1429.6   time 8h 21m 15s   sec/tick 75.8    sec/kimg 18.52   maintenance 0.0    gpumem 7.1   augment 0.206
tick 350   kimg 1433.7   time 8h 22m 31s   sec/tick 76.0    sec/kimg 18.56   maintenance 0.0    gpumem 7.1   augment 0.206
tick 351   kimg 1437.8   time 8h 23m 47s   sec/tick 76.0    sec/kimg 18.54   maintenance 0.0    gpumem 7.1   augment 0.204
tick 352   kimg 1441.9   time 8h 25m 03s   sec/tick 75.9    sec/kimg 18.54   maintenance 0.0    gpumem 7.1   augment 0.204
tick 353   kimg 1446.0   time 8h 26m 18s   sec/tick 75.8    sec/kimg 18.51   maintenance 0.0    gpumem 7.1   augment 0.204
tick 354   kimg 1450.1   time 8h 27m 35s   sec/tick 76.1    sec/kimg 18.57   maintenance 0.0    gpumem 7.1   augment 0.211
tick 355   kimg 1454.2   time 8h 28m 51s   sec/tick 76.0    sec/kimg 18.54   maintenance 0.0    gpumem 7.1   augment 0.209
tick 356   kimg 1458.3   time 8h 30m 07s   sec/tick 76.0    sec/kimg 18.54   maintenance 0.0    gpumem 7.1   augment 0.211
tick 357   kimg 1462.4   time 8h 31m 22s   sec/tick 75.9    sec/kimg 18.52   maintenance 0.1    gpumem 7.1   augment 0.209
tick 358   kimg 1466.5   time 8h 32m 39s   sec/tick 76.1    sec/kimg 18.57   maintenance 0.0    gpumem 7.1   augment 0.201
tick 359   kimg 1470.6   time 8h 33m 54s   sec/tick 75.9    sec/kimg 18.54   maintenance 0.0    gpumem 7.1   augment 0.204
tick 360   kimg 1474.7   time 8h 35m 11s   sec/tick 76.0    sec/kimg 18.55   maintenance 0.0    gpumem 7.1   augment 0.216
Evaluating metrics...
network-snapshot-001474        time 4m 35s       fid50k_full 16.4925
tick 361   kimg 1478.8   time 8h 41m 18s   sec/tick 76.0    sec/kimg 18.55   maintenance 291.5  gpumem 7.1   augment 0.214
tick 362   kimg 1482.9   time 8h 42m 34s   sec/tick 76.1    sec/kimg 18.58   maintenance 0.0    gpumem 7.1   augment 0.221
tick 363   kimg 1487.0   time 8h 43m 50s   sec/tick 76.0    sec/kimg 18.55   maintenance 0.0    gpumem 7.1   augment 0.224
tick 364   kimg 1491.1   time 8h 45m 06s   sec/tick 75.9    sec/kimg 18.52   maintenance 0.0    gpumem 7.1   augment 0.216
tick 365   kimg 1495.2   time 8h 46m 22s   sec/tick 76.0    sec/kimg 18.55   maintenance 0.0    gpumem 7.1   augment 0.206
tick 366   kimg 1499.3   time 8h 47m 38s   sec/tick 76.0    sec/kimg 18.55   maintenance 0.0    gpumem 7.1   augment 0.209
tick 367   kimg 1503.4   time 8h 48m 54s   sec/tick 76.1    sec/kimg 18.58   maintenance 0.0    gpumem 7.1   augment 0.206
tick 368   kimg 1507.5   time 8h 50m 10s   sec/tick 76.0    sec/kimg 18.55   maintenance 0.0    gpumem 7.1   augment 0.206
tick 369   kimg 1511.6   time 8h 51m 26s   sec/tick 75.9    sec/kimg 18.53   maintenance 0.0    gpumem 7.1   augment 0.198
tick 370   kimg 1515.6   time 8h 52m 42s   sec/tick 75.9    sec/kimg 18.53   maintenance 0.0    gpumem 7.1   augment 0.198
tick 371   kimg 1519.7   time 8h 53m 58s   sec/tick 75.7    sec/kimg 18.48   maintenance 0.0    gpumem 7.1   augment 0.201
tick 372   kimg 1523.8   time 8h 55m 14s   sec/tick 75.9    sec/kimg 18.53   maintenance 0.0    gpumem 7.1   augment 0.206
tick 373   kimg 1527.9   time 8h 56m 30s   sec/tick 76.0    sec/kimg 18.55   maintenance 0.0    gpumem 7.1   augment 0.211
tick 374   kimg 1532.0   time 8h 57m 46s   sec/tick 75.9    sec/kimg 18.52   maintenance 0.0    gpumem 7.1   augment 0.211
tick 375   kimg 1536.1   time 8h 59m 03s   sec/tick 77.2    sec/kimg 18.84   maintenance 0.0    gpumem 7.1   augment 0.214
tick 376   kimg 1540.2   time 9h 00m 19s   sec/tick 75.9    sec/kimg 18.53   maintenance 0.1    gpumem 7.1   augment 0.216
tick 377   kimg 1544.3   time 9h 01m 35s   sec/tick 76.0    sec/kimg 18.55   maintenance 0.0    gpumem 7.1   augment 0.219
tick 378   kimg 1548.4   time 9h 02m 51s   sec/tick 75.9    sec/kimg 18.53   maintenance 0.0    gpumem 7.1   augment 0.206
tick 379   kimg 1552.5   time 9h 04m 06s   sec/tick 75.6    sec/kimg 18.47   maintenance 0.0    gpumem 7.1   augment 0.211
tick 380   kimg 1556.6   time 9h 05m 23s   sec/tick 76.0    sec/kimg 18.56   maintenance 0.0    gpumem 7.1   augment 0.211
tick 381   kimg 1560.7   time 9h 06m 39s   sec/tick 76.0    sec/kimg 18.54   maintenance 0.0    gpumem 7.1   augment 0.216
tick 382   kimg 1564.8   time 9h 07m 55s   sec/tick 76.0    sec/kimg 18.55   maintenance 0.0    gpumem 7.1   augment 0.224
tick 383   kimg 1568.9   time 9h 09m 10s   sec/tick 75.9    sec/kimg 18.53   maintenance 0.0    gpumem 7.1   augment 0.227
tick 384   kimg 1573.0   time 9h 10m 27s   sec/tick 76.0    sec/kimg 18.55   maintenance 0.0    gpumem 7.1   augment 0.221
tick 385   kimg 1577.1   time 9h 11m 43s   sec/tick 76.1    sec/kimg 18.57   maintenance 0.0    gpumem 7.1   augment 0.219
tick 386   kimg 1581.2   time 9h 12m 58s   sec/tick 75.8    sec/kimg 18.51   maintenance 0.0    gpumem 7.1   augment 0.216
tick 387   kimg 1585.3   time 9h 14m 14s   sec/tick 76.0    sec/kimg 18.55   maintenance 0.0    gpumem 7.1   augment 0.219
tick 388   kimg 1589.4   time 9h 15m 30s   sec/tick 75.9    sec/kimg 18.54   maintenance 0.0    gpumem 7.1   augment 0.221
tick 389   kimg 1593.5   time 9h 16m 47s   sec/tick 76.0    sec/kimg 18.56   maintenance 0.0    gpumem 7.1   augment 0.229
tick 390   kimg 1597.6   time 9h 18m 03s   sec/tick 76.1    sec/kimg 18.57   maintenance 0.0    gpumem 7.1   augment 0.224
Evaluating metrics...
network-snapshot-001597        time 4m 31s       fid50k_full 15.3633
tick 391   kimg 1601.7   time 9h 24m 08s   sec/tick 75.9    sec/kimg 18.54   maintenance 289.0  gpumem 7.1   augment 0.221
tick 392   kimg 1605.8   time 9h 25m 24s   sec/tick 76.0    sec/kimg 18.55   maintenance 0.0    gpumem 7.1   augment 0.216
tick 393   kimg 1609.9   time 9h 26m 39s   sec/tick 75.7    sec/kimg 18.49   maintenance 0.0    gpumem 7.1   augment 0.219
tick 394   kimg 1614.0   time 9h 27m 55s   sec/tick 76.0    sec/kimg 18.55   maintenance 0.1    gpumem 7.1   augment 0.211
tick 395   kimg 1618.0   time 9h 29m 11s   sec/tick 76.0    sec/kimg 18.54   maintenance 0.0    gpumem 7.1   augment 0.209
tick 396   kimg 1622.1   time 9h 30m 27s   sec/tick 75.8    sec/kimg 18.52   maintenance 0.0    gpumem 7.1   augment 0.214
tick 397   kimg 1626.2   time 9h 31m 43s   sec/tick 75.9    sec/kimg 18.53   maintenance 0.0    gpumem 7.1   augment 0.214
tick 398   kimg 1630.3   time 9h 32m 59s   sec/tick 75.9    sec/kimg 18.53   maintenance 0.0    gpumem 7.1   augment 0.214
tick 399   kimg 1634.4   time 9h 34m 15s   sec/tick 75.9    sec/kimg 18.54   maintenance 0.0    gpumem 7.1   augment 0.214
tick 400   kimg 1638.5   time 9h 35m 31s   sec/tick 75.9    sec/kimg 18.54   maintenance 0.0    gpumem 7.1   augment 0.214
tick 401   kimg 1642.6   time 9h 36m 47s   sec/tick 75.7    sec/kimg 18.48   maintenance 0.0    gpumem 7.1   augment 0.216
tick 402   kimg 1646.7   time 9h 38m 03s   sec/tick 76.1    sec/kimg 18.58   maintenance 0.0    gpumem 7.1   augment 0.219
tick 403   kimg 1650.8   time 9h 39m 19s   sec/tick 76.0    sec/kimg 18.55   maintenance 0.0    gpumem 7.1   augment 0.224
tick 404   kimg 1654.9   time 9h 40m 35s   sec/tick 76.1    sec/kimg 18.58   maintenance 0.0    gpumem 7.1   augment 0.232
tick 405   kimg 1659.0   time 9h 41m 51s   sec/tick 76.4    sec/kimg 18.66   maintenance 0.0    gpumem 7.1   augment 0.227
tick 406   kimg 1663.1   time 9h 43m 08s   sec/tick 76.0    sec/kimg 18.56   maintenance 0.0    gpumem 7.1   augment 0.224
tick 407   kimg 1667.2   time 9h 44m 24s   sec/tick 76.0    sec/kimg 18.54   maintenance 0.0    gpumem 7.1   augment 0.229
tick 408   kimg 1671.3   time 9h 45m 39s   sec/tick 75.8    sec/kimg 18.50   maintenance 0.0    gpumem 7.1   augment 0.229
tick 409   kimg 1675.4   time 9h 46m 55s   sec/tick 76.0    sec/kimg 18.55   maintenance 0.0    gpumem 7.1   augment 0.229
tick 410   kimg 1679.5   time 9h 48m 11s   sec/tick 75.9    sec/kimg 18.53   maintenance 0.0    gpumem 7.1   augment 0.224
tick 411   kimg 1683.6   time 9h 49m 27s   sec/tick 76.1    sec/kimg 18.57   maintenance 0.0    gpumem 7.1   augment 0.219
tick 412   kimg 1687.7   time 9h 50m 43s   sec/tick 76.0    sec/kimg 18.56   maintenance 0.0    gpumem 7.1   augment 0.219
tick 413   kimg 1691.8   time 9h 51m 59s   sec/tick 76.0    sec/kimg 18.55   maintenance 0.0    gpumem 7.1   augment 0.221
tick 414   kimg 1695.9   time 9h 53m 16s   sec/tick 76.0    sec/kimg 18.55   maintenance 0.0    gpumem 7.1   augment 0.227
tick 415   kimg 1700.0   time 9h 54m 31s   sec/tick 75.9    sec/kimg 18.53   maintenance 0.0    gpumem 7.1   augment 0.229
tick 416   kimg 1704.1   time 9h 55m 47s   sec/tick 75.7    sec/kimg 18.49   maintenance 0.1    gpumem 7.1   augment 0.227
tick 417   kimg 1708.2   time 9h 57m 03s   sec/tick 76.0    sec/kimg 18.56   maintenance 0.0    gpumem 7.1   augment 0.229
tick 418   kimg 1712.3   time 9h 58m 19s   sec/tick 76.0    sec/kimg 18.55   maintenance 0.0    gpumem 7.1   augment 0.227
tick 419   kimg 1716.4   time 9h 59m 35s   sec/tick 76.0    sec/kimg 18.56   maintenance 0.0    gpumem 7.1   augment 0.234
tick 420   kimg 1720.4   time 10h 00m 52s  sec/tick 76.1    sec/kimg 18.57   maintenance 0.0    gpumem 7.1   augment 0.239
Evaluating metrics...
network-snapshot-001720        time 4m 30s       fid50k_full 14.9933
tick 421   kimg 1724.5   time 10h 06m 55s  sec/tick 76.0    sec/kimg 18.57   maintenance 287.6  gpumem 7.1   augment 0.234
tick 422   kimg 1728.6   time 10h 08m 11s  sec/tick 76.0    sec/kimg 18.56   maintenance 0.0    gpumem 7.1   augment 0.237
tick 423   kimg 1732.7   time 10h 09m 27s  sec/tick 75.8    sec/kimg 18.50   maintenance 0.0    gpumem 7.1   augment 0.237
tick 424   kimg 1736.8   time 10h 10m 43s  sec/tick 75.9    sec/kimg 18.53   maintenance 0.0    gpumem 7.1   augment 0.237
tick 425   kimg 1740.9   time 10h 11m 59s  sec/tick 76.0    sec/kimg 18.54   maintenance 0.0    gpumem 7.1   augment 0.242
tick 426   kimg 1745.0   time 10h 13m 15s  sec/tick 76.0    sec/kimg 18.56   maintenance 0.0    gpumem 7.1   augment 0.237
tick 427   kimg 1749.1   time 10h 14m 31s  sec/tick 76.0    sec/kimg 18.56   maintenance 0.0    gpumem 7.1   augment 0.244
tick 428   kimg 1753.2   time 10h 15m 47s  sec/tick 76.0    sec/kimg 18.56   maintenance 0.0    gpumem 7.1   augment 0.244
tick 429   kimg 1757.3   time 10h 17m 03s  sec/tick 76.0    sec/kimg 18.56   maintenance 0.0    gpumem 7.1   augment 0.242
tick 430   kimg 1761.4   time 10h 18m 19s  sec/tick 75.7    sec/kimg 18.48   maintenance 0.0    gpumem 7.1   augment 0.239
tick 431   kimg 1765.5   time 10h 19m 35s  sec/tick 76.1    sec/kimg 18.58   maintenance 0.0    gpumem 7.1   augment 0.239
tick 432   kimg 1769.6   time 10h 20m 51s  sec/tick 76.0    sec/kimg 18.56   maintenance 0.0    gpumem 7.1   augment 0.237
tick 433   kimg 1773.7   time 10h 22m 07s  sec/tick 76.1    sec/kimg 18.58   maintenance 0.0    gpumem 7.1   augment 0.239
tick 434   kimg 1777.8   time 10h 23m 23s  sec/tick 76.0    sec/kimg 18.55   maintenance 0.0    gpumem 7.1   augment 0.234
tick 435   kimg 1781.9   time 10h 24m 39s  sec/tick 75.9    sec/kimg 18.54   maintenance 0.0    gpumem 7.1   augment 0.237
tick 436   kimg 1786.0   time 10h 25m 55s  sec/tick 76.1    sec/kimg 18.57   maintenance 0.0    gpumem 7.1   augment 0.227
tick 437   kimg 1790.1   time 10h 27m 11s  sec/tick 76.0    sec/kimg 18.56   maintenance 0.0    gpumem 7.1   augment 0.234
tick 438   kimg 1794.2   time 10h 28m 27s  sec/tick 75.9    sec/kimg 18.54   maintenance 0.0    gpumem 7.1   augment 0.229
tick 439   kimg 1798.3   time 10h 29m 44s  sec/tick 76.1    sec/kimg 18.59   maintenance 0.0    gpumem 7.1   augment 0.242
tick 440   kimg 1802.4   time 10h 31m 00s  sec/tick 76.0    sec/kimg 18.56   maintenance 0.0    gpumem 7.1   augment 0.239
tick 441   kimg 1806.5   time 10h 32m 16s  sec/tick 75.9    sec/kimg 18.54   maintenance 0.0    gpumem 7.1   augment 0.239
tick 442   kimg 1810.6   time 10h 33m 32s  sec/tick 76.1    sec/kimg 18.59   maintenance 0.0    gpumem 7.1   augment 0.239
tick 443   kimg 1814.7   time 10h 34m 48s  sec/tick 76.0    sec/kimg 18.57   maintenance 0.0    gpumem 7.1   augment 0.244
tick 444   kimg 1818.8   time 10h 36m 04s  sec/tick 76.2    sec/kimg 18.62   maintenance 0.0    gpumem 7.1   augment 0.244
tick 445   kimg 1822.8   time 10h 37m 20s  sec/tick 75.9    sec/kimg 18.54   maintenance 0.0    gpumem 7.1   augment 0.247
tick 446   kimg 1826.9   time 10h 38m 36s  sec/tick 76.2    sec/kimg 18.60   maintenance 0.0    gpumem 7.1   augment 0.250
tick 447   kimg 1831.0   time 10h 39m 53s  sec/tick 76.2    sec/kimg 18.60   maintenance 0.0    gpumem 7.1   augment 0.252
tick 448   kimg 1835.1   time 10h 41m 09s  sec/tick 76.1    sec/kimg 18.59   maintenance 0.0    gpumem 7.1   augment 0.257
tick 449   kimg 1839.2   time 10h 42m 25s  sec/tick 76.1    sec/kimg 18.58   maintenance 0.0    gpumem 7.1   augment 0.250
tick 450   kimg 1843.3   time 10h 43m 41s  sec/tick 75.9    sec/kimg 18.54   maintenance 0.0    gpumem 7.1   augment 0.252
Evaluating metrics...
network-snapshot-001843        time 4m 30s       fid50k_full 14.4994
tick 451   kimg 1847.4   time 10h 49m 45s  sec/tick 76.0    sec/kimg 18.56   maintenance 288.6  gpumem 7.1   augment 0.247
tick 452   kimg 1851.5   time 10h 51m 01s  sec/tick 75.8    sec/kimg 18.50   maintenance 0.0    gpumem 7.1   augment 0.244
tick 453   kimg 1855.6   time 10h 52m 17s  sec/tick 76.0    sec/kimg 18.57   maintenance 0.0    gpumem 7.1   augment 0.244
tick 454   kimg 1859.7   time 10h 53m 34s  sec/tick 76.2    sec/kimg 18.60   maintenance 0.0    gpumem 7.1   augment 0.244
tick 455   kimg 1863.8   time 10h 54m 50s  sec/tick 76.0    sec/kimg 18.54   maintenance 0.0    gpumem 7.1   augment 0.247
tick 456   kimg 1867.9   time 10h 56m 06s  sec/tick 76.1    sec/kimg 18.57   maintenance 0.0    gpumem 7.1   augment 0.252
tick 457   kimg 1872.0   time 10h 57m 22s  sec/tick 76.0    sec/kimg 18.56   maintenance 0.0    gpumem 7.1   augment 0.247
tick 458   kimg 1876.1   time 10h 58m 38s  sec/tick 76.1    sec/kimg 18.58   maintenance 0.0    gpumem 7.1   augment 0.250
tick 459   kimg 1880.2   time 10h 59m 54s  sec/tick 76.1    sec/kimg 18.59   maintenance 0.0    gpumem 7.1   augment 0.242
tick 460   kimg 1884.3   time 11h 01m 10s  sec/tick 75.8    sec/kimg 18.51   maintenance 0.0    gpumem 7.1   augment 0.252
tick 461   kimg 1888.4   time 11h 02m 26s  sec/tick 76.2    sec/kimg 18.61   maintenance 0.0    gpumem 7.1   augment 0.250
tick 462   kimg 1892.5   time 11h 03m 42s  sec/tick 76.1    sec/kimg 18.57   maintenance 0.0    gpumem 7.1   augment 0.242
tick 463   kimg 1896.6   time 11h 04m 59s  sec/tick 76.2    sec/kimg 18.60   maintenance 0.0    gpumem 7.1   augment 0.239
tick 464   kimg 1900.7   time 11h 06m 15s  sec/tick 76.1    sec/kimg 18.57   maintenance 0.0    gpumem 7.1   augment 0.237
tick 465   kimg 1904.8   time 11h 07m 31s  sec/tick 76.0    sec/kimg 18.55   maintenance 0.0    gpumem 7.1   augment 0.242
tick 466   kimg 1908.9   time 11h 08m 47s  sec/tick 76.2    sec/kimg 18.60   maintenance 0.0    gpumem 7.1   augment 0.244
tick 467   kimg 1913.0   time 11h 10m 03s  sec/tick 76.0    sec/kimg 18.55   maintenance 0.0    gpumem 7.1   augment 0.247
tick 468   kimg 1917.1   time 11h 11m 19s  sec/tick 76.1    sec/kimg 18.58   maintenance 0.0    gpumem 7.1   augment 0.250
tick 469   kimg 1921.2   time 11h 12m 35s  sec/tick 76.2    sec/kimg 18.59   maintenance 0.0    gpumem 7.1   augment 0.244
tick 470   kimg 1925.2   time 11h 13m 51s  sec/tick 76.2    sec/kimg 18.60   maintenance 0.0    gpumem 7.1   augment 0.244
tick 471   kimg 1929.3   time 11h 15m 08s  sec/tick 76.1    sec/kimg 18.57   maintenance 0.0    gpumem 7.1   augment 0.255
tick 472   kimg 1933.4   time 11h 16m 24s  sec/tick 76.2    sec/kimg 18.60   maintenance 0.0    gpumem 7.1   augment 0.260
tick 473   kimg 1937.5   time 11h 17m 40s  sec/tick 76.1    sec/kimg 18.59   maintenance 0.0    gpumem 7.1   augment 0.260
tick 474   kimg 1941.6   time 11h 18m 56s  sec/tick 76.0    sec/kimg 18.56   maintenance 0.0    gpumem 7.1   augment 0.257
tick 475   kimg 1945.7   time 11h 20m 12s  sec/tick 76.1    sec/kimg 18.58   maintenance 0.1    gpumem 7.1   augment 0.260
tick 476   kimg 1949.8   time 11h 21m 28s  sec/tick 76.1    sec/kimg 18.59   maintenance 0.0    gpumem 7.1   augment 0.257
tick 477   kimg 1953.9   time 11h 22m 45s  sec/tick 76.1    sec/kimg 18.58   maintenance 0.0    gpumem 7.1   augment 0.260
tick 478   kimg 1958.0   time 11h 24m 01s  sec/tick 76.1    sec/kimg 18.57   maintenance 0.0    gpumem 7.1   augment 0.255
tick 479   kimg 1962.1   time 11h 25m 17s  sec/tick 76.0    sec/kimg 18.55   maintenance 0.0    gpumem 7.1   augment 0.257
tick 480   kimg 1966.2   time 11h 26m 33s  sec/tick 76.2    sec/kimg 18.60   maintenance 0.0    gpumem 7.1   augment 0.262
Evaluating metrics...
network-snapshot-001966        time 4m 34s       fid50k_full 14.1512
tick 481   kimg 1970.3   time 11h 32m 40s  sec/tick 76.0    sec/kimg 18.56   maintenance 291.1  gpumem 7.1   augment 0.255
tick 482   kimg 1974.4   time 11h 33m 56s  sec/tick 75.8    sec/kimg 18.51   maintenance 0.0    gpumem 7.1   augment 0.255
tick 483   kimg 1978.5   time 11h 35m 12s  sec/tick 76.2    sec/kimg 18.59   maintenance 0.0    gpumem 7.1   augment 0.260
tick 484   kimg 1982.6   time 11h 36m 28s  sec/tick 76.1    sec/kimg 18.58   maintenance 0.0    gpumem 7.1   augment 0.262
tick 485   kimg 1986.7   time 11h 37m 44s  sec/tick 76.2    sec/kimg 18.60   maintenance 0.0    gpumem 7.1   augment 0.257
tick 486   kimg 1990.8   time 11h 39m 01s  sec/tick 76.1    sec/kimg 18.58   maintenance 0.0    gpumem 7.1   augment 0.260
tick 487   kimg 1994.9   time 11h 40m 17s  sec/tick 76.1    sec/kimg 18.57   maintenance 0.0    gpumem 7.1   augment 0.260
tick 488   kimg 1999.0   time 11h 41m 33s  sec/tick 76.1    sec/kimg 18.59   maintenance 0.0    gpumem 7.1   augment 0.255
tick 489   kimg 2003.1   time 11h 42m 49s  sec/tick 75.7    sec/kimg 18.48   maintenance 0.0    gpumem 7.1   augment 0.260
tick 490   kimg 2007.2   time 11h 44m 05s  sec/tick 76.1    sec/kimg 18.58   maintenance 0.0    gpumem 7.1   augment 0.265
tick 491   kimg 2011.3   time 11h 45m 21s  sec/tick 76.0    sec/kimg 18.56   maintenance 0.0    gpumem 7.1   augment 0.260
tick 492   kimg 2015.4   time 11h 46m 37s  sec/tick 76.1    sec/kimg 18.58   maintenance 0.0    gpumem 7.1   augment 0.265
tick 493   kimg 2019.5   time 11h 47m 53s  sec/tick 76.0    sec/kimg 18.56   maintenance 0.0    gpumem 7.1   augment 0.270
tick 494   kimg 2023.6   time 11h 49m 09s  sec/tick 76.0    sec/kimg 18.56   maintenance 0.0    gpumem 7.1   augment 0.268
tick 495   kimg 2027.6   time 11h 50m 25s  sec/tick 76.1    sec/kimg 18.58   maintenance 0.0    gpumem 7.1   augment 0.260
tick 496   kimg 2031.7   time 11h 51m 41s  sec/tick 76.1    sec/kimg 18.58   maintenance 0.0    gpumem 7.1   augment 0.265
tick 497   kimg 2035.8   time 11h 52m 58s  sec/tick 76.1    sec/kimg 18.58   maintenance 0.1    gpumem 7.1   augment 0.265
tick 498   kimg 2039.9   time 11h 54m 14s  sec/tick 76.0    sec/kimg 18.56   maintenance 0.0    gpumem 7.1   augment 0.268
tick 499   kimg 2044.0   time 11h 55m 30s  sec/tick 76.0    sec/kimg 18.55   maintenance 0.0    gpumem 7.1   augment 0.268
tick 500   kimg 2048.1   time 11h 56m 46s  sec/tick 76.1    sec/kimg 18.58   maintenance 0.0    gpumem 7.1   augment 0.275
tick 501   kimg 2052.2   time 11h 58m 02s  sec/tick 76.0    sec/kimg 18.54   maintenance 0.0    gpumem 7.1   augment 0.273
tick 502   kimg 2056.3   time 11h 59m 18s  sec/tick 76.0    sec/kimg 18.56   maintenance 0.0    gpumem 7.1   augment 0.273
tick 503   kimg 2060.4   time 12h 00m 34s  sec/tick 76.2    sec/kimg 18.61   maintenance 0.0    gpumem 7.1   augment 0.275
tick 504   kimg 2064.5   time 12h 01m 50s  sec/tick 75.9    sec/kimg 18.52   maintenance 0.0    gpumem 7.1   augment 0.275
tick 505   kimg 2068.6   time 12h 03m 06s  sec/tick 76.1    sec/kimg 18.57   maintenance 0.0    gpumem 7.1   augment 0.273
tick 506   kimg 2072.7   time 12h 04m 22s  sec/tick 76.1    sec/kimg 18.58   maintenance 0.0    gpumem 7.1   augment 0.275
tick 507   kimg 2076.8   time 12h 05m 38s  sec/tick 76.1    sec/kimg 18.57   maintenance 0.0    gpumem 7.1   augment 0.273
tick 508   kimg 2080.9   time 12h 06m 54s  sec/tick 76.1    sec/kimg 18.59   maintenance 0.0    gpumem 7.1   augment 0.270
tick 509   kimg 2085.0   time 12h 08m 11s  sec/tick 76.1    sec/kimg 18.57   maintenance 0.0    gpumem 7.1   augment 0.270
tick 510   kimg 2089.1   time 12h 09m 27s  sec/tick 76.3    sec/kimg 18.62   maintenance 0.0    gpumem 7.1   augment 0.275
Evaluating metrics...
network-snapshot-002089        time 4m 30s       fid50k_full 13.1090
tick 511   kimg 2093.2   time 12h 15m 30s  sec/tick 75.9    sec/kimg 18.53   maintenance 286.8  gpumem 7.1   augment 0.273
tick 512   kimg 2097.3   time 12h 16m 46s  sec/tick 76.1    sec/kimg 18.58   maintenance 0.0    gpumem 7.1   augment 0.273
tick 513   kimg 2101.4   time 12h 18m 02s  sec/tick 76.0    sec/kimg 18.57   maintenance 0.0    gpumem 7.1   augment 0.273
tick 514   kimg 2105.5   time 12h 19m 18s  sec/tick 76.1    sec/kimg 18.58   maintenance 0.0    gpumem 7.1   augment 0.252
tick 515   kimg 2109.6   time 12h 20m 34s  sec/tick 76.1    sec/kimg 18.59   maintenance 0.0    gpumem 7.1   augment 0.257
tick 516   kimg 2113.7   time 12h 21m 50s  sec/tick 76.0    sec/kimg 18.56   maintenance 0.0    gpumem 7.1   augment 0.260
tick 517   kimg 2117.8   time 12h 23m 06s  sec/tick 76.2    sec/kimg 18.61   maintenance 0.0    gpumem 7.1   augment 0.265
tick 518   kimg 2121.9   time 12h 24m 23s  sec/tick 76.1    sec/kimg 18.59   maintenance 0.0    gpumem 7.1   augment 0.278
tick 519   kimg 2126.0   time 12h 25m 39s  sec/tick 75.9    sec/kimg 18.53   maintenance 0.0    gpumem 7.1   augment 0.280
tick 520   kimg 2130.0   time 12h 26m 55s  sec/tick 76.2    sec/kimg 18.60   maintenance 0.0    gpumem 7.1   augment 0.275
tick 521   kimg 2134.1   time 12h 28m 11s  sec/tick 76.1    sec/kimg 18.57   maintenance 0.0    gpumem 7.1   augment 0.278
tick 522   kimg 2138.2   time 12h 29m 27s  sec/tick 76.1    sec/kimg 18.58   maintenance 0.0    gpumem 7.1   augment 0.278
tick 523   kimg 2142.3   time 12h 30m 43s  sec/tick 76.1    sec/kimg 18.59   maintenance 0.0    gpumem 7.1   augment 0.278
tick 524   kimg 2146.4   time 12h 31m 59s  sec/tick 76.1    sec/kimg 18.59   maintenance 0.0    gpumem 7.1   augment 0.275
tick 525   kimg 2150.5   time 12h 33m 16s  sec/tick 76.3    sec/kimg 18.64   maintenance 0.0    gpumem 7.1   augment 0.268
tick 526   kimg 2154.6   time 12h 34m 32s  sec/tick 76.2    sec/kimg 18.59   maintenance 0.0    gpumem 7.1   augment 0.265
tick 527   kimg 2158.7   time 12h 35m 48s  sec/tick 76.2    sec/kimg 18.59   maintenance 0.0    gpumem 7.1   augment 0.268
tick 528   kimg 2162.8   time 12h 37m 04s  sec/tick 76.2    sec/kimg 18.60   maintenance 0.0    gpumem 7.1   augment 0.260
tick 529   kimg 2166.9   time 12h 38m 20s  sec/tick 76.1    sec/kimg 18.57   maintenance 0.0    gpumem 7.1   augment 0.260
tick 530   kimg 2171.0   time 12h 39m 37s  sec/tick 76.1    sec/kimg 18.58   maintenance 0.0    gpumem 7.1   augment 0.268
tick 531   kimg 2175.1   time 12h 40m 53s  sec/tick 76.1    sec/kimg 18.59   maintenance 0.0    gpumem 7.1   augment 0.273
tick 532   kimg 2179.2   time 12h 42m 09s  sec/tick 76.2    sec/kimg 18.60   maintenance 0.0    gpumem 7.1   augment 0.273
tick 533   kimg 2183.3   time 12h 43m 25s  sec/tick 75.9    sec/kimg 18.53   maintenance 0.0    gpumem 7.1   augment 0.275
tick 534   kimg 2187.4   time 12h 44m 41s  sec/tick 76.1    sec/kimg 18.58   maintenance 0.0    gpumem 7.1   augment 0.278
tick 535   kimg 2191.5   time 12h 45m 57s  sec/tick 76.1    sec/kimg 18.59   maintenance 0.0    gpumem 7.1   augment 0.291
tick 536   kimg 2195.6   time 12h 47m 14s  sec/tick 76.2    sec/kimg 18.60   maintenance 0.0    gpumem 7.1   augment 0.296
tick 537   kimg 2199.7   time 12h 48m 30s  sec/tick 76.1    sec/kimg 18.58   maintenance 0.0    gpumem 7.1   augment 0.291
tick 538   kimg 2203.8   time 12h 49m 46s  sec/tick 76.0    sec/kimg 18.56   maintenance 0.0    gpumem 7.1   augment 0.285
tick 539   kimg 2207.9   time 12h 51m 02s  sec/tick 76.2    sec/kimg 18.61   maintenance 0.0    gpumem 7.1   augment 0.298
tick 540   kimg 2212.0   time 12h 52m 18s  sec/tick 76.1    sec/kimg 18.58   maintenance 0.0    gpumem 7.1   augment 0.291
Evaluating metrics...
network-snapshot-002211        time 4m 31s       fid50k_full 13.1357
tick 541   kimg 2216.1   time 12h 58m 22s  sec/tick 75.9    sec/kimg 18.54   maintenance 287.8  gpumem 7.1   augment 0.291
tick 542   kimg 2220.2   time 12h 59m 38s  sec/tick 76.2    sec/kimg 18.61   maintenance 0.0    gpumem 7.1   augment 0.288
tick 543   kimg 2224.3   time 13h 00m 54s  sec/tick 76.2    sec/kimg 18.61   maintenance 0.0    gpumem 7.1   augment 0.280
tick 544   kimg 2228.4   time 13h 02m 11s  sec/tick 76.1    sec/kimg 18.58   maintenance 0.0    gpumem 7.1   augment 0.283
tick 545   kimg 2232.4   time 13h 03m 27s  sec/tick 76.1    sec/kimg 18.59   maintenance 0.0    gpumem 7.1   augment 0.288
tick 546   kimg 2236.5   time 13h 04m 43s  sec/tick 76.2    sec/kimg 18.59   maintenance 0.0    gpumem 7.1   augment 0.288
tick 547   kimg 2240.6   time 13h 05m 59s  sec/tick 76.1    sec/kimg 18.57   maintenance 0.0    gpumem 7.1   augment 0.298
tick 548   kimg 2244.7   time 13h 07m 15s  sec/tick 76.0    sec/kimg 18.55   maintenance 0.0    gpumem 7.1   augment 0.288
tick 549   kimg 2248.8   time 13h 08m 31s  sec/tick 76.1    sec/kimg 18.59   maintenance 0.0    gpumem 7.1   augment 0.288
tick 550   kimg 2252.9   time 13h 09m 47s  sec/tick 76.3    sec/kimg 18.62   maintenance 0.0    gpumem 7.1   augment 0.273
tick 551   kimg 2257.0   time 13h 11m 04s  sec/tick 76.3    sec/kimg 18.62   maintenance 0.0    gpumem 7.1   augment 0.275
tick 552   kimg 2261.1   time 13h 12m 20s  sec/tick 76.2    sec/kimg 18.60   maintenance 0.0    gpumem 7.1   augment 0.278
tick 553   kimg 2265.2   time 13h 13m 36s  sec/tick 76.2    sec/kimg 18.60   maintenance 0.0    gpumem 7.1   augment 0.278
tick 554   kimg 2269.3   time 13h 14m 53s  sec/tick 76.2    sec/kimg 18.61   maintenance 0.0    gpumem 7.1   augment 0.285
tick 555   kimg 2273.4   time 13h 16m 09s  sec/tick 76.1    sec/kimg 18.58   maintenance 0.0    gpumem 7.1   augment 0.291
tick 556   kimg 2277.5   time 13h 17m 25s  sec/tick 76.0    sec/kimg 18.56   maintenance 0.1    gpumem 7.1   augment 0.285
tick 557   kimg 2281.6   time 13h 18m 41s  sec/tick 76.3    sec/kimg 18.62   maintenance 0.0    gpumem 7.1   augment 0.288
tick 558   kimg 2285.7   time 13h 19m 57s  sec/tick 76.2    sec/kimg 18.59   maintenance 0.0    gpumem 7.1   augment 0.285
tick 559   kimg 2289.8   time 13h 21m 14s  sec/tick 76.2    sec/kimg 18.61   maintenance 0.0    gpumem 7.1   augment 0.283
tick 560   kimg 2293.9   time 13h 22m 30s  sec/tick 76.2    sec/kimg 18.60   maintenance 0.0    gpumem 7.1   augment 0.278
tick 561   kimg 2298.0   time 13h 23m 46s  sec/tick 76.2    sec/kimg 18.61   maintenance 0.0    gpumem 7.1   augment 0.285
tick 562   kimg 2302.1   time 13h 25m 02s  sec/tick 76.2    sec/kimg 18.61   maintenance 0.0    gpumem 7.1   augment 0.291
tick 563   kimg 2306.2   time 13h 26m 18s  sec/tick 76.0    sec/kimg 18.56   maintenance 0.0    gpumem 7.1   augment 0.291
tick 564   kimg 2310.3   time 13h 27m 35s  sec/tick 76.3    sec/kimg 18.63   maintenance 0.0    gpumem 7.1   augment 0.293
tick 565   kimg 2314.4   time 13h 28m 51s  sec/tick 76.2    sec/kimg 18.60   maintenance 0.0    gpumem 7.1   augment 0.303
tick 566   kimg 2318.5   time 13h 30m 07s  sec/tick 76.2    sec/kimg 18.61   maintenance 0.0    gpumem 7.1   augment 0.303
tick 567   kimg 2322.6   time 13h 31m 24s  sec/tick 76.3    sec/kimg 18.64   maintenance 0.0    gpumem 7.1   augment 0.301
tick 568   kimg 2326.7   time 13h 32m 40s  sec/tick 76.3    sec/kimg 18.62   maintenance 0.0    gpumem 7.1   augment 0.296
tick 569   kimg 2330.8   time 13h 33m 56s  sec/tick 76.1    sec/kimg 18.59   maintenance 0.0    gpumem 7.1   augment 0.296
tick 570   kimg 2334.8   time 13h 35m 12s  sec/tick 76.1    sec/kimg 18.57   maintenance 0.0    gpumem 7.1   augment 0.301
Evaluating metrics...
network-snapshot-002334        time 4m 30s       fid50k_full 12.7648
tick 571   kimg 2338.9   time 13h 41m 16s  sec/tick 76.1    sec/kimg 18.57   maintenance 287.4  gpumem 7.1   augment 0.296
tick 572   kimg 2343.0   time 13h 42m 32s  sec/tick 76.2    sec/kimg 18.60   maintenance 0.0    gpumem 7.1   augment 0.296
tick 573   kimg 2347.1   time 13h 43m 48s  sec/tick 76.1    sec/kimg 18.57   maintenance 0.0    gpumem 7.1   augment 0.296
tick 574   kimg 2351.2   time 13h 45m 04s  sec/tick 76.2    sec/kimg 18.59   maintenance 0.0    gpumem 7.1   augment 0.301
tick 575   kimg 2355.3   time 13h 46m 20s  sec/tick 76.0    sec/kimg 18.56   maintenance 0.0    gpumem 7.1   augment 0.288
tick 576   kimg 2359.4   time 13h 47m 36s  sec/tick 76.1    sec/kimg 18.59   maintenance 0.0    gpumem 7.1   augment 0.283
tick 577   kimg 2363.5   time 13h 48m 52s  sec/tick 76.1    sec/kimg 18.58   maintenance 0.0    gpumem 7.1   augment 0.283
tick 578   kimg 2367.6   time 13h 50m 08s  sec/tick 75.9    sec/kimg 18.53   maintenance 0.0    gpumem 7.1   augment 0.296
tick 579   kimg 2371.7   time 13h 51m 25s  sec/tick 76.2    sec/kimg 18.60   maintenance 0.0    gpumem 7.1   augment 0.285
tick 580   kimg 2375.8   time 13h 52m 41s  sec/tick 76.0    sec/kimg 18.56   maintenance 0.0    gpumem 7.1   augment 0.291
tick 581   kimg 2379.9   time 13h 53m 57s  sec/tick 76.2    sec/kimg 18.60   maintenance 0.0    gpumem 7.1   augment 0.278
tick 582   kimg 2384.0   time 13h 55m 13s  sec/tick 76.2    sec/kimg 18.59   maintenance 0.0    gpumem 7.1   augment 0.275
tick 583   kimg 2388.1   time 13h 56m 29s  sec/tick 76.1    sec/kimg 18.58   maintenance 0.0    gpumem 7.1   augment 0.283
tick 584   kimg 2392.2   time 13h 57m 45s  sec/tick 76.1    sec/kimg 18.58   maintenance 0.0    gpumem 7.1   augment 0.278
tick 585   kimg 2396.3   time 13h 59m 03s  sec/tick 77.2    sec/kimg 18.84   maintenance 0.0    gpumem 7.1   augment 0.278
tick 586   kimg 2400.4   time 14h 00m 19s  sec/tick 76.1    sec/kimg 18.58   maintenance 0.0    gpumem 7.1   augment 0.280
tick 587   kimg 2404.5   time 14h 01m 35s  sec/tick 76.2    sec/kimg 18.60   maintenance 0.0    gpumem 7.1   augment 0.280
tick 588   kimg 2408.6   time 14h 02m 51s  sec/tick 76.2    sec/kimg 18.61   maintenance 0.0    gpumem 7.1   augment 0.285
tick 589   kimg 2412.7   time 14h 04m 08s  sec/tick 76.2    sec/kimg 18.60   maintenance 0.0    gpumem 7.1   augment 0.283
tick 590   kimg 2416.8   time 14h 05m 24s  sec/tick 76.1    sec/kimg 18.58   maintenance 0.0    gpumem 7.1   augment 0.288
tick 591   kimg 2420.9   time 14h 06m 40s  sec/tick 76.3    sec/kimg 18.62   maintenance 0.0    gpumem 7.1   augment 0.278
tick 592   kimg 2425.0   time 14h 07m 56s  sec/tick 75.9    sec/kimg 18.53   maintenance 0.0    gpumem 7.1   augment 0.285
tick 593   kimg 2429.1   time 14h 09m 12s  sec/tick 76.2    sec/kimg 18.60   maintenance 0.1    gpumem 7.1   augment 0.285
tick 594   kimg 2433.2   time 14h 10m 28s  sec/tick 76.2    sec/kimg 18.61   maintenance 0.0    gpumem 7.1   augment 0.288
tick 595   kimg 2437.2   time 14h 11m 45s  sec/tick 76.2    sec/kimg 18.60   maintenance 0.0    gpumem 7.1   augment 0.285
tick 596   kimg 2441.3   time 14h 13m 01s  sec/tick 76.2    sec/kimg 18.59   maintenance 0.0    gpumem 7.1   augment 0.280
tick 597   kimg 2445.4   time 14h 14m 17s  sec/tick 76.1    sec/kimg 18.59   maintenance 0.0    gpumem 7.1   augment 0.283
tick 598   kimg 2449.5   time 14h 15m 33s  sec/tick 76.2    sec/kimg 18.61   maintenance 0.0    gpumem 7.1   augment 0.288
tick 599   kimg 2453.6   time 14h 16m 49s  sec/tick 76.1    sec/kimg 18.59   maintenance 0.0    gpumem 7.1   augment 0.288
tick 600   kimg 2457.7   time 14h 18m 05s  sec/tick 76.0    sec/kimg 18.56   maintenance 0.0    gpumem 7.1   augment 0.293
Evaluating metrics...
network-snapshot-002457        time 4m 35s       fid50k_full 13.7335
tick 601   kimg 2461.8   time 14h 24m 15s  sec/tick 76.3    sec/kimg 18.64   maintenance 293.6  gpumem 7.1   augment 0.296
tick 602   kimg 2465.9   time 14h 25m 32s  sec/tick 76.1    sec/kimg 18.59   maintenance 0.0    gpumem 7.1   augment 0.291
tick 603   kimg 2470.0   time 14h 26m 48s  sec/tick 76.2    sec/kimg 18.60   maintenance 0.0    gpumem 7.1   augment 0.298
tick 604   kimg 2474.1   time 14h 28m 04s  sec/tick 76.2    sec/kimg 18.60   maintenance 0.0    gpumem 7.1   augment 0.298
tick 605   kimg 2478.2   time 14h 29m 20s  sec/tick 76.1    sec/kimg 18.58   maintenance 0.0    gpumem 7.1   augment 0.298
tick 606   kimg 2482.3   time 14h 30m 36s  sec/tick 76.2    sec/kimg 18.60   maintenance 0.0    gpumem 7.1   augment 0.306
tick 607   kimg 2486.4   time 14h 31m 52s  sec/tick 76.0    sec/kimg 18.56   maintenance 0.0    gpumem 7.1   augment 0.306
tick 608   kimg 2490.5   time 14h 33m 09s  sec/tick 76.3    sec/kimg 18.62   maintenance 0.0    gpumem 7.1   augment 0.301
tick 609   kimg 2494.6   time 14h 34m 25s  sec/tick 76.3    sec/kimg 18.62   maintenance 0.0    gpumem 7.1   augment 0.303
tick 610   kimg 2498.7   time 14h 35m 41s  sec/tick 76.3    sec/kimg 18.62   maintenance 0.0    gpumem 7.1   augment 0.298
tick 611   kimg 2502.8   time 14h 36m 58s  sec/tick 76.1    sec/kimg 18.59   maintenance 0.0    gpumem 7.1   augment 0.306
tick 612   kimg 2506.9   time 14h 38m 14s  sec/tick 76.2    sec/kimg 18.62   maintenance 0.0    gpumem 7.1   augment 0.306
tick 613   kimg 2511.0   time 14h 39m 30s  sec/tick 76.2    sec/kimg 18.59   maintenance 0.0    gpumem 7.1   augment 0.314
tick 614   kimg 2515.1   time 14h 40m 46s  sec/tick 76.1    sec/kimg 18.59   maintenance 0.0    gpumem 7.1   augment 0.314
tick 615   kimg 2519.2   time 14h 42m 02s  sec/tick 75.9    sec/kimg 18.54   maintenance 0.1    gpumem 7.1   augment 0.314
tick 616   kimg 2523.3   time 14h 43m 18s  sec/tick 76.1    sec/kimg 18.59   maintenance 0.0    gpumem 7.1   augment 0.311
tick 617   kimg 2527.4   time 14h 44m 35s  sec/tick 76.2    sec/kimg 18.60   maintenance 0.0    gpumem 7.1   augment 0.306
tick 618   kimg 2531.5   time 14h 45m 51s  sec/tick 76.2    sec/kimg 18.60   maintenance 0.0    gpumem 7.1   augment 0.303
tick 619   kimg 2535.6   time 14h 47m 07s  sec/tick 76.1    sec/kimg 18.58   maintenance 0.0    gpumem 7.1   augment 0.303
tick 620   kimg 2539.6   time 14h 48m 23s  sec/tick 76.2    sec/kimg 18.61   maintenance 0.0    gpumem 7.1   augment 0.301
tick 621   kimg 2543.7   time 14h 49m 40s  sec/tick 76.2    sec/kimg 18.60   maintenance 0.0    gpumem 7.1   augment 0.301
tick 622   kimg 2547.8   time 14h 50m 56s  sec/tick 76.0    sec/kimg 18.56   maintenance 0.0    gpumem 7.1   augment 0.308
tick 623   kimg 2551.9   time 14h 52m 12s  sec/tick 76.3    sec/kimg 18.62   maintenance 0.0    gpumem 7.1   augment 0.311
tick 624   kimg 2556.0   time 14h 53m 28s  sec/tick 76.3    sec/kimg 18.64   maintenance 0.0    gpumem 7.1   augment 0.303
tick 625   kimg 2560.1   time 14h 54m 44s  sec/tick 76.2    sec/kimg 18.60   maintenance 0.0    gpumem 7.1   augment 0.306
tick 626   kimg 2564.2   time 14h 56m 01s  sec/tick 76.2    sec/kimg 18.60   maintenance 0.0    gpumem 7.1   augment 0.303
tick 627   kimg 2568.3   time 14h 57m 17s  sec/tick 76.3    sec/kimg 18.63   maintenance 0.0    gpumem 7.1   augment 0.311
tick 628   kimg 2572.4   time 14h 58m 33s  sec/tick 76.3    sec/kimg 18.62   maintenance 0.0    gpumem 7.1   augment 0.311
tick 629   kimg 2576.5   time 14h 59m 49s  sec/tick 76.0    sec/kimg 18.55   maintenance 0.0    gpumem 7.1   augment 0.308
tick 630   kimg 2580.6   time 15h 01m 06s  sec/tick 76.2    sec/kimg 18.61   maintenance 0.0    gpumem 7.1   augment 0.314
Evaluating metrics...
network-snapshot-002580        time 4m 30s       fid50k_full 12.6539
tick 631   kimg 2584.7   time 15h 07m 10s  sec/tick 76.3    sec/kimg 18.63   maintenance 288.0  gpumem 7.1   augment 0.311
tick 632   kimg 2588.8   time 15h 08m 26s  sec/tick 76.4    sec/kimg 18.64   maintenance 0.0    gpumem 7.1   augment 0.306
tick 633   kimg 2592.9   time 15h 09m 43s  sec/tick 76.2    sec/kimg 18.60   maintenance 0.0    gpumem 7.1   augment 0.303
tick 634   kimg 2597.0   time 15h 10m 59s  sec/tick 76.3    sec/kimg 18.62   maintenance 0.0    gpumem 7.1   augment 0.303
tick 635   kimg 2601.1   time 15h 12m 15s  sec/tick 76.2    sec/kimg 18.61   maintenance 0.0    gpumem 7.1   augment 0.303
tick 636   kimg 2605.2   time 15h 13m 31s  sec/tick 76.2    sec/kimg 18.61   maintenance 0.0    gpumem 7.1   augment 0.308
tick 637   kimg 2609.3   time 15h 14m 47s  sec/tick 76.0    sec/kimg 18.55   maintenance 0.0    gpumem 7.1   augment 0.316
tick 638   kimg 2613.4   time 15h 16m 04s  sec/tick 76.3    sec/kimg 18.64   maintenance 0.0    gpumem 7.1   augment 0.311
tick 639   kimg 2617.5   time 15h 17m 20s  sec/tick 76.2    sec/kimg 18.61   maintenance 0.0    gpumem 7.1   augment 0.314
tick 640   kimg 2621.6   time 15h 18m 36s  sec/tick 76.3    sec/kimg 18.62   maintenance 0.0    gpumem 7.1   augment 0.306
tick 641   kimg 2625.7   time 15h 19m 53s  sec/tick 76.3    sec/kimg 18.64   maintenance 0.0    gpumem 7.1   augment 0.306
tick 642   kimg 2629.8   time 15h 21m 09s  sec/tick 76.2    sec/kimg 18.61   maintenance 0.0    gpumem 7.1   augment 0.308
tick 643   kimg 2633.9   time 15h 22m 25s  sec/tick 76.3    sec/kimg 18.62   maintenance 0.0    gpumem 7.1   augment 0.316
tick 644   kimg 2638.0   time 15h 23m 42s  sec/tick 76.1    sec/kimg 18.58   maintenance 0.0    gpumem 7.1   augment 0.319
tick 645   kimg 2642.0   time 15h 24m 58s  sec/tick 76.3    sec/kimg 18.62   maintenance 0.0    gpumem 7.1   augment 0.308
tick 646   kimg 2646.1   time 15h 26m 14s  sec/tick 76.6    sec/kimg 18.70   maintenance 0.0    gpumem 7.1   augment 0.306
tick 647   kimg 2650.2   time 15h 27m 31s  sec/tick 76.2    sec/kimg 18.61   maintenance 0.0    gpumem 7.1   augment 0.303
tick 648   kimg 2654.3   time 15h 28m 47s  sec/tick 76.3    sec/kimg 18.63   maintenance 0.0    gpumem 7.1   augment 0.311
tick 649   kimg 2658.4   time 15h 30m 03s  sec/tick 76.3    sec/kimg 18.63   maintenance 0.0    gpumem 7.1   augment 0.316
tick 650   kimg 2662.5   time 15h 31m 20s  sec/tick 76.2    sec/kimg 18.60   maintenance 0.0    gpumem 7.1   augment 0.319
tick 651   kimg 2666.6   time 15h 32m 36s  sec/tick 76.1    sec/kimg 18.58   maintenance 0.0    gpumem 7.1   augment 0.316
tick 652   kimg 2670.7   time 15h 33m 52s  sec/tick 76.2    sec/kimg 18.61   maintenance 0.0    gpumem 7.1   augment 0.324
tick 653   kimg 2674.8   time 15h 35m 08s  sec/tick 76.4    sec/kimg 18.64   maintenance 0.0    gpumem 7.1   augment 0.326
tick 654   kimg 2678.9   time 15h 36m 25s  sec/tick 76.3    sec/kimg 18.62   maintenance 0.0    gpumem 7.1   augment 0.316
tick 655   kimg 2683.0   time 15h 37m 41s  sec/tick 76.4    sec/kimg 18.65   maintenance 0.0    gpumem 7.1   augment 0.316
tick 656   kimg 2687.1   time 15h 38m 58s  sec/tick 76.4    sec/kimg 18.66   maintenance 0.0    gpumem 7.1   augment 0.319
tick 657   kimg 2691.2   time 15h 40m 14s  sec/tick 76.2    sec/kimg 18.61   maintenance 0.0    gpumem 7.1   augment 0.306
tick 658   kimg 2695.3   time 15h 41m 30s  sec/tick 76.3    sec/kimg 18.63   maintenance 0.0    gpumem 7.1   augment 0.311
tick 659   kimg 2699.4   time 15h 42m 46s  sec/tick 76.0    sec/kimg 18.56   maintenance 0.0    gpumem 7.1   augment 0.308
tick 660   kimg 2703.5   time 15h 44m 03s  sec/tick 76.3    sec/kimg 18.63   maintenance 0.0    gpumem 7.1   augment 0.311
Evaluating metrics...
network-snapshot-002703        time 4m 30s       fid50k_full 12.4214
tick 661   kimg 2707.6   time 15h 50m 06s  sec/tick 76.2    sec/kimg 18.61   maintenance 287.4  gpumem 7.1   augment 0.316
tick 662   kimg 2711.7   time 15h 51m 22s  sec/tick 76.2    sec/kimg 18.60   maintenance 0.0    gpumem 7.1   augment 0.311
tick 663   kimg 2715.8   time 15h 52m 39s  sec/tick 76.3    sec/kimg 18.62   maintenance 0.0    gpumem 7.1   augment 0.316
tick 664   kimg 2719.9   time 15h 53m 55s  sec/tick 76.2    sec/kimg 18.61   maintenance 0.0    gpumem 7.1   augment 0.306
tick 665   kimg 2724.0   time 15h 55m 11s  sec/tick 76.3    sec/kimg 18.62   maintenance 0.0    gpumem 7.1   augment 0.314
tick 666   kimg 2728.1   time 15h 56m 27s  sec/tick 76.0    sec/kimg 18.56   maintenance 0.0    gpumem 7.1   augment 0.311
tick 667   kimg 2732.2   time 15h 57m 44s  sec/tick 76.2    sec/kimg 18.60   maintenance 0.0    gpumem 7.1   augment 0.306
tick 668   kimg 2736.3   time 15h 59m 00s  sec/tick 76.2    sec/kimg 18.60   maintenance 0.0    gpumem 7.1   augment 0.314
tick 669   kimg 2740.4   time 16h 00m 16s  sec/tick 76.2    sec/kimg 18.59   maintenance 0.0    gpumem 7.1   augment 0.314
tick 670   kimg 2744.4   time 16h 01m 32s  sec/tick 76.3    sec/kimg 18.62   maintenance 0.0    gpumem 7.1   augment 0.316
tick 671   kimg 2748.5   time 16h 02m 49s  sec/tick 76.3    sec/kimg 18.62   maintenance 0.0    gpumem 7.1   augment 0.311
