==================================================================================================== 
Latest snaps:

['/work/chaselab/malyetama/ADA_Project/training_runs/AFHQ-WILD_training-runs/00002-AFHQ-WILD_custom-auto2-kimg1/network-snapshot-000000.pkl',
 '/work/chaselab/malyetama/ADA_Project/training_runs/AFHQ_training-runs/00001-AFHQ_custom-auto2-resumecustom/network-snapshot-000127.pkl',
 '/work/chaselab/malyetama/ADA_Project/training_runs/metfaces_training-runs/00003-metfaces_custom-auto2-resumecustom/network-snapshot-000246.pkl',
 '/work/chaselab/malyetama/ADA_Project/training_runs/StanfordDogs_training-runs/00002-StanfordDogs_custom-auto2-resumecustom/network-snapshot-000155.pkl',
 '/work/chaselab/malyetama/ADA_Project/training_runs/cars196_training-runs/00012-cars196_custom-auto2-resumecustom/network-snapshot-000368.pkl',
 '/work/chaselab/malyetama/ADA_Project/training_runs/AFHQ-DOG_training-runs/00002-AFHQ-DOG_custom-auto2-resumecustom/network-snapshot-000106.pkl',
 '/work/chaselab/malyetama/ADA_Project/training_runs/102flowers_training-runs/00022-102flowers_custom-auto2-resumecustom/network-snapshot-000368.pkl']
==================================================================================================== 

Copied: AFHQ-WILD's latest pickle to ==> /work/chaselab/malyetama/ADA_Project_pkl_backups/03192021_1403/00002-AFHQ-WILD_custom-auto2-kimg1__network-snapshot-000000.pkl
Copied: AFHQ's latest pickle to ==> /work/chaselab/malyetama/ADA_Project_pkl_backups/03192021_1403/00001-AFHQ_custom-auto2-resumecustom__network-snapshot-000127.pkl
Copied: metfaces's latest pickle to ==> /work/chaselab/malyetama/ADA_Project_pkl_backups/03192021_1403/00003-metfaces_custom-auto2-resumecustom__network-snapshot-000246.pkl
Copied: StanfordDogs's latest pickle to ==> /work/chaselab/malyetama/ADA_Project_pkl_backups/03192021_1403/00002-StanfordDogs_custom-auto2-resumecustom__network-snapshot-000155.pkl
Copied: cars196's latest pickle to ==> /work/chaselab/malyetama/ADA_Project_pkl_backups/03192021_1403/00012-cars196_custom-auto2-resumecustom__network-snapshot-000368.pkl
Copied: AFHQ-DOG's latest pickle to ==> /work/chaselab/malyetama/ADA_Project_pkl_backups/03192021_1403/00002-AFHQ-DOG_custom-auto2-resumecustom__network-snapshot-000106.pkl
Copied: 102flowers's latest pickle to ==> /work/chaselab/malyetama/ADA_Project_pkl_backups/03192021_1403/00022-102flowers_custom-auto2-resumecustom__network-snapshot-000368.pkl

Uploading to Google Drive...
Transferred:   	         0 / 1.910 GBytes, 0%, 0 Bytes/s, ETA -

Transferred:            0 / 7, 0%

Elapsed time:         0.3s

Transferring:

 * 00001-AFHQ_custom-auto…rk-snapshot-000127.pkl:  0% /270.043M, 0/s, -

 * 00002-AFHQ-DOG_custom-…rk-snapshot-000106.pkl:  0% /270.043M, 0/s, -

 * 00002-AFHQ-WILD_custom…rk-snapshot-000000.pkl:  0% /270.043M, 0/s, -

 * 00002-StanfordDogs_cus…rk-snapshot-000155.pkl:  0% /270.043M, 0/s, -Transferred:   	         0 / 1.910 GBytes, 0%, 0 Bytes/s, ETA -

Transferred:            0 / 7, 0%

Elapsed time:         0.8s

Transferring:

 * 00001-AFHQ_custom-auto…rk-snapshot-000127.pkl:  0% /270.043M, 0/s, -

 * 00002-AFHQ-DOG_custom-…rk-snapshot-000106.pkl:  0% /270.043M, 0/s, -

 * 00002-AFHQ-WILD_custom…rk-snapshot-000000.pkl:  0% /270.043M, 0/s, -

 * 00002-StanfordDogs_cus…rk-snapshot-000155.pkl:  0% /270.043M, 0/s, -Transferred:   	         0 / 1.910 GBytes, 0%, 0 Bytes/s, ETA -

Transferred:            0 / 7, 0%

Elapsed time:         1.3s

Transferring:

 * 00001-AFHQ_custom-auto…rk-snapshot-000127.pkl:  0% /270.043M, 0/s, -

 * 00002-AFHQ-DOG_custom-…rk-snapshot-000106.pkl:  0% /270.043M, 0/s, -

 * 00002-AFHQ-WILD_custom…rk-snapshot-000000.pkl:  0% /270.043M, 0/s, -

 * 00002-StanfordDogs_cus…rk-snapshot-000155.pkl:  0% /270.043M, 0/s, -Transferred:   	    3.465M / 1.910 GBytes, 0%, 1.877 MBytes/s, ETA 17m20s

Transferred:            0 / 7, 0%

Elapsed time:         1.8s

Transferring:

 * 00001-AFHQ_custom-auto…rk-snapshot-000127.pkl:  1% /270.043M, 0/s, -

 * 00002-AFHQ-DOG_custom-…rk-snapshot-000106.pkl:  0% /270.043M, 0/s, -

 * 00002-AFHQ-WILD_custom…rk-snapshot-000000.pkl:  0% /270.043M, 0/s, -

 * 00002-StanfordDogs_cus…rk-snapshot-000155.pkl:  0% /270.043M, 0/s, -Transferred:   	       32M / 1.910 GBytes, 2%, 13.649 MBytes/s, ETA 2m20s

Transferred:            0 / 7, 0%

Elapsed time:         2.3s

Transferring:

 * 00001-AFHQ_custom-auto…rk-snapshot-000127.pkl:  5% /270.043M, 4.000M/s, 1m3

 * 00002-AFHQ-DOG_custom-…rk-snapshot-000106.pkl:  0% /270.043M, 0/s, -

 * 00002-AFHQ-WILD_custom…rk-snapshot-000000.pkl:  2% /270.043M, 236.392k/s, 1

 * 00002-StanfordDogs_cus…rk-snapshot-000155.pkl:  2% /270.043M, 77.187k/s, 57Transferred:   	   84.836M / 1.910 GBytes, 4%, 29.824 MBytes/s, ETA 1m2s

Transferred:            0 / 7, 0%

Elapsed time:         2.8s

Transferring:

 * 00001-AFHQ_custom-auto…rk-snapshot-000127.pkl: 11% /270.043M, 4.000M/s, 59s

 * 00002-AFHQ-DOG_custom-…rk-snapshot-000106.pkl:  2% /270.043M, 0/s, -

 * 00002-AFHQ-WILD_custom…rk-snapshot-000000.pkl:  8% /270.043M, 236.392k/s, 1

 * 00002-StanfordDogs_cus…rk-snapshot-000155.pkl:  8% /270.043M, 77.187k/s, 54Transferred:   	  129.680M / 1.910 GBytes, 7%, 38.727 MBytes/s, ETA 47s

Transferred:            0 / 7, 0%

Elapsed time:         3.3s

Transferring:

 * 00001-AFHQ_custom-auto…rk-snapshot-000127.pkl: 14% /270.043M, 10.653M/s, 21

 * 00002-AFHQ-DOG_custom-…rk-snapshot-000106.pkl:  7% /270.043M, 4.883M/s, 51s

 * 00002-AFHQ-WILD_custom…rk-snapshot-000000.pkl: 11% /270.043M, 9.404M/s, 25s

 * 00002-StanfordDogs_cus…rk-snapshot-000155.pkl: 13% /270.043M, 9.957M/s, 23sTransferred:   	  185.336M / 1.910 GBytes, 9%, 48.181 MBytes/s, ETA 36s

Transferred:            0 / 7, 0%

Elapsed time:         3.8s

Transferring:

 * 00001-AFHQ_custom-auto…rk-snapshot-000127.pkl: 19% /270.043M, 10.653M/s, 20

 * 00002-AFHQ-DOG_custom-…rk-snapshot-000106.pkl: 11% /270.043M, 4.883M/s, 48s

 * 00002-AFHQ-WILD_custom…rk-snapshot-000000.pkl: 17% /270.043M, 9.404M/s, 23s

 * 00002-StanfordDogs_cus…rk-snapshot-000155.pkl: 19% /270.043M, 9.957M/s, 21sTransferred:   	  236.027M / 1.910 GBytes, 12%, 54.266 MBytes/s, ETA 31s

Transferred:            0 / 7, 0%

Elapsed time:         4.3s

Transferring:

 * 00001-AFHQ_custom-auto…rk-snapshot-000127.pkl: 23% /270.043M, 14.000M/s, 14

 * 00002-AFHQ-DOG_custom-…rk-snapshot-000106.pkl: 16% /270.043M, 9.988M/s, 22s

 * 00002-AFHQ-WILD_custom…rk-snapshot-000000.pkl: 23% /270.043M, 14.023M/s, 14

 * 00002-StanfordDogs_cus…rk-snapshot-000155.pkl: 23% /270.043M, 14.051M/s, 14Transferred:   	  279.930M / 1.910 GBytes, 14%, 57.769 MBytes/s, ETA 29s

Transferred:            0 / 7, 0%

Elapsed time:         4.8s

Transferring:

 * 00001-AFHQ_custom-auto…rk-snapshot-000127.pkl: 28% /270.043M, 14.000M/s, 13

 * 00002-AFHQ-DOG_custom-…rk-snapshot-000106.pkl: 22% /270.043M, 9.988M/s, 21s

 * 00002-AFHQ-WILD_custom…rk-snapshot-000000.pkl: 23% /270.043M, 14.023M/s, 14

 * 00002-StanfordDogs_cus…rk-snapshot-000155.pkl: 29% /270.043M, 14.051M/s, 13Transferred:   	  323.965M / 1.910 GBytes, 17%, 60.616 MBytes/s, ETA 26s

Transferred:            0 / 7, 0%

Elapsed time:         5.3s

Transferring:

 * 00001-AFHQ_custom-auto…rk-snapshot-000127.pkl: 32% /270.043M, 15.936M/s, 11

 * 00002-AFHQ-DOG_custom-…rk-snapshot-000106.pkl: 23% /270.043M, 12.836M/s, 16

 * 00002-AFHQ-WILD_custom…rk-snapshot-000000.pkl: 28% /270.043M, 14.182M/s, 13

 * 00002-StanfordDogs_cus…rk-snapshot-000155.pkl: 35% /270.043M, 17.661M/s, 9sTransferred:   	  373.434M / 1.910 GBytes, 19%, 63.870 MBytes/s, ETA 24s

Transferred:            0 / 7, 0%

Elapsed time:         5.8s

Transferring:

 * 00001-AFHQ_custom-auto…rk-snapshot-000127.pkl: 35% /270.043M, 15.936M/s, 10

 * 00002-AFHQ-DOG_custom-…rk-snapshot-000106.pkl: 28% /270.043M, 12.836M/s, 15

 * 00002-AFHQ-WILD_custom…rk-snapshot-000000.pkl: 32% /270.043M, 14.182M/s, 12

 * 00002-StanfordDogs_cus…rk-snapshot-000155.pkl: 41% /270.043M, 17.661M/s, 8sTransferred:   	      400M / 1.910 GBytes, 20%, 63.046 MBytes/s, ETA 24s

Transferred:            0 / 7, 0%

Elapsed time:         6.3s

Transferring:

 * 00001-AFHQ_custom-auto…rk-snapshot-000127.pkl: 38% /270.043M, 15.983M/s, 10

 * 00002-AFHQ-DOG_custom-…rk-snapshot-000106.pkl: 32% /270.043M, 13.792M/s, 13

 * 00002-AFHQ-WILD_custom…rk-snapshot-000000.pkl: 32% /270.043M, 14.687M/s, 12

 * 00002-StanfordDogs_cus…rk-snapshot-000155.pkl: 44% /270.043M, 18.717M/s, 8sTransferred:   	      440M / 1.910 GBytes, 23%, 64.285 MBytes/s, ETA 23s

Transferred:            0 / 7, 0%

Elapsed time:         6.8s

Transferring:

 * 00001-AFHQ_custom-auto…rk-snapshot-000127.pkl: 41% /270.043M, 15.983M/s, 9s

 * 00002-AFHQ-DOG_custom-…rk-snapshot-000106.pkl: 38% /270.043M, 13.792M/s, 12

 * 00002-AFHQ-WILD_custom…rk-snapshot-000000.pkl: 32% /270.043M, 14.687M/s, 12

 * 00002-StanfordDogs_cus…rk-snapshot-000155.pkl: 50% /270.043M, 18.717M/s, 7sTransferred:   	  485.398M / 1.910 GBytes, 25%, 66.090 MBytes/s, ETA 22s

Transferred:            0 / 7, 0%

Elapsed time:         7.3s

Transferring:

 * 00001-AFHQ_custom-auto…rk-snapshot-000127.pkl: 46% /270.043M, 16.774M/s, 8s

 * 00002-AFHQ-DOG_custom-…rk-snapshot-000106.pkl: 41% /270.043M, 15.947M/s, 9s

 * 00002-AFHQ-WILD_custom…rk-snapshot-000000.pkl: 35% /270.043M, 13.161M/s, 13

 * 00002-StanfordDogs_cus…rk-snapshot-000155.pkl: 56% /270.043M, 20.566M/s, 5sTransferred:   	  532.680M / 1.910 GBytes, 27%, 67.905 MBytes/s, ETA 20s

Transferred:            0 / 7, 0%

Elapsed time:         7.8s

Transferring:

 * 00001-AFHQ_custom-auto…rk-snapshot-000127.pkl: 47% /270.043M, 16.774M/s, 8s

 * 00002-AFHQ-DOG_custom-…rk-snapshot-000106.pkl: 46% /270.043M, 15.947M/s, 9s

 * 00002-AFHQ-WILD_custom…rk-snapshot-000000.pkl: 41% /270.043M, 13.161M/s, 12

 * 00002-StanfordDogs_cus…rk-snapshot-000155.pkl: 62% /270.043M, 20.566M/s, 4sTransferred:   	  578.055M / 1.910 GBytes, 30%, 69.222 MBytes/s, ETA 19s

Transferred:            0 / 7, 0%

Elapsed time:         8.3s

Transferring:

 * 00001-AFHQ_custom-auto…rk-snapshot-000127.pkl: 50% /270.043M, 16.483M/s, 8s

 * 00002-AFHQ-DOG_custom-…rk-snapshot-000106.pkl: 50% /270.043M, 16.475M/s, 8s

 * 00002-AFHQ-WILD_custom…rk-snapshot-000000.pkl: 45% /270.043M, 14.899M/s, 9s

 * 00002-StanfordDogs_cus…rk-snapshot-000155.pkl: 67% /270.043M, 21.511M/s, 4sTransferred:   	  627.957M / 1.910 GBytes, 32%, 70.972 MBytes/s, ETA 18s

Transferred:            0 / 7, 0%

Elapsed time:         8.8s

Transferring:

 * 00001-AFHQ_custom-auto…rk-snapshot-000127.pkl: 54% /270.043M, 16.483M/s, 7s

 * 00002-AFHQ-DOG_custom-…rk-snapshot-000106.pkl: 56% /270.043M, 16.475M/s, 7s

 * 00002-AFHQ-WILD_custom…rk-snapshot-000000.pkl: 51% /270.043M, 14.899M/s, 8s

 * 00002-StanfordDogs_cus…rk-snapshot-000155.pkl: 69% /270.043M, 21.511M/s, 3sTransferred:   	  680.023M / 1.910 GBytes, 35%, 72.719 MBytes/s, ETA 17s

Transferred:            0 / 7, 0%

Elapsed time:         9.3s

Transferring:

 * 00001-AFHQ_custom-auto…rk-snapshot-000127.pkl: 59% /270.043M, 16.844M/s, 6s

 * 00002-AFHQ-DOG_custom-…rk-snapshot-000106.pkl: 60% /270.043M, 17.797M/s, 5s

 * 00002-AFHQ-WILD_custom…rk-snapshot-000000.pkl: 57% /270.043M, 16.619M/s, 6s

 * 00002-StanfordDogs_cus…rk-snapshot-000155.pkl: 74% /270.043M, 21.359M/s, 3sTransferred:   	  733.465M / 1.910 GBytes, 38%, 74.425 MBytes/s, ETA 16s

Transferred:            0 / 7, 0%

Elapsed time:         9.8s

Transferring:

 * 00001-AFHQ_custom-auto…rk-snapshot-000127.pkl: 64% /270.043M, 16.844M/s, 5s

 * 00002-AFHQ-DOG_custom-…rk-snapshot-000106.pkl: 65% /270.043M, 17.797M/s, 5s

 * 00002-AFHQ-WILD_custom…rk-snapshot-000000.pkl: 62% /270.043M, 16.619M/s, 6s

 * 00002-StanfordDogs_cus…rk-snapshot-000155.pkl: 79% /270.043M, 21.359M/s, 2sTransferred:   	  791.961M / 1.910 GBytes, 41%, 76.482 MBytes/s, ETA 15s

Transferred:            0 / 7, 0%

Elapsed time:        10.3s

Transferring:

 * 00001-AFHQ_custom-auto…rk-snapshot-000127.pkl: 69% /270.043M, 17.592M/s, 4s

 * 00002-AFHQ-DOG_custom-…rk-snapshot-000106.pkl: 71% /270.043M, 18.442M/s, 4s

 * 00002-AFHQ-WILD_custom…rk-snapshot-000000.pkl: 68% /270.043M, 17.612M/s, 4s

 * 00002-StanfordDogs_cus…rk-snapshot-000155.pkl: 84% /270.043M, 22.013M/s, 1sTransferred:   	  843.242M / 1.910 GBytes, 43%, 77.701 MBytes/s, ETA 14s

Transferred:            0 / 7, 0%

Elapsed time:        10.8s

Transferring:

 * 00001-AFHQ_custom-auto…rk-snapshot-000127.pkl: 74% /270.043M, 17.592M/s, 3s

 * 00002-AFHQ-DOG_custom-…rk-snapshot-000106.pkl: 75% /270.043M, 18.442M/s, 3s

 * 00002-AFHQ-WILD_custom…rk-snapshot-000000.pkl: 73% /270.043M, 17.612M/s, 4s

 * 00002-StanfordDogs_cus…rk-snapshot-000155.pkl: 88% /270.043M, 22.013M/s, 1sTransferred:   	      888M / 1.910 GBytes, 45%, 78.255 MBytes/s, ETA 13s

Transferred:            0 / 7, 0%

Elapsed time:        11.3s

Transferring:

 * 00001-AFHQ_custom-auto…rk-snapshot-000127.pkl: 77% /270.043M, 18.614M/s, 3s

 * 00002-AFHQ-DOG_custom-…rk-snapshot-000106.pkl: 79% /270.043M, 19.287M/s, 2s

 * 00002-AFHQ-WILD_custom…rk-snapshot-000000.pkl: 77% /270.043M, 18.189M/s, 3s

 * 00002-StanfordDogs_cus…rk-snapshot-000155.pkl: 94% /270.043M, 22.566M/s, 0sTransferred:   	  945.898M / 1.910 GBytes, 48%, 79.839 MBytes/s, ETA 12s

Transferred:            0 / 7, 0%

Elapsed time:        11.8s

Transferring:

 * 00001-AFHQ_custom-auto…rk-snapshot-000127.pkl: 81% /270.043M, 18.614M/s, 2s

 * 00002-AFHQ-DOG_custom-…rk-snapshot-000106.pkl: 85% /270.043M, 19.287M/s, 1s

 * 00002-AFHQ-WILD_custom…rk-snapshot-000000.pkl: 82% /270.043M, 18.189M/s, 2s

 * 00002-StanfordDogs_cus…rk-snapshot-000155.pkl: 99% /270.043M, 22.566M/s, 0sTransferred:   	  986.071M / 1.910 GBytes, 50%, 79.818 MBytes/s, ETA 12s

Transferred:            0 / 7, 0%

Elapsed time:        12.3s

Transferring:

 * 00001-AFHQ_custom-auto…rk-snapshot-000127.pkl: 85% /270.043M, 18.643M/s, 2s

 * 00002-AFHQ-DOG_custom-…rk-snapshot-000106.pkl: 91% /270.043M, 20.000M/s, 1s

 * 00002-AFHQ-WILD_custom…rk-snapshot-000000.pkl: 87% /270.043M, 19.249M/s, 1s

 * 00002-StanfordDogs_cus…rk-snapshot-000155.pkl:100% /270.043M, 22.508M/s, 0sTransferred:   	 1022.043M / 1.910 GBytes, 52%, 79.566 MBytes/s, ETA 11s

Transferred:            0 / 7, 0%

Elapsed time:        12.8s

Transferring:

 * 00001-AFHQ_custom-auto…rk-snapshot-000127.pkl: 91% /270.043M, 18.643M/s, 1s

 * 00002-AFHQ-DOG_custom-…rk-snapshot-000106.pkl: 94% /270.043M, 20.000M/s, 0s

 * 00002-AFHQ-WILD_custom…rk-snapshot-000000.pkl: 91% /270.043M, 19.249M/s, 1s

 * 00002-StanfordDogs_cus…rk-snapshot-000155.pkl:100% /270.043M, 22.508M/s, 0sTransferred:   	    1.040G / 1.910 GBytes, 54%, 79.786 MBytes/s, ETA 11s

Transferred:            1 / 7, 14%

Elapsed time:        13.3s

Transferring:

 * 00001-AFHQ_custom-auto…rk-snapshot-000127.pkl: 97% /270.043M, 19.362M/s, 0s

 * 00002-AFHQ-DOG_custom-…rk-snapshot-000106.pkl:100% /270.043M, 20.336M/s, 0s

 * 00002-AFHQ-WILD_custom…rk-snapshot-000000.pkl: 96% /270.043M, 19.702M/s, 0s

 * 00003-metfaces_custom-…rk-snapshot-000246.pkl:  0% /335.082M, 0/s, -Transferred:   	    1.058G / 1.910 GBytes, 55%, 78.265 MBytes/s, ETA 11s

Transferred:            1 / 7, 14%

Elapsed time:        13.8s

Transferring:

 * 00001-AFHQ_custom-auto…rk-snapshot-000127.pkl:100% /270.043M, 19.362M/s, 0s

 * 00002-AFHQ-DOG_custom-…rk-snapshot-000106.pkl:100% /270.043M, 20.336M/s, 0s

 * 00002-AFHQ-WILD_custom…rk-snapshot-000000.pkl:100% /270.043M, 19.702M/s, 0s

 * 00003-metfaces_custom-…rk-snapshot-000246.pkl:  1% /335.082M, 0/s, -Transferred:   	    1.070G / 1.910 GBytes, 56%, 76.411 MBytes/s, ETA 11s

Transferred:            1 / 7, 14%

Elapsed time:        14.3s

Transferring:

 * 00001-AFHQ_custom-auto…rk-snapshot-000127.pkl:100% /270.043M, 19.266M/s, 0s

 * 00002-AFHQ-DOG_custom-…rk-snapshot-000106.pkl:100% /270.043M, 19.315M/s, 0s

 * 00002-AFHQ-WILD_custom…rk-snapshot-000000.pkl:100% /270.043M, 19.298M/s, 0s

 * 00003-metfaces_custom-…rk-snapshot-000246.pkl:  4% /335.082M, 7.998M/s, 39sTransferred:   	    1.078G / 1.910 GBytes, 56%, 74.383 MBytes/s, ETA 11s

Transferred:            2 / 7, 29%

Elapsed time:        14.8s

Transferring:

 * 00001-AFHQ_custom-auto…rk-snapshot-000127.pkl:100% /270.043M, 19.266M/s, 0s

 * 00002-AFHQ-WILD_custom…rk-snapshot-000000.pkl:100% /270.043M, 19.298M/s, 0s

 * 00003-metfaces_custom-…rk-snapshot-000246.pkl:  7% /335.082M, 7.998M/s, 38s

 * 00012-cars196_custom-a…rk-snapshot-000368.pkl:  0% /270.043M, 0/s, -Transferred:   	    1.097G / 1.910 GBytes, 57%, 73.201 MBytes/s, ETA 11s

Transferred:            4 / 7, 57%

Elapsed time:        15.3s

Transferring:

 * 00003-metfaces_custom-…rk-snapshot-000246.pkl: 11% /335.082M, 17.743M/s, 16

 * 00012-cars196_custom-a…rk-snapshot-000368.pkl:  1% /270.043M, 0/s, -

 * 00022-102flowers_custo…rk-snapshot-000368.pkl:  0% /270.043M, 0/s, -Transferred:   	    1.125G / 1.910 GBytes, 59%, 72.677 MBytes/s, ETA 11s

Transferred:            4 / 7, 57%

Elapsed time:        15.8s

Transferring:

 * 00003-metfaces_custom-…rk-snapshot-000246.pkl: 16% /335.082M, 17.743M/s, 15

 * 00012-cars196_custom-a…rk-snapshot-000368.pkl:  4% /270.043M, 5.995M/s, 43s

 * 00022-102flowers_custo…rk-snapshot-000368.pkl:  1% /270.043M, 0/s, -Transferred:   	    1.160G / 1.910 GBytes, 61%, 72.682 MBytes/s, ETA 10s

Transferred:            4 / 7, 57%

Elapsed time:        16.3s

Transferring:

 * 00003-metfaces_custom-…rk-snapshot-000246.pkl: 19% /335.082M, 21.045M/s, 12

 * 00012-cars196_custom-a…rk-snapshot-000368.pkl: 10% /270.043M, 5.995M/s, 40s

 * 00022-102flowers_custo…rk-snapshot-000368.pkl:  5% /270.043M, 7.898M/s, 32sTransferred:   	    1.203G / 1.910 GBytes, 63%, 73.088 MBytes/s, ETA 9s

Transferred:            4 / 7, 57%

Elapsed time:        16.8s

Transferring:

 * 00003-metfaces_custom-…rk-snapshot-000246.pkl: 23% /335.082M, 21.045M/s, 12

 * 00012-cars196_custom-a…rk-snapshot-000368.pkl: 16% /270.043M, 17.982M/s, 12

 * 00022-102flowers_custo…rk-snapshot-000368.pkl: 10% /270.043M, 7.898M/s, 30sTransferred:   	    1.250G / 1.910 GBytes, 65%, 73.784 MBytes/s, ETA 9s

Transferred:            4 / 7, 57%

Elapsed time:        17.3s

Transferring:

 * 00003-metfaces_custom-…rk-snapshot-000246.pkl: 28% /335.082M, 21.987M/s, 10

 * 00012-cars196_custom-a…rk-snapshot-000368.pkl: 22% /270.043M, 17.982M/s, 11

 * 00022-102flowers_custo…rk-snapshot-000368.pkl: 16% /270.043M, 17.936M/s, 12Transferred:   	    1.289G / 1.910 GBytes, 67%, 73.937 MBytes/s, ETA 8s

Transferred:            4 / 7, 57%

Elapsed time:        17.8s

Transferring:

 * 00003-metfaces_custom-…rk-snapshot-000246.pkl: 33% /335.082M, 21.987M/s, 10

 * 00012-cars196_custom-a…rk-snapshot-000368.pkl: 26% /270.043M, 21.176M/s, 9s

 * 00022-102flowers_custo…rk-snapshot-000368.pkl: 20% /270.043M, 17.936M/s, 11Transferred:   	    1.328G / 1.910 GBytes, 70%, 74.115 MBytes/s, ETA 8s

Transferred:            4 / 7, 57%

Elapsed time:        18.3s

Transferring:

 * 00003-metfaces_custom-…rk-snapshot-000246.pkl: 35% /335.082M, 23.921M/s, 8s

 * 00012-cars196_custom-a…rk-snapshot-000368.pkl: 32% /270.043M, 21.176M/s, 8s

 * 00022-102flowers_custo…rk-snapshot-000368.pkl: 26% /270.043M, 21.263M/s, 9sTransferred:   	    1.375G / 1.910 GBytes, 72%, 74.723 MBytes/s, ETA 7s

Transferred:            4 / 7, 57%

Elapsed time:        18.8s

Transferring:

 * 00003-metfaces_custom-…rk-snapshot-000246.pkl: 40% /335.082M, 23.921M/s, 8s

 * 00012-cars196_custom-a…rk-snapshot-000368.pkl: 38% /270.043M, 24.021M/s, 6s

 * 00022-102flowers_custo…rk-snapshot-000368.pkl: 32% /270.043M, 21.263M/s, 8sTransferred:   	    1.418G / 1.910 GBytes, 74%, 75.067 MBytes/s, ETA 6s

Transferred:            4 / 7, 57%

Elapsed time:        19.3s

Transferring:

 * 00003-metfaces_custom-…rk-snapshot-000246.pkl: 45% /335.082M, 24.607M/s, 7s

 * 00012-cars196_custom-a…rk-snapshot-000368.pkl: 42% /270.043M, 24.021M/s, 6s

 * 00022-102flowers_custo…rk-snapshot-000368.pkl: 38% /270.043M, 24.042M/s, 6sTransferred:   	    1.465G / 1.910 GBytes, 77%, 75.573 MBytes/s, ETA 6s

Transferred:            4 / 7, 57%

Elapsed time:        19.8s

Transferring:

 * 00003-metfaces_custom-…rk-snapshot-000246.pkl: 50% /335.082M, 24.607M/s, 6s

 * 00012-cars196_custom-a…rk-snapshot-000368.pkl: 48% /270.043M, 24.808M/s, 5s

 * 00022-102flowers_custo…rk-snapshot-000368.pkl: 44% /270.043M, 24.042M/s, 6sTransferred:   	    1.504G / 1.910 GBytes, 79%, 75.704 MBytes/s, ETA 5s

Transferred:            4 / 7, 57%

Elapsed time:        20.3s

Transferring:

 * 00003-metfaces_custom-…rk-snapshot-000246.pkl: 52% /335.082M, 25.125M/s, 6s

 * 00012-cars196_custom-a…rk-snapshot-000368.pkl: 53% /270.043M, 24.808M/s, 5s

 * 00022-102flowers_custo…rk-snapshot-000368.pkl: 51% /270.043M, 25.665M/s, 5sTransferred:   	    1.543G / 1.910 GBytes, 81%, 75.778 MBytes/s, ETA 4s

Transferred:            4 / 7, 57%

Elapsed time:        20.8s

Transferring:

 * 00003-metfaces_custom-…rk-snapshot-000246.pkl: 56% /335.082M, 25.125M/s, 5s

 * 00012-cars196_custom-a…rk-snapshot-000368.pkl: 59% /270.043M, 25.347M/s, 4s

 * 00022-102flowers_custo…rk-snapshot-000368.pkl: 56% /270.043M, 25.665M/s, 4sTransferred:   	    1.586G / 1.910 GBytes, 83%, 76.043 MBytes/s, ETA 4s

Transferred:            4 / 7, 57%

Elapsed time:        21.3s

Transferring:

 * 00003-metfaces_custom-…rk-snapshot-000246.pkl: 59% /335.082M, 24.662M/s, 5s

 * 00012-cars196_custom-a…rk-snapshot-000368.pkl: 65% /270.043M, 25.347M/s, 3s

 * 00022-102flowers_custo…rk-snapshot-000368.pkl: 62% /270.043M, 26.701M/s, 3sTransferred:   	    1.631G / 1.910 GBytes, 85%, 76.380 MBytes/s, ETA 3s

Transferred:            4 / 7, 57%

Elapsed time:        21.8s

Transferring:

 * 00003-metfaces_custom-…rk-snapshot-000246.pkl: 63% /335.082M, 24.662M/s, 4s

 * 00012-cars196_custom-a…rk-snapshot-000368.pkl: 71% /270.043M, 26.281M/s, 2s

 * 00022-102flowers_custo…rk-snapshot-000368.pkl: 68% /270.043M, 26.701M/s, 3sTransferred:   	    1.672G / 1.910 GBytes, 88%, 76.626 MBytes/s, ETA 3s

Transferred:            4 / 7, 57%

Elapsed time:        22.3s

Transferring:

 * 00003-metfaces_custom-…rk-snapshot-000246.pkl: 66% /335.082M, 24.861M/s, 4s

 * 00012-cars196_custom-a…rk-snapshot-000368.pkl: 77% /270.043M, 26.281M/s, 2s

 * 00022-102flowers_custo…rk-snapshot-000368.pkl: 74% /270.043M, 27.365M/s, 2sTransferred:   	    1.716G / 1.910 GBytes, 90%, 76.918 MBytes/s, ETA 2s

Transferred:            4 / 7, 57%

Elapsed time:        22.8s

Transferring:

 * 00003-metfaces_custom-…rk-snapshot-000246.pkl: 71% /335.082M, 24.861M/s, 3s

 * 00012-cars196_custom-a…rk-snapshot-000368.pkl: 82% /270.043M, 27.011M/s, 1s

 * 00022-102flowers_custo…rk-snapshot-000368.pkl: 79% /270.043M, 27.365M/s, 2sTransferred:   	    1.754G / 1.910 GBytes, 92%, 76.918 MBytes/s, ETA 2s

Transferred:            4 / 7, 57%

Elapsed time:        23.3s

Transferring:

 * 00003-metfaces_custom-…rk-snapshot-000246.pkl: 74% /335.082M, 24.707M/s, 3s

 * 00012-cars196_custom-a…rk-snapshot-000368.pkl: 88% /270.043M, 27.011M/s, 1s

 * 00022-102flowers_custo…rk-snapshot-000368.pkl: 84% /270.043M, 27.532M/s, 1sTransferred:   	    1.797G / 1.910 GBytes, 94%, 77.168 MBytes/s, ETA 1s

Transferred:            4 / 7, 57%

Elapsed time:        23.8s

Transferring:

 * 00003-metfaces_custom-…rk-snapshot-000246.pkl: 77% /335.082M, 24.707M/s, 3s

 * 00012-cars196_custom-a…rk-snapshot-000368.pkl: 94% /270.043M, 27.552M/s, 0s

 * 00022-102flowers_custo…rk-snapshot-000368.pkl: 90% /270.043M, 27.532M/s, 0sTransferred:   	    1.834G / 1.910 GBytes, 96%, 77.129 MBytes/s, ETA 1s

Transferred:            4 / 7, 57%

Elapsed time:        24.3s

Transferring:

 * 00003-metfaces_custom-…rk-snapshot-000246.pkl: 81% /335.082M, 24.698M/s, 2s

 * 00012-cars196_custom-a…rk-snapshot-000368.pkl: 99% /270.043M, 27.552M/s, 0s

 * 00022-102flowers_custo…rk-snapshot-000368.pkl: 94% /270.043M, 27.514M/s, 0sTransferred:   	    1.864G / 1.910 GBytes, 98%, 76.808 MBytes/s, ETA 0s

Transferred:            4 / 7, 57%

Elapsed time:        24.8s

Transferring:

 * 00003-metfaces_custom-…rk-snapshot-000246.pkl: 85% /335.082M, 24.698M/s, 1s

 * 00012-cars196_custom-a…rk-snapshot-000368.pkl:100% /270.043M, 26.999M/s, 0s

 * 00022-102flowers_custo…rk-snapshot-000368.pkl:100% /270.043M, 27.514M/s, 0sTransferred:   	    1.879G / 1.910 GBytes, 98%, 75.924 MBytes/s, ETA 0s

Transferred:            4 / 7, 57%

Elapsed time:        25.3s

Transferring:

 * 00003-metfaces_custom-…rk-snapshot-000246.pkl: 90% /335.082M, 24.662M/s, 1s

 * 00012-cars196_custom-a…rk-snapshot-000368.pkl:100% /270.043M, 26.999M/s, 0s

 * 00022-102flowers_custo…rk-snapshot-000368.pkl:100% /270.043M, 27.022M/s, 0sTransferred:   	    1.891G / 1.910 GBytes, 99%, 74.919 MBytes/s, ETA 0s

Transferred:            5 / 7, 71%

Elapsed time:        25.8s

Transferring:

 * 00003-metfaces_custom-…rk-snapshot-000246.pkl: 94% /335.082M, 24.662M/s, 0s

 * 00022-102flowers_custo…rk-snapshot-000368.pkl:100% /270.043M, 27.022M/s, 0sTransferred:   	    1.903G / 1.910 GBytes, 100%, 73.953 MBytes/s, ETA 0s

Transferred:            6 / 7, 86%

Elapsed time:        26.3s

Transferring:

 * 00003-metfaces_custom-…rk-snapshot-000246.pkl: 97% /335.082M, 25.227M/s, 0sTransferred:   	    1.910G / 1.910 GBytes, 100%, 72.839 MBytes/s, ETA 0s

Transferred:            6 / 7, 86%

Elapsed time:        26.8s

Transferring:

 * 00003-metfaces_custom-…rk-snapshot-000246.pkl:100% /335.082M, 25.227M/s, 0sTransferred:   	    1.910G / 1.910 GBytes, 100%, 71.508 MBytes/s, ETA 0s

Transferred:            6 / 7, 86%

Elapsed time:        27.3s

Transferring:

 * 00003-metfaces_custom-…rk-snapshot-000246.pkl:100% /335.082M, 23.931M/s, 0sTransferred:   	    1.910G / 1.910 GBytes, 100%, 70.883 MBytes/s, ETA 0s

Transferred:            7 / 7, 100%

Elapsed time:        27.5s



Done!
