/lustre/work/chaselab/malyetama/ADA_Project
Tensorflow version: 1.14.0
10842
Raw: 10842, Resized: 9948
/work/chaselab/malyetama/ADA_Project/training_runs/gen1_pokemon_training-runs/00005-gen1_pokemon_custom-auto2-kimg1/network-snapshot-000001.pkl
Sat Mar 20 00:26:17 2021       
+-----------------------------------------------------------------------------+
| NVIDIA-SMI 450.51.06    Driver Version: 450.51.06    CUDA Version: 11.0     |
|-------------------------------+----------------------+----------------------+
| GPU  Name        Persistence-M| Bus-Id        Disp.A | Volatile Uncorr. ECC |
| Fan  Temp  Perf  Pwr:Usage/Cap|         Memory-Usage | GPU-Util  Compute M. |
|                               |                      |               MIG M. |
|===============================+======================+======================|
|   0  Tesla V100-PCIE...  On   | 00000000:5E:00.0 Off |                    0 |
| N/A   42C    P0    28W / 250W |      0MiB / 32510MiB |      0%      Default |
|                               |                      |                  N/A |
+-------------------------------+----------------------+----------------------+
|   1  Tesla V100-PCIE...  On   | 00000000:D8:00.0 Off |                    0 |
| N/A   45C    P0    27W / 250W |      0MiB / 32510MiB |      0%      Default |
|                               |                      |                  N/A |
+-------------------------------+----------------------+----------------------+
                                                                               
+-----------------------------------------------------------------------------+
| Processes:                                                                  |
|  GPU   GI   CI        PID   Type   Process name                  GPU Memory |
|        ID   ID                                                   Usage      |
|=============================================================================|
|  No running processes found                                                 |
+-----------------------------------------------------------------------------+

Training options:
{
  "G_args": {
    "func_name": "training.networks.G_main",
    "fmap_base": 8192,
    "fmap_max": 512,
    "mapping_layers": 2,
    "num_fp16_res": 4,
    "conv_clamp": 256
  },
  "D_args": {
    "func_name": "training.networks.D_main",
    "mbstd_group_size": 4,
    "fmap_base": 8192,
    "fmap_max": 512,
    "num_fp16_res": 4,
    "conv_clamp": 256
  },
  "G_opt_args": {
    "beta1": 0.0,
    "beta2": 0.99,
    "learning_rate": 0.0025
  },
  "D_opt_args": {
    "beta1": 0.0,
    "beta2": 0.99,
    "learning_rate": 0.0025
  },
  "loss_args": {
    "func_name": "training.loss.stylegan2",
    "r1_gamma": 0.4096
  },
  "augment_args": {
    "class_name": "training.augment.AdaptiveAugment",
    "tune_heuristic": "rt",
    "tune_target": 0.6,
    "apply_func": "training.augment.augment_pipeline",
    "apply_args": {
      "xflip": 1,
      "rotate90": 1,
      "xint": 1,
      "scale": 1,
      "rotate": 1,
      "aniso": 1,
      "xfrac": 1,
      "brightness": 1,
      "contrast": 1,
      "lumaflip": 1,
      "hue": 1,
      "saturation": 1
    },
    "tune_kimg": 100
  },
  "num_gpus": 2,
  "image_snapshot_ticks": 1,
  "network_snapshot_ticks": 1,
  "train_dataset_args": {
    "path": "/work/chaselab/malyetama/ADA_Project/datasets/gen1_pokemon_custom",
    "max_label_size": 0,
    "resolution": 256,
    "mirror_augment": false
  },
  "metric_arg_list": [
    {
      "name": "fid50k_full",
      "class_name": "metrics.frechet_inception_distance.FID",
      "max_reals": null,
      "num_fakes": 50000,
      "minibatch_per_gpu": 8,
      "force_dataset_args": {
        "shuffle": false,
        "max_images": null,
        "repeat": false,
        "mirror_augment": false
      }
    }
  ],
  "metric_dataset_args": {
    "path": "/work/chaselab/malyetama/ADA_Project/datasets/gen1_pokemon_custom",
    "max_label_size": 0,
    "resolution": 256,
    "mirror_augment": false
  },
  "total_kimg": 25000,
  "minibatch_size": 32,
  "minibatch_gpu": 16,
  "G_smoothing_kimg": 10.0,
  "G_smoothing_rampup": null,
  "resume_pkl": "/work/chaselab/malyetama/ADA_Project/training_runs/gen1_pokemon_training-runs/00005-gen1_pokemon_custom-auto2-kimg1/network-snapshot-000001.pkl",
  "run_dir": "/work/chaselab/malyetama/ADA_Project/training_runs/gen1_pokemon_training-runs/00006-gen1_pokemon_custom-auto2-resumecustom"
}

Output directory:  /work/chaselab/malyetama/ADA_Project/training_runs/gen1_pokemon_training-runs/00006-gen1_pokemon_custom-auto2-resumecustom
Training data:     /work/chaselab/malyetama/ADA_Project/datasets/gen1_pokemon_custom
Training length:   25000 kimg
Resolution:        256
Number of GPUs:    2

Dry run; exiting.

Training options:
{
  "G_args": {
    "func_name": "training.networks.G_main",
    "fmap_base": 8192,
    "fmap_max": 512,
    "mapping_layers": 2,
    "num_fp16_res": 4,
    "conv_clamp": 256
  },
  "D_args": {
    "func_name": "training.networks.D_main",
    "mbstd_group_size": 4,
    "fmap_base": 8192,
    "fmap_max": 512,
    "num_fp16_res": 4,
    "conv_clamp": 256
  },
  "G_opt_args": {
    "beta1": 0.0,
    "beta2": 0.99,
    "learning_rate": 0.0025
  },
  "D_opt_args": {
    "beta1": 0.0,
    "beta2": 0.99,
    "learning_rate": 0.0025
  },
  "loss_args": {
    "func_name": "training.loss.stylegan2",
    "r1_gamma": 0.4096
  },
  "augment_args": {
    "class_name": "training.augment.AdaptiveAugment",
    "tune_heuristic": "rt",
    "tune_target": 0.6,
    "apply_func": "training.augment.augment_pipeline",
    "apply_args": {
      "xflip": 1,
      "rotate90": 1,
      "xint": 1,
      "scale": 1,
      "rotate": 1,
      "aniso": 1,
      "xfrac": 1,
      "brightness": 1,
      "contrast": 1,
      "lumaflip": 1,
      "hue": 1,
      "saturation": 1
    },
    "tune_kimg": 100
  },
  "num_gpus": 2,
  "image_snapshot_ticks": 1,
  "network_snapshot_ticks": 1,
  "train_dataset_args": {
    "path": "/work/chaselab/malyetama/ADA_Project/datasets/gen1_pokemon_custom",
    "max_label_size": 0,
    "resolution": 256,
    "mirror_augment": false
  },
  "metric_arg_list": [
    {
      "name": "fid50k_full",
      "class_name": "metrics.frechet_inception_distance.FID",
      "max_reals": null,
      "num_fakes": 50000,
      "minibatch_per_gpu": 8,
      "force_dataset_args": {
        "shuffle": false,
        "max_images": null,
        "repeat": false,
        "mirror_augment": false
      }
    }
  ],
  "metric_dataset_args": {
    "path": "/work/chaselab/malyetama/ADA_Project/datasets/gen1_pokemon_custom",
    "max_label_size": 0,
    "resolution": 256,
    "mirror_augment": false
  },
  "total_kimg": 25000,
  "minibatch_size": 32,
  "minibatch_gpu": 16,
  "G_smoothing_kimg": 10.0,
  "G_smoothing_rampup": null,
  "resume_pkl": "/work/chaselab/malyetama/ADA_Project/training_runs/gen1_pokemon_training-runs/00005-gen1_pokemon_custom-auto2-kimg1/network-snapshot-000001.pkl",
  "run_dir": "/work/chaselab/malyetama/ADA_Project/training_runs/gen1_pokemon_training-runs/00006-gen1_pokemon_custom-auto2-resumecustom"
}

Output directory:  /work/chaselab/malyetama/ADA_Project/training_runs/gen1_pokemon_training-runs/00006-gen1_pokemon_custom-auto2-resumecustom
Training data:     /work/chaselab/malyetama/ADA_Project/datasets/gen1_pokemon_custom
Training length:   25000 kimg
Resolution:        256
Number of GPUs:    2

Creating output directory...
Loading training set...
Image shape: [3, 256, 256]
Label shape: [0]

Constructing networks...
Setting up TensorFlow plugin "fused_bias_act.cu": Loading... Done.
Setting up TensorFlow plugin "upfirdn_2d.cu": Loading... Done.
Resuming from "/work/chaselab/malyetama/ADA_Project/training_runs/gen1_pokemon_training-runs/00005-gen1_pokemon_custom-auto2-kimg1/network-snapshot-000001.pkl"

G                             Params    OutputShape         WeightShape     
---                           ---       ---                 ---             
latents_in                    -         (?, 512)            -               
labels_in                     -         (?, 0)              -               
G_mapping/Normalize           -         (?, 512)            -               
G_mapping/Dense0              262656    (?, 512)            (512, 512)      
G_mapping/Dense1              262656    (?, 512)            (512, 512)      
G_mapping/Broadcast           -         (?, 14, 512)        -               
dlatent_avg                   -         (512,)              -               
Truncation/Lerp               -         (?, 14, 512)        -               
G_synthesis/4x4/Const         8192      (?, 512, 4, 4)      (1, 512, 4, 4)  
G_synthesis/4x4/Conv          2622465   (?, 512, 4, 4)      (3, 3, 512, 512)
G_synthesis/4x4/ToRGB         264195    (?, 3, 4, 4)        (1, 1, 512, 3)  
G_synthesis/8x8/Conv0_up      2622465   (?, 512, 8, 8)      (3, 3, 512, 512)
G_synthesis/8x8/Conv1         2622465   (?, 512, 8, 8)      (3, 3, 512, 512)
G_synthesis/8x8/Upsample      -         (?, 3, 8, 8)        -               
G_synthesis/8x8/ToRGB         264195    (?, 3, 8, 8)        (1, 1, 512, 3)  
G_synthesis/16x16/Conv0_up    2622465   (?, 512, 16, 16)    (3, 3, 512, 512)
G_synthesis/16x16/Conv1       2622465   (?, 512, 16, 16)    (3, 3, 512, 512)
G_synthesis/16x16/Upsample    -         (?, 3, 16, 16)      -               
G_synthesis/16x16/ToRGB       264195    (?, 3, 16, 16)      (1, 1, 512, 3)  
G_synthesis/32x32/Conv0_up    2622465   (?, 512, 32, 32)    (3, 3, 512, 512)
G_synthesis/32x32/Conv1       2622465   (?, 512, 32, 32)    (3, 3, 512, 512)
G_synthesis/32x32/Upsample    -         (?, 3, 32, 32)      -               
G_synthesis/32x32/ToRGB       264195    (?, 3, 32, 32)      (1, 1, 512, 3)  
G_synthesis/64x64/Conv0_up    1442561   (?, 256, 64, 64)    (3, 3, 512, 256)
G_synthesis/64x64/Conv1       721409    (?, 256, 64, 64)    (3, 3, 256, 256)
G_synthesis/64x64/Upsample    -         (?, 3, 64, 64)      -               
G_synthesis/64x64/ToRGB       132099    (?, 3, 64, 64)      (1, 1, 256, 3)  
G_synthesis/128x128/Conv0_up  426369    (?, 128, 128, 128)  (3, 3, 256, 128)
G_synthesis/128x128/Conv1     213249    (?, 128, 128, 128)  (3, 3, 128, 128)
G_synthesis/128x128/Upsample  -         (?, 3, 128, 128)    -               
G_synthesis/128x128/ToRGB     66051     (?, 3, 128, 128)    (1, 1, 128, 3)  
G_synthesis/256x256/Conv0_up  139457    (?, 64, 256, 256)   (3, 3, 128, 64) 
G_synthesis/256x256/Conv1     69761     (?, 64, 256, 256)   (3, 3, 64, 64)  
G_synthesis/256x256/Upsample  -         (?, 3, 256, 256)    -               
G_synthesis/256x256/ToRGB     33027     (?, 3, 256, 256)    (1, 1, 64, 3)   
---                           ---       ---                 ---             
Total                         23191522                                      


D                    Params    OutputShape         WeightShape     
---                  ---       ---                 ---             
images_in            -         (?, 3, 256, 256)    -               
labels_in            -         (?, 0)              -               
256x256/FromRGB      256       (?, 64, 256, 256)   (1, 1, 3, 64)   
256x256/Conv0        36928     (?, 64, 256, 256)   (3, 3, 64, 64)  
256x256/Conv1_down   73856     (?, 128, 128, 128)  (3, 3, 64, 128) 
256x256/Skip         8192      (?, 128, 128, 128)  (1, 1, 64, 128) 
128x128/Conv0        147584    (?, 128, 128, 128)  (3, 3, 128, 128)
128x128/Conv1_down   295168    (?, 256, 64, 64)    (3, 3, 128, 256)
128x128/Skip         32768     (?, 256, 64, 64)    (1, 1, 128, 256)
64x64/Conv0          590080    (?, 256, 64, 64)    (3, 3, 256, 256)
64x64/Conv1_down     1180160   (?, 512, 32, 32)    (3, 3, 256, 512)
64x64/Skip           131072    (?, 512, 32, 32)    (1, 1, 256, 512)
32x32/Conv0          2359808   (?, 512, 32, 32)    (3, 3, 512, 512)
32x32/Conv1_down     2359808   (?, 512, 16, 16)    (3, 3, 512, 512)
32x32/Skip           262144    (?, 512, 16, 16)    (1, 1, 512, 512)
16x16/Conv0          2359808   (?, 512, 16, 16)    (3, 3, 512, 512)
16x16/Conv1_down     2359808   (?, 512, 8, 8)      (3, 3, 512, 512)
16x16/Skip           262144    (?, 512, 8, 8)      (1, 1, 512, 512)
8x8/Conv0            2359808   (?, 512, 8, 8)      (3, 3, 512, 512)
8x8/Conv1_down       2359808   (?, 512, 4, 4)      (3, 3, 512, 512)
8x8/Skip             262144    (?, 512, 4, 4)      (1, 1, 512, 512)
4x4/MinibatchStddev  -         (?, 513, 4, 4)      -               
4x4/Conv             2364416   (?, 512, 4, 4)      (3, 3, 513, 512)
4x4/Dense0           4194816   (?, 512)            (8192, 512)     
Output               513       (?, 1)              (512, 1)        
---                  ---       ---                 ---             
Total                24001089                                      

Exporting sample images...
Replicating networks across 2 GPUs...
Initializing augmentations...
Setting up optimizers...
Constructing training graph...
Finalizing training ops...
Initializing metrics...
Training for 25000 kimg...

tick 0     kimg 0.1      time 3m 30s       sec/tick 45.3    sec/kimg 353.96  maintenance 165.0  gpumem 7.1   augment 0.001
Evaluating metrics...
network-snapshot-000000        time 5m 07s       fid50k_full 370.3585
tick 1     kimg 4.2      time 10m 59s      sec/tick 82.2    sec/kimg 20.08   maintenance 366.5  gpumem 7.1   augment 0.024
Evaluating metrics...
network-snapshot-000004        time 5m 06s       fid50k_full 386.7086
tick 2     kimg 8.3      time 18m 00s      sec/tick 82.6    sec/kimg 20.17   maintenance 338.3  gpumem 7.1   augment 0.022
Evaluating metrics...
network-snapshot-000008        time 5m 07s       fid50k_full 389.5345
tick 3     kimg 12.4     time 25m 02s      sec/tick 82.2    sec/kimg 20.07   maintenance 339.3  gpumem 7.1   augment 0.004
Evaluating metrics...
network-snapshot-000012        time 5m 06s       fid50k_full 313.0066
tick 4     kimg 16.5     time 32m 03s      sec/tick 82.0    sec/kimg 20.01   maintenance 339.7  gpumem 7.1   augment 0.004
Evaluating metrics...
network-snapshot-000016        time 5m 07s       fid50k_full 292.2378
tick 5     kimg 20.6     time 39m 09s      sec/tick 82.8    sec/kimg 20.21   maintenance 343.4  gpumem 7.1   augment 0.019
Evaluating metrics...
network-snapshot-000020        time 5m 06s       fid50k_full 306.9297
tick 6     kimg 24.7     time 46m 01s      sec/tick 83.6    sec/kimg 20.41   maintenance 328.2  gpumem 7.1   augment 0.040
Evaluating metrics...
network-snapshot-000024        time 5m 08s       fid50k_full 306.1878
tick 7     kimg 28.8     time 52m 50s      sec/tick 83.1    sec/kimg 20.30   maintenance 326.1  gpumem 7.1   augment 0.042
Evaluating metrics...
network-snapshot-000028        time 5m 06s       fid50k_full 314.7175
tick 8     kimg 32.9     time 59m 34s      sec/tick 82.6    sec/kimg 20.16   maintenance 321.3  gpumem 7.1   augment 0.063
Evaluating metrics...
network-snapshot-000032        time 5m 09s       fid50k_full 314.1510
tick 9     kimg 37.0     time 1h 06m 21s   sec/tick 83.3    sec/kimg 20.33   maintenance 323.5  gpumem 7.1   augment 0.063
Evaluating metrics...
network-snapshot-000036        time 5m 07s       fid50k_full 306.8996
tick 10    kimg 41.1     time 1h 13m 09s   sec/tick 82.8    sec/kimg 20.21   maintenance 325.1  gpumem 7.1   augment 0.081
Evaluating metrics...
network-snapshot-000041        time 5m 05s       fid50k_full 301.3574
tick 11    kimg 45.2     time 1h 19m 51s   sec/tick 82.9    sec/kimg 20.23   maintenance 318.7  gpumem 7.1   augment 0.111
Evaluating metrics...
network-snapshot-000045        time 5m 05s       fid50k_full 295.5082
tick 12    kimg 49.3     time 1h 26m 32s   sec/tick 83.5    sec/kimg 20.38   maintenance 318.4  gpumem 7.1   augment 0.134
Evaluating metrics...
network-snapshot-000049        time 5m 09s       fid50k_full 288.9067
tick 13    kimg 53.4     time 1h 33m 18s   sec/tick 82.8    sec/kimg 20.23   maintenance 322.4  gpumem 7.1   augment 0.132
Evaluating metrics...
network-snapshot-000053        time 5m 05s       fid50k_full 284.3231
tick 14    kimg 57.5     time 1h 40m 01s   sec/tick 83.7    sec/kimg 20.42   maintenance 319.3  gpumem 7.1   augment 0.142
Evaluating metrics...
network-snapshot-000057        time 5m 06s       fid50k_full 283.2709
tick 15    kimg 61.6     time 1h 46m 43s   sec/tick 82.9    sec/kimg 20.25   maintenance 319.3  gpumem 7.1   augment 0.175
Evaluating metrics...
network-snapshot-000061        time 5m 05s       fid50k_full 282.7596
tick 16    kimg 65.7     time 1h 53m 25s   sec/tick 83.3    sec/kimg 20.35   maintenance 319.0  gpumem 7.1   augment 0.193
Evaluating metrics...
network-snapshot-000065        time 5m 09s       fid50k_full 278.1061
tick 17    kimg 69.8     time 2h 00m 17s   sec/tick 85.9    sec/kimg 20.98   maintenance 325.5  gpumem 7.1   augment 0.216
Evaluating metrics...
network-snapshot-000069        time 5m 06s       fid50k_full 280.6492
tick 18    kimg 73.9     time 2h 07m 01s   sec/tick 83.4    sec/kimg 20.35   maintenance 320.7  gpumem 7.1   augment 0.242
Evaluating metrics...
network-snapshot-000073        time 5m 05s       fid50k_full 280.9420
tick 19    kimg 78.0     time 2h 13m 44s   sec/tick 84.0    sec/kimg 20.50   maintenance 319.1  gpumem 7.1   augment 0.206
Evaluating metrics...
network-snapshot-000077        time 5m 06s       fid50k_full 286.0151
tick 20    kimg 82.0     time 2h 20m 27s   sec/tick 83.3    sec/kimg 20.34   maintenance 319.6  gpumem 7.1   augment 0.188
Evaluating metrics...
network-snapshot-000082        time 5m 10s       fid50k_full 289.6047
tick 21    kimg 86.1     time 2h 27m 14s   sec/tick 83.7    sec/kimg 20.44   maintenance 323.7  gpumem 7.1   augment 0.191
Evaluating metrics...
network-snapshot-000086        time 5m 06s       fid50k_full 294.6997
tick 22    kimg 90.2     time 2h 33m 58s   sec/tick 83.4    sec/kimg 20.37   maintenance 320.7  gpumem 7.1   augment 0.206
Evaluating metrics...
network-snapshot-000090        time 5m 06s       fid50k_full 293.5621
tick 23    kimg 94.3     time 2h 40m 42s   sec/tick 83.5    sec/kimg 20.39   maintenance 320.5  gpumem 7.1   augment 0.219
Evaluating metrics...
network-snapshot-000094        time 5m 06s       fid50k_full 298.4146
tick 24    kimg 98.4     time 2h 47m 28s   sec/tick 83.2    sec/kimg 20.32   maintenance 322.1  gpumem 7.1   augment 0.229
Evaluating metrics...
network-snapshot-000098        time 5m 05s       fid50k_full 298.5151
tick 25    kimg 102.5    time 2h 54m 12s   sec/tick 83.3    sec/kimg 20.34   maintenance 321.1  gpumem 7.1   augment 0.250
Evaluating metrics...
network-snapshot-000102        time 5m 06s       fid50k_full 296.1665
tick 26    kimg 106.6    time 3h 01m 03s   sec/tick 86.9    sec/kimg 21.20   maintenance 323.8  gpumem 7.1   augment 0.232
Evaluating metrics...
network-snapshot-000106        time 5m 12s       fid50k_full 291.6347
tick 27    kimg 110.7    time 3h 07m 54s   sec/tick 83.2    sec/kimg 20.32   maintenance 328.5  gpumem 7.1   augment 0.242
Evaluating metrics...
network-snapshot-000110        time 5m 06s       fid50k_full 284.8747
tick 28    kimg 114.8    time 3h 14m 40s   sec/tick 84.3    sec/kimg 20.58   maintenance 321.1  gpumem 7.1   augment 0.255
Evaluating metrics...
network-snapshot-000114        time 5m 06s       fid50k_full 286.9913
tick 29    kimg 118.9    time 3h 21m 25s   sec/tick 83.4    sec/kimg 20.35   maintenance 321.5  gpumem 7.1   augment 0.270
Evaluating metrics...
network-snapshot-000118        time 5m 07s       fid50k_full 286.2905
tick 30    kimg 123.0    time 3h 28m 10s   sec/tick 83.8    sec/kimg 20.47   maintenance 322.0  gpumem 7.1   augment 0.293
Evaluating metrics...
network-snapshot-000123        time 5m 07s       fid50k_full 291.5258
tick 31    kimg 127.1    time 3h 34m 58s   sec/tick 83.5    sec/kimg 20.38   maintenance 323.7  gpumem 7.1   augment 0.283
Evaluating metrics...
network-snapshot-000127        time 5m 06s       fid50k_full 289.2925
tick 32    kimg 131.2    time 3h 41m 44s   sec/tick 83.4    sec/kimg 20.37   maintenance 322.4  gpumem 7.1   augment 0.293
Evaluating metrics...
network-snapshot-000131        time 5m 05s       fid50k_full 287.6561
tick 33    kimg 135.3    time 3h 48m 31s   sec/tick 84.4    sec/kimg 20.59   maintenance 323.5  gpumem 7.1   augment 0.275
Evaluating metrics...
network-snapshot-000135        time 5m 06s       fid50k_full 274.3132
tick 34    kimg 139.4    time 3h 55m 19s   sec/tick 83.4    sec/kimg 20.37   maintenance 324.2  gpumem 7.1   augment 0.291
Evaluating metrics...
network-snapshot-000139        time 5m 12s       fid50k_full 271.0592
tick 35    kimg 143.5    time 4h 02m 14s   sec/tick 83.9    sec/kimg 20.49   maintenance 330.7  gpumem 7.1   augment 0.291
Evaluating metrics...
network-snapshot-000143        time 5m 06s       fid50k_full 269.5624
tick 36    kimg 147.6    time 4h 09m 02s   sec/tick 83.5    sec/kimg 20.38   maintenance 324.4  gpumem 7.1   augment 0.275
Evaluating metrics...
network-snapshot-000147        time 5m 06s       fid50k_full 285.4397
tick 37    kimg 151.7    time 4h 15m 50s   sec/tick 83.8    sec/kimg 20.46   maintenance 324.4  gpumem 7.1   augment 0.273
Evaluating metrics...
network-snapshot-000151        time 5m 06s       fid50k_full 304.7286
tick 38    kimg 155.8    time 4h 22m 39s   sec/tick 83.4    sec/kimg 20.37   maintenance 326.1  gpumem 7.1   augment 0.278
Evaluating metrics...
network-snapshot-000155        time 5m 05s       fid50k_full 308.8431
tick 39    kimg 159.9    time 4h 29m 26s   sec/tick 83.5    sec/kimg 20.38   maintenance 323.6  gpumem 7.1   augment 0.293
Evaluating metrics...
network-snapshot-000159        time 5m 06s       fid50k_full 306.0267
tick 40    kimg 164.0    time 4h 36m 14s   sec/tick 84.0    sec/kimg 20.50   maintenance 323.2  gpumem 7.1   augment 0.303
Evaluating metrics...
network-snapshot-000163        time 5m 06s       fid50k_full 303.2984
tick 41    kimg 168.1    time 4h 43m 00s   sec/tick 83.5    sec/kimg 20.39   maintenance 323.3  gpumem 7.1   augment 0.301
Evaluating metrics...
network-snapshot-000168        time 5m 06s       fid50k_full 301.4227
tick 42    kimg 172.2    time 4h 49m 48s   sec/tick 84.0    sec/kimg 20.52   maintenance 323.3  gpumem 7.1   augment 0.291
Evaluating metrics...
network-snapshot-000172        time 5m 06s       fid50k_full 299.3092
tick 43    kimg 176.3    time 4h 56m 35s   sec/tick 83.4    sec/kimg 20.37   maintenance 323.5  gpumem 7.1   augment 0.296
Evaluating metrics...
network-snapshot-000176        time 5m 14s       fid50k_full 300.8506
tick 44    kimg 180.4    time 5h 03m 29s   sec/tick 83.7    sec/kimg 20.43   maintenance 331.0  gpumem 7.1   augment 0.280
Evaluating metrics...
network-snapshot-000180        time 5m 06s       fid50k_full 301.2002
tick 45    kimg 184.4    time 5h 10m 17s   sec/tick 83.6    sec/kimg 20.42   maintenance 324.6  gpumem 7.1   augment 0.298
Evaluating metrics...
network-snapshot-000184        time 5m 05s       fid50k_full 285.8875
tick 46    kimg 188.5    time 5h 17m 06s   sec/tick 83.7    sec/kimg 20.43   maintenance 324.5  gpumem 7.1   augment 0.308
Evaluating metrics...
network-snapshot-000188        time 5m 06s       fid50k_full 257.1491
tick 47    kimg 192.6    time 5h 23m 56s   sec/tick 84.0    sec/kimg 20.50   maintenance 326.3  gpumem 7.1   augment 0.319
Evaluating metrics...
network-snapshot-000192        time 5m 06s       fid50k_full 244.7057
tick 48    kimg 196.7    time 5h 30m 46s   sec/tick 83.5    sec/kimg 20.39   maintenance 326.8  gpumem 7.1   augment 0.324
Evaluating metrics...
network-snapshot-000196        time 5m 06s       fid50k_full 247.6896
tick 49    kimg 200.8    time 5h 37m 38s   sec/tick 84.1    sec/kimg 20.54   maintenance 327.9  gpumem 7.1   augment 0.326
Evaluating metrics...
network-snapshot-000200        time 5m 06s       fid50k_full 238.7711
tick 50    kimg 204.9    time 5h 44m 30s   sec/tick 83.6    sec/kimg 20.41   maintenance 327.8  gpumem 7.1   augment 0.293
Evaluating metrics...
network-snapshot-000204        time 5m 06s       fid50k_full 241.5229
tick 51    kimg 209.0    time 5h 51m 22s   sec/tick 83.9    sec/kimg 20.48   maintenance 328.3  gpumem 7.1   augment 0.273
Evaluating metrics...
network-snapshot-000209        time 5m 06s       fid50k_full 247.9720
tick 52    kimg 213.1    time 5h 58m 15s   sec/tick 83.4    sec/kimg 20.36   maintenance 329.9  gpumem 7.1   augment 0.257
Evaluating metrics...
network-snapshot-000213        time 5m 06s       fid50k_full 250.3582
tick 53    kimg 217.2    time 6h 05m 07s   sec/tick 83.7    sec/kimg 20.44   maintenance 328.2  gpumem 7.1   augment 0.250
Evaluating metrics...
network-snapshot-000217        time 5m 06s       fid50k_full 251.1185
tick 54    kimg 221.3    time 6h 12m 00s   sec/tick 84.4    sec/kimg 20.60   maintenance 328.0  gpumem 7.1   augment 0.250
Evaluating metrics...
network-snapshot-000221        time 5m 06s       fid50k_full 253.3937
tick 55    kimg 225.4    time 6h 18m 49s   sec/tick 83.4    sec/kimg 20.35   maintenance 326.5  gpumem 7.1   augment 0.262
Evaluating metrics...
network-snapshot-000225        time 5m 17s       fid50k_full 251.6807
tick 56    kimg 229.5    time 6h 25m 50s   sec/tick 84.0    sec/kimg 20.51   maintenance 336.3  gpumem 7.1   augment 0.265
Evaluating metrics...
network-snapshot-000229        time 5m 05s       fid50k_full 251.1442
tick 57    kimg 233.6    time 6h 32m 39s   sec/tick 83.6    sec/kimg 20.40   maintenance 325.2  gpumem 7.1   augment 0.285
Evaluating metrics...
network-snapshot-000233        time 5m 07s       fid50k_full 250.1469
tick 58    kimg 237.7    time 6h 39m 30s   sec/tick 83.9    sec/kimg 20.49   maintenance 327.6  gpumem 7.1   augment 0.303
Evaluating metrics...
network-snapshot-000237        time 5m 06s       fid50k_full 251.7371
tick 59    kimg 241.8    time 6h 46m 20s   sec/tick 83.4    sec/kimg 20.36   maintenance 326.2  gpumem 7.1   augment 0.311
Evaluating metrics...
network-snapshot-000241        time 5m 07s       fid50k_full 251.0538
tick 60    kimg 245.9    time 6h 53m 11s   sec/tick 83.7    sec/kimg 20.43   maintenance 327.5  gpumem 7.1   augment 0.319
Evaluating metrics...
network-snapshot-000245        time 5m 06s       fid50k_full 249.1719
tick 61    kimg 250.0    time 7h 00m 01s   sec/tick 84.1    sec/kimg 20.53   maintenance 326.3  gpumem 7.1   augment 0.293
Evaluating metrics...
network-snapshot-000249        time 5m 05s       fid50k_full 251.2107
tick 62    kimg 254.1    time 7h 06m 49s   sec/tick 83.4    sec/kimg 20.36   maintenance 324.2  gpumem 7.1   augment 0.270
Evaluating metrics...
network-snapshot-000254        time 5m 06s       fid50k_full 257.1666
tick 63    kimg 258.2    time 7h 13m 37s   sec/tick 83.9    sec/kimg 20.48   maintenance 324.6  gpumem 7.1   augment 0.288
Evaluating metrics...
network-snapshot-000258        time 5m 06s       fid50k_full 257.7929
tick 64    kimg 262.3    time 7h 20m 25s   sec/tick 83.5    sec/kimg 20.39   maintenance 324.6  gpumem 7.1   augment 0.293
Evaluating metrics...
network-snapshot-000262        time 5m 06s       fid50k_full 260.0795
tick 65    kimg 266.4    time 7h 27m 14s   sec/tick 84.0    sec/kimg 20.50   maintenance 325.2  gpumem 7.1   augment 0.288
Evaluating metrics...
network-snapshot-000266        time 5m 06s       fid50k_full 264.2483
tick 66    kimg 270.5    time 7h 34m 05s   sec/tick 83.5    sec/kimg 20.37   maintenance 327.3  gpumem 7.1   augment 0.288
Evaluating metrics...
network-snapshot-000270        time 5m 05s       fid50k_full 266.1961
tick 67    kimg 274.6    time 7h 40m 53s   sec/tick 83.4    sec/kimg 20.37   maintenance 324.8  gpumem 7.1   augment 0.275
Evaluating metrics...
network-snapshot-000274        time 5m 07s       fid50k_full 269.1991
tick 68    kimg 278.7    time 7h 47m 45s   sec/tick 84.6    sec/kimg 20.64   maintenance 327.3  gpumem 7.1   augment 0.285
Evaluating metrics...
network-snapshot-000278        time 5m 07s       fid50k_full 268.3864
tick 69    kimg 282.8    time 7h 54m 35s   sec/tick 83.7    sec/kimg 20.44   maintenance 325.9  gpumem 7.1   augment 0.298
Evaluating metrics...
network-snapshot-000282        time 5m 19s       fid50k_full 267.9014
tick 70    kimg 286.8    time 8h 01m 38s   sec/tick 83.9    sec/kimg 20.49   maintenance 338.6  gpumem 7.1   augment 0.296
Evaluating metrics...
network-snapshot-000286        time 5m 06s       fid50k_full 268.7096
tick 71    kimg 290.9    time 8h 08m 27s   sec/tick 83.5    sec/kimg 20.39   maintenance 325.7  gpumem 7.1   augment 0.285
Evaluating metrics...
network-snapshot-000290        time 5m 06s       fid50k_full 269.8258
tick 72    kimg 295.0    time 8h 15m 17s   sec/tick 83.9    sec/kimg 20.48   maintenance 326.1  gpumem 7.1   augment 0.293
Evaluating metrics...
network-snapshot-000295        time 5m 06s       fid50k_full 269.2240
tick 73    kimg 299.1    time 8h 22m 07s   sec/tick 83.7    sec/kimg 20.43   maintenance 326.3  gpumem 7.1   augment 0.311
Evaluating metrics...
network-snapshot-000299        time 5m 06s       fid50k_full 267.9256
tick 74    kimg 303.2    time 8h 28m 56s   sec/tick 83.6    sec/kimg 20.40   maintenance 326.1  gpumem 7.1   augment 0.316
Evaluating metrics...
network-snapshot-000303        time 5m 06s       fid50k_full 261.2670
tick 75    kimg 307.3    time 8h 35m 50s   sec/tick 84.1    sec/kimg 20.53   maintenance 329.2  gpumem 7.1   augment 0.319
Evaluating metrics...
network-snapshot-000307        time 5m 06s       fid50k_full 267.8624
tick 76    kimg 311.4    time 8h 42m 41s   sec/tick 83.5    sec/kimg 20.40   maintenance 327.5  gpumem 7.1   augment 0.319
Evaluating metrics...
network-snapshot-000311        time 5m 06s       fid50k_full 265.3716
tick 77    kimg 315.5    time 8h 49m 34s   sec/tick 84.5    sec/kimg 20.63   maintenance 329.0  gpumem 7.1   augment 0.324
Evaluating metrics...
network-snapshot-000315        time 5m 06s       fid50k_full 264.4655
tick 78    kimg 319.6    time 8h 56m 26s   sec/tick 83.7    sec/kimg 20.43   maintenance 328.6  gpumem 7.1   augment 0.337
Evaluating metrics...
network-snapshot-000319        time 5m 06s       fid50k_full 269.9042
tick 79    kimg 323.7    time 9h 03m 19s   sec/tick 84.0    sec/kimg 20.51   maintenance 328.8  gpumem 7.1   augment 0.332
Evaluating metrics...
network-snapshot-000323        time 5m 06s       fid50k_full 269.9561
tick 80    kimg 327.8    time 9h 10m 13s   sec/tick 83.6    sec/kimg 20.41   maintenance 330.6  gpumem 7.1   augment 0.339
Evaluating metrics...
network-snapshot-000327        time 5m 06s       fid50k_full 269.0570
tick 81    kimg 331.9    time 9h 17m 06s   sec/tick 83.5    sec/kimg 20.39   maintenance 328.9  gpumem 7.1   augment 0.342
Evaluating metrics...
network-snapshot-000331        time 5m 06s       fid50k_full 266.5360
tick 82    kimg 336.0    time 9h 23m 59s   sec/tick 84.2    sec/kimg 20.56   maintenance 328.8  gpumem 7.1   augment 0.339
Evaluating metrics...
network-snapshot-000336        time 5m 06s       fid50k_full 262.5711
tick 83    kimg 340.1    time 9h 30m 52s   sec/tick 84.0    sec/kimg 20.50   maintenance 329.0  gpumem 7.1   augment 0.337
Evaluating metrics...
network-snapshot-000340        time 5m 06s       fid50k_full 268.9400
tick 84    kimg 344.2    time 9h 37m 44s   sec/tick 84.2    sec/kimg 20.55   maintenance 328.3  gpumem 7.1   augment 0.342
Evaluating metrics...
network-snapshot-000344        time 5m 06s       fid50k_full 273.9808
tick 85    kimg 348.3    time 9h 44m 36s   sec/tick 83.7    sec/kimg 20.43   maintenance 328.4  gpumem 7.1   augment 0.349
Evaluating metrics...
network-snapshot-000348        time 5m 06s       fid50k_full 278.1327
tick 86    kimg 352.4    time 9h 51m 30s   sec/tick 84.2    sec/kimg 20.55   maintenance 329.5  gpumem 7.1   augment 0.349
Evaluating metrics...
network-snapshot-000352        time 5m 06s       fid50k_full 271.6123
tick 87    kimg 356.5    time 9h 58m 31s   sec/tick 83.8    sec/kimg 20.46   maintenance 337.0  gpumem 7.1   augment 0.357
Evaluating metrics...
network-snapshot-000356        time 5m 24s       fid50k_full 270.0693
tick 88    kimg 360.6    time 10h 05m 42s  sec/tick 83.8    sec/kimg 20.45   maintenance 347.6  gpumem 7.1   augment 0.352
Evaluating metrics...
network-snapshot-000360        time 5m 06s       fid50k_full 268.2667
tick 89    kimg 364.7    time 10h 12m 36s  sec/tick 84.5    sec/kimg 20.62   maintenance 329.7  gpumem 7.1   augment 0.334
Evaluating metrics...
network-snapshot-000364        time 5m 06s       fid50k_full 267.0870
tick 90    kimg 368.8    time 10h 19m 29s  sec/tick 83.7    sec/kimg 20.43   maintenance 329.4  gpumem 7.1   augment 0.344
Evaluating metrics...
network-snapshot-000368        time 5m 06s       fid50k_full 267.5789
tick 91    kimg 372.9    time 10h 26m 22s  sec/tick 84.5    sec/kimg 20.64   maintenance 328.6  gpumem 7.1   augment 0.349
Evaluating metrics...
network-snapshot-000372        time 5m 06s       fid50k_full 272.4575
tick 92    kimg 377.0    time 10h 33m 13s  sec/tick 83.6    sec/kimg 20.42   maintenance 326.9  gpumem 7.1   augment 0.349
Evaluating metrics...
network-snapshot-000376        time 5m 06s       fid50k_full 262.4471
tick 93    kimg 381.1    time 10h 40m 05s  sec/tick 84.2    sec/kimg 20.57   maintenance 328.3  gpumem 7.1   augment 0.352
Evaluating metrics...
network-snapshot-000381        time 5m 06s       fid50k_full 260.7650
tick 94    kimg 385.2    time 10h 47m 03s  sec/tick 83.7    sec/kimg 20.43   maintenance 333.5  gpumem 7.1   augment 0.344
Evaluating metrics...
network-snapshot-000385        time 5m 06s       fid50k_full 258.9020
tick 95    kimg 389.2    time 10h 53m 55s  sec/tick 83.6    sec/kimg 20.41   maintenance 328.8  gpumem 7.1   augment 0.357
Evaluating metrics...
network-snapshot-000389        time 5m 06s       fid50k_full 256.6146
tick 96    kimg 393.3    time 11h 00m 48s  sec/tick 84.9    sec/kimg 20.72   maintenance 328.1  gpumem 7.1   augment 0.360
Evaluating metrics...
network-snapshot-000393        time 5m 06s       fid50k_full 261.4936
tick 97    kimg 397.4    time 11h 07m 43s  sec/tick 83.7    sec/kimg 20.42   maintenance 331.3  gpumem 7.1   augment 0.357
Evaluating metrics...
network-snapshot-000397        time 5m 06s       fid50k_full 266.0278
tick 98    kimg 401.5    time 11h 14m 37s  sec/tick 84.8    sec/kimg 20.71   maintenance 329.1  gpumem 7.1   augment 0.347
Evaluating metrics...
network-snapshot-000401        time 5m 06s       fid50k_full 267.4128
tick 99    kimg 405.6    time 11h 21m 32s  sec/tick 83.8    sec/kimg 20.45   maintenance 331.5  gpumem 7.1   augment 0.339
Evaluating metrics...
network-snapshot-000405        time 5m 07s       fid50k_full 266.5876
tick 100   kimg 409.7    time 11h 28m 26s  sec/tick 84.3    sec/kimg 20.59   maintenance 329.8  gpumem 7.1   augment 0.337
Evaluating metrics...
network-snapshot-000409        time 5m 07s       fid50k_full 265.0594
tick 101   kimg 413.8    time 11h 35m 22s  sec/tick 83.7    sec/kimg 20.43   maintenance 332.2  gpumem 7.1   augment 0.332
Evaluating metrics...
network-snapshot-000413        time 5m 06s       fid50k_full 264.8793
tick 102   kimg 417.9    time 11h 42m 20s  sec/tick 87.0    sec/kimg 21.25   maintenance 330.6  gpumem 7.1   augment 0.332
Evaluating metrics...
network-snapshot-000417        time 5m 11s       fid50k_full 264.7107
tick 103   kimg 422.0    time 11h 49m 21s  sec/tick 85.0    sec/kimg 20.75   maintenance 336.3  gpumem 7.1   augment 0.334
Evaluating metrics...
network-snapshot-000422        time 5m 09s       fid50k_full 263.6234
tick 104   kimg 426.1    time 11h 56m 19s  sec/tick 83.6    sec/kimg 20.42   maintenance 333.7  gpumem 7.1   augment 0.352
Evaluating metrics...
