/lustre/work/chaselab/malyetama/ADA_Project
Tensorflow version: 1.14.0
4738
Raw: 4738, Resized: 4738
/work/chaselab/malyetama/ADA_Project/training_runs/AFHQ-WILD_training-runs/00003-AFHQ-WILD_custom-auto2-resumecustom/network-snapshot-003235.pkl
Sat Mar 20 16:15:32 2021       
+-----------------------------------------------------------------------------+
| NVIDIA-SMI 450.51.06    Driver Version: 450.51.06    CUDA Version: 11.0     |
|-------------------------------+----------------------+----------------------+
| GPU  Name        Persistence-M| Bus-Id        Disp.A | Volatile Uncorr. ECC |
| Fan  Temp  Perf  Pwr:Usage/Cap|         Memory-Usage | GPU-Util  Compute M. |
|                               |                      |               MIG M. |
|===============================+======================+======================|
|   0  Tesla V100-PCIE...  On   | 00000000:5E:00.0 Off |                    0 |
| N/A   45C    P0    38W / 250W |    311MiB / 32510MiB |      0%      Default |
|                               |                      |                  N/A |
+-------------------------------+----------------------+----------------------+
|   1  Tesla V100-PCIE...  On   | 00000000:D8:00.0 Off |                    0 |
| N/A   46C    P0    40W / 250W |    311MiB / 32510MiB |      0%      Default |
|                               |                      |                  N/A |
+-------------------------------+----------------------+----------------------+
                                                                               
+-----------------------------------------------------------------------------+
| Processes:                                                                  |
|  GPU   GI   CI        PID   Type   Process name                  GPU Memory |
|        ID   ID                                                   Usage      |
|=============================================================================|
|    0   N/A  N/A     45761      C   ...a/envs/ada-env/bin/python      307MiB |
|    1   N/A  N/A     45761      C   ...a/envs/ada-env/bin/python      307MiB |
+-----------------------------------------------------------------------------+

Training options:
{
  "G_args": {
    "func_name": "training.networks.G_main",
    "fmap_base": 8192,
    "fmap_max": 512,
    "mapping_layers": 2,
    "num_fp16_res": 4,
    "conv_clamp": 256
  },
  "D_args": {
    "func_name": "training.networks.D_main",
    "mbstd_group_size": 4,
    "fmap_base": 8192,
    "fmap_max": 512,
    "num_fp16_res": 4,
    "conv_clamp": 256
  },
  "G_opt_args": {
    "beta1": 0.0,
    "beta2": 0.99,
    "learning_rate": 0.0025
  },
  "D_opt_args": {
    "beta1": 0.0,
    "beta2": 0.99,
    "learning_rate": 0.0025
  },
  "loss_args": {
    "func_name": "training.loss.stylegan2",
    "r1_gamma": 0.4096
  },
  "augment_args": {
    "class_name": "training.augment.AdaptiveAugment",
    "tune_heuristic": "rt",
    "tune_target": 0.6,
    "apply_func": "training.augment.augment_pipeline",
    "apply_args": {
      "xflip": 1,
      "rotate90": 1,
      "xint": 1,
      "scale": 1,
      "rotate": 1,
      "aniso": 1,
      "xfrac": 1,
      "brightness": 1,
      "contrast": 1,
      "lumaflip": 1,
      "hue": 1,
      "saturation": 1
    },
    "tune_kimg": 100
  },
  "num_gpus": 2,
  "image_snapshot_ticks": 10,
  "network_snapshot_ticks": 10,
  "train_dataset_args": {
    "path": "/work/chaselab/malyetama/ADA_Project/datasets/AFHQ-WILD_custom",
    "max_label_size": 0,
    "resolution": 256,
    "mirror_augment": false
  },
  "metric_arg_list": [
    {
      "name": "fid50k_full",
      "class_name": "metrics.frechet_inception_distance.FID",
      "max_reals": null,
      "num_fakes": 50000,
      "minibatch_per_gpu": 8,
      "force_dataset_args": {
        "shuffle": false,
        "max_images": null,
        "repeat": false,
        "mirror_augment": false
      }
    }
  ],
  "metric_dataset_args": {
    "path": "/work/chaselab/malyetama/ADA_Project/datasets/AFHQ-WILD_custom",
    "max_label_size": 0,
    "resolution": 256,
    "mirror_augment": false
  },
  "total_kimg": 25000,
  "minibatch_size": 32,
  "minibatch_gpu": 16,
  "G_smoothing_kimg": 10.0,
  "G_smoothing_rampup": null,
  "resume_pkl": "/work/chaselab/malyetama/ADA_Project/training_runs/AFHQ-WILD_training-runs/00003-AFHQ-WILD_custom-auto2-resumecustom/network-snapshot-003235.pkl",
  "run_dir": "/work/chaselab/malyetama/ADA_Project/training_runs/AFHQ-WILD_training-runs/00004-AFHQ-WILD_custom-auto2-resumecustom"
}

Output directory:  /work/chaselab/malyetama/ADA_Project/training_runs/AFHQ-WILD_training-runs/00004-AFHQ-WILD_custom-auto2-resumecustom
Training data:     /work/chaselab/malyetama/ADA_Project/datasets/AFHQ-WILD_custom
Training length:   25000 kimg
Resolution:        256
Number of GPUs:    2

Dry run; exiting.

Training options:
{
  "G_args": {
    "func_name": "training.networks.G_main",
    "fmap_base": 8192,
    "fmap_max": 512,
    "mapping_layers": 2,
    "num_fp16_res": 4,
    "conv_clamp": 256
  },
  "D_args": {
    "func_name": "training.networks.D_main",
    "mbstd_group_size": 4,
    "fmap_base": 8192,
    "fmap_max": 512,
    "num_fp16_res": 4,
    "conv_clamp": 256
  },
  "G_opt_args": {
    "beta1": 0.0,
    "beta2": 0.99,
    "learning_rate": 0.0025
  },
  "D_opt_args": {
    "beta1": 0.0,
    "beta2": 0.99,
    "learning_rate": 0.0025
  },
  "loss_args": {
    "func_name": "training.loss.stylegan2",
    "r1_gamma": 0.4096
  },
  "augment_args": {
    "class_name": "training.augment.AdaptiveAugment",
    "tune_heuristic": "rt",
    "tune_target": 0.6,
    "apply_func": "training.augment.augment_pipeline",
    "apply_args": {
      "xflip": 1,
      "rotate90": 1,
      "xint": 1,
      "scale": 1,
      "rotate": 1,
      "aniso": 1,
      "xfrac": 1,
      "brightness": 1,
      "contrast": 1,
      "lumaflip": 1,
      "hue": 1,
      "saturation": 1
    },
    "tune_kimg": 100
  },
  "num_gpus": 2,
  "image_snapshot_ticks": 10,
  "network_snapshot_ticks": 10,
  "train_dataset_args": {
    "path": "/work/chaselab/malyetama/ADA_Project/datasets/AFHQ-WILD_custom",
    "max_label_size": 0,
    "resolution": 256,
    "mirror_augment": false
  },
  "metric_arg_list": [
    {
      "name": "fid50k_full",
      "class_name": "metrics.frechet_inception_distance.FID",
      "max_reals": null,
      "num_fakes": 50000,
      "minibatch_per_gpu": 8,
      "force_dataset_args": {
        "shuffle": false,
        "max_images": null,
        "repeat": false,
        "mirror_augment": false
      }
    }
  ],
  "metric_dataset_args": {
    "path": "/work/chaselab/malyetama/ADA_Project/datasets/AFHQ-WILD_custom",
    "max_label_size": 0,
    "resolution": 256,
    "mirror_augment": false
  },
  "total_kimg": 25000,
  "minibatch_size": 32,
  "minibatch_gpu": 16,
  "G_smoothing_kimg": 10.0,
  "G_smoothing_rampup": null,
  "resume_pkl": "/work/chaselab/malyetama/ADA_Project/training_runs/AFHQ-WILD_training-runs/00003-AFHQ-WILD_custom-auto2-resumecustom/network-snapshot-003235.pkl",
  "run_dir": "/work/chaselab/malyetama/ADA_Project/training_runs/AFHQ-WILD_training-runs/00004-AFHQ-WILD_custom-auto2-resumecustom"
}

Output directory:  /work/chaselab/malyetama/ADA_Project/training_runs/AFHQ-WILD_training-runs/00004-AFHQ-WILD_custom-auto2-resumecustom
Training data:     /work/chaselab/malyetama/ADA_Project/datasets/AFHQ-WILD_custom
Training length:   25000 kimg
Resolution:        256
Number of GPUs:    2

Creating output directory...
Loading training set...
Image shape: [3, 256, 256]
Label shape: [0]

Constructing networks...
Setting up TensorFlow plugin "fused_bias_act.cu": Loading... Done.
Setting up TensorFlow plugin "upfirdn_2d.cu": Loading... Done.
Resuming from "/work/chaselab/malyetama/ADA_Project/training_runs/AFHQ-WILD_training-runs/00003-AFHQ-WILD_custom-auto2-resumecustom/network-snapshot-003235.pkl"

G                             Params    OutputShape         WeightShape     
---                           ---       ---                 ---             
latents_in                    -         (?, 512)            -               
labels_in                     -         (?, 0)              -               
G_mapping/Normalize           -         (?, 512)            -               
G_mapping/Dense0              262656    (?, 512)            (512, 512)      
G_mapping/Dense1              262656    (?, 512)            (512, 512)      
G_mapping/Broadcast           -         (?, 14, 512)        -               
dlatent_avg                   -         (512,)              -               
Truncation/Lerp               -         (?, 14, 512)        -               
G_synthesis/4x4/Const         8192      (?, 512, 4, 4)      (1, 512, 4, 4)  
G_synthesis/4x4/Conv          2622465   (?, 512, 4, 4)      (3, 3, 512, 512)
G_synthesis/4x4/ToRGB         264195    (?, 3, 4, 4)        (1, 1, 512, 3)  
G_synthesis/8x8/Conv0_up      2622465   (?, 512, 8, 8)      (3, 3, 512, 512)
G_synthesis/8x8/Conv1         2622465   (?, 512, 8, 8)      (3, 3, 512, 512)
G_synthesis/8x8/Upsample      -         (?, 3, 8, 8)        -               
G_synthesis/8x8/ToRGB         264195    (?, 3, 8, 8)        (1, 1, 512, 3)  
G_synthesis/16x16/Conv0_up    2622465   (?, 512, 16, 16)    (3, 3, 512, 512)
G_synthesis/16x16/Conv1       2622465   (?, 512, 16, 16)    (3, 3, 512, 512)
G_synthesis/16x16/Upsample    -         (?, 3, 16, 16)      -               
G_synthesis/16x16/ToRGB       264195    (?, 3, 16, 16)      (1, 1, 512, 3)  
G_synthesis/32x32/Conv0_up    2622465   (?, 512, 32, 32)    (3, 3, 512, 512)
G_synthesis/32x32/Conv1       2622465   (?, 512, 32, 32)    (3, 3, 512, 512)
G_synthesis/32x32/Upsample    -         (?, 3, 32, 32)      -               
G_synthesis/32x32/ToRGB       264195    (?, 3, 32, 32)      (1, 1, 512, 3)  
G_synthesis/64x64/Conv0_up    1442561   (?, 256, 64, 64)    (3, 3, 512, 256)
G_synthesis/64x64/Conv1       721409    (?, 256, 64, 64)    (3, 3, 256, 256)
G_synthesis/64x64/Upsample    -         (?, 3, 64, 64)      -               
G_synthesis/64x64/ToRGB       132099    (?, 3, 64, 64)      (1, 1, 256, 3)  
G_synthesis/128x128/Conv0_up  426369    (?, 128, 128, 128)  (3, 3, 256, 128)
G_synthesis/128x128/Conv1     213249    (?, 128, 128, 128)  (3, 3, 128, 128)
G_synthesis/128x128/Upsample  -         (?, 3, 128, 128)    -               
G_synthesis/128x128/ToRGB     66051     (?, 3, 128, 128)    (1, 1, 128, 3)  
G_synthesis/256x256/Conv0_up  139457    (?, 64, 256, 256)   (3, 3, 128, 64) 
G_synthesis/256x256/Conv1     69761     (?, 64, 256, 256)   (3, 3, 64, 64)  
G_synthesis/256x256/Upsample  -         (?, 3, 256, 256)    -               
G_synthesis/256x256/ToRGB     33027     (?, 3, 256, 256)    (1, 1, 64, 3)   
---                           ---       ---                 ---             
Total                         23191522                                      


D                    Params    OutputShape         WeightShape     
---                  ---       ---                 ---             
images_in            -         (?, 3, 256, 256)    -               
labels_in            -         (?, 0)              -               
256x256/FromRGB      256       (?, 64, 256, 256)   (1, 1, 3, 64)   
256x256/Conv0        36928     (?, 64, 256, 256)   (3, 3, 64, 64)  
256x256/Conv1_down   73856     (?, 128, 128, 128)  (3, 3, 64, 128) 
256x256/Skip         8192      (?, 128, 128, 128)  (1, 1, 64, 128) 
128x128/Conv0        147584    (?, 128, 128, 128)  (3, 3, 128, 128)
128x128/Conv1_down   295168    (?, 256, 64, 64)    (3, 3, 128, 256)
128x128/Skip         32768     (?, 256, 64, 64)    (1, 1, 128, 256)
64x64/Conv0          590080    (?, 256, 64, 64)    (3, 3, 256, 256)
64x64/Conv1_down     1180160   (?, 512, 32, 32)    (3, 3, 256, 512)
64x64/Skip           131072    (?, 512, 32, 32)    (1, 1, 256, 512)
32x32/Conv0          2359808   (?, 512, 32, 32)    (3, 3, 512, 512)
32x32/Conv1_down     2359808   (?, 512, 16, 16)    (3, 3, 512, 512)
32x32/Skip           262144    (?, 512, 16, 16)    (1, 1, 512, 512)
16x16/Conv0          2359808   (?, 512, 16, 16)    (3, 3, 512, 512)
16x16/Conv1_down     2359808   (?, 512, 8, 8)      (3, 3, 512, 512)
16x16/Skip           262144    (?, 512, 8, 8)      (1, 1, 512, 512)
8x8/Conv0            2359808   (?, 512, 8, 8)      (3, 3, 512, 512)
8x8/Conv1_down       2359808   (?, 512, 4, 4)      (3, 3, 512, 512)
8x8/Skip             262144    (?, 512, 4, 4)      (1, 1, 512, 512)
4x4/MinibatchStddev  -         (?, 513, 4, 4)      -               
4x4/Conv             2364416   (?, 512, 4, 4)      (3, 3, 513, 512)
4x4/Dense0           4194816   (?, 512)            (8192, 512)     
Output               513       (?, 1)              (512, 1)        
---                  ---       ---                 ---             
Total                24001089                                      

Exporting sample images...
Replicating networks across 2 GPUs...
Initializing augmentations...
Setting up optimizers...
Constructing training graph...
Finalizing training ops...
Initializing metrics...
Training for 25000 kimg...

tick 0     kimg 0.1      time 2m 47s       sec/tick 43.4    sec/kimg 338.89  maintenance 123.7  gpumem 7.1   augment 0.001
Evaluating metrics...
network-snapshot-000000        time 5m 06s       fid50k_full 3.8412
tick 1     kimg 4.2      time 9m 49s       sec/tick 82.8    sec/kimg 20.21   maintenance 339.5  gpumem 7.1   augment 0.037
tick 2     kimg 8.3      time 11m 12s      sec/tick 83.1    sec/kimg 20.28   maintenance 0.0    gpumem 7.1   augment 0.070
tick 3     kimg 12.4     time 12m 35s      sec/tick 83.0    sec/kimg 20.25   maintenance 0.0    gpumem 7.1   augment 0.104
tick 4     kimg 16.5     time 13m 59s      sec/tick 83.5    sec/kimg 20.38   maintenance 0.0    gpumem 7.1   augment 0.140
tick 5     kimg 20.6     time 15m 23s      sec/tick 83.6    sec/kimg 20.40   maintenance 0.0    gpumem 7.1   augment 0.178
tick 6     kimg 24.7     time 16m 46s      sec/tick 83.7    sec/kimg 20.45   maintenance 0.0    gpumem 7.1   augment 0.216
tick 7     kimg 28.8     time 18m 10s      sec/tick 83.8    sec/kimg 20.46   maintenance 0.0    gpumem 7.1   augment 0.244
tick 8     kimg 32.9     time 19m 34s      sec/tick 83.7    sec/kimg 20.44   maintenance 0.0    gpumem 7.1   augment 0.268
tick 9     kimg 37.0     time 20m 58s      sec/tick 84.0    sec/kimg 20.50   maintenance 0.0    gpumem 7.1   augment 0.296
tick 10    kimg 41.1     time 22m 22s      sec/tick 83.7    sec/kimg 20.43   maintenance 0.1    gpumem 7.1   augment 0.314
Evaluating metrics...
network-snapshot-000041        time 5m 06s       fid50k_full 3.7649
tick 11    kimg 45.2     time 28m 58s      sec/tick 84.0    sec/kimg 20.50   maintenance 312.2  gpumem 7.1   augment 0.332
tick 12    kimg 49.3     time 30m 22s      sec/tick 84.0    sec/kimg 20.50   maintenance 0.0    gpumem 7.1   augment 0.337
tick 13    kimg 53.4     time 31m 46s      sec/tick 83.9    sec/kimg 20.48   maintenance 0.0    gpumem 7.1   augment 0.334
tick 14    kimg 57.5     time 33m 10s      sec/tick 84.0    sec/kimg 20.50   maintenance 0.0    gpumem 7.1   augment 0.334
tick 15    kimg 61.6     time 34m 34s      sec/tick 84.0    sec/kimg 20.51   maintenance 0.0    gpumem 7.1   augment 0.347
tick 16    kimg 65.7     time 35m 58s      sec/tick 84.1    sec/kimg 20.52   maintenance 0.0    gpumem 7.1   augment 0.344
tick 17    kimg 69.8     time 37m 22s      sec/tick 83.9    sec/kimg 20.48   maintenance 0.0    gpumem 7.1   augment 0.344
tick 18    kimg 73.9     time 38m 46s      sec/tick 83.9    sec/kimg 20.48   maintenance 0.1    gpumem 7.1   augment 0.355
tick 19    kimg 78.0     time 40m 10s      sec/tick 84.2    sec/kimg 20.55   maintenance 0.0    gpumem 7.1   augment 0.355
tick 20    kimg 82.0     time 41m 34s      sec/tick 84.1    sec/kimg 20.52   maintenance 0.0    gpumem 7.1   augment 0.349
Evaluating metrics...
network-snapshot-000082        time 5m 07s       fid50k_full 3.9553
tick 21    kimg 86.1     time 48m 11s      sec/tick 84.2    sec/kimg 20.57   maintenance 312.4  gpumem 7.1   augment 0.347
tick 22    kimg 90.2     time 49m 35s      sec/tick 84.0    sec/kimg 20.52   maintenance 0.0    gpumem 7.1   augment 0.349
tick 23    kimg 94.3     time 50m 59s      sec/tick 84.2    sec/kimg 20.56   maintenance 0.0    gpumem 7.1   augment 0.349
tick 24    kimg 98.4     time 52m 23s      sec/tick 84.1    sec/kimg 20.53   maintenance 0.0    gpumem 7.1   augment 0.349
tick 25    kimg 102.5    time 53m 47s      sec/tick 83.8    sec/kimg 20.47   maintenance 0.0    gpumem 7.1   augment 0.352
tick 26    kimg 106.6    time 55m 11s      sec/tick 84.1    sec/kimg 20.53   maintenance 0.0    gpumem 7.1   augment 0.349
tick 27    kimg 110.7    time 56m 36s      sec/tick 84.2    sec/kimg 20.56   maintenance 0.0    gpumem 7.1   augment 0.357
tick 28    kimg 114.8    time 58m 00s      sec/tick 84.2    sec/kimg 20.55   maintenance 0.0    gpumem 7.1   augment 0.362
tick 29    kimg 118.9    time 59m 24s      sec/tick 84.1    sec/kimg 20.54   maintenance 0.0    gpumem 7.1   augment 0.367
tick 30    kimg 123.0    time 1h 00m 48s   sec/tick 84.2    sec/kimg 20.55   maintenance 0.0    gpumem 7.1   augment 0.360
Evaluating metrics...
network-snapshot-000123        time 5m 07s       fid50k_full 3.9714
tick 31    kimg 127.1    time 1h 07m 26s   sec/tick 85.0    sec/kimg 20.74   maintenance 313.0  gpumem 7.1   augment 0.357
tick 32    kimg 131.2    time 1h 08m 50s   sec/tick 83.9    sec/kimg 20.49   maintenance 0.0    gpumem 7.1   augment 0.349
tick 33    kimg 135.3    time 1h 10m 14s   sec/tick 84.2    sec/kimg 20.56   maintenance 0.0    gpumem 7.1   augment 0.352
tick 34    kimg 139.4    time 1h 11m 39s   sec/tick 84.3    sec/kimg 20.58   maintenance 0.0    gpumem 7.1   augment 0.355
tick 35    kimg 143.5    time 1h 13m 03s   sec/tick 84.2    sec/kimg 20.56   maintenance 0.0    gpumem 7.1   augment 0.349
tick 36    kimg 147.6    time 1h 14m 27s   sec/tick 84.1    sec/kimg 20.54   maintenance 0.0    gpumem 7.1   augment 0.355
tick 37    kimg 151.7    time 1h 15m 51s   sec/tick 84.2    sec/kimg 20.55   maintenance 0.0    gpumem 7.1   augment 0.342
tick 38    kimg 155.8    time 1h 17m 16s   sec/tick 84.2    sec/kimg 20.56   maintenance 0.0    gpumem 7.1   augment 0.347
tick 39    kimg 159.9    time 1h 18m 40s   sec/tick 84.2    sec/kimg 20.55   maintenance 0.0    gpumem 7.1   augment 0.349
tick 40    kimg 164.0    time 1h 20m 04s   sec/tick 83.9    sec/kimg 20.47   maintenance 0.0    gpumem 7.1   augment 0.355
Evaluating metrics...
network-snapshot-000163        time 5m 10s       fid50k_full 3.8436
tick 41    kimg 168.1    time 1h 26m 45s   sec/tick 84.0    sec/kimg 20.51   maintenance 317.1  gpumem 7.1   augment 0.357
tick 42    kimg 172.2    time 1h 28m 09s   sec/tick 84.2    sec/kimg 20.56   maintenance 0.0    gpumem 7.1   augment 0.349
tick 43    kimg 176.3    time 1h 29m 33s   sec/tick 84.0    sec/kimg 20.51   maintenance 0.0    gpumem 7.1   augment 0.347
tick 44    kimg 180.4    time 1h 30m 57s   sec/tick 84.1    sec/kimg 20.54   maintenance 0.0    gpumem 7.1   augment 0.344
tick 45    kimg 184.4    time 1h 32m 22s   sec/tick 84.1    sec/kimg 20.53   maintenance 0.0    gpumem 7.1   augment 0.352
tick 46    kimg 188.5    time 1h 33m 46s   sec/tick 84.2    sec/kimg 20.56   maintenance 0.0    gpumem 7.1   augment 0.344
tick 47    kimg 192.6    time 1h 35m 10s   sec/tick 83.9    sec/kimg 20.49   maintenance 0.0    gpumem 7.1   augment 0.347
tick 48    kimg 196.7    time 1h 36m 34s   sec/tick 84.0    sec/kimg 20.52   maintenance 0.0    gpumem 7.1   augment 0.344
tick 49    kimg 200.8    time 1h 37m 58s   sec/tick 84.0    sec/kimg 20.52   maintenance 0.0    gpumem 7.1   augment 0.349
tick 50    kimg 204.9    time 1h 39m 22s   sec/tick 84.1    sec/kimg 20.53   maintenance 0.0    gpumem 7.1   augment 0.352
Evaluating metrics...
network-snapshot-000204        time 5m 06s       fid50k_full 3.8512
tick 51    kimg 209.0    time 1h 45m 58s   sec/tick 84.2    sec/kimg 20.56   maintenance 312.0  gpumem 7.1   augment 0.360
tick 52    kimg 213.1    time 1h 47m 23s   sec/tick 84.3    sec/kimg 20.57   maintenance 0.0    gpumem 7.1   augment 0.362
tick 53    kimg 217.2    time 1h 48m 47s   sec/tick 84.2    sec/kimg 20.56   maintenance 0.0    gpumem 7.1   augment 0.355
tick 54    kimg 221.3    time 1h 50m 11s   sec/tick 83.9    sec/kimg 20.48   maintenance 0.0    gpumem 7.1   augment 0.367
tick 55    kimg 225.4    time 1h 51m 35s   sec/tick 84.0    sec/kimg 20.51   maintenance 0.1    gpumem 7.1   augment 0.365
tick 56    kimg 229.5    time 1h 52m 59s   sec/tick 84.1    sec/kimg 20.54   maintenance 0.0    gpumem 7.1   augment 0.367
tick 57    kimg 233.6    time 1h 54m 23s   sec/tick 84.0    sec/kimg 20.51   maintenance 0.0    gpumem 7.1   augment 0.362
tick 58    kimg 237.7    time 1h 55m 47s   sec/tick 84.2    sec/kimg 20.55   maintenance 0.0    gpumem 7.1   augment 0.352
tick 59    kimg 241.8    time 1h 57m 11s   sec/tick 84.1    sec/kimg 20.54   maintenance 0.0    gpumem 7.1   augment 0.355
tick 60    kimg 245.9    time 1h 58m 36s   sec/tick 84.1    sec/kimg 20.53   maintenance 0.0    gpumem 7.1   augment 0.355
Evaluating metrics...
network-snapshot-000245        time 5m 08s       fid50k_full 3.7669
tick 61    kimg 250.0    time 2h 05m 13s   sec/tick 84.1    sec/kimg 20.53   maintenance 313.4  gpumem 7.1   augment 0.357
tick 62    kimg 254.1    time 2h 06m 37s   sec/tick 83.8    sec/kimg 20.47   maintenance 0.0    gpumem 7.1   augment 0.362
tick 63    kimg 258.2    time 2h 08m 01s   sec/tick 84.2    sec/kimg 20.56   maintenance 0.0    gpumem 7.1   augment 0.357
tick 64    kimg 262.3    time 2h 09m 25s   sec/tick 84.1    sec/kimg 20.52   maintenance 0.0    gpumem 7.1   augment 0.352
tick 65    kimg 266.4    time 2h 10m 50s   sec/tick 84.1    sec/kimg 20.54   maintenance 0.0    gpumem 7.1   augment 0.349
tick 66    kimg 270.5    time 2h 12m 14s   sec/tick 84.1    sec/kimg 20.54   maintenance 0.0    gpumem 7.1   augment 0.355
tick 67    kimg 274.6    time 2h 13m 38s   sec/tick 84.1    sec/kimg 20.54   maintenance 0.0    gpumem 7.1   augment 0.357
tick 68    kimg 278.7    time 2h 15m 02s   sec/tick 84.1    sec/kimg 20.53   maintenance 0.0    gpumem 7.1   augment 0.367
tick 69    kimg 282.8    time 2h 16m 26s   sec/tick 83.8    sec/kimg 20.47   maintenance 0.0    gpumem 7.1   augment 0.362
tick 70    kimg 286.8    time 2h 17m 50s   sec/tick 84.3    sec/kimg 20.57   maintenance 0.0    gpumem 7.1   augment 0.360
Evaluating metrics...
network-snapshot-000286        time 5m 06s       fid50k_full 3.8237
tick 71    kimg 290.9    time 2h 24m 26s   sec/tick 84.2    sec/kimg 20.55   maintenance 311.9  gpumem 7.1   augment 0.362
tick 72    kimg 295.0    time 2h 25m 51s   sec/tick 84.3    sec/kimg 20.57   maintenance 0.0    gpumem 7.1   augment 0.355
tick 73    kimg 299.1    time 2h 27m 15s   sec/tick 84.1    sec/kimg 20.54   maintenance 0.0    gpumem 7.1   augment 0.355
tick 74    kimg 303.2    time 2h 28m 39s   sec/tick 84.2    sec/kimg 20.56   maintenance 0.0    gpumem 7.1   augment 0.362
tick 75    kimg 307.3    time 2h 30m 03s   sec/tick 84.1    sec/kimg 20.54   maintenance 0.0    gpumem 7.1   augment 0.362
tick 76    kimg 311.4    time 2h 31m 27s   sec/tick 84.1    sec/kimg 20.54   maintenance 0.0    gpumem 7.1   augment 0.367
tick 77    kimg 315.5    time 2h 32m 51s   sec/tick 84.0    sec/kimg 20.50   maintenance 0.1    gpumem 7.1   augment 0.362
tick 78    kimg 319.6    time 2h 34m 16s   sec/tick 84.2    sec/kimg 20.57   maintenance 0.0    gpumem 7.1   augment 0.362
tick 79    kimg 323.7    time 2h 35m 40s   sec/tick 84.2    sec/kimg 20.55   maintenance 0.0    gpumem 7.1   augment 0.357
tick 80    kimg 327.8    time 2h 37m 04s   sec/tick 84.1    sec/kimg 20.54   maintenance 0.0    gpumem 7.1   augment 0.355
Evaluating metrics...
network-snapshot-000327        time 5m 06s       fid50k_full 3.5492
tick 81    kimg 331.9    time 2h 43m 40s   sec/tick 84.2    sec/kimg 20.56   maintenance 312.2  gpumem 7.1   augment 0.360
tick 82    kimg 336.0    time 2h 45m 05s   sec/tick 84.1    sec/kimg 20.53   maintenance 0.0    gpumem 7.1   augment 0.367
tick 83    kimg 340.1    time 2h 46m 29s   sec/tick 84.4    sec/kimg 20.60   maintenance 0.0    gpumem 7.1   augment 0.372
tick 84    kimg 344.2    time 2h 47m 53s   sec/tick 83.9    sec/kimg 20.48   maintenance 0.0    gpumem 7.1   augment 0.367
tick 85    kimg 348.3    time 2h 49m 17s   sec/tick 84.4    sec/kimg 20.61   maintenance 0.0    gpumem 7.1   augment 0.367
tick 86    kimg 352.4    time 2h 50m 42s   sec/tick 84.3    sec/kimg 20.59   maintenance 0.0    gpumem 7.1   augment 0.365
tick 87    kimg 356.5    time 2h 52m 06s   sec/tick 84.3    sec/kimg 20.58   maintenance 0.0    gpumem 7.1   augment 0.360
tick 88    kimg 360.6    time 2h 53m 30s   sec/tick 84.2    sec/kimg 20.57   maintenance 0.0    gpumem 7.1   augment 0.355
tick 89    kimg 364.7    time 2h 54m 55s   sec/tick 84.2    sec/kimg 20.57   maintenance 0.0    gpumem 7.1   augment 0.365
tick 90    kimg 368.8    time 2h 56m 19s   sec/tick 84.3    sec/kimg 20.57   maintenance 0.0    gpumem 7.1   augment 0.372
Evaluating metrics...
network-snapshot-000368        time 5m 09s       fid50k_full 3.7301
tick 91    kimg 372.9    time 3h 02m 57s   sec/tick 84.0    sec/kimg 20.51   maintenance 314.2  gpumem 7.1   augment 0.367
tick 92    kimg 377.0    time 3h 04m 21s   sec/tick 84.1    sec/kimg 20.54   maintenance 0.0    gpumem 7.1   augment 0.362
tick 93    kimg 381.1    time 3h 05m 46s   sec/tick 84.4    sec/kimg 20.60   maintenance 0.0    gpumem 7.1   augment 0.362
tick 94    kimg 385.2    time 3h 07m 10s   sec/tick 84.3    sec/kimg 20.57   maintenance 0.0    gpumem 7.1   augment 0.367
tick 95    kimg 389.2    time 3h 08m 34s   sec/tick 84.2    sec/kimg 20.56   maintenance 0.0    gpumem 7.1   augment 0.365
tick 96    kimg 393.3    time 3h 09m 59s   sec/tick 84.2    sec/kimg 20.56   maintenance 0.0    gpumem 7.1   augment 0.372
tick 97    kimg 397.4    time 3h 11m 23s   sec/tick 84.2    sec/kimg 20.55   maintenance 0.0    gpumem 7.1   augment 0.375
tick 98    kimg 401.5    time 3h 12m 47s   sec/tick 84.2    sec/kimg 20.56   maintenance 0.0    gpumem 7.1   augment 0.370
tick 99    kimg 405.6    time 3h 14m 11s   sec/tick 84.0    sec/kimg 20.51   maintenance 0.0    gpumem 7.1   augment 0.375
tick 100   kimg 409.7    time 3h 15m 35s   sec/tick 84.2    sec/kimg 20.55   maintenance 0.0    gpumem 7.1   augment 0.370
Evaluating metrics...
network-snapshot-000409        time 5m 07s       fid50k_full 3.8377
tick 101   kimg 413.8    time 3h 22m 12s   sec/tick 84.1    sec/kimg 20.53   maintenance 312.3  gpumem 7.1   augment 0.367
tick 102   kimg 417.9    time 3h 23m 36s   sec/tick 84.3    sec/kimg 20.57   maintenance 0.0    gpumem 7.1   augment 0.367
tick 103   kimg 422.0    time 3h 25m 00s   sec/tick 84.3    sec/kimg 20.57   maintenance 0.0    gpumem 7.1   augment 0.362
tick 104   kimg 426.1    time 3h 26m 24s   sec/tick 84.0    sec/kimg 20.52   maintenance 0.0    gpumem 7.1   augment 0.357
tick 105   kimg 430.2    time 3h 27m 49s   sec/tick 84.2    sec/kimg 20.56   maintenance 0.0    gpumem 7.1   augment 0.357
tick 106   kimg 434.3    time 3h 29m 13s   sec/tick 84.0    sec/kimg 20.50   maintenance 0.0    gpumem 7.1   augment 0.360
tick 107   kimg 438.4    time 3h 30m 37s   sec/tick 84.3    sec/kimg 20.58   maintenance 0.0    gpumem 7.1   augment 0.362
tick 108   kimg 442.5    time 3h 32m 01s   sec/tick 84.2    sec/kimg 20.56   maintenance 0.0    gpumem 7.1   augment 0.365
tick 109   kimg 446.6    time 3h 33m 25s   sec/tick 84.2    sec/kimg 20.55   maintenance 0.0    gpumem 7.1   augment 0.365
tick 110   kimg 450.7    time 3h 34m 50s   sec/tick 84.3    sec/kimg 20.57   maintenance 0.0    gpumem 7.1   augment 0.367
Evaluating metrics...
network-snapshot-000450        time 5m 06s       fid50k_full 3.5894
tick 111   kimg 454.8    time 3h 41m 26s   sec/tick 84.2    sec/kimg 20.55   maintenance 312.3  gpumem 7.1   augment 0.367
tick 112   kimg 458.9    time 3h 42m 51s   sec/tick 85.2    sec/kimg 20.80   maintenance 0.0    gpumem 7.1   augment 0.357
tick 113   kimg 463.0    time 3h 44m 16s   sec/tick 84.2    sec/kimg 20.56   maintenance 0.1    gpumem 7.1   augment 0.355
tick 114   kimg 467.1    time 3h 45m 40s   sec/tick 84.0    sec/kimg 20.51   maintenance 0.0    gpumem 7.1   augment 0.352
tick 115   kimg 471.2    time 3h 47m 04s   sec/tick 84.3    sec/kimg 20.57   maintenance 0.0    gpumem 7.1   augment 0.362
tick 116   kimg 475.3    time 3h 48m 29s   sec/tick 84.3    sec/kimg 20.59   maintenance 0.0    gpumem 7.1   augment 0.365
tick 117   kimg 479.4    time 3h 49m 53s   sec/tick 84.2    sec/kimg 20.56   maintenance 0.0    gpumem 7.1   augment 0.365
tick 118   kimg 483.5    time 3h 51m 17s   sec/tick 84.2    sec/kimg 20.55   maintenance 0.0    gpumem 7.1   augment 0.362
tick 119   kimg 487.6    time 3h 52m 41s   sec/tick 84.2    sec/kimg 20.56   maintenance 0.0    gpumem 7.1   augment 0.355
tick 120   kimg 491.6    time 3h 54m 06s   sec/tick 84.2    sec/kimg 20.56   maintenance 0.0    gpumem 7.1   augment 0.352
Evaluating metrics...
network-snapshot-000491        time 5m 10s       fid50k_full 4.0332
tick 121   kimg 495.7    time 4h 00m 46s   sec/tick 83.9    sec/kimg 20.49   maintenance 316.5  gpumem 7.1   augment 0.349
tick 122   kimg 499.8    time 4h 02m 10s   sec/tick 84.2    sec/kimg 20.55   maintenance 0.0    gpumem 7.1   augment 0.357
tick 123   kimg 503.9    time 4h 03m 34s   sec/tick 84.2    sec/kimg 20.56   maintenance 0.0    gpumem 7.1   augment 0.372
tick 124   kimg 508.0    time 4h 04m 59s   sec/tick 84.2    sec/kimg 20.56   maintenance 0.0    gpumem 7.1   augment 0.378
tick 125   kimg 512.1    time 4h 06m 23s   sec/tick 84.1    sec/kimg 20.54   maintenance 0.0    gpumem 7.1   augment 0.375
tick 126   kimg 516.2    time 4h 07m 47s   sec/tick 84.2    sec/kimg 20.55   maintenance 0.0    gpumem 7.1   augment 0.375
tick 127   kimg 520.3    time 4h 09m 11s   sec/tick 84.3    sec/kimg 20.58   maintenance 0.0    gpumem 7.1   augment 0.370
tick 128   kimg 524.4    time 4h 10m 35s   sec/tick 84.0    sec/kimg 20.50   maintenance 0.0    gpumem 7.1   augment 0.378
tick 129   kimg 528.5    time 4h 12m 00s   sec/tick 84.3    sec/kimg 20.57   maintenance 0.0    gpumem 7.1   augment 0.370
tick 130   kimg 532.6    time 4h 13m 24s   sec/tick 84.1    sec/kimg 20.54   maintenance 0.0    gpumem 7.1   augment 0.362
Evaluating metrics...
network-snapshot-000532        time 5m 07s       fid50k_full 3.9045
tick 131   kimg 536.7    time 4h 20m 01s   sec/tick 84.2    sec/kimg 20.56   maintenance 312.5  gpumem 7.1   augment 0.365
tick 132   kimg 540.8    time 4h 21m 25s   sec/tick 84.1    sec/kimg 20.53   maintenance 0.0    gpumem 7.1   augment 0.372
tick 133   kimg 544.9    time 4h 22m 49s   sec/tick 84.2    sec/kimg 20.55   maintenance 0.0    gpumem 7.1   augment 0.365
tick 134   kimg 549.0    time 4h 24m 13s   sec/tick 84.3    sec/kimg 20.57   maintenance 0.0    gpumem 7.1   augment 0.362
tick 135   kimg 553.1    time 4h 25m 38s   sec/tick 84.3    sec/kimg 20.57   maintenance 0.0    gpumem 7.1   augment 0.370
tick 136   kimg 557.2    time 4h 27m 02s   sec/tick 83.9    sec/kimg 20.49   maintenance 0.0    gpumem 7.1   augment 0.362
tick 137   kimg 561.3    time 4h 28m 26s   sec/tick 84.3    sec/kimg 20.58   maintenance 0.0    gpumem 7.1   augment 0.367
tick 138   kimg 565.4    time 4h 29m 50s   sec/tick 84.3    sec/kimg 20.58   maintenance 0.0    gpumem 7.1   augment 0.360
tick 139   kimg 569.5    time 4h 31m 15s   sec/tick 84.3    sec/kimg 20.58   maintenance 0.0    gpumem 7.1   augment 0.372
tick 140   kimg 573.6    time 4h 32m 39s   sec/tick 84.3    sec/kimg 20.59   maintenance 0.0    gpumem 7.1   augment 0.367
Evaluating metrics...
network-snapshot-000573        time 5m 06s       fid50k_full 3.8673
tick 141   kimg 577.7    time 4h 39m 15s   sec/tick 84.1    sec/kimg 20.54   maintenance 311.8  gpumem 7.1   augment 0.365
tick 142   kimg 581.8    time 4h 40m 39s   sec/tick 84.3    sec/kimg 20.58   maintenance 0.0    gpumem 7.1   augment 0.362
tick 143   kimg 585.9    time 4h 42m 03s   sec/tick 84.0    sec/kimg 20.51   maintenance 0.0    gpumem 7.1   augment 0.375
tick 144   kimg 590.0    time 4h 43m 28s   sec/tick 84.3    sec/kimg 20.59   maintenance 0.0    gpumem 7.1   augment 0.367
tick 145   kimg 594.0    time 4h 44m 52s   sec/tick 84.3    sec/kimg 20.58   maintenance 0.0    gpumem 7.1   augment 0.370
tick 146   kimg 598.1    time 4h 46m 16s   sec/tick 84.3    sec/kimg 20.57   maintenance 0.0    gpumem 7.1   augment 0.362
tick 147   kimg 602.2    time 4h 47m 41s   sec/tick 84.2    sec/kimg 20.56   maintenance 0.0    gpumem 7.1   augment 0.349
tick 148   kimg 606.3    time 4h 49m 05s   sec/tick 84.2    sec/kimg 20.56   maintenance 0.0    gpumem 7.1   augment 0.360
tick 149   kimg 610.4    time 4h 50m 29s   sec/tick 84.2    sec/kimg 20.57   maintenance 0.0    gpumem 7.1   augment 0.360
tick 150   kimg 614.5    time 4h 51m 53s   sec/tick 84.0    sec/kimg 20.50   maintenance 0.0    gpumem 7.1   augment 0.362
Evaluating metrics...
network-snapshot-000614        time 5m 07s       fid50k_full 3.7374
tick 151   kimg 618.6    time 4h 58m 33s   sec/tick 83.7    sec/kimg 20.44   maintenance 316.3  gpumem 7.1   augment 0.370
tick 152   kimg 622.7    time 4h 59m 58s   sec/tick 84.3    sec/kimg 20.59   maintenance 0.0    gpumem 7.1   augment 0.370
tick 153   kimg 626.8    time 5h 01m 22s   sec/tick 84.3    sec/kimg 20.58   maintenance 0.0    gpumem 7.1   augment 0.365
tick 154   kimg 630.9    time 5h 02m 46s   sec/tick 84.3    sec/kimg 20.58   maintenance 0.0    gpumem 7.1   augment 0.360
tick 155   kimg 635.0    time 5h 04m 11s   sec/tick 84.3    sec/kimg 20.57   maintenance 0.0    gpumem 7.1   augment 0.355
tick 156   kimg 639.1    time 5h 05m 35s   sec/tick 84.2    sec/kimg 20.56   maintenance 0.0    gpumem 7.1   augment 0.360
tick 157   kimg 643.2    time 5h 06m 59s   sec/tick 84.3    sec/kimg 20.58   maintenance 0.0    gpumem 7.1   augment 0.362
tick 158   kimg 647.3    time 5h 08m 23s   sec/tick 83.9    sec/kimg 20.48   maintenance 0.0    gpumem 7.1   augment 0.362
tick 159   kimg 651.4    time 5h 09m 47s   sec/tick 84.2    sec/kimg 20.55   maintenance 0.0    gpumem 7.1   augment 0.352
tick 160   kimg 655.5    time 5h 11m 12s   sec/tick 84.2    sec/kimg 20.56   maintenance 0.0    gpumem 7.1   augment 0.360
Evaluating metrics...
network-snapshot-000655        time 5m 11s       fid50k_full 3.6396
tick 161   kimg 659.6    time 5h 17m 52s   sec/tick 84.2    sec/kimg 20.54   maintenance 316.7  gpumem 7.1   augment 0.357
tick 162   kimg 663.7    time 5h 19m 17s   sec/tick 84.1    sec/kimg 20.53   maintenance 0.0    gpumem 7.1   augment 0.352
tick 163   kimg 667.8    time 5h 20m 41s   sec/tick 84.2    sec/kimg 20.55   maintenance 0.4    gpumem 7.1   augment 0.360
tick 164   kimg 671.9    time 5h 22m 05s   sec/tick 84.2    sec/kimg 20.55   maintenance 0.0    gpumem 7.1   augment 0.360
tick 165   kimg 676.0    time 5h 23m 29s   sec/tick 83.9    sec/kimg 20.49   maintenance 0.0    gpumem 7.1   augment 0.355
tick 166   kimg 680.1    time 5h 24m 53s   sec/tick 84.1    sec/kimg 20.53   maintenance 0.0    gpumem 7.1   augment 0.352
tick 167   kimg 684.2    time 5h 26m 17s   sec/tick 84.0    sec/kimg 20.50   maintenance 0.0    gpumem 7.1   augment 0.360
tick 168   kimg 688.3    time 5h 27m 42s   sec/tick 84.1    sec/kimg 20.53   maintenance 0.0    gpumem 7.1   augment 0.362
tick 169   kimg 692.4    time 5h 29m 06s   sec/tick 84.3    sec/kimg 20.57   maintenance 0.0    gpumem 7.1   augment 0.365
tick 170   kimg 696.4    time 5h 30m 30s   sec/tick 84.2    sec/kimg 20.56   maintenance 0.0    gpumem 7.1   augment 0.370
Evaluating metrics...
network-snapshot-000696        time 5m 06s       fid50k_full 3.8617
tick 171   kimg 700.5    time 5h 37m 07s   sec/tick 84.2    sec/kimg 20.56   maintenance 312.4  gpumem 7.1   augment 0.375
tick 172   kimg 704.6    time 5h 38m 31s   sec/tick 84.1    sec/kimg 20.53   maintenance 0.0    gpumem 7.1   augment 0.375
tick 173   kimg 708.7    time 5h 39m 55s   sec/tick 84.0    sec/kimg 20.52   maintenance 0.1    gpumem 7.1   augment 0.370
tick 174   kimg 712.8    time 5h 41m 19s   sec/tick 84.3    sec/kimg 20.57   maintenance 0.0    gpumem 7.1   augment 0.367
tick 175   kimg 716.9    time 5h 42m 43s   sec/tick 84.3    sec/kimg 20.57   maintenance 0.0    gpumem 7.1   augment 0.372
tick 176   kimg 721.0    time 5h 44m 08s   sec/tick 84.2    sec/kimg 20.56   maintenance 0.0    gpumem 7.1   augment 0.375
tick 177   kimg 725.1    time 5h 45m 32s   sec/tick 84.3    sec/kimg 20.58   maintenance 0.0    gpumem 7.1   augment 0.375
tick 178   kimg 729.2    time 5h 46m 56s   sec/tick 84.3    sec/kimg 20.59   maintenance 0.0    gpumem 7.1   augment 0.380
tick 179   kimg 733.3    time 5h 48m 21s   sec/tick 84.2    sec/kimg 20.56   maintenance 0.0    gpumem 7.1   augment 0.372
tick 180   kimg 737.4    time 5h 49m 45s   sec/tick 84.0    sec/kimg 20.50   maintenance 0.0    gpumem 7.1   augment 0.367
Evaluating metrics...
network-snapshot-000737        time 5m 06s       fid50k_full 3.8940
tick 181   kimg 741.5    time 5h 56m 21s   sec/tick 84.2    sec/kimg 20.56   maintenance 311.8  gpumem 7.1   augment 0.378
tick 182   kimg 745.6    time 5h 57m 45s   sec/tick 84.1    sec/kimg 20.54   maintenance 0.0    gpumem 7.1   augment 0.370
tick 183   kimg 749.7    time 5h 59m 09s   sec/tick 84.3    sec/kimg 20.57   maintenance 0.0    gpumem 7.1   augment 0.362
tick 184   kimg 753.8    time 6h 00m 33s   sec/tick 84.1    sec/kimg 20.54   maintenance 0.0    gpumem 7.1   augment 0.365
tick 185   kimg 757.9    time 6h 01m 58s   sec/tick 84.2    sec/kimg 20.56   maintenance 0.0    gpumem 7.1   augment 0.378
tick 186   kimg 762.0    time 6h 03m 22s   sec/tick 84.2    sec/kimg 20.56   maintenance 0.0    gpumem 7.1   augment 0.375
tick 187   kimg 766.1    time 6h 04m 46s   sec/tick 84.0    sec/kimg 20.51   maintenance 0.0    gpumem 7.1   augment 0.370
tick 188   kimg 770.2    time 6h 06m 10s   sec/tick 84.3    sec/kimg 20.57   maintenance 0.0    gpumem 7.1   augment 0.370
tick 189   kimg 774.3    time 6h 07m 34s   sec/tick 84.2    sec/kimg 20.55   maintenance 0.0    gpumem 7.1   augment 0.375
tick 190   kimg 778.4    time 6h 08m 59s   sec/tick 84.2    sec/kimg 20.56   maintenance 0.0    gpumem 7.1   augment 0.372
Evaluating metrics...
network-snapshot-000778        time 5m 06s       fid50k_full 3.7208
tick 191   kimg 782.5    time 6h 15m 36s   sec/tick 84.2    sec/kimg 20.55   maintenance 312.6  gpumem 7.1   augment 0.380
tick 192   kimg 786.6    time 6h 17m 00s   sec/tick 84.7    sec/kimg 20.69   maintenance 0.0    gpumem 7.1   augment 0.378
tick 193   kimg 790.7    time 6h 18m 24s   sec/tick 84.1    sec/kimg 20.54   maintenance 0.0    gpumem 7.1   augment 0.375
tick 194   kimg 794.8    time 6h 19m 49s   sec/tick 84.3    sec/kimg 20.58   maintenance 0.0    gpumem 7.1   augment 0.375
tick 195   kimg 798.8    time 6h 21m 13s   sec/tick 83.9    sec/kimg 20.49   maintenance 0.1    gpumem 7.1   augment 0.375
tick 196   kimg 802.9    time 6h 22m 37s   sec/tick 84.2    sec/kimg 20.56   maintenance 0.0    gpumem 7.1   augment 0.372
tick 197   kimg 807.0    time 6h 24m 01s   sec/tick 84.2    sec/kimg 20.56   maintenance 0.0    gpumem 7.1   augment 0.370
tick 198   kimg 811.1    time 6h 25m 26s   sec/tick 84.1    sec/kimg 20.54   maintenance 0.0    gpumem 7.1   augment 0.370
tick 199   kimg 815.2    time 6h 26m 50s   sec/tick 84.2    sec/kimg 20.55   maintenance 0.0    gpumem 7.1   augment 0.367
tick 200   kimg 819.3    time 6h 28m 14s   sec/tick 84.1    sec/kimg 20.53   maintenance 0.0    gpumem 7.1   augment 0.370
Evaluating metrics...
network-snapshot-000819        time 5m 11s       fid50k_full 3.7593
tick 201   kimg 823.4    time 6h 34m 55s   sec/tick 84.2    sec/kimg 20.55   maintenance 317.3  gpumem 7.1   augment 0.367
tick 202   kimg 827.5    time 6h 36m 19s   sec/tick 83.9    sec/kimg 20.48   maintenance 0.0    gpumem 7.1   augment 0.365
tick 203   kimg 831.6    time 6h 37m 44s   sec/tick 84.2    sec/kimg 20.56   maintenance 0.0    gpumem 7.1   augment 0.365
tick 204   kimg 835.7    time 6h 39m 08s   sec/tick 84.3    sec/kimg 20.58   maintenance 0.0    gpumem 7.1   augment 0.357
tick 205   kimg 839.8    time 6h 40m 32s   sec/tick 84.1    sec/kimg 20.53   maintenance 0.0    gpumem 7.1   augment 0.349
tick 206   kimg 843.9    time 6h 41m 56s   sec/tick 84.2    sec/kimg 20.57   maintenance 0.0    gpumem 7.1   augment 0.362
tick 207   kimg 848.0    time 6h 43m 21s   sec/tick 84.3    sec/kimg 20.57   maintenance 0.0    gpumem 7.1   augment 0.378
tick 208   kimg 852.1    time 6h 44m 45s   sec/tick 84.3    sec/kimg 20.58   maintenance 0.0    gpumem 7.1   augment 0.372
tick 209   kimg 856.2    time 6h 46m 09s   sec/tick 84.0    sec/kimg 20.51   maintenance 0.0    gpumem 7.1   augment 0.367
tick 210   kimg 860.3    time 6h 47m 33s   sec/tick 84.1    sec/kimg 20.54   maintenance 0.1    gpumem 7.1   augment 0.372
Evaluating metrics...
network-snapshot-000860        time 5m 06s       fid50k_full 3.7499
tick 211   kimg 864.4    time 6h 54m 09s   sec/tick 84.3    sec/kimg 20.57   maintenance 311.6  gpumem 7.1   augment 0.383
tick 212   kimg 868.5    time 6h 55m 33s   sec/tick 84.2    sec/kimg 20.56   maintenance 0.0    gpumem 7.1   augment 0.383
tick 213   kimg 872.6    time 6h 56m 58s   sec/tick 84.3    sec/kimg 20.59   maintenance 0.0    gpumem 7.1   augment 0.378
tick 214   kimg 876.7    time 6h 58m 22s   sec/tick 84.3    sec/kimg 20.58   maintenance 0.0    gpumem 7.1   augment 0.375
tick 215   kimg 880.8    time 6h 59m 46s   sec/tick 84.3    sec/kimg 20.58   maintenance 0.0    gpumem 7.1   augment 0.372
tick 216   kimg 884.9    time 7h 01m 11s   sec/tick 84.2    sec/kimg 20.56   maintenance 0.0    gpumem 7.1   augment 0.380
tick 217   kimg 889.0    time 7h 02m 35s   sec/tick 84.0    sec/kimg 20.51   maintenance 0.0    gpumem 7.1   augment 0.372
tick 218   kimg 893.1    time 7h 03m 59s   sec/tick 84.2    sec/kimg 20.57   maintenance 0.0    gpumem 7.1   augment 0.378
tick 219   kimg 897.2    time 7h 05m 23s   sec/tick 84.1    sec/kimg 20.54   maintenance 0.0    gpumem 7.1   augment 0.372
tick 220   kimg 901.2    time 7h 06m 48s   sec/tick 84.4    sec/kimg 20.62   maintenance 0.0    gpumem 7.1   augment 0.370
Evaluating metrics...
network-snapshot-000901        time 5m 07s       fid50k_full 3.8250
tick 221   kimg 905.3    time 7h 13m 24s   sec/tick 84.1    sec/kimg 20.54   maintenance 312.4  gpumem 7.1   augment 0.372
tick 222   kimg 909.4    time 7h 14m 48s   sec/tick 84.3    sec/kimg 20.57   maintenance 0.0    gpumem 7.1   augment 0.372
tick 223   kimg 913.5    time 7h 16m 13s   sec/tick 84.3    sec/kimg 20.57   maintenance 0.0    gpumem 7.1   augment 0.372
tick 224   kimg 917.6    time 7h 17m 37s   sec/tick 83.9    sec/kimg 20.48   maintenance 0.0    gpumem 7.1   augment 0.372
tick 225   kimg 921.7    time 7h 19m 01s   sec/tick 84.2    sec/kimg 20.56   maintenance 0.0    gpumem 7.1   augment 0.383
tick 226   kimg 925.8    time 7h 20m 25s   sec/tick 84.3    sec/kimg 20.57   maintenance 0.0    gpumem 7.1   augment 0.385
tick 227   kimg 929.9    time 7h 21m 49s   sec/tick 84.2    sec/kimg 20.57   maintenance 0.0    gpumem 7.1   augment 0.380
tick 228   kimg 934.0    time 7h 23m 14s   sec/tick 84.2    sec/kimg 20.55   maintenance 0.0    gpumem 7.1   augment 0.378
tick 229   kimg 938.1    time 7h 24m 38s   sec/tick 84.1    sec/kimg 20.54   maintenance 0.0    gpumem 7.1   augment 0.380
tick 230   kimg 942.2    time 7h 26m 02s   sec/tick 84.2    sec/kimg 20.56   maintenance 0.0    gpumem 7.1   augment 0.380
Evaluating metrics...
network-snapshot-000942        time 5m 07s       fid50k_full 3.7988
tick 231   kimg 946.3    time 7h 32m 39s   sec/tick 84.0    sec/kimg 20.52   maintenance 312.5  gpumem 7.1   augment 0.388
tick 232   kimg 950.4    time 7h 34m 03s   sec/tick 84.0    sec/kimg 20.52   maintenance 0.1    gpumem 7.1   augment 0.378
tick 233   kimg 954.5    time 7h 35m 27s   sec/tick 84.2    sec/kimg 20.55   maintenance 0.0    gpumem 7.1   augment 0.380
tick 234   kimg 958.6    time 7h 36m 51s   sec/tick 84.2    sec/kimg 20.57   maintenance 0.0    gpumem 7.1   augment 0.380
tick 235   kimg 962.7    time 7h 38m 16s   sec/tick 84.3    sec/kimg 20.57   maintenance 0.0    gpumem 7.1   augment 0.385
tick 236   kimg 966.8    time 7h 39m 40s   sec/tick 84.4    sec/kimg 20.59   maintenance 0.0    gpumem 7.1   augment 0.378
tick 237   kimg 970.9    time 7h 41m 04s   sec/tick 84.2    sec/kimg 20.55   maintenance 0.0    gpumem 7.1   augment 0.380
tick 238   kimg 975.0    time 7h 42m 28s   sec/tick 84.3    sec/kimg 20.57   maintenance 0.0    gpumem 7.1   augment 0.365
tick 239   kimg 979.1    time 7h 43m 52s   sec/tick 83.7    sec/kimg 20.45   maintenance 0.0    gpumem 7.1   augment 0.378
tick 240   kimg 983.2    time 7h 45m 17s   sec/tick 84.3    sec/kimg 20.59   maintenance 0.0    gpumem 7.1   augment 0.378
Evaluating metrics...
network-snapshot-000983        time 5m 07s       fid50k_full 3.7085
tick 241   kimg 987.3    time 7h 51m 53s   sec/tick 84.1    sec/kimg 20.54   maintenance 312.4  gpumem 7.1   augment 0.375
tick 242   kimg 991.4    time 7h 53m 18s   sec/tick 84.4    sec/kimg 20.61   maintenance 0.0    gpumem 7.1   augment 0.372
tick 243   kimg 995.5    time 7h 54m 42s   sec/tick 84.2    sec/kimg 20.56   maintenance 0.0    gpumem 7.1   augment 0.372
tick 244   kimg 999.6    time 7h 56m 06s   sec/tick 84.3    sec/kimg 20.58   maintenance 0.0    gpumem 7.1   augment 0.370
tick 245   kimg 1003.6   time 7h 57m 30s   sec/tick 84.3    sec/kimg 20.57   maintenance 0.0    gpumem 7.1   augment 0.367
tick 246   kimg 1007.7   time 7h 58m 54s   sec/tick 83.8    sec/kimg 20.47   maintenance 0.0    gpumem 7.1   augment 0.375
tick 247   kimg 1011.8   time 8h 00m 19s   sec/tick 84.2    sec/kimg 20.56   maintenance 0.0    gpumem 7.1   augment 0.372
tick 248   kimg 1015.9   time 8h 01m 43s   sec/tick 84.2    sec/kimg 20.56   maintenance 0.0    gpumem 7.1   augment 0.375
tick 249   kimg 1020.0   time 8h 03m 07s   sec/tick 84.3    sec/kimg 20.58   maintenance 0.0    gpumem 7.1   augment 0.380
tick 250   kimg 1024.1   time 8h 04m 32s   sec/tick 84.3    sec/kimg 20.57   maintenance 0.0    gpumem 7.1   augment 0.385
Evaluating metrics...
network-snapshot-001024        time 5m 06s       fid50k_full 3.7529
tick 251   kimg 1028.2   time 8h 11m 08s   sec/tick 84.3    sec/kimg 20.58   maintenance 312.3  gpumem 7.1   augment 0.383
tick 252   kimg 1032.3   time 8h 12m 32s   sec/tick 84.3    sec/kimg 20.57   maintenance 0.0    gpumem 7.1   augment 0.388
tick 253   kimg 1036.4   time 8h 13m 57s   sec/tick 84.3    sec/kimg 20.57   maintenance 0.0    gpumem 7.1   augment 0.375
tick 254   kimg 1040.5   time 8h 15m 21s   sec/tick 83.9    sec/kimg 20.49   maintenance 0.0    gpumem 7.1   augment 0.370
tick 255   kimg 1044.6   time 8h 16m 45s   sec/tick 84.3    sec/kimg 20.59   maintenance 0.0    gpumem 7.1   augment 0.372
tick 256   kimg 1048.7   time 8h 18m 09s   sec/tick 84.2    sec/kimg 20.55   maintenance 0.0    gpumem 7.1   augment 0.367
tick 257   kimg 1052.8   time 8h 19m 34s   sec/tick 84.2    sec/kimg 20.56   maintenance 0.0    gpumem 7.1   augment 0.378
tick 258   kimg 1056.9   time 8h 20m 58s   sec/tick 84.2    sec/kimg 20.56   maintenance 0.0    gpumem 7.1   augment 0.367
tick 259   kimg 1061.0   time 8h 22m 22s   sec/tick 84.3    sec/kimg 20.59   maintenance 0.0    gpumem 7.1   augment 0.357
tick 260   kimg 1065.1   time 8h 23m 46s   sec/tick 84.3    sec/kimg 20.57   maintenance 0.0    gpumem 7.1   augment 0.360
Evaluating metrics...
network-snapshot-001065        time 5m 13s       fid50k_full 3.9465
tick 261   kimg 1069.2   time 8h 30m 29s   sec/tick 83.9    sec/kimg 20.48   maintenance 318.9  gpumem 7.1   augment 0.367
tick 262   kimg 1073.3   time 8h 31m 53s   sec/tick 84.1    sec/kimg 20.54   maintenance 0.0    gpumem 7.1   augment 0.370
tick 263   kimg 1077.4   time 8h 33m 18s   sec/tick 84.3    sec/kimg 20.57   maintenance 0.0    gpumem 7.1   augment 0.372
tick 264   kimg 1081.5   time 8h 34m 42s   sec/tick 84.2    sec/kimg 20.55   maintenance 0.0    gpumem 7.1   augment 0.372
tick 265   kimg 1085.6   time 8h 36m 06s   sec/tick 84.4    sec/kimg 20.59   maintenance 0.0    gpumem 7.1   augment 0.370
tick 266   kimg 1089.7   time 8h 37m 31s   sec/tick 84.4    sec/kimg 20.59   maintenance 0.0    gpumem 7.1   augment 0.372
tick 267   kimg 1093.8   time 8h 38m 55s   sec/tick 84.2    sec/kimg 20.55   maintenance 0.0    gpumem 7.1   augment 0.367
tick 268   kimg 1097.9   time 8h 40m 19s   sec/tick 84.1    sec/kimg 20.54   maintenance 0.0    gpumem 7.1   augment 0.372
tick 269   kimg 1102.0   time 8h 41m 43s   sec/tick 84.1    sec/kimg 20.52   maintenance 0.1    gpumem 7.1   augment 0.378
tick 270   kimg 1106.0   time 8h 43m 08s   sec/tick 84.4    sec/kimg 20.60   maintenance 0.0    gpumem 7.1   augment 0.380
Evaluating metrics...
network-snapshot-001106        time 5m 06s       fid50k_full 3.4556
tick 271   kimg 1110.1   time 8h 49m 44s   sec/tick 84.1    sec/kimg 20.53   maintenance 311.8  gpumem 7.1   augment 0.375
tick 272   kimg 1114.2   time 8h 51m 08s   sec/tick 84.2    sec/kimg 20.55   maintenance 0.0    gpumem 7.1   augment 0.378
tick 273   kimg 1118.3   time 8h 52m 32s   sec/tick 84.2    sec/kimg 20.56   maintenance 0.0    gpumem 7.1   augment 0.388
tick 274   kimg 1122.4   time 8h 53m 56s   sec/tick 84.2    sec/kimg 20.56   maintenance 0.0    gpumem 7.1   augment 0.385
tick 275   kimg 1126.5   time 8h 55m 21s   sec/tick 84.2    sec/kimg 20.55   maintenance 0.0    gpumem 7.1   augment 0.375
tick 276   kimg 1130.6   time 8h 56m 45s   sec/tick 83.9    sec/kimg 20.49   maintenance 0.0    gpumem 7.1   augment 0.383
tick 277   kimg 1134.7   time 8h 58m 09s   sec/tick 84.3    sec/kimg 20.57   maintenance 0.0    gpumem 7.1   augment 0.393
tick 278   kimg 1138.8   time 8h 59m 33s   sec/tick 84.1    sec/kimg 20.54   maintenance 0.0    gpumem 7.1   augment 0.385
tick 279   kimg 1142.9   time 9h 00m 57s   sec/tick 84.2    sec/kimg 20.56   maintenance 0.0    gpumem 7.1   augment 0.393
tick 280   kimg 1147.0   time 9h 02m 22s   sec/tick 84.2    sec/kimg 20.56   maintenance 0.1    gpumem 7.1   augment 0.393
Evaluating metrics...
network-snapshot-001147        time 5m 06s       fid50k_full 3.7009
tick 281   kimg 1151.1   time 9h 08m 58s   sec/tick 84.1    sec/kimg 20.53   maintenance 312.3  gpumem 7.1   augment 0.388
tick 282   kimg 1155.2   time 9h 10m 22s   sec/tick 84.3    sec/kimg 20.57   maintenance 0.0    gpumem 7.1   augment 0.378
tick 283   kimg 1159.3   time 9h 11m 46s   sec/tick 84.0    sec/kimg 20.50   maintenance 0.0    gpumem 7.1   augment 0.375
tick 284   kimg 1163.4   time 9h 13m 11s   sec/tick 84.4    sec/kimg 20.61   maintenance 0.0    gpumem 7.1   augment 0.378
tick 285   kimg 1167.5   time 9h 14m 35s   sec/tick 84.4    sec/kimg 20.60   maintenance 0.0    gpumem 7.1   augment 0.375
tick 286   kimg 1171.6   time 9h 15m 59s   sec/tick 84.3    sec/kimg 20.58   maintenance 0.0    gpumem 7.1   augment 0.370
tick 287   kimg 1175.7   time 9h 17m 24s   sec/tick 84.2    sec/kimg 20.56   maintenance 0.0    gpumem 7.1   augment 0.375
tick 288   kimg 1179.8   time 9h 18m 48s   sec/tick 84.4    sec/kimg 20.60   maintenance 0.0    gpumem 7.1   augment 0.380
tick 289   kimg 1183.9   time 9h 20m 12s   sec/tick 84.3    sec/kimg 20.58   maintenance 0.0    gpumem 7.1   augment 0.380
tick 290   kimg 1188.0   time 9h 21m 37s   sec/tick 84.4    sec/kimg 20.61   maintenance 0.0    gpumem 7.1   augment 0.378
Evaluating metrics...
network-snapshot-001187        time 5m 07s       fid50k_full 3.5590
tick 291   kimg 1192.1   time 9h 28m 14s   sec/tick 84.0    sec/kimg 20.52   maintenance 312.5  gpumem 7.1   augment 0.378
tick 292   kimg 1196.2   time 9h 29m 38s   sec/tick 84.3    sec/kimg 20.58   maintenance 0.0    gpumem 7.1   augment 0.375
tick 293   kimg 1200.3   time 9h 31m 02s   sec/tick 84.3    sec/kimg 20.58   maintenance 0.0    gpumem 7.1   augment 0.383
tick 294   kimg 1204.4   time 9h 32m 27s   sec/tick 84.4    sec/kimg 20.59   maintenance 0.0    gpumem 7.1   augment 0.378
tick 295   kimg 1208.4   time 9h 33m 51s   sec/tick 84.3    sec/kimg 20.58   maintenance 0.0    gpumem 7.1   augment 0.378
tick 296   kimg 1212.5   time 9h 35m 15s   sec/tick 84.4    sec/kimg 20.60   maintenance 0.0    gpumem 7.1   augment 0.380
tick 297   kimg 1216.6   time 9h 36m 40s   sec/tick 84.3    sec/kimg 20.59   maintenance 0.0    gpumem 7.1   augment 0.383
tick 298   kimg 1220.7   time 9h 38m 04s   sec/tick 83.9    sec/kimg 20.49   maintenance 0.0    gpumem 7.1   augment 0.383
tick 299   kimg 1224.8   time 9h 39m 28s   sec/tick 84.3    sec/kimg 20.58   maintenance 0.0    gpumem 7.1   augment 0.380
tick 300   kimg 1228.9   time 9h 40m 52s   sec/tick 84.2    sec/kimg 20.56   maintenance 0.0    gpumem 7.1   augment 0.390
Evaluating metrics...
network-snapshot-001228        time 5m 07s       fid50k_full 3.8993
tick 301   kimg 1233.0   time 9h 47m 29s   sec/tick 84.2    sec/kimg 20.56   maintenance 312.3  gpumem 7.1   augment 0.393
tick 302   kimg 1237.1   time 9h 48m 53s   sec/tick 84.1    sec/kimg 20.54   maintenance 0.0    gpumem 7.1   augment 0.396
tick 303   kimg 1241.2   time 9h 50m 17s   sec/tick 84.2    sec/kimg 20.55   maintenance 0.0    gpumem 7.1   augment 0.393
tick 304   kimg 1245.3   time 9h 51m 42s   sec/tick 84.2    sec/kimg 20.57   maintenance 0.0    gpumem 7.1   augment 0.388
tick 305   kimg 1249.4   time 9h 53m 06s   sec/tick 84.0    sec/kimg 20.51   maintenance 0.0    gpumem 7.1   augment 0.388
tick 306   kimg 1253.5   time 9h 54m 30s   sec/tick 84.2    sec/kimg 20.56   maintenance 0.0    gpumem 7.1   augment 0.383
tick 307   kimg 1257.6   time 9h 55m 54s   sec/tick 84.1    sec/kimg 20.52   maintenance 0.0    gpumem 7.1   augment 0.383
tick 308   kimg 1261.7   time 9h 57m 18s   sec/tick 84.3    sec/kimg 20.58   maintenance 0.0    gpumem 7.1   augment 0.388
tick 309   kimg 1265.8   time 9h 58m 42s   sec/tick 84.1    sec/kimg 20.53   maintenance 0.0    gpumem 7.1   augment 0.393
tick 310   kimg 1269.9   time 10h 00m 07s  sec/tick 84.2    sec/kimg 20.56   maintenance 0.0    gpumem 7.1   augment 0.385
Evaluating metrics...
network-snapshot-001269        time 5m 06s       fid50k_full 3.7078
tick 311   kimg 1274.0   time 10h 06m 43s  sec/tick 84.3    sec/kimg 20.59   maintenance 311.7  gpumem 7.1   augment 0.398
tick 312   kimg 1278.1   time 10h 08m 07s  sec/tick 84.3    sec/kimg 20.58   maintenance 0.0    gpumem 7.1   augment 0.385
tick 313   kimg 1282.2   time 10h 09m 31s  sec/tick 84.0    sec/kimg 20.52   maintenance 0.0    gpumem 7.1   augment 0.378
