/lustre/work/chaselab/malyetama/ADA_Project
Tensorflow version: 1.14.0
10842
Raw: 10842, Resized: 9948
/work/chaselab/malyetama/ADA_Project/training_runs/gen1_pokemon_training-runs/00006-gen1_pokemon_custom-auto2-resumecustom/network-snapshot-000426.pkl
Sat Mar 20 12:40:19 2021       
+-----------------------------------------------------------------------------+
| NVIDIA-SMI 450.51.06    Driver Version: 450.51.06    CUDA Version: 11.0     |
|-------------------------------+----------------------+----------------------+
| GPU  Name        Persistence-M| Bus-Id        Disp.A | Volatile Uncorr. ECC |
| Fan  Temp  Perf  Pwr:Usage/Cap|         Memory-Usage | GPU-Util  Compute M. |
|                               |                      |               MIG M. |
|===============================+======================+======================|
|   0  Tesla V100-PCIE...  On   | 00000000:5E:00.0 Off |                    0 |
| N/A   30C    P0    25W / 250W |      0MiB / 32510MiB |      0%      Default |
|                               |                      |                  N/A |
+-------------------------------+----------------------+----------------------+
|   1  Tesla V100-PCIE...  On   | 00000000:D8:00.0 Off |                    0 |
| N/A   30C    P0    24W / 250W |      0MiB / 32510MiB |      0%      Default |
|                               |                      |                  N/A |
+-------------------------------+----------------------+----------------------+
                                                                               
+-----------------------------------------------------------------------------+
| Processes:                                                                  |
|  GPU   GI   CI        PID   Type   Process name                  GPU Memory |
|        ID   ID                                                   Usage      |
|=============================================================================|
|  No running processes found                                                 |
+-----------------------------------------------------------------------------+

Training options:
{
  "G_args": {
    "func_name": "training.networks.G_main",
    "fmap_base": 8192,
    "fmap_max": 512,
    "mapping_layers": 2,
    "num_fp16_res": 4,
    "conv_clamp": 256
  },
  "D_args": {
    "func_name": "training.networks.D_main",
    "mbstd_group_size": 4,
    "fmap_base": 8192,
    "fmap_max": 512,
    "num_fp16_res": 4,
    "conv_clamp": 256
  },
  "G_opt_args": {
    "beta1": 0.0,
    "beta2": 0.99,
    "learning_rate": 0.0025
  },
  "D_opt_args": {
    "beta1": 0.0,
    "beta2": 0.99,
    "learning_rate": 0.0025
  },
  "loss_args": {
    "func_name": "training.loss.stylegan2",
    "r1_gamma": 0.4096
  },
  "augment_args": {
    "class_name": "training.augment.AdaptiveAugment",
    "tune_heuristic": "rt",
    "tune_target": 0.6,
    "apply_func": "training.augment.augment_pipeline",
    "apply_args": {
      "xflip": 1,
      "rotate90": 1,
      "xint": 1,
      "scale": 1,
      "rotate": 1,
      "aniso": 1,
      "xfrac": 1,
      "brightness": 1,
      "contrast": 1,
      "lumaflip": 1,
      "hue": 1,
      "saturation": 1
    },
    "tune_kimg": 100
  },
  "num_gpus": 2,
  "image_snapshot_ticks": 1,
  "network_snapshot_ticks": 1,
  "train_dataset_args": {
    "path": "/work/chaselab/malyetama/ADA_Project/datasets/gen1_pokemon_custom",
    "max_label_size": 0,
    "resolution": 256,
    "mirror_augment": false
  },
  "metric_arg_list": [
    {
      "name": "fid50k_full",
      "class_name": "metrics.frechet_inception_distance.FID",
      "max_reals": null,
      "num_fakes": 50000,
      "minibatch_per_gpu": 8,
      "force_dataset_args": {
        "shuffle": false,
        "max_images": null,
        "repeat": false,
        "mirror_augment": false
      }
    }
  ],
  "metric_dataset_args": {
    "path": "/work/chaselab/malyetama/ADA_Project/datasets/gen1_pokemon_custom",
    "max_label_size": 0,
    "resolution": 256,
    "mirror_augment": false
  },
  "total_kimg": 25000,
  "minibatch_size": 32,
  "minibatch_gpu": 16,
  "G_smoothing_kimg": 10.0,
  "G_smoothing_rampup": null,
  "resume_pkl": "/work/chaselab/malyetama/ADA_Project/training_runs/gen1_pokemon_training-runs/00006-gen1_pokemon_custom-auto2-resumecustom/network-snapshot-000426.pkl",
  "run_dir": "/work/chaselab/malyetama/ADA_Project/training_runs/gen1_pokemon_training-runs/00007-gen1_pokemon_custom-auto2-resumecustom"
}

Output directory:  /work/chaselab/malyetama/ADA_Project/training_runs/gen1_pokemon_training-runs/00007-gen1_pokemon_custom-auto2-resumecustom
Training data:     /work/chaselab/malyetama/ADA_Project/datasets/gen1_pokemon_custom
Training length:   25000 kimg
Resolution:        256
Number of GPUs:    2

Dry run; exiting.

Training options:
{
  "G_args": {
    "func_name": "training.networks.G_main",
    "fmap_base": 8192,
    "fmap_max": 512,
    "mapping_layers": 2,
    "num_fp16_res": 4,
    "conv_clamp": 256
  },
  "D_args": {
    "func_name": "training.networks.D_main",
    "mbstd_group_size": 4,
    "fmap_base": 8192,
    "fmap_max": 512,
    "num_fp16_res": 4,
    "conv_clamp": 256
  },
  "G_opt_args": {
    "beta1": 0.0,
    "beta2": 0.99,
    "learning_rate": 0.0025
  },
  "D_opt_args": {
    "beta1": 0.0,
    "beta2": 0.99,
    "learning_rate": 0.0025
  },
  "loss_args": {
    "func_name": "training.loss.stylegan2",
    "r1_gamma": 0.4096
  },
  "augment_args": {
    "class_name": "training.augment.AdaptiveAugment",
    "tune_heuristic": "rt",
    "tune_target": 0.6,
    "apply_func": "training.augment.augment_pipeline",
    "apply_args": {
      "xflip": 1,
      "rotate90": 1,
      "xint": 1,
      "scale": 1,
      "rotate": 1,
      "aniso": 1,
      "xfrac": 1,
      "brightness": 1,
      "contrast": 1,
      "lumaflip": 1,
      "hue": 1,
      "saturation": 1
    },
    "tune_kimg": 100
  },
  "num_gpus": 2,
  "image_snapshot_ticks": 1,
  "network_snapshot_ticks": 1,
  "train_dataset_args": {
    "path": "/work/chaselab/malyetama/ADA_Project/datasets/gen1_pokemon_custom",
    "max_label_size": 0,
    "resolution": 256,
    "mirror_augment": false
  },
  "metric_arg_list": [
    {
      "name": "fid50k_full",
      "class_name": "metrics.frechet_inception_distance.FID",
      "max_reals": null,
      "num_fakes": 50000,
      "minibatch_per_gpu": 8,
      "force_dataset_args": {
        "shuffle": false,
        "max_images": null,
        "repeat": false,
        "mirror_augment": false
      }
    }
  ],
  "metric_dataset_args": {
    "path": "/work/chaselab/malyetama/ADA_Project/datasets/gen1_pokemon_custom",
    "max_label_size": 0,
    "resolution": 256,
    "mirror_augment": false
  },
  "total_kimg": 25000,
  "minibatch_size": 32,
  "minibatch_gpu": 16,
  "G_smoothing_kimg": 10.0,
  "G_smoothing_rampup": null,
  "resume_pkl": "/work/chaselab/malyetama/ADA_Project/training_runs/gen1_pokemon_training-runs/00006-gen1_pokemon_custom-auto2-resumecustom/network-snapshot-000426.pkl",
  "run_dir": "/work/chaselab/malyetama/ADA_Project/training_runs/gen1_pokemon_training-runs/00007-gen1_pokemon_custom-auto2-resumecustom"
}

Output directory:  /work/chaselab/malyetama/ADA_Project/training_runs/gen1_pokemon_training-runs/00007-gen1_pokemon_custom-auto2-resumecustom
Training data:     /work/chaselab/malyetama/ADA_Project/datasets/gen1_pokemon_custom
Training length:   25000 kimg
Resolution:        256
Number of GPUs:    2

Creating output directory...
Loading training set...
Image shape: [3, 256, 256]
Label shape: [0]

Constructing networks...
Setting up TensorFlow plugin "fused_bias_act.cu": Loading... Done.
Setting up TensorFlow plugin "upfirdn_2d.cu": Loading... Done.
Resuming from "/work/chaselab/malyetama/ADA_Project/training_runs/gen1_pokemon_training-runs/00006-gen1_pokemon_custom-auto2-resumecustom/network-snapshot-000426.pkl"

G                             Params    OutputShape         WeightShape     
---                           ---       ---                 ---             
latents_in                    -         (?, 512)            -               
labels_in                     -         (?, 0)              -               
G_mapping/Normalize           -         (?, 512)            -               
G_mapping/Dense0              262656    (?, 512)            (512, 512)      
G_mapping/Dense1              262656    (?, 512)            (512, 512)      
G_mapping/Broadcast           -         (?, 14, 512)        -               
dlatent_avg                   -         (512,)              -               
Truncation/Lerp               -         (?, 14, 512)        -               
G_synthesis/4x4/Const         8192      (?, 512, 4, 4)      (1, 512, 4, 4)  
G_synthesis/4x4/Conv          2622465   (?, 512, 4, 4)      (3, 3, 512, 512)
G_synthesis/4x4/ToRGB         264195    (?, 3, 4, 4)        (1, 1, 512, 3)  
G_synthesis/8x8/Conv0_up      2622465   (?, 512, 8, 8)      (3, 3, 512, 512)
G_synthesis/8x8/Conv1         2622465   (?, 512, 8, 8)      (3, 3, 512, 512)
G_synthesis/8x8/Upsample      -         (?, 3, 8, 8)        -               
G_synthesis/8x8/ToRGB         264195    (?, 3, 8, 8)        (1, 1, 512, 3)  
G_synthesis/16x16/Conv0_up    2622465   (?, 512, 16, 16)    (3, 3, 512, 512)
G_synthesis/16x16/Conv1       2622465   (?, 512, 16, 16)    (3, 3, 512, 512)
G_synthesis/16x16/Upsample    -         (?, 3, 16, 16)      -               
G_synthesis/16x16/ToRGB       264195    (?, 3, 16, 16)      (1, 1, 512, 3)  
G_synthesis/32x32/Conv0_up    2622465   (?, 512, 32, 32)    (3, 3, 512, 512)
G_synthesis/32x32/Conv1       2622465   (?, 512, 32, 32)    (3, 3, 512, 512)
G_synthesis/32x32/Upsample    -         (?, 3, 32, 32)      -               
G_synthesis/32x32/ToRGB       264195    (?, 3, 32, 32)      (1, 1, 512, 3)  
G_synthesis/64x64/Conv0_up    1442561   (?, 256, 64, 64)    (3, 3, 512, 256)
G_synthesis/64x64/Conv1       721409    (?, 256, 64, 64)    (3, 3, 256, 256)
G_synthesis/64x64/Upsample    -         (?, 3, 64, 64)      -               
G_synthesis/64x64/ToRGB       132099    (?, 3, 64, 64)      (1, 1, 256, 3)  
G_synthesis/128x128/Conv0_up  426369    (?, 128, 128, 128)  (3, 3, 256, 128)
G_synthesis/128x128/Conv1     213249    (?, 128, 128, 128)  (3, 3, 128, 128)
G_synthesis/128x128/Upsample  -         (?, 3, 128, 128)    -               
G_synthesis/128x128/ToRGB     66051     (?, 3, 128, 128)    (1, 1, 128, 3)  
G_synthesis/256x256/Conv0_up  139457    (?, 64, 256, 256)   (3, 3, 128, 64) 
G_synthesis/256x256/Conv1     69761     (?, 64, 256, 256)   (3, 3, 64, 64)  
G_synthesis/256x256/Upsample  -         (?, 3, 256, 256)    -               
G_synthesis/256x256/ToRGB     33027     (?, 3, 256, 256)    (1, 1, 64, 3)   
---                           ---       ---                 ---             
Total                         23191522                                      


D                    Params    OutputShape         WeightShape     
---                  ---       ---                 ---             
images_in            -         (?, 3, 256, 256)    -               
labels_in            -         (?, 0)              -               
256x256/FromRGB      256       (?, 64, 256, 256)   (1, 1, 3, 64)   
256x256/Conv0        36928     (?, 64, 256, 256)   (3, 3, 64, 64)  
256x256/Conv1_down   73856     (?, 128, 128, 128)  (3, 3, 64, 128) 
256x256/Skip         8192      (?, 128, 128, 128)  (1, 1, 64, 128) 
128x128/Conv0        147584    (?, 128, 128, 128)  (3, 3, 128, 128)
128x128/Conv1_down   295168    (?, 256, 64, 64)    (3, 3, 128, 256)
128x128/Skip         32768     (?, 256, 64, 64)    (1, 1, 128, 256)
64x64/Conv0          590080    (?, 256, 64, 64)    (3, 3, 256, 256)
64x64/Conv1_down     1180160   (?, 512, 32, 32)    (3, 3, 256, 512)
64x64/Skip           131072    (?, 512, 32, 32)    (1, 1, 256, 512)
32x32/Conv0          2359808   (?, 512, 32, 32)    (3, 3, 512, 512)
32x32/Conv1_down     2359808   (?, 512, 16, 16)    (3, 3, 512, 512)
32x32/Skip           262144    (?, 512, 16, 16)    (1, 1, 512, 512)
16x16/Conv0          2359808   (?, 512, 16, 16)    (3, 3, 512, 512)
16x16/Conv1_down     2359808   (?, 512, 8, 8)      (3, 3, 512, 512)
16x16/Skip           262144    (?, 512, 8, 8)      (1, 1, 512, 512)
8x8/Conv0            2359808   (?, 512, 8, 8)      (3, 3, 512, 512)
8x8/Conv1_down       2359808   (?, 512, 4, 4)      (3, 3, 512, 512)
8x8/Skip             262144    (?, 512, 4, 4)      (1, 1, 512, 512)
4x4/MinibatchStddev  -         (?, 513, 4, 4)      -               
4x4/Conv             2364416   (?, 512, 4, 4)      (3, 3, 513, 512)
4x4/Dense0           4194816   (?, 512)            (8192, 512)     
Output               513       (?, 1)              (512, 1)        
---                  ---       ---                 ---             
Total                24001089                                      

Exporting sample images...
Replicating networks across 2 GPUs...
Initializing augmentations...
Setting up optimizers...
Constructing training graph...
Finalizing training ops...
Initializing metrics...
Training for 25000 kimg...

tick 0     kimg 0.1      time 4m 12s       sec/tick 53.6    sec/kimg 418.98  maintenance 198.0  gpumem 7.2   augment 0.001
Evaluating metrics...
network-snapshot-000000        time 5m 09s       fid50k_full 258.3715
tick 1     kimg 4.2      time 11m 35s      sec/tick 83.8    sec/kimg 20.45   maintenance 359.8  gpumem 7.2   augment 0.035
Evaluating metrics...
network-snapshot-000004        time 5m 08s       fid50k_full 260.5932
tick 2     kimg 8.3      time 18m 30s      sec/tick 84.2    sec/kimg 20.55   maintenance 330.4  gpumem 7.2   augment 0.068
Evaluating metrics...
network-snapshot-000008        time 5m 08s       fid50k_full 267.8419
tick 3     kimg 12.4     time 25m 28s      sec/tick 84.2    sec/kimg 20.57   maintenance 334.2  gpumem 7.2   augment 0.099
Evaluating metrics...
network-snapshot-000012        time 5m 08s       fid50k_full 270.3280
tick 4     kimg 16.5     time 32m 26s      sec/tick 84.3    sec/kimg 20.58   maintenance 333.2  gpumem 7.2   augment 0.127
Evaluating metrics...
network-snapshot-000016        time 5m 08s       fid50k_full 265.7045
tick 5     kimg 20.6     time 39m 25s      sec/tick 84.9    sec/kimg 20.73   maintenance 334.6  gpumem 7.2   augment 0.157
Evaluating metrics...
network-snapshot-000020        time 5m 07s       fid50k_full 266.0104
tick 6     kimg 24.7     time 46m 22s      sec/tick 84.6    sec/kimg 20.66   maintenance 332.3  gpumem 7.2   augment 0.180
Evaluating metrics...
network-snapshot-000024        time 5m 09s       fid50k_full 266.8530
tick 7     kimg 28.8     time 53m 20s      sec/tick 85.1    sec/kimg 20.78   maintenance 333.1  gpumem 7.2   augment 0.204
Evaluating metrics...
network-snapshot-000028        time 5m 07s       fid50k_full 264.7512
tick 8     kimg 32.9     time 1h 00m 16s   sec/tick 84.7    sec/kimg 20.69   maintenance 330.8  gpumem 7.2   augment 0.224
Evaluating metrics...
network-snapshot-000032        time 5m 09s       fid50k_full 263.2914
tick 9     kimg 37.0     time 1h 07m 14s   sec/tick 85.6    sec/kimg 20.91   maintenance 332.1  gpumem 7.2   augment 0.242
Evaluating metrics...
network-snapshot-000036        time 5m 11s       fid50k_full 261.0506
tick 10    kimg 41.1     time 1h 14m 17s   sec/tick 85.0    sec/kimg 20.75   maintenance 338.2  gpumem 7.2   augment 0.250
Evaluating metrics...
network-snapshot-000041        time 5m 07s       fid50k_full 261.6139
tick 11    kimg 45.2     time 1h 21m 12s   sec/tick 84.8    sec/kimg 20.71   maintenance 330.2  gpumem 7.2   augment 0.268
Evaluating metrics...
network-snapshot-000045        time 5m 07s       fid50k_full 263.0898
tick 12    kimg 49.3     time 1h 28m 07s   sec/tick 85.4    sec/kimg 20.86   maintenance 329.9  gpumem 7.2   augment 0.288
Evaluating metrics...
network-snapshot-000049        time 5m 10s       fid50k_full 263.2809
tick 13    kimg 53.4     time 1h 35m 05s   sec/tick 84.8    sec/kimg 20.71   maintenance 332.9  gpumem 7.2   augment 0.306
Evaluating metrics...
network-snapshot-000053        time 5m 07s       fid50k_full 263.9385
tick 14    kimg 57.5     time 1h 42m 00s   sec/tick 85.7    sec/kimg 20.92   maintenance 329.7  gpumem 7.2   augment 0.319
Evaluating metrics...
network-snapshot-000057        time 5m 08s       fid50k_full 263.9360
tick 15    kimg 61.6     time 1h 48m 56s   sec/tick 85.0    sec/kimg 20.76   maintenance 330.8  gpumem 7.2   augment 0.321
Evaluating metrics...
network-snapshot-000061        time 5m 07s       fid50k_full 264.8399
tick 16    kimg 65.7     time 1h 55m 52s   sec/tick 85.2    sec/kimg 20.81   maintenance 330.1  gpumem 7.2   augment 0.329
Evaluating metrics...
network-snapshot-000065        time 5m 11s       fid50k_full 263.4747
tick 17    kimg 69.8     time 2h 02m 52s   sec/tick 85.0    sec/kimg 20.76   maintenance 335.2  gpumem 7.2   augment 0.332
Evaluating metrics...
network-snapshot-000069        time 5m 07s       fid50k_full 263.0875
tick 18    kimg 73.9     time 2h 09m 46s   sec/tick 85.0    sec/kimg 20.76   maintenance 329.5  gpumem 7.2   augment 0.321
Evaluating metrics...
network-snapshot-000073        time 5m 08s       fid50k_full 261.1395
tick 19    kimg 78.0     time 2h 16m 43s   sec/tick 85.8    sec/kimg 20.95   maintenance 331.0  gpumem 7.2   augment 0.324
Evaluating metrics...
network-snapshot-000077        time 5m 08s       fid50k_full 261.2390
tick 20    kimg 82.0     time 2h 23m 40s   sec/tick 85.0    sec/kimg 20.75   maintenance 331.6  gpumem 7.2   augment 0.316
Evaluating metrics...
network-snapshot-000082        time 5m 13s       fid50k_full 261.4973
tick 21    kimg 86.1     time 2h 30m 43s   sec/tick 85.6    sec/kimg 20.91   maintenance 337.1  gpumem 7.2   augment 0.319
Evaluating metrics...
network-snapshot-000086        time 5m 08s       fid50k_full 259.1779
tick 22    kimg 90.2     time 2h 37m 39s   sec/tick 85.0    sec/kimg 20.74   maintenance 331.5  gpumem 7.2   augment 0.319
Evaluating metrics...
network-snapshot-000090        time 5m 07s       fid50k_full 255.2867
tick 23    kimg 94.3     time 2h 44m 34s   sec/tick 85.3    sec/kimg 20.84   maintenance 329.9  gpumem 7.2   augment 0.326
Evaluating metrics...
network-snapshot-000094        time 5m 07s       fid50k_full 254.3631
tick 24    kimg 98.4     time 2h 51m 31s   sec/tick 85.1    sec/kimg 20.79   maintenance 331.2  gpumem 7.2   augment 0.339
Evaluating metrics...
