/lustre/work/chaselab/malyetama/ADA_Project
Tensorflow version: 1.14.0
4739
Raw: 4739, Resized: 4739
/work/chaselab/malyetama/ADA_Project/training_runs/AFHQ-DOG_training-runs/00003-AFHQ-DOG_custom-auto2-resumecustom/network-snapshot-002703.pkl
Sat Mar 20 16:17:50 2021       
+-----------------------------------------------------------------------------+
| NVIDIA-SMI 450.51.06    Driver Version: 450.51.06    CUDA Version: 11.0     |
|-------------------------------+----------------------+----------------------+
| GPU  Name        Persistence-M| Bus-Id        Disp.A | Volatile Uncorr. ECC |
| Fan  Temp  Perf  Pwr:Usage/Cap|         Memory-Usage | GPU-Util  Compute M. |
|                               |                      |               MIG M. |
|===============================+======================+======================|
|   0  Tesla V100S-PCI...  Off  | 00000000:60:00.0 Off |                    0 |
| N/A   48C    P0    39W / 250W |    311MiB / 32510MiB |      0%      Default |
|                               |                      |                  N/A |
+-------------------------------+----------------------+----------------------+
|   1  Tesla V100S-PCI...  Off  | 00000000:DA:00.0 Off |                    0 |
| N/A   46C    P0    40W / 250W |    311MiB / 32510MiB |      0%      Default |
|                               |                      |                  N/A |
+-------------------------------+----------------------+----------------------+
                                                                               
+-----------------------------------------------------------------------------+
| Processes:                                                                  |
|  GPU   GI   CI        PID   Type   Process name                  GPU Memory |
|        ID   ID                                                   Usage      |
|=============================================================================|
|    0   N/A  N/A    150408      C   ...a/envs/ada-env/bin/python      307MiB |
|    1   N/A  N/A    150408      C   ...a/envs/ada-env/bin/python      307MiB |
+-----------------------------------------------------------------------------+

Training options:
{
  "G_args": {
    "func_name": "training.networks.G_main",
    "fmap_base": 8192,
    "fmap_max": 512,
    "mapping_layers": 2,
    "num_fp16_res": 4,
    "conv_clamp": 256
  },
  "D_args": {
    "func_name": "training.networks.D_main",
    "mbstd_group_size": 4,
    "fmap_base": 8192,
    "fmap_max": 512,
    "num_fp16_res": 4,
    "conv_clamp": 256
  },
  "G_opt_args": {
    "beta1": 0.0,
    "beta2": 0.99,
    "learning_rate": 0.0025
  },
  "D_opt_args": {
    "beta1": 0.0,
    "beta2": 0.99,
    "learning_rate": 0.0025
  },
  "loss_args": {
    "func_name": "training.loss.stylegan2",
    "r1_gamma": 0.4096
  },
  "augment_args": {
    "class_name": "training.augment.AdaptiveAugment",
    "tune_heuristic": "rt",
    "tune_target": 0.6,
    "apply_func": "training.augment.augment_pipeline",
    "apply_args": {
      "xflip": 1,
      "rotate90": 1,
      "xint": 1,
      "scale": 1,
      "rotate": 1,
      "aniso": 1,
      "xfrac": 1,
      "brightness": 1,
      "contrast": 1,
      "lumaflip": 1,
      "hue": 1,
      "saturation": 1
    },
    "tune_kimg": 100
  },
  "num_gpus": 2,
  "image_snapshot_ticks": 1,
  "network_snapshot_ticks": 1,
  "train_dataset_args": {
    "path": "/work/chaselab/malyetama/ADA_Project/datasets/AFHQ-DOG_custom",
    "max_label_size": 0,
    "resolution": 256,
    "mirror_augment": false
  },
  "metric_arg_list": [
    {
      "name": "fid50k_full",
      "class_name": "metrics.frechet_inception_distance.FID",
      "max_reals": null,
      "num_fakes": 50000,
      "minibatch_per_gpu": 8,
      "force_dataset_args": {
        "shuffle": false,
        "max_images": null,
        "repeat": false,
        "mirror_augment": false
      }
    }
  ],
  "metric_dataset_args": {
    "path": "/work/chaselab/malyetama/ADA_Project/datasets/AFHQ-DOG_custom",
    "max_label_size": 0,
    "resolution": 256,
    "mirror_augment": false
  },
  "total_kimg": 25000,
  "minibatch_size": 32,
  "minibatch_gpu": 16,
  "G_smoothing_kimg": 10.0,
  "G_smoothing_rampup": null,
  "resume_pkl": "/work/chaselab/malyetama/ADA_Project/training_runs/AFHQ-DOG_training-runs/00003-AFHQ-DOG_custom-auto2-resumecustom/network-snapshot-002703.pkl",
  "run_dir": "/work/chaselab/malyetama/ADA_Project/training_runs/AFHQ-DOG_training-runs/00004-AFHQ-DOG_custom-auto2-resumecustom"
}

Output directory:  /work/chaselab/malyetama/ADA_Project/training_runs/AFHQ-DOG_training-runs/00004-AFHQ-DOG_custom-auto2-resumecustom
Training data:     /work/chaselab/malyetama/ADA_Project/datasets/AFHQ-DOG_custom
Training length:   25000 kimg
Resolution:        256
Number of GPUs:    2

Dry run; exiting.

Training options:
{
  "G_args": {
    "func_name": "training.networks.G_main",
    "fmap_base": 8192,
    "fmap_max": 512,
    "mapping_layers": 2,
    "num_fp16_res": 4,
    "conv_clamp": 256
  },
  "D_args": {
    "func_name": "training.networks.D_main",
    "mbstd_group_size": 4,
    "fmap_base": 8192,
    "fmap_max": 512,
    "num_fp16_res": 4,
    "conv_clamp": 256
  },
  "G_opt_args": {
    "beta1": 0.0,
    "beta2": 0.99,
    "learning_rate": 0.0025
  },
  "D_opt_args": {
    "beta1": 0.0,
    "beta2": 0.99,
    "learning_rate": 0.0025
  },
  "loss_args": {
    "func_name": "training.loss.stylegan2",
    "r1_gamma": 0.4096
  },
  "augment_args": {
    "class_name": "training.augment.AdaptiveAugment",
    "tune_heuristic": "rt",
    "tune_target": 0.6,
    "apply_func": "training.augment.augment_pipeline",
    "apply_args": {
      "xflip": 1,
      "rotate90": 1,
      "xint": 1,
      "scale": 1,
      "rotate": 1,
      "aniso": 1,
      "xfrac": 1,
      "brightness": 1,
      "contrast": 1,
      "lumaflip": 1,
      "hue": 1,
      "saturation": 1
    },
    "tune_kimg": 100
  },
  "num_gpus": 2,
  "image_snapshot_ticks": 1,
  "network_snapshot_ticks": 1,
  "train_dataset_args": {
    "path": "/work/chaselab/malyetama/ADA_Project/datasets/AFHQ-DOG_custom",
    "max_label_size": 0,
    "resolution": 256,
    "mirror_augment": false
  },
  "metric_arg_list": [
    {
      "name": "fid50k_full",
      "class_name": "metrics.frechet_inception_distance.FID",
      "max_reals": null,
      "num_fakes": 50000,
      "minibatch_per_gpu": 8,
      "force_dataset_args": {
        "shuffle": false,
        "max_images": null,
        "repeat": false,
        "mirror_augment": false
      }
    }
  ],
  "metric_dataset_args": {
    "path": "/work/chaselab/malyetama/ADA_Project/datasets/AFHQ-DOG_custom",
    "max_label_size": 0,
    "resolution": 256,
    "mirror_augment": false
  },
  "total_kimg": 25000,
  "minibatch_size": 32,
  "minibatch_gpu": 16,
  "G_smoothing_kimg": 10.0,
  "G_smoothing_rampup": null,
  "resume_pkl": "/work/chaselab/malyetama/ADA_Project/training_runs/AFHQ-DOG_training-runs/00003-AFHQ-DOG_custom-auto2-resumecustom/network-snapshot-002703.pkl",
  "run_dir": "/work/chaselab/malyetama/ADA_Project/training_runs/AFHQ-DOG_training-runs/00004-AFHQ-DOG_custom-auto2-resumecustom"
}

Output directory:  /work/chaselab/malyetama/ADA_Project/training_runs/AFHQ-DOG_training-runs/00004-AFHQ-DOG_custom-auto2-resumecustom
Training data:     /work/chaselab/malyetama/ADA_Project/datasets/AFHQ-DOG_custom
Training length:   25000 kimg
Resolution:        256
Number of GPUs:    2

Creating output directory...
Loading training set...
Image shape: [3, 256, 256]
Label shape: [0]

Constructing networks...
Setting up TensorFlow plugin "fused_bias_act.cu": Loading... Done.
Setting up TensorFlow plugin "upfirdn_2d.cu": Loading... Done.
Resuming from "/work/chaselab/malyetama/ADA_Project/training_runs/AFHQ-DOG_training-runs/00003-AFHQ-DOG_custom-auto2-resumecustom/network-snapshot-002703.pkl"

G                             Params    OutputShape         WeightShape     
---                           ---       ---                 ---             
latents_in                    -         (?, 512)            -               
labels_in                     -         (?, 0)              -               
G_mapping/Normalize           -         (?, 512)            -               
G_mapping/Dense0              262656    (?, 512)            (512, 512)      
G_mapping/Dense1              262656    (?, 512)            (512, 512)      
G_mapping/Broadcast           -         (?, 14, 512)        -               
dlatent_avg                   -         (512,)              -               
Truncation/Lerp               -         (?, 14, 512)        -               
G_synthesis/4x4/Const         8192      (?, 512, 4, 4)      (1, 512, 4, 4)  
G_synthesis/4x4/Conv          2622465   (?, 512, 4, 4)      (3, 3, 512, 512)
G_synthesis/4x4/ToRGB         264195    (?, 3, 4, 4)        (1, 1, 512, 3)  
G_synthesis/8x8/Conv0_up      2622465   (?, 512, 8, 8)      (3, 3, 512, 512)
G_synthesis/8x8/Conv1         2622465   (?, 512, 8, 8)      (3, 3, 512, 512)
G_synthesis/8x8/Upsample      -         (?, 3, 8, 8)        -               
G_synthesis/8x8/ToRGB         264195    (?, 3, 8, 8)        (1, 1, 512, 3)  
G_synthesis/16x16/Conv0_up    2622465   (?, 512, 16, 16)    (3, 3, 512, 512)
G_synthesis/16x16/Conv1       2622465   (?, 512, 16, 16)    (3, 3, 512, 512)
G_synthesis/16x16/Upsample    -         (?, 3, 16, 16)      -               
G_synthesis/16x16/ToRGB       264195    (?, 3, 16, 16)      (1, 1, 512, 3)  
G_synthesis/32x32/Conv0_up    2622465   (?, 512, 32, 32)    (3, 3, 512, 512)
G_synthesis/32x32/Conv1       2622465   (?, 512, 32, 32)    (3, 3, 512, 512)
G_synthesis/32x32/Upsample    -         (?, 3, 32, 32)      -               
G_synthesis/32x32/ToRGB       264195    (?, 3, 32, 32)      (1, 1, 512, 3)  
G_synthesis/64x64/Conv0_up    1442561   (?, 256, 64, 64)    (3, 3, 512, 256)
G_synthesis/64x64/Conv1       721409    (?, 256, 64, 64)    (3, 3, 256, 256)
G_synthesis/64x64/Upsample    -         (?, 3, 64, 64)      -               
G_synthesis/64x64/ToRGB       132099    (?, 3, 64, 64)      (1, 1, 256, 3)  
G_synthesis/128x128/Conv0_up  426369    (?, 128, 128, 128)  (3, 3, 256, 128)
G_synthesis/128x128/Conv1     213249    (?, 128, 128, 128)  (3, 3, 128, 128)
G_synthesis/128x128/Upsample  -         (?, 3, 128, 128)    -               
G_synthesis/128x128/ToRGB     66051     (?, 3, 128, 128)    (1, 1, 128, 3)  
G_synthesis/256x256/Conv0_up  139457    (?, 64, 256, 256)   (3, 3, 128, 64) 
G_synthesis/256x256/Conv1     69761     (?, 64, 256, 256)   (3, 3, 64, 64)  
G_synthesis/256x256/Upsample  -         (?, 3, 256, 256)    -               
G_synthesis/256x256/ToRGB     33027     (?, 3, 256, 256)    (1, 1, 64, 3)   
---                           ---       ---                 ---             
Total                         23191522                                      


D                    Params    OutputShape         WeightShape     
---                  ---       ---                 ---             
images_in            -         (?, 3, 256, 256)    -               
labels_in            -         (?, 0)              -               
256x256/FromRGB      256       (?, 64, 256, 256)   (1, 1, 3, 64)   
256x256/Conv0        36928     (?, 64, 256, 256)   (3, 3, 64, 64)  
256x256/Conv1_down   73856     (?, 128, 128, 128)  (3, 3, 64, 128) 
256x256/Skip         8192      (?, 128, 128, 128)  (1, 1, 64, 128) 
128x128/Conv0        147584    (?, 128, 128, 128)  (3, 3, 128, 128)
128x128/Conv1_down   295168    (?, 256, 64, 64)    (3, 3, 128, 256)
128x128/Skip         32768     (?, 256, 64, 64)    (1, 1, 128, 256)
64x64/Conv0          590080    (?, 256, 64, 64)    (3, 3, 256, 256)
64x64/Conv1_down     1180160   (?, 512, 32, 32)    (3, 3, 256, 512)
64x64/Skip           131072    (?, 512, 32, 32)    (1, 1, 256, 512)
32x32/Conv0          2359808   (?, 512, 32, 32)    (3, 3, 512, 512)
32x32/Conv1_down     2359808   (?, 512, 16, 16)    (3, 3, 512, 512)
32x32/Skip           262144    (?, 512, 16, 16)    (1, 1, 512, 512)
16x16/Conv0          2359808   (?, 512, 16, 16)    (3, 3, 512, 512)
16x16/Conv1_down     2359808   (?, 512, 8, 8)      (3, 3, 512, 512)
16x16/Skip           262144    (?, 512, 8, 8)      (1, 1, 512, 512)
8x8/Conv0            2359808   (?, 512, 8, 8)      (3, 3, 512, 512)
8x8/Conv1_down       2359808   (?, 512, 4, 4)      (3, 3, 512, 512)
8x8/Skip             262144    (?, 512, 4, 4)      (1, 1, 512, 512)
4x4/MinibatchStddev  -         (?, 513, 4, 4)      -               
4x4/Conv             2364416   (?, 512, 4, 4)      (3, 3, 513, 512)
4x4/Dense0           4194816   (?, 512)            (8192, 512)     
Output               513       (?, 1)              (512, 1)        
---                  ---       ---                 ---             
Total                24001089                                      

Exporting sample images...
Replicating networks across 2 GPUs...
Initializing augmentations...
Setting up optimizers...
Constructing training graph...
Finalizing training ops...
Initializing metrics...
Training for 25000 kimg...

tick 0     kimg 0.1      time 2m 32s       sec/tick 38.0    sec/kimg 296.91  maintenance 113.8  gpumem 7.2   augment 0.001
Evaluating metrics...
network-snapshot-000000        time 4m 31s       fid50k_full 12.4136
tick 1     kimg 4.2      time 8m 46s       sec/tick 73.9    sec/kimg 18.05   maintenance 299.8  gpumem 7.2   augment 0.037
Evaluating metrics...
network-snapshot-000004        time 4m 30s       fid50k_full 12.8135
tick 2     kimg 8.3      time 14m 39s      sec/tick 74.1    sec/kimg 18.10   maintenance 279.0  gpumem 7.2   augment 0.073
Evaluating metrics...
network-snapshot-000008        time 4m 30s       fid50k_full 13.2011
tick 3     kimg 12.4     time 20m 29s      sec/tick 74.1    sec/kimg 18.09   maintenance 276.2  gpumem 7.2   augment 0.109
Evaluating metrics...
network-snapshot-000012        time 4m 30s       fid50k_full 14.0528
tick 4     kimg 16.5     time 26m 19s      sec/tick 74.6    sec/kimg 18.20   maintenance 275.5  gpumem 7.2   augment 0.142
Evaluating metrics...
network-snapshot-000016        time 4m 31s       fid50k_full 14.5898
tick 5     kimg 20.6     time 32m 10s      sec/tick 74.6    sec/kimg 18.22   maintenance 276.4  gpumem 7.2   augment 0.178
Evaluating metrics...
network-snapshot-000020        time 4m 29s       fid50k_full 14.5378
tick 6     kimg 24.7     time 38m 00s      sec/tick 74.8    sec/kimg 18.27   maintenance 275.1  gpumem 7.2   augment 0.206
Evaluating metrics...
network-snapshot-000024        time 4m 31s       fid50k_full 14.7191
tick 7     kimg 28.8     time 43m 52s      sec/tick 74.8    sec/kimg 18.26   maintenance 276.9  gpumem 7.2   augment 0.232
Evaluating metrics...
network-snapshot-000028        time 4m 29s       fid50k_full 15.2145
tick 8     kimg 32.9     time 49m 42s      sec/tick 74.9    sec/kimg 18.28   maintenance 275.3  gpumem 7.2   augment 0.252
Evaluating metrics...
network-snapshot-000032        time 4m 29s       fid50k_full 14.7241
tick 9     kimg 37.0     time 55m 32s      sec/tick 74.9    sec/kimg 18.29   maintenance 275.3  gpumem 7.2   augment 0.270
Evaluating metrics...
network-snapshot-000036        time 4m 31s       fid50k_full 14.3656
tick 10    kimg 41.1     time 1h 01m 24s   sec/tick 74.5    sec/kimg 18.20   maintenance 277.2  gpumem 7.2   augment 0.291
Evaluating metrics...
network-snapshot-000041        time 4m 30s       fid50k_full 13.6078
tick 11    kimg 45.2     time 1h 07m 15s   sec/tick 75.5    sec/kimg 18.43   maintenance 275.6  gpumem 7.2   augment 0.301
Evaluating metrics...
network-snapshot-000045        time 4m 31s       fid50k_full 13.0052
tick 12    kimg 49.3     time 1h 13m 08s   sec/tick 75.1    sec/kimg 18.33   maintenance 277.4  gpumem 7.2   augment 0.311
Evaluating metrics...
network-snapshot-000049        time 4m 32s       fid50k_full 12.3739
tick 13    kimg 53.4     time 1h 19m 00s   sec/tick 75.0    sec/kimg 18.32   maintenance 277.8  gpumem 7.2   augment 0.319
Evaluating metrics...
network-snapshot-000053        time 4m 30s       fid50k_full 12.1292
tick 14    kimg 57.5     time 1h 24m 51s   sec/tick 74.9    sec/kimg 18.29   maintenance 275.8  gpumem 7.2   augment 0.308
Evaluating metrics...
network-snapshot-000057        time 4m 30s       fid50k_full 12.0439
tick 15    kimg 61.6     time 1h 30m 42s   sec/tick 75.0    sec/kimg 18.31   maintenance 275.7  gpumem 7.2   augment 0.316
Evaluating metrics...
network-snapshot-000061        time 4m 30s       fid50k_full 11.8240
tick 16    kimg 65.7     time 1h 36m 32s   sec/tick 75.1    sec/kimg 18.35   maintenance 275.6  gpumem 7.2   augment 0.319
Evaluating metrics...
network-snapshot-000065        time 4m 33s       fid50k_full 11.7053
tick 17    kimg 69.8     time 1h 42m 28s   sec/tick 75.0    sec/kimg 18.31   maintenance 281.0  gpumem 7.2   augment 0.321
Evaluating metrics...
network-snapshot-000069        time 4m 30s       fid50k_full 11.9343
tick 18    kimg 73.9     time 1h 48m 19s   sec/tick 74.9    sec/kimg 18.27   maintenance 275.9  gpumem 7.2   augment 0.329
Evaluating metrics...
network-snapshot-000073        time 4m 30s       fid50k_full 12.3105
tick 19    kimg 78.0     time 1h 54m 10s   sec/tick 75.1    sec/kimg 18.32   maintenance 275.8  gpumem 7.2   augment 0.324
Evaluating metrics...
network-snapshot-000077        time 4m 29s       fid50k_full 12.2433
tick 20    kimg 82.0     time 2h 00m 00s   sec/tick 75.1    sec/kimg 18.33   maintenance 275.3  gpumem 7.2   augment 0.316
Evaluating metrics...
network-snapshot-000082        time 4m 37s       fid50k_full 11.8451
tick 21    kimg 86.1     time 2h 06m 01s   sec/tick 76.9    sec/kimg 18.78   maintenance 283.9  gpumem 7.2   augment 0.316
Evaluating metrics...
network-snapshot-000086        time 4m 31s       fid50k_full 11.9243
tick 22    kimg 90.2     time 2h 11m 54s   sec/tick 74.9    sec/kimg 18.30   maintenance 277.3  gpumem 7.2   augment 0.316
Evaluating metrics...
network-snapshot-000090        time 4m 30s       fid50k_full 12.0163
tick 23    kimg 94.3     time 2h 17m 45s   sec/tick 75.0    sec/kimg 18.32   maintenance 275.9  gpumem 7.2   augment 0.314
Evaluating metrics...
network-snapshot-000094        time 4m 30s       fid50k_full 12.1648
tick 24    kimg 98.4     time 2h 23m 35s   sec/tick 75.0    sec/kimg 18.32   maintenance 275.5  gpumem 7.2   augment 0.316
Evaluating metrics...
network-snapshot-000098        time 4m 30s       fid50k_full 12.0871
tick 25    kimg 102.5    time 2h 29m 26s   sec/tick 74.9    sec/kimg 18.28   maintenance 276.1  gpumem 7.2   augment 0.326
Evaluating metrics...
network-snapshot-000102        time 4m 31s       fid50k_full 12.4155
tick 26    kimg 106.6    time 2h 35m 18s   sec/tick 75.3    sec/kimg 18.39   maintenance 276.8  gpumem 7.2   augment 0.326
Evaluating metrics...
network-snapshot-000106        time 4m 30s       fid50k_full 12.3776
tick 27    kimg 110.7    time 2h 41m 09s   sec/tick 75.1    sec/kimg 18.33   maintenance 275.7  gpumem 7.2   augment 0.326
Evaluating metrics...
network-snapshot-000110        time 4m 35s       fid50k_full 12.3703
tick 28    kimg 114.8    time 2h 47m 05s   sec/tick 75.1    sec/kimg 18.33   maintenance 280.6  gpumem 7.2   augment 0.329
Evaluating metrics...
network-snapshot-000114        time 4m 30s       fid50k_full 12.5510
tick 29    kimg 118.9    time 2h 52m 55s   sec/tick 75.0    sec/kimg 18.32   maintenance 275.4  gpumem 7.2   augment 0.324
Evaluating metrics...
network-snapshot-000118        time 4m 30s       fid50k_full 12.4829
tick 30    kimg 123.0    time 2h 58m 46s   sec/tick 75.2    sec/kimg 18.35   maintenance 275.6  gpumem 7.2   augment 0.332
Evaluating metrics...
network-snapshot-000123        time 4m 30s       fid50k_full 12.4694
tick 31    kimg 127.1    time 3h 04m 37s   sec/tick 75.1    sec/kimg 18.34   maintenance 276.0  gpumem 7.2   augment 0.334
Evaluating metrics...
network-snapshot-000127        time 4m 30s       fid50k_full 12.9323
tick 32    kimg 131.2    time 3h 10m 28s   sec/tick 74.9    sec/kimg 18.28   maintenance 276.2  gpumem 7.2   augment 0.339
Evaluating metrics...
network-snapshot-000131        time 4m 30s       fid50k_full 13.0484
tick 33    kimg 135.3    time 3h 16m 19s   sec/tick 75.1    sec/kimg 18.33   maintenance 275.6  gpumem 7.2   augment 0.332
Evaluating metrics...
network-snapshot-000135        time 4m 30s       fid50k_full 12.5899
tick 34    kimg 139.4    time 3h 22m 10s   sec/tick 75.1    sec/kimg 18.34   maintenance 275.8  gpumem 7.2   augment 0.319
Evaluating metrics...
network-snapshot-000139        time 4m 36s       fid50k_full 12.7656
tick 35    kimg 143.5    time 3h 28m 07s   sec/tick 75.0    sec/kimg 18.31   maintenance 282.1  gpumem 7.2   augment 0.321
Evaluating metrics...
network-snapshot-000143        time 4m 30s       fid50k_full 12.9457
tick 36    kimg 147.6    time 3h 33m 57s   sec/tick 75.1    sec/kimg 18.33   maintenance 275.7  gpumem 7.2   augment 0.319
Evaluating metrics...
network-snapshot-000147        time 4m 30s       fid50k_full 12.9327
tick 37    kimg 151.7    time 3h 39m 48s   sec/tick 75.1    sec/kimg 18.33   maintenance 275.6  gpumem 7.2   augment 0.316
Evaluating metrics...
network-snapshot-000151        time 4m 30s       fid50k_full 13.0857
tick 38    kimg 155.8    time 3h 45m 39s   sec/tick 75.1    sec/kimg 18.32   maintenance 275.6  gpumem 7.2   augment 0.311
Evaluating metrics...
network-snapshot-000155        time 4m 30s       fid50k_full 13.0961
tick 39    kimg 159.9    time 3h 51m 30s   sec/tick 75.1    sec/kimg 18.33   maintenance 276.1  gpumem 7.2   augment 0.316
Evaluating metrics...
network-snapshot-000159        time 4m 30s       fid50k_full 12.8461
tick 40    kimg 164.0    time 3h 57m 21s   sec/tick 74.8    sec/kimg 18.25   maintenance 275.8  gpumem 7.2   augment 0.319
Evaluating metrics...
network-snapshot-000163        time 4m 30s       fid50k_full 12.7290
tick 41    kimg 168.1    time 4h 03m 11s   sec/tick 75.1    sec/kimg 18.34   maintenance 275.9  gpumem 7.2   augment 0.314
Evaluating metrics...
network-snapshot-000168        time 4m 30s       fid50k_full 12.6199
tick 42    kimg 172.2    time 4h 09m 03s   sec/tick 75.1    sec/kimg 18.35   maintenance 275.9  gpumem 7.2   augment 0.319
Evaluating metrics...
network-snapshot-000172        time 4m 30s       fid50k_full 12.8043
tick 43    kimg 176.3    time 4h 14m 58s   sec/tick 75.2    sec/kimg 18.36   maintenance 280.0  gpumem 7.2   augment 0.319
Evaluating metrics...
network-snapshot-000176        time 4m 38s       fid50k_full 12.2414
tick 44    kimg 180.4    time 4h 20m 57s   sec/tick 75.1    sec/kimg 18.35   maintenance 284.4  gpumem 7.2   augment 0.319
Evaluating metrics...
network-snapshot-000180        time 4m 31s       fid50k_full 11.9657
tick 45    kimg 184.4    time 4h 26m 50s   sec/tick 75.4    sec/kimg 18.41   maintenance 277.4  gpumem 7.2   augment 0.319
Evaluating metrics...
network-snapshot-000184        time 4m 30s       fid50k_full 12.0187
tick 46    kimg 188.5    time 4h 32m 42s   sec/tick 75.3    sec/kimg 18.38   maintenance 276.1  gpumem 7.2   augment 0.321
Evaluating metrics...
network-snapshot-000188        time 4m 30s       fid50k_full 11.7912
tick 47    kimg 192.6    time 4h 38m 36s   sec/tick 74.9    sec/kimg 18.29   maintenance 279.5  gpumem 7.2   augment 0.326
Evaluating metrics...
network-snapshot-000192        time 4m 31s       fid50k_full 11.6194
tick 48    kimg 196.7    time 4h 44m 28s   sec/tick 75.2    sec/kimg 18.36   maintenance 277.2  gpumem 7.2   augment 0.321
Evaluating metrics...
network-snapshot-000196        time 4m 31s       fid50k_full 11.4213
tick 49    kimg 200.8    time 4h 50m 20s   sec/tick 75.1    sec/kimg 18.34   maintenance 276.7  gpumem 7.2   augment 0.324
Evaluating metrics...
network-snapshot-000200        time 4m 30s       fid50k_full 11.5361
tick 50    kimg 204.9    time 4h 56m 11s   sec/tick 75.1    sec/kimg 18.33   maintenance 275.9  gpumem 7.2   augment 0.324
Evaluating metrics...
network-snapshot-000204        time 4m 30s       fid50k_full 11.4628
tick 51    kimg 209.0    time 5h 02m 02s   sec/tick 75.2    sec/kimg 18.36   maintenance 275.5  gpumem 7.2   augment 0.321
Evaluating metrics...
network-snapshot-000209        time 4m 30s       fid50k_full 11.5768
tick 52    kimg 213.1    time 5h 07m 53s   sec/tick 75.1    sec/kimg 18.34   maintenance 276.1  gpumem 7.2   augment 0.321
Evaluating metrics...
network-snapshot-000213        time 4m 29s       fid50k_full 11.8105
tick 53    kimg 217.2    time 5h 13m 43s   sec/tick 75.0    sec/kimg 18.30   maintenance 275.4  gpumem 7.2   augment 0.324
Evaluating metrics...
network-snapshot-000217        time 4m 29s       fid50k_full 12.0076
tick 54    kimg 221.3    time 5h 19m 34s   sec/tick 75.0    sec/kimg 18.30   maintenance 275.5  gpumem 7.2   augment 0.316
Evaluating metrics...
network-snapshot-000221        time 4m 30s       fid50k_full 11.7066
tick 55    kimg 225.4    time 5h 25m 25s   sec/tick 74.9    sec/kimg 18.28   maintenance 276.8  gpumem 7.2   augment 0.321
Evaluating metrics...
network-snapshot-000225        time 4m 41s       fid50k_full 11.8576
tick 56    kimg 229.5    time 5h 31m 28s   sec/tick 75.7    sec/kimg 18.48   maintenance 286.7  gpumem 7.2   augment 0.321
Evaluating metrics...
network-snapshot-000229        time 4m 31s       fid50k_full 11.5524
tick 57    kimg 233.6    time 5h 37m 20s   sec/tick 75.1    sec/kimg 18.33   maintenance 276.7  gpumem 7.2   augment 0.321
Evaluating metrics...
network-snapshot-000233        time 4m 30s       fid50k_full 11.4789
tick 58    kimg 237.7    time 5h 43m 11s   sec/tick 75.3    sec/kimg 18.39   maintenance 275.8  gpumem 7.2   augment 0.326
Evaluating metrics...
network-snapshot-000237        time 4m 31s       fid50k_full 11.8898
tick 59    kimg 241.8    time 5h 49m 03s   sec/tick 75.2    sec/kimg 18.36   maintenance 277.2  gpumem 7.2   augment 0.324
Evaluating metrics...
network-snapshot-000241        time 4m 30s       fid50k_full 12.2076
tick 60    kimg 245.9    time 5h 54m 54s   sec/tick 75.1    sec/kimg 18.32   maintenance 276.4  gpumem 7.2   augment 0.324
Evaluating metrics...
network-snapshot-000245        time 4m 30s       fid50k_full 12.3694
tick 61    kimg 250.0    time 6h 00m 46s   sec/tick 75.2    sec/kimg 18.36   maintenance 276.3  gpumem 7.2   augment 0.326
Evaluating metrics...
network-snapshot-000249        time 4m 30s       fid50k_full 12.5384
tick 62    kimg 254.1    time 6h 06m 37s   sec/tick 74.9    sec/kimg 18.28   maintenance 276.0  gpumem 7.2   augment 0.329
Evaluating metrics...
network-snapshot-000254        time 4m 30s       fid50k_full 12.8819
tick 63    kimg 258.2    time 6h 12m 28s   sec/tick 75.2    sec/kimg 18.36   maintenance 276.1  gpumem 7.2   augment 0.329
Evaluating metrics...
network-snapshot-000258        time 4m 30s       fid50k_full 13.0597
tick 64    kimg 262.3    time 6h 18m 20s   sec/tick 75.5    sec/kimg 18.44   maintenance 276.0  gpumem 7.2   augment 0.324
Evaluating metrics...
network-snapshot-000262        time 4m 30s       fid50k_full 13.0803
tick 65    kimg 266.4    time 6h 24m 11s   sec/tick 75.1    sec/kimg 18.34   maintenance 276.1  gpumem 7.2   augment 0.324
Evaluating metrics...
network-snapshot-000266        time 4m 30s       fid50k_full 12.9178
tick 66    kimg 270.5    time 6h 30m 02s   sec/tick 75.2    sec/kimg 18.37   maintenance 275.6  gpumem 7.2   augment 0.324
Evaluating metrics...
network-snapshot-000270        time 4m 30s       fid50k_full 13.3355
tick 67    kimg 274.6    time 6h 35m 53s   sec/tick 75.2    sec/kimg 18.35   maintenance 275.9  gpumem 7.2   augment 0.321
Evaluating metrics...
network-snapshot-000274        time 4m 30s       fid50k_full 13.1417
tick 68    kimg 278.7    time 6h 41m 48s   sec/tick 75.1    sec/kimg 18.35   maintenance 279.7  gpumem 7.2   augment 0.324
Evaluating metrics...
network-snapshot-000278        time 4m 30s       fid50k_full 13.0337
tick 69    kimg 282.8    time 6h 47m 38s   sec/tick 74.9    sec/kimg 18.28   maintenance 275.5  gpumem 7.2   augment 0.321
Evaluating metrics...
network-snapshot-000282        time 4m 43s       fid50k_full 13.0491
tick 70    kimg 286.8    time 6h 53m 42s   sec/tick 75.2    sec/kimg 18.35   maintenance 288.8  gpumem 7.2   augment 0.319
Evaluating metrics...
network-snapshot-000286        time 4m 30s       fid50k_full 13.3098
tick 71    kimg 290.9    time 6h 59m 33s   sec/tick 75.1    sec/kimg 18.33   maintenance 276.1  gpumem 7.2   augment 0.311
Evaluating metrics...
network-snapshot-000290        time 4m 30s       fid50k_full 13.5574
tick 72    kimg 295.0    time 7h 05m 24s   sec/tick 75.1    sec/kimg 18.34   maintenance 275.7  gpumem 7.2   augment 0.324
Evaluating metrics...
network-snapshot-000295        time 4m 30s       fid50k_full 13.1819
tick 73    kimg 299.1    time 7h 11m 16s   sec/tick 75.2    sec/kimg 18.36   maintenance 277.0  gpumem 7.2   augment 0.321
Evaluating metrics...
network-snapshot-000299        time 4m 30s       fid50k_full 13.8697
tick 74    kimg 303.2    time 7h 17m 07s   sec/tick 75.2    sec/kimg 18.36   maintenance 275.9  gpumem 7.2   augment 0.324
Evaluating metrics...
network-snapshot-000303        time 4m 30s       fid50k_full 13.1154
tick 75    kimg 307.3    time 7h 22m 59s   sec/tick 75.2    sec/kimg 18.36   maintenance 276.0  gpumem 7.2   augment 0.329
Evaluating metrics...
network-snapshot-000307        time 4m 30s       fid50k_full 12.5631
tick 76    kimg 311.4    time 7h 28m 49s   sec/tick 74.9    sec/kimg 18.28   maintenance 275.8  gpumem 7.2   augment 0.326
Evaluating metrics...
network-snapshot-000311        time 4m 31s       fid50k_full 12.1946
tick 77    kimg 315.5    time 7h 34m 42s   sec/tick 74.9    sec/kimg 18.29   maintenance 277.9  gpumem 7.2   augment 0.326
Evaluating metrics...
network-snapshot-000315        time 4m 31s       fid50k_full 12.1521
tick 78    kimg 319.6    time 7h 40m 35s   sec/tick 75.3    sec/kimg 18.38   maintenance 277.3  gpumem 7.2   augment 0.329
Evaluating metrics...
network-snapshot-000319        time 4m 31s       fid50k_full 12.3025
tick 79    kimg 323.7    time 7h 46m 27s   sec/tick 75.2    sec/kimg 18.36   maintenance 277.0  gpumem 7.2   augment 0.329
Evaluating metrics...
network-snapshot-000323        time 4m 30s       fid50k_full 12.4877
tick 80    kimg 327.8    time 7h 52m 19s   sec/tick 75.3    sec/kimg 18.38   maintenance 276.5  gpumem 7.2   augment 0.329
Evaluating metrics...
network-snapshot-000327        time 4m 30s       fid50k_full 12.3095
tick 81    kimg 331.9    time 7h 58m 10s   sec/tick 75.6    sec/kimg 18.47   maintenance 276.1  gpumem 7.2   augment 0.324
Evaluating metrics...
network-snapshot-000331        time 4m 30s       fid50k_full 12.1731
tick 82    kimg 336.0    time 8h 04m 02s   sec/tick 75.4    sec/kimg 18.40   maintenance 276.1  gpumem 7.2   augment 0.334
Evaluating metrics...
network-snapshot-000336        time 4m 31s       fid50k_full 12.0873
tick 83    kimg 340.1    time 8h 09m 54s   sec/tick 75.4    sec/kimg 18.40   maintenance 277.1  gpumem 7.2   augment 0.332
Evaluating metrics...
network-snapshot-000340        time 4m 30s       fid50k_full 11.8947
tick 84    kimg 344.2    time 8h 15m 45s   sec/tick 74.9    sec/kimg 18.28   maintenance 276.0  gpumem 7.2   augment 0.332
Evaluating metrics...
network-snapshot-000344        time 4m 30s       fid50k_full 11.9819
tick 85    kimg 348.3    time 8h 21m 36s   sec/tick 75.2    sec/kimg 18.36   maintenance 275.9  gpumem 7.2   augment 0.326
Evaluating metrics...
network-snapshot-000348        time 4m 30s       fid50k_full 11.8005
tick 86    kimg 352.4    time 8h 27m 28s   sec/tick 75.2    sec/kimg 18.36   maintenance 276.1  gpumem 7.2   augment 0.326
Evaluating metrics...
network-snapshot-000352        time 4m 30s       fid50k_full 11.8205
tick 87    kimg 356.5    time 8h 33m 19s   sec/tick 75.2    sec/kimg 18.37   maintenance 276.0  gpumem 7.2   augment 0.324
Evaluating metrics...
network-snapshot-000356        time 4m 46s       fid50k_full 11.9363
tick 88    kimg 360.6    time 8h 39m 26s   sec/tick 75.3    sec/kimg 18.38   maintenance 292.0  gpumem 7.2   augment 0.326
Evaluating metrics...
network-snapshot-000360        time 4m 30s       fid50k_full 11.9777
tick 89    kimg 364.7    time 8h 45m 22s   sec/tick 78.5    sec/kimg 19.16   maintenance 277.5  gpumem 7.2   augment 0.324
Evaluating metrics...
network-snapshot-000364        time 4m 32s       fid50k_full 12.3415
tick 90    kimg 368.8    time 8h 51m 15s   sec/tick 75.0    sec/kimg 18.32   maintenance 278.0  gpumem 7.2   augment 0.314
Evaluating metrics...
network-snapshot-000368        time 4m 31s       fid50k_full 12.4190
tick 91    kimg 372.9    time 8h 57m 07s   sec/tick 75.0    sec/kimg 18.31   maintenance 276.7  gpumem 7.2   augment 0.324
Evaluating metrics...
network-snapshot-000372        time 4m 30s       fid50k_full 12.6309
tick 92    kimg 377.0    time 9h 02m 58s   sec/tick 75.6    sec/kimg 18.46   maintenance 275.8  gpumem 7.2   augment 0.324
Evaluating metrics...
network-snapshot-000376        time 4m 30s       fid50k_full 13.0831
tick 93    kimg 381.1    time 9h 08m 50s   sec/tick 75.4    sec/kimg 18.41   maintenance 276.1  gpumem 7.2   augment 0.326
Evaluating metrics...
network-snapshot-000381        time 4m 30s       fid50k_full 13.2022
tick 94    kimg 385.2    time 9h 14m 42s   sec/tick 75.4    sec/kimg 18.40   maintenance 277.3  gpumem 7.2   augment 0.329
Evaluating metrics...
network-snapshot-000385        time 4m 30s       fid50k_full 13.4549
tick 95    kimg 389.2    time 9h 20m 34s   sec/tick 75.4    sec/kimg 18.40   maintenance 276.5  gpumem 7.2   augment 0.332
Evaluating metrics...
network-snapshot-000389        time 4m 31s       fid50k_full 12.9992
tick 96    kimg 393.3    time 9h 26m 27s   sec/tick 75.4    sec/kimg 18.41   maintenance 276.9  gpumem 7.2   augment 0.337
Evaluating metrics...
network-snapshot-000393        time 4m 31s       fid50k_full 13.0790
tick 97    kimg 397.4    time 9h 32m 20s   sec/tick 75.3    sec/kimg 18.38   maintenance 277.7  gpumem 7.2   augment 0.337
Evaluating metrics...
network-snapshot-000397        time 4m 32s       fid50k_full 12.6247
tick 98    kimg 401.5    time 9h 38m 12s   sec/tick 75.1    sec/kimg 18.35   maintenance 277.7  gpumem 7.2   augment 0.342
Evaluating metrics...
network-snapshot-000401        time 4m 31s       fid50k_full 12.4200
tick 99    kimg 405.6    time 9h 44m 06s   sec/tick 75.0    sec/kimg 18.30   maintenance 278.4  gpumem 7.2   augment 0.334
Evaluating metrics...
network-snapshot-000405        time 4m 31s       fid50k_full 12.5169
tick 100   kimg 409.7    time 9h 49m 58s   sec/tick 75.6    sec/kimg 18.46   maintenance 276.7  gpumem 7.2   augment 0.329
Evaluating metrics...
network-snapshot-000409        time 4m 30s       fid50k_full 12.4506
tick 101   kimg 413.8    time 9h 55m 50s   sec/tick 75.5    sec/kimg 18.43   maintenance 276.3  gpumem 7.2   augment 0.332
Evaluating metrics...
network-snapshot-000413        time 4m 30s       fid50k_full 12.4102
tick 102   kimg 417.9    time 10h 01m 42s  sec/tick 75.4    sec/kimg 18.41   maintenance 276.5  gpumem 7.2   augment 0.337
Evaluating metrics...
network-snapshot-000417        time 4m 31s       fid50k_full 12.7226
tick 103   kimg 422.0    time 10h 07m 34s  sec/tick 75.7    sec/kimg 18.47   maintenance 276.9  gpumem 7.2   augment 0.337
Evaluating metrics...
