ln: creating symbolic link `/lib/libcuda.so': Permission denied
2021-03-20 16:17:04.808837: I tensorflow/core/platform/cpu_feature_guard.cc:142] Your CPU supports instructions that this TensorFlow binary was not compiled to use: SSE4.1 SSE4.2 AVX AVX2 AVX512F FMA
2021-03-20 16:17:04.913670: I tensorflow/core/platform/profile_utils/cpu_utils.cc:94] CPU Frequency: 2499985000 Hz
2021-03-20 16:17:04.918144: I tensorflow/compiler/xla/service/service.cc:168] XLA service 0x55c6a0e6df30 executing computations on platform Host. Devices:
2021-03-20 16:17:04.918239: I tensorflow/compiler/xla/service/service.cc:175]   StreamExecutor device (0): <undefined>, <undefined>
2021-03-20 16:17:04.932813: I tensorflow/stream_executor/platform/default/dso_loader.cc:42] Successfully opened dynamic library libcuda.so.1
2021-03-20 16:17:05.329537: I tensorflow/core/common_runtime/gpu/gpu_device.cc:1640] Found device 0 with properties: 
name: Tesla V100-PCIE-32GB major: 7 minor: 0 memoryClockRate(GHz): 1.38
pciBusID: 0000:5e:00.0
2021-03-20 16:17:05.331540: I tensorflow/core/common_runtime/gpu/gpu_device.cc:1640] Found device 1 with properties: 
name: Tesla V100-PCIE-32GB major: 7 minor: 0 memoryClockRate(GHz): 1.38
pciBusID: 0000:d8:00.0
2021-03-20 16:17:05.335603: I tensorflow/stream_executor/platform/default/dso_loader.cc:42] Successfully opened dynamic library libcudart.so.10.0
2021-03-20 16:17:05.667142: I tensorflow/stream_executor/platform/default/dso_loader.cc:42] Successfully opened dynamic library libcublas.so.10.0
2021-03-20 16:17:05.877231: I tensorflow/stream_executor/platform/default/dso_loader.cc:42] Successfully opened dynamic library libcufft.so.10.0
2021-03-20 16:17:05.951904: I tensorflow/stream_executor/platform/default/dso_loader.cc:42] Successfully opened dynamic library libcurand.so.10.0
2021-03-20 16:17:06.346678: I tensorflow/stream_executor/platform/default/dso_loader.cc:42] Successfully opened dynamic library libcusolver.so.10.0
2021-03-20 16:17:06.636930: I tensorflow/stream_executor/platform/default/dso_loader.cc:42] Successfully opened dynamic library libcusparse.so.10.0
2021-03-20 16:17:07.256565: I tensorflow/stream_executor/platform/default/dso_loader.cc:42] Successfully opened dynamic library libcudnn.so.7
2021-03-20 16:17:07.264934: I tensorflow/core/common_runtime/gpu/gpu_device.cc:1763] Adding visible gpu devices: 0, 1
2021-03-20 16:17:07.265799: I tensorflow/stream_executor/platform/default/dso_loader.cc:42] Successfully opened dynamic library libcudart.so.10.0
2021-03-20 16:17:07.270669: I tensorflow/core/common_runtime/gpu/gpu_device.cc:1181] Device interconnect StreamExecutor with strength 1 edge matrix:
2021-03-20 16:17:07.270741: I tensorflow/core/common_runtime/gpu/gpu_device.cc:1187]      0 1 
2021-03-20 16:17:07.270788: I tensorflow/core/common_runtime/gpu/gpu_device.cc:1200] 0:   N Y 
2021-03-20 16:17:07.270806: I tensorflow/core/common_runtime/gpu/gpu_device.cc:1200] 1:   Y N 
2021-03-20 16:17:07.279074: I tensorflow/core/common_runtime/gpu/gpu_device.cc:1326] Created TensorFlow device (/job:localhost/replica:0/task:0/device:GPU:0 with 30591 MB memory) -> physical GPU (device: 0, name: Tesla V100-PCIE-32GB, pci bus id: 0000:5e:00.0, compute capability: 7.0)
2021-03-20 16:17:07.285010: I tensorflow/core/common_runtime/gpu/gpu_device.cc:1326] Created TensorFlow device (/job:localhost/replica:0/task:0/device:GPU:1 with 30591 MB memory) -> physical GPU (device: 1, name: Tesla V100-PCIE-32GB, pci bus id: 0000:d8:00.0, compute capability: 7.0)
2021-03-20 16:17:07.291526: I tensorflow/compiler/xla/service/service.cc:168] XLA service 0x55c6a2374b30 executing computations on platform CUDA. Devices:
2021-03-20 16:17:07.291628: I tensorflow/compiler/xla/service/service.cc:175]   StreamExecutor device (0): Tesla V100-PCIE-32GB, Compute Capability 7.0
2021-03-20 16:17:07.291679: I tensorflow/compiler/xla/service/service.cc:175]   StreamExecutor device (1): Tesla V100-PCIE-32GB, Compute Capability 7.0
2021-03-20 16:17:08.678342: I tensorflow/core/common_runtime/gpu/gpu_device.cc:1640] Found device 0 with properties: 
name: Tesla V100-PCIE-32GB major: 7 minor: 0 memoryClockRate(GHz): 1.38
pciBusID: 0000:5e:00.0
2021-03-20 16:17:08.680922: I tensorflow/core/common_runtime/gpu/gpu_device.cc:1640] Found device 1 with properties: 
name: Tesla V100-PCIE-32GB major: 7 minor: 0 memoryClockRate(GHz): 1.38
pciBusID: 0000:d8:00.0
2021-03-20 16:17:08.688953: I tensorflow/stream_executor/platform/default/dso_loader.cc:42] Successfully opened dynamic library libcudart.so.10.0
2021-03-20 16:17:08.689285: I tensorflow/stream_executor/platform/default/dso_loader.cc:42] Successfully opened dynamic library libcublas.so.10.0
2021-03-20 16:17:08.689621: I tensorflow/stream_executor/platform/default/dso_loader.cc:42] Successfully opened dynamic library libcufft.so.10.0
2021-03-20 16:17:08.689919: I tensorflow/stream_executor/platform/default/dso_loader.cc:42] Successfully opened dynamic library libcurand.so.10.0
2021-03-20 16:17:08.689982: I tensorflow/stream_executor/platform/default/dso_loader.cc:42] Successfully opened dynamic library libcusolver.so.10.0
2021-03-20 16:17:08.690304: I tensorflow/stream_executor/platform/default/dso_loader.cc:42] Successfully opened dynamic library libcusparse.so.10.0
2021-03-20 16:17:08.690606: I tensorflow/stream_executor/platform/default/dso_loader.cc:42] Successfully opened dynamic library libcudnn.so.7
2021-03-20 16:17:08.698131: I tensorflow/core/common_runtime/gpu/gpu_device.cc:1763] Adding visible gpu devices: 0, 1
2021-03-20 16:17:08.698433: I tensorflow/core/common_runtime/gpu/gpu_device.cc:1181] Device interconnect StreamExecutor with strength 1 edge matrix:
2021-03-20 16:17:08.698457: I tensorflow/core/common_runtime/gpu/gpu_device.cc:1187]      0 1 
2021-03-20 16:17:08.698495: I tensorflow/core/common_runtime/gpu/gpu_device.cc:1200] 0:   N Y 
2021-03-20 16:17:08.698511: I tensorflow/core/common_runtime/gpu/gpu_device.cc:1200] 1:   Y N 
2021-03-20 16:17:08.704313: I tensorflow/core/common_runtime/gpu/gpu_device.cc:1326] Created TensorFlow device (/job:localhost/replica:0/task:0/device:GPU:0 with 30591 MB memory) -> physical GPU (device: 0, name: Tesla V100-PCIE-32GB, pci bus id: 0000:5e:00.0, compute capability: 7.0)
2021-03-20 16:17:08.706299: I tensorflow/core/common_runtime/gpu/gpu_device.cc:1326] Created TensorFlow device (/job:localhost/replica:0/task:0/device:GPU:1 with 30591 MB memory) -> physical GPU (device: 1, name: Tesla V100-PCIE-32GB, pci bus id: 0000:d8:00.0, compute capability: 7.0)
2021-03-20 16:17:09.104306: I tensorflow/core/common_runtime/gpu/gpu_device.cc:1640] Found device 0 with properties: 
name: Tesla V100-PCIE-32GB major: 7 minor: 0 memoryClockRate(GHz): 1.38
pciBusID: 0000:5e:00.0
2021-03-20 16:17:09.106297: I tensorflow/core/common_runtime/gpu/gpu_device.cc:1640] Found device 1 with properties: 
name: Tesla V100-PCIE-32GB major: 7 minor: 0 memoryClockRate(GHz): 1.38
pciBusID: 0000:d8:00.0
2021-03-20 16:17:09.106364: I tensorflow/stream_executor/platform/default/dso_loader.cc:42] Successfully opened dynamic library libcudart.so.10.0
2021-03-20 16:17:09.106389: I tensorflow/stream_executor/platform/default/dso_loader.cc:42] Successfully opened dynamic library libcublas.so.10.0
2021-03-20 16:17:09.106409: I tensorflow/stream_executor/platform/default/dso_loader.cc:42] Successfully opened dynamic library libcufft.so.10.0
2021-03-20 16:17:09.106438: I tensorflow/stream_executor/platform/default/dso_loader.cc:42] Successfully opened dynamic library libcurand.so.10.0
2021-03-20 16:17:09.106462: I tensorflow/stream_executor/platform/default/dso_loader.cc:42] Successfully opened dynamic library libcusolver.so.10.0
2021-03-20 16:17:09.106483: I tensorflow/stream_executor/platform/default/dso_loader.cc:42] Successfully opened dynamic library libcusparse.so.10.0
2021-03-20 16:17:09.106503: I tensorflow/stream_executor/platform/default/dso_loader.cc:42] Successfully opened dynamic library libcudnn.so.7
2021-03-20 16:17:09.114072: I tensorflow/core/common_runtime/gpu/gpu_device.cc:1763] Adding visible gpu devices: 0, 1
2021-03-20 16:17:09.114134: I tensorflow/core/common_runtime/gpu/gpu_device.cc:1181] Device interconnect StreamExecutor with strength 1 edge matrix:
2021-03-20 16:17:09.114164: I tensorflow/core/common_runtime/gpu/gpu_device.cc:1187]      0 1 
2021-03-20 16:17:09.114186: I tensorflow/core/common_runtime/gpu/gpu_device.cc:1200] 0:   N Y 
2021-03-20 16:17:09.114202: I tensorflow/core/common_runtime/gpu/gpu_device.cc:1200] 1:   Y N 
2021-03-20 16:17:09.119875: I tensorflow/core/common_runtime/gpu/gpu_device.cc:1326] Created TensorFlow device (/device:GPU:0 with 30591 MB memory) -> physical GPU (device: 0, name: Tesla V100-PCIE-32GB, pci bus id: 0000:5e:00.0, compute capability: 7.0)
2021-03-20 16:17:09.121824: I tensorflow/core/common_runtime/gpu/gpu_device.cc:1326] Created TensorFlow device (/device:GPU:1 with 30591 MB memory) -> physical GPU (device: 1, name: Tesla V100-PCIE-32GB, pci bus id: 0000:d8:00.0, compute capability: 7.0)
2021-03-20 16:17:09.384177: I tensorflow/core/common_runtime/gpu/gpu_device.cc:1640] Found device 0 with properties: 
name: Tesla V100-PCIE-32GB major: 7 minor: 0 memoryClockRate(GHz): 1.38
pciBusID: 0000:5e:00.0
2021-03-20 16:17:09.386459: I tensorflow/core/common_runtime/gpu/gpu_device.cc:1640] Found device 1 with properties: 
name: Tesla V100-PCIE-32GB major: 7 minor: 0 memoryClockRate(GHz): 1.38
pciBusID: 0000:d8:00.0
2021-03-20 16:17:09.387116: I tensorflow/stream_executor/platform/default/dso_loader.cc:42] Successfully opened dynamic library libcudart.so.10.0
2021-03-20 16:17:09.387217: I tensorflow/stream_executor/platform/default/dso_loader.cc:42] Successfully opened dynamic library libcublas.so.10.0
2021-03-20 16:17:09.387306: I tensorflow/stream_executor/platform/default/dso_loader.cc:42] Successfully opened dynamic library libcufft.so.10.0
2021-03-20 16:17:09.387361: I tensorflow/stream_executor/platform/default/dso_loader.cc:42] Successfully opened dynamic library libcurand.so.10.0
2021-03-20 16:17:09.387383: I tensorflow/stream_executor/platform/default/dso_loader.cc:42] Successfully opened dynamic library libcusolver.so.10.0
2021-03-20 16:17:09.387403: I tensorflow/stream_executor/platform/default/dso_loader.cc:42] Successfully opened dynamic library libcusparse.so.10.0
2021-03-20 16:17:09.387448: I tensorflow/stream_executor/platform/default/dso_loader.cc:42] Successfully opened dynamic library libcudnn.so.7
2021-03-20 16:17:09.394969: I tensorflow/core/common_runtime/gpu/gpu_device.cc:1763] Adding visible gpu devices: 0, 1
2021-03-20 16:17:09.395140: I tensorflow/core/common_runtime/gpu/gpu_device.cc:1181] Device interconnect StreamExecutor with strength 1 edge matrix:
2021-03-20 16:17:09.395167: I tensorflow/core/common_runtime/gpu/gpu_device.cc:1187]      0 1 
2021-03-20 16:17:09.395206: I tensorflow/core/common_runtime/gpu/gpu_device.cc:1200] 0:   N Y 
2021-03-20 16:17:09.395221: I tensorflow/core/common_runtime/gpu/gpu_device.cc:1200] 1:   Y N 
2021-03-20 16:17:09.401098: I tensorflow/core/common_runtime/gpu/gpu_device.cc:1326] Created TensorFlow device (/device:GPU:0 with 30591 MB memory) -> physical GPU (device: 0, name: Tesla V100-PCIE-32GB, pci bus id: 0000:5e:00.0, compute capability: 7.0)
2021-03-20 16:17:09.403072: I tensorflow/core/common_runtime/gpu/gpu_device.cc:1326] Created TensorFlow device (/device:GPU:1 with 30591 MB memory) -> physical GPU (device: 1, name: Tesla V100-PCIE-32GB, pci bus id: 0000:d8:00.0, compute capability: 7.0)
2021-03-20 16:17:26.754186: W tensorflow/compiler/jit/mark_for_compilation_pass.cc:1412] (One-time warning): Not using XLA:CPU for cluster because envvar TF_XLA_FLAGS=--tf_xla_cpu_global_jit was not set.  If you want XLA:CPU, either set that envvar, or use experimental_jit_scope to enable XLA:CPU.  To confirm that XLA is active, pass --vmodule=xla_compilation_cache=1 (as a proper command-line flag, not via TF_XLA_FLAGS) or set the envvar XLA_FLAGS=--xla_hlo_profile.
2021-03-20 16:17:45.715934: I tensorflow/stream_executor/platform/default/dso_loader.cc:42] Successfully opened dynamic library libcublas.so.10.0
2021-03-20 16:17:46.664477: I tensorflow/stream_executor/platform/default/dso_loader.cc:42] Successfully opened dynamic library libcudnn.so.7
2021-03-20 16:19:23.872973: I tensorflow/core/kernels/cuda_solvers.cc:159] Creating CudaSolver handles for stream 0x55c6a22f6a30
2021-03-20 16:19:23.889276: I tensorflow/stream_executor/platform/default/dso_loader.cc:42] Successfully opened dynamic library libcusolver.so.10.0
2021-03-20 16:19:25.052623: I tensorflow/stream_executor/platform/default/dso_loader.cc:42] Successfully opened dynamic library libcublas.so.10.0
2021-03-20 16:19:26.175820: I tensorflow/core/kernels/cuda_solvers.cc:159] Creating CudaSolver handles for stream 0x55c6a22f6620
