/lustre/work/chaselab/malyetama
Tensorflow version: 1.14.0
0
Raw: 0, Resized: 20579
/work/chaselab/malyetama/ADA_Project/training_runs/StanfordDogs_training-runs/00003-StanfordDogs_custom-auto2-resumecustom/network-snapshot-002949.pkl
Sat Mar 20 16:17:10 2021       
+-----------------------------------------------------------------------------+
| NVIDIA-SMI 450.51.06    Driver Version: 450.51.06    CUDA Version: 11.0     |
|-------------------------------+----------------------+----------------------+
| GPU  Name        Persistence-M| Bus-Id        Disp.A | Volatile Uncorr. ECC |
| Fan  Temp  Perf  Pwr:Usage/Cap|         Memory-Usage | GPU-Util  Compute M. |
|                               |                      |               MIG M. |
|===============================+======================+======================|
|   0  Tesla V100-PCIE...  On   | 00000000:5E:00.0 Off |                    0 |
| N/A   41C    P0    38W / 250W |    311MiB / 32510MiB |      0%      Default |
|                               |                      |                  N/A |
+-------------------------------+----------------------+----------------------+
|   1  Tesla V100-PCIE...  On   | 00000000:D8:00.0 Off |                    0 |
| N/A   43C    P0    38W / 250W |    311MiB / 32510MiB |      0%      Default |
|                               |                      |                  N/A |
+-------------------------------+----------------------+----------------------+
                                                                               
+-----------------------------------------------------------------------------+
| Processes:                                                                  |
|  GPU   GI   CI        PID   Type   Process name                  GPU Memory |
|        ID   ID                                                   Usage      |
|=============================================================================|
|    0   N/A  N/A     89416      C   ...a/envs/ada-env/bin/python      307MiB |
|    1   N/A  N/A     89416      C   ...a/envs/ada-env/bin/python      307MiB |
+-----------------------------------------------------------------------------+

Training options:
{
  "G_args": {
    "func_name": "training.networks.G_main",
    "fmap_base": 8192,
    "fmap_max": 512,
    "mapping_layers": 2,
    "num_fp16_res": 4,
    "conv_clamp": 256
  },
  "D_args": {
    "func_name": "training.networks.D_main",
    "mbstd_group_size": 4,
    "fmap_base": 8192,
    "fmap_max": 512,
    "num_fp16_res": 4,
    "conv_clamp": 256
  },
  "G_opt_args": {
    "beta1": 0.0,
    "beta2": 0.99,
    "learning_rate": 0.0025
  },
  "D_opt_args": {
    "beta1": 0.0,
    "beta2": 0.99,
    "learning_rate": 0.0025
  },
  "loss_args": {
    "func_name": "training.loss.stylegan2",
    "r1_gamma": 0.4096
  },
  "augment_args": {
    "class_name": "training.augment.AdaptiveAugment",
    "tune_heuristic": "rt",
    "tune_target": 0.6,
    "apply_func": "training.augment.augment_pipeline",
    "apply_args": {
      "xflip": 1,
      "rotate90": 1,
      "xint": 1,
      "scale": 1,
      "rotate": 1,
      "aniso": 1,
      "xfrac": 1,
      "brightness": 1,
      "contrast": 1,
      "lumaflip": 1,
      "hue": 1,
      "saturation": 1
    },
    "tune_kimg": 100
  },
  "num_gpus": 2,
  "image_snapshot_ticks": 30,
  "network_snapshot_ticks": 30,
  "train_dataset_args": {
    "path": "/work/chaselab/malyetama/ADA_Project/datasets/StanfordDogs_custom",
    "max_label_size": 0,
    "resolution": 256,
    "mirror_augment": false
  },
  "metric_arg_list": [
    {
      "name": "fid50k_full",
      "class_name": "metrics.frechet_inception_distance.FID",
      "max_reals": null,
      "num_fakes": 50000,
      "minibatch_per_gpu": 8,
      "force_dataset_args": {
        "shuffle": false,
        "max_images": null,
        "repeat": false,
        "mirror_augment": false
      }
    }
  ],
  "metric_dataset_args": {
    "path": "/work/chaselab/malyetama/ADA_Project/datasets/StanfordDogs_custom",
    "max_label_size": 0,
    "resolution": 256,
    "mirror_augment": false
  },
  "total_kimg": 25000,
  "minibatch_size": 32,
  "minibatch_gpu": 16,
  "G_smoothing_kimg": 10.0,
  "G_smoothing_rampup": null,
  "resume_pkl": "/work/chaselab/malyetama/ADA_Project/training_runs/StanfordDogs_training-runs/00003-StanfordDogs_custom-auto2-resumecustom/network-snapshot-002949.pkl",
  "run_dir": "/work/chaselab/malyetama/ADA_Project/training_runs/StanfordDogs_training-runs/00004-StanfordDogs_custom-auto2-resumecustom"
}

Output directory:  /work/chaselab/malyetama/ADA_Project/training_runs/StanfordDogs_training-runs/00004-StanfordDogs_custom-auto2-resumecustom
Training data:     /work/chaselab/malyetama/ADA_Project/datasets/StanfordDogs_custom
Training length:   25000 kimg
Resolution:        256
Number of GPUs:    2

Dry run; exiting.

Training options:
{
  "G_args": {
    "func_name": "training.networks.G_main",
    "fmap_base": 8192,
    "fmap_max": 512,
    "mapping_layers": 2,
    "num_fp16_res": 4,
    "conv_clamp": 256
  },
  "D_args": {
    "func_name": "training.networks.D_main",
    "mbstd_group_size": 4,
    "fmap_base": 8192,
    "fmap_max": 512,
    "num_fp16_res": 4,
    "conv_clamp": 256
  },
  "G_opt_args": {
    "beta1": 0.0,
    "beta2": 0.99,
    "learning_rate": 0.0025
  },
  "D_opt_args": {
    "beta1": 0.0,
    "beta2": 0.99,
    "learning_rate": 0.0025
  },
  "loss_args": {
    "func_name": "training.loss.stylegan2",
    "r1_gamma": 0.4096
  },
  "augment_args": {
    "class_name": "training.augment.AdaptiveAugment",
    "tune_heuristic": "rt",
    "tune_target": 0.6,
    "apply_func": "training.augment.augment_pipeline",
    "apply_args": {
      "xflip": 1,
      "rotate90": 1,
      "xint": 1,
      "scale": 1,
      "rotate": 1,
      "aniso": 1,
      "xfrac": 1,
      "brightness": 1,
      "contrast": 1,
      "lumaflip": 1,
      "hue": 1,
      "saturation": 1
    },
    "tune_kimg": 100
  },
  "num_gpus": 2,
  "image_snapshot_ticks": 30,
  "network_snapshot_ticks": 30,
  "train_dataset_args": {
    "path": "/work/chaselab/malyetama/ADA_Project/datasets/StanfordDogs_custom",
    "max_label_size": 0,
    "resolution": 256,
    "mirror_augment": false
  },
  "metric_arg_list": [
    {
      "name": "fid50k_full",
      "class_name": "metrics.frechet_inception_distance.FID",
      "max_reals": null,
      "num_fakes": 50000,
      "minibatch_per_gpu": 8,
      "force_dataset_args": {
        "shuffle": false,
        "max_images": null,
        "repeat": false,
        "mirror_augment": false
      }
    }
  ],
  "metric_dataset_args": {
    "path": "/work/chaselab/malyetama/ADA_Project/datasets/StanfordDogs_custom",
    "max_label_size": 0,
    "resolution": 256,
    "mirror_augment": false
  },
  "total_kimg": 25000,
  "minibatch_size": 32,
  "minibatch_gpu": 16,
  "G_smoothing_kimg": 10.0,
  "G_smoothing_rampup": null,
  "resume_pkl": "/work/chaselab/malyetama/ADA_Project/training_runs/StanfordDogs_training-runs/00003-StanfordDogs_custom-auto2-resumecustom/network-snapshot-002949.pkl",
  "run_dir": "/work/chaselab/malyetama/ADA_Project/training_runs/StanfordDogs_training-runs/00004-StanfordDogs_custom-auto2-resumecustom"
}

Output directory:  /work/chaselab/malyetama/ADA_Project/training_runs/StanfordDogs_training-runs/00004-StanfordDogs_custom-auto2-resumecustom
Training data:     /work/chaselab/malyetama/ADA_Project/datasets/StanfordDogs_custom
Training length:   25000 kimg
Resolution:        256
Number of GPUs:    2

Creating output directory...
Loading training set...
Image shape: [3, 256, 256]
Label shape: [0]

Constructing networks...
Setting up TensorFlow plugin "fused_bias_act.cu": Loading... Done.
Setting up TensorFlow plugin "upfirdn_2d.cu": Loading... Done.
Resuming from "/work/chaselab/malyetama/ADA_Project/training_runs/StanfordDogs_training-runs/00003-StanfordDogs_custom-auto2-resumecustom/network-snapshot-002949.pkl"

G                             Params    OutputShape         WeightShape     
---                           ---       ---                 ---             
latents_in                    -         (?, 512)            -               
labels_in                     -         (?, 0)              -               
G_mapping/Normalize           -         (?, 512)            -               
G_mapping/Dense0              262656    (?, 512)            (512, 512)      
G_mapping/Dense1              262656    (?, 512)            (512, 512)      
G_mapping/Broadcast           -         (?, 14, 512)        -               
dlatent_avg                   -         (512,)              -               
Truncation/Lerp               -         (?, 14, 512)        -               
G_synthesis/4x4/Const         8192      (?, 512, 4, 4)      (1, 512, 4, 4)  
G_synthesis/4x4/Conv          2622465   (?, 512, 4, 4)      (3, 3, 512, 512)
G_synthesis/4x4/ToRGB         264195    (?, 3, 4, 4)        (1, 1, 512, 3)  
G_synthesis/8x8/Conv0_up      2622465   (?, 512, 8, 8)      (3, 3, 512, 512)
G_synthesis/8x8/Conv1         2622465   (?, 512, 8, 8)      (3, 3, 512, 512)
G_synthesis/8x8/Upsample      -         (?, 3, 8, 8)        -               
G_synthesis/8x8/ToRGB         264195    (?, 3, 8, 8)        (1, 1, 512, 3)  
G_synthesis/16x16/Conv0_up    2622465   (?, 512, 16, 16)    (3, 3, 512, 512)
G_synthesis/16x16/Conv1       2622465   (?, 512, 16, 16)    (3, 3, 512, 512)
G_synthesis/16x16/Upsample    -         (?, 3, 16, 16)      -               
G_synthesis/16x16/ToRGB       264195    (?, 3, 16, 16)      (1, 1, 512, 3)  
G_synthesis/32x32/Conv0_up    2622465   (?, 512, 32, 32)    (3, 3, 512, 512)
G_synthesis/32x32/Conv1       2622465   (?, 512, 32, 32)    (3, 3, 512, 512)
G_synthesis/32x32/Upsample    -         (?, 3, 32, 32)      -               
G_synthesis/32x32/ToRGB       264195    (?, 3, 32, 32)      (1, 1, 512, 3)  
G_synthesis/64x64/Conv0_up    1442561   (?, 256, 64, 64)    (3, 3, 512, 256)
G_synthesis/64x64/Conv1       721409    (?, 256, 64, 64)    (3, 3, 256, 256)
G_synthesis/64x64/Upsample    -         (?, 3, 64, 64)      -               
G_synthesis/64x64/ToRGB       132099    (?, 3, 64, 64)      (1, 1, 256, 3)  
G_synthesis/128x128/Conv0_up  426369    (?, 128, 128, 128)  (3, 3, 256, 128)
G_synthesis/128x128/Conv1     213249    (?, 128, 128, 128)  (3, 3, 128, 128)
G_synthesis/128x128/Upsample  -         (?, 3, 128, 128)    -               
G_synthesis/128x128/ToRGB     66051     (?, 3, 128, 128)    (1, 1, 128, 3)  
G_synthesis/256x256/Conv0_up  139457    (?, 64, 256, 256)   (3, 3, 128, 64) 
G_synthesis/256x256/Conv1     69761     (?, 64, 256, 256)   (3, 3, 64, 64)  
G_synthesis/256x256/Upsample  -         (?, 3, 256, 256)    -               
G_synthesis/256x256/ToRGB     33027     (?, 3, 256, 256)    (1, 1, 64, 3)   
---                           ---       ---                 ---             
Total                         23191522                                      


D                    Params    OutputShape         WeightShape     
---                  ---       ---                 ---             
images_in            -         (?, 3, 256, 256)    -               
labels_in            -         (?, 0)              -               
256x256/FromRGB      256       (?, 64, 256, 256)   (1, 1, 3, 64)   
256x256/Conv0        36928     (?, 64, 256, 256)   (3, 3, 64, 64)  
256x256/Conv1_down   73856     (?, 128, 128, 128)  (3, 3, 64, 128) 
256x256/Skip         8192      (?, 128, 128, 128)  (1, 1, 64, 128) 
128x128/Conv0        147584    (?, 128, 128, 128)  (3, 3, 128, 128)
128x128/Conv1_down   295168    (?, 256, 64, 64)    (3, 3, 128, 256)
128x128/Skip         32768     (?, 256, 64, 64)    (1, 1, 128, 256)
64x64/Conv0          590080    (?, 256, 64, 64)    (3, 3, 256, 256)
64x64/Conv1_down     1180160   (?, 512, 32, 32)    (3, 3, 256, 512)
64x64/Skip           131072    (?, 512, 32, 32)    (1, 1, 256, 512)
32x32/Conv0          2359808   (?, 512, 32, 32)    (3, 3, 512, 512)
32x32/Conv1_down     2359808   (?, 512, 16, 16)    (3, 3, 512, 512)
32x32/Skip           262144    (?, 512, 16, 16)    (1, 1, 512, 512)
16x16/Conv0          2359808   (?, 512, 16, 16)    (3, 3, 512, 512)
16x16/Conv1_down     2359808   (?, 512, 8, 8)      (3, 3, 512, 512)
16x16/Skip           262144    (?, 512, 8, 8)      (1, 1, 512, 512)
8x8/Conv0            2359808   (?, 512, 8, 8)      (3, 3, 512, 512)
8x8/Conv1_down       2359808   (?, 512, 4, 4)      (3, 3, 512, 512)
8x8/Skip             262144    (?, 512, 4, 4)      (1, 1, 512, 512)
4x4/MinibatchStddev  -         (?, 513, 4, 4)      -               
4x4/Conv             2364416   (?, 512, 4, 4)      (3, 3, 513, 512)
4x4/Dense0           4194816   (?, 512)            (8192, 512)     
Output               513       (?, 1)              (512, 1)        
---                  ---       ---                 ---             
Total                24001089                                      

Exporting sample images...
Replicating networks across 2 GPUs...
Initializing augmentations...
Setting up optimizers...
Constructing training graph...
Finalizing training ops...
Initializing metrics...
Training for 25000 kimg...

tick 0     kimg 0.1      time 3m 33s       sec/tick 45.4    sec/kimg 354.64  maintenance 167.8  gpumem 7.1   augment 0.001
Evaluating metrics...
network-snapshot-000000        time 5m 08s       fid50k_full 45.7180
tick 1     kimg 4.2      time 10m 39s      sec/tick 83.7    sec/kimg 20.43   maintenance 342.0  gpumem 7.1   augment 0.037
tick 2     kimg 8.3      time 12m 03s      sec/tick 83.8    sec/kimg 20.45   maintenance 0.0    gpumem 7.1   augment 0.065
tick 3     kimg 12.4     time 13m 28s      sec/tick 85.6    sec/kimg 20.89   maintenance 0.0    gpumem 7.1   augment 0.099
tick 4     kimg 16.5     time 14m 52s      sec/tick 84.1    sec/kimg 20.53   maintenance 0.0    gpumem 7.1   augment 0.129
tick 5     kimg 20.6     time 16m 17s      sec/tick 84.2    sec/kimg 20.55   maintenance 0.0    gpumem 7.1   augment 0.152
tick 6     kimg 24.7     time 17m 41s      sec/tick 84.3    sec/kimg 20.58   maintenance 0.0    gpumem 7.1   augment 0.175
tick 7     kimg 28.8     time 19m 05s      sec/tick 84.2    sec/kimg 20.56   maintenance 0.0    gpumem 7.1   augment 0.186
tick 8     kimg 32.9     time 20m 31s      sec/tick 85.4    sec/kimg 20.84   maintenance 0.0    gpumem 7.1   augment 0.196
tick 9     kimg 37.0     time 21m 55s      sec/tick 84.3    sec/kimg 20.58   maintenance 0.0    gpumem 7.1   augment 0.211
tick 10    kimg 41.1     time 23m 19s      sec/tick 84.5    sec/kimg 20.63   maintenance 0.0    gpumem 7.1   augment 0.216
tick 11    kimg 45.2     time 24m 44s      sec/tick 84.4    sec/kimg 20.61   maintenance 0.0    gpumem 7.1   augment 0.229
tick 12    kimg 49.3     time 26m 09s      sec/tick 84.5    sec/kimg 20.64   maintenance 0.0    gpumem 7.1   augment 0.232
tick 13    kimg 53.4     time 27m 34s      sec/tick 85.7    sec/kimg 20.92   maintenance 0.0    gpumem 7.1   augment 0.250
tick 14    kimg 57.5     time 28m 59s      sec/tick 84.5    sec/kimg 20.62   maintenance 0.0    gpumem 7.1   augment 0.257
tick 15    kimg 61.6     time 30m 23s      sec/tick 84.5    sec/kimg 20.63   maintenance 0.0    gpumem 7.1   augment 0.265
tick 16    kimg 65.7     time 31m 48s      sec/tick 84.6    sec/kimg 20.66   maintenance 0.0    gpumem 7.1   augment 0.265
tick 17    kimg 69.8     time 33m 13s      sec/tick 84.6    sec/kimg 20.66   maintenance 0.0    gpumem 7.1   augment 0.268
tick 18    kimg 73.9     time 34m 38s      sec/tick 85.7    sec/kimg 20.93   maintenance 0.0    gpumem 7.1   augment 0.268
tick 19    kimg 78.0     time 36m 03s      sec/tick 84.6    sec/kimg 20.67   maintenance 0.0    gpumem 7.1   augment 0.270
tick 20    kimg 82.0     time 37m 28s      sec/tick 84.7    sec/kimg 20.68   maintenance 0.1    gpumem 7.1   augment 0.273
tick 21    kimg 86.1     time 38m 52s      sec/tick 84.6    sec/kimg 20.65   maintenance 0.0    gpumem 7.1   augment 0.268
tick 22    kimg 90.2     time 40m 17s      sec/tick 84.7    sec/kimg 20.68   maintenance 0.0    gpumem 7.1   augment 0.260
tick 23    kimg 94.3     time 41m 43s      sec/tick 85.7    sec/kimg 20.92   maintenance 0.0    gpumem 7.1   augment 0.262
tick 24    kimg 98.4     time 43m 08s      sec/tick 84.7    sec/kimg 20.67   maintenance 0.0    gpumem 7.1   augment 0.273
tick 25    kimg 102.5    time 44m 32s      sec/tick 84.7    sec/kimg 20.68   maintenance 0.0    gpumem 7.1   augment 0.268
tick 26    kimg 106.6    time 45m 57s      sec/tick 84.7    sec/kimg 20.67   maintenance 0.0    gpumem 7.1   augment 0.275
tick 27    kimg 110.7    time 47m 22s      sec/tick 84.7    sec/kimg 20.67   maintenance 0.0    gpumem 7.1   augment 0.275
tick 28    kimg 114.8    time 48m 47s      sec/tick 85.7    sec/kimg 20.91   maintenance 0.0    gpumem 7.1   augment 0.278
tick 29    kimg 118.9    time 50m 12s      sec/tick 84.8    sec/kimg 20.69   maintenance 0.0    gpumem 7.1   augment 0.275
tick 30    kimg 123.0    time 51m 37s      sec/tick 84.7    sec/kimg 20.69   maintenance 0.0    gpumem 7.1   augment 0.275
Evaluating metrics...
network-snapshot-000123        time 5m 07s       fid50k_full 44.8550
tick 31    kimg 127.1    time 58m 15s      sec/tick 84.7    sec/kimg 20.68   maintenance 313.4  gpumem 7.1   augment 0.270
tick 32    kimg 131.2    time 59m 40s      sec/tick 84.8    sec/kimg 20.70   maintenance 0.0    gpumem 7.1   augment 0.268
tick 33    kimg 135.3    time 1h 01m 06s   sec/tick 85.8    sec/kimg 20.95   maintenance 0.0    gpumem 7.1   augment 0.275
tick 34    kimg 139.4    time 1h 02m 31s   sec/tick 84.8    sec/kimg 20.70   maintenance 0.0    gpumem 7.1   augment 0.280
tick 35    kimg 143.5    time 1h 03m 55s   sec/tick 84.7    sec/kimg 20.68   maintenance 0.0    gpumem 7.1   augment 0.273
tick 36    kimg 147.6    time 1h 05m 21s   sec/tick 85.2    sec/kimg 20.80   maintenance 0.0    gpumem 7.1   augment 0.273
tick 37    kimg 151.7    time 1h 06m 46s   sec/tick 84.8    sec/kimg 20.71   maintenance 0.0    gpumem 7.1   augment 0.275
tick 38    kimg 155.8    time 1h 08m 12s   sec/tick 86.5    sec/kimg 21.11   maintenance 0.0    gpumem 7.1   augment 0.278
tick 39    kimg 159.9    time 1h 09m 37s   sec/tick 85.0    sec/kimg 20.76   maintenance 0.1    gpumem 7.1   augment 0.278
tick 40    kimg 164.0    time 1h 11m 02s   sec/tick 84.8    sec/kimg 20.70   maintenance 0.0    gpumem 7.1   augment 0.273
tick 41    kimg 168.1    time 1h 12m 27s   sec/tick 84.9    sec/kimg 20.72   maintenance 0.0    gpumem 7.1   augment 0.273
tick 42    kimg 172.2    time 1h 13m 52s   sec/tick 84.8    sec/kimg 20.69   maintenance 0.0    gpumem 7.1   augment 0.278
tick 43    kimg 176.3    time 1h 15m 18s   sec/tick 85.9    sec/kimg 20.98   maintenance 0.0    gpumem 7.1   augment 0.270
tick 44    kimg 180.4    time 1h 16m 43s   sec/tick 84.8    sec/kimg 20.70   maintenance 0.0    gpumem 7.1   augment 0.268
tick 45    kimg 184.4    time 1h 18m 07s   sec/tick 84.8    sec/kimg 20.71   maintenance 0.0    gpumem 7.1   augment 0.270
tick 46    kimg 188.5    time 1h 19m 32s   sec/tick 84.8    sec/kimg 20.71   maintenance 0.0    gpumem 7.1   augment 0.273
tick 47    kimg 192.6    time 1h 20m 57s   sec/tick 84.9    sec/kimg 20.72   maintenance 0.0    gpumem 7.1   augment 0.275
tick 48    kimg 196.7    time 1h 22m 23s   sec/tick 85.9    sec/kimg 20.96   maintenance 0.0    gpumem 7.1   augment 0.270
tick 49    kimg 200.8    time 1h 23m 48s   sec/tick 84.7    sec/kimg 20.69   maintenance 0.0    gpumem 7.1   augment 0.275
tick 50    kimg 204.9    time 1h 25m 13s   sec/tick 84.7    sec/kimg 20.67   maintenance 0.0    gpumem 7.1   augment 0.275
tick 51    kimg 209.0    time 1h 26m 37s   sec/tick 84.8    sec/kimg 20.70   maintenance 0.0    gpumem 7.1   augment 0.273
tick 52    kimg 213.1    time 1h 28m 02s   sec/tick 84.9    sec/kimg 20.72   maintenance 0.0    gpumem 7.1   augment 0.275
tick 53    kimg 217.2    time 1h 29m 28s   sec/tick 85.8    sec/kimg 20.94   maintenance 0.0    gpumem 7.1   augment 0.280
tick 54    kimg 221.3    time 1h 30m 53s   sec/tick 84.8    sec/kimg 20.69   maintenance 0.0    gpumem 7.1   augment 0.291
tick 55    kimg 225.4    time 1h 32m 18s   sec/tick 84.8    sec/kimg 20.70   maintenance 0.0    gpumem 7.1   augment 0.283
tick 56    kimg 229.5    time 1h 33m 43s   sec/tick 84.8    sec/kimg 20.70   maintenance 0.0    gpumem 7.1   augment 0.278
tick 57    kimg 233.6    time 1h 35m 08s   sec/tick 84.9    sec/kimg 20.74   maintenance 0.0    gpumem 7.1   augment 0.273
tick 58    kimg 237.7    time 1h 36m 33s   sec/tick 85.7    sec/kimg 20.93   maintenance 0.0    gpumem 7.1   augment 0.273
tick 59    kimg 241.8    time 1h 37m 58s   sec/tick 84.8    sec/kimg 20.71   maintenance 0.0    gpumem 7.1   augment 0.278
tick 60    kimg 245.9    time 1h 39m 23s   sec/tick 84.7    sec/kimg 20.68   maintenance 0.0    gpumem 7.1   augment 0.283
Evaluating metrics...
network-snapshot-000245        time 5m 08s       fid50k_full 45.1749
tick 61    kimg 250.0    time 1h 46m 04s   sec/tick 84.8    sec/kimg 20.71   maintenance 316.2  gpumem 7.1   augment 0.283
tick 62    kimg 254.1    time 1h 47m 29s   sec/tick 84.8    sec/kimg 20.71   maintenance 0.0    gpumem 7.1   augment 0.285
tick 63    kimg 258.2    time 1h 48m 55s   sec/tick 85.6    sec/kimg 20.91   maintenance 0.0    gpumem 7.1   augment 0.288
tick 64    kimg 262.3    time 1h 50m 20s   sec/tick 84.8    sec/kimg 20.71   maintenance 0.0    gpumem 7.1   augment 0.293
tick 65    kimg 266.4    time 1h 51m 44s   sec/tick 84.8    sec/kimg 20.70   maintenance 0.0    gpumem 7.1   augment 0.293
tick 66    kimg 270.5    time 1h 53m 09s   sec/tick 84.8    sec/kimg 20.70   maintenance 0.0    gpumem 7.1   augment 0.291
tick 67    kimg 274.6    time 1h 54m 34s   sec/tick 84.8    sec/kimg 20.71   maintenance 0.0    gpumem 7.1   augment 0.291
tick 68    kimg 278.7    time 1h 56m 00s   sec/tick 85.7    sec/kimg 20.92   maintenance 0.0    gpumem 7.1   augment 0.288
tick 69    kimg 282.8    time 1h 57m 25s   sec/tick 84.8    sec/kimg 20.69   maintenance 0.0    gpumem 7.1   augment 0.285
tick 70    kimg 286.8    time 1h 58m 49s   sec/tick 84.8    sec/kimg 20.70   maintenance 0.0    gpumem 7.1   augment 0.285
tick 71    kimg 290.9    time 2h 00m 14s   sec/tick 84.8    sec/kimg 20.71   maintenance 0.0    gpumem 7.1   augment 0.285
tick 72    kimg 295.0    time 2h 01m 39s   sec/tick 84.8    sec/kimg 20.71   maintenance 0.0    gpumem 7.1   augment 0.283
tick 73    kimg 299.1    time 2h 03m 05s   sec/tick 85.8    sec/kimg 20.95   maintenance 0.0    gpumem 7.1   augment 0.283
tick 74    kimg 303.2    time 2h 04m 30s   sec/tick 84.8    sec/kimg 20.71   maintenance 0.0    gpumem 7.1   augment 0.283
tick 75    kimg 307.3    time 2h 05m 55s   sec/tick 84.7    sec/kimg 20.69   maintenance 0.0    gpumem 7.1   augment 0.280
tick 76    kimg 311.4    time 2h 07m 19s   sec/tick 84.7    sec/kimg 20.68   maintenance 0.0    gpumem 7.1   augment 0.280
tick 77    kimg 315.5    time 2h 08m 44s   sec/tick 84.8    sec/kimg 20.70   maintenance 0.0    gpumem 7.1   augment 0.283
tick 78    kimg 319.6    time 2h 10m 10s   sec/tick 85.6    sec/kimg 20.91   maintenance 0.0    gpumem 7.1   augment 0.273
tick 79    kimg 323.7    time 2h 11m 35s   sec/tick 84.6    sec/kimg 20.65   maintenance 0.0    gpumem 7.1   augment 0.278
tick 80    kimg 327.8    time 2h 12m 59s   sec/tick 84.7    sec/kimg 20.67   maintenance 0.0    gpumem 7.1   augment 0.275
tick 81    kimg 331.9    time 2h 14m 24s   sec/tick 84.6    sec/kimg 20.66   maintenance 0.0    gpumem 7.1   augment 0.278
tick 82    kimg 336.0    time 2h 15m 49s   sec/tick 84.6    sec/kimg 20.66   maintenance 0.0    gpumem 7.1   augment 0.285
tick 83    kimg 340.1    time 2h 17m 14s   sec/tick 85.7    sec/kimg 20.92   maintenance 0.0    gpumem 7.1   augment 0.285
tick 84    kimg 344.2    time 2h 18m 39s   sec/tick 84.7    sec/kimg 20.68   maintenance 0.0    gpumem 7.1   augment 0.283
tick 85    kimg 348.3    time 2h 20m 04s   sec/tick 84.6    sec/kimg 20.66   maintenance 0.0    gpumem 7.1   augment 0.291
tick 86    kimg 352.4    time 2h 21m 29s   sec/tick 84.8    sec/kimg 20.69   maintenance 0.0    gpumem 7.1   augment 0.288
tick 87    kimg 356.5    time 2h 22m 53s   sec/tick 84.7    sec/kimg 20.68   maintenance 0.0    gpumem 7.1   augment 0.285
tick 88    kimg 360.6    time 2h 24m 19s   sec/tick 85.5    sec/kimg 20.89   maintenance 0.0    gpumem 7.1   augment 0.291
tick 89    kimg 364.7    time 2h 25m 44s   sec/tick 84.6    sec/kimg 20.65   maintenance 0.0    gpumem 7.1   augment 0.288
tick 90    kimg 368.8    time 2h 27m 08s   sec/tick 84.7    sec/kimg 20.67   maintenance 0.0    gpumem 7.1   augment 0.285
Evaluating metrics...
network-snapshot-000368        time 5m 06s       fid50k_full 44.1695
tick 91    kimg 372.9    time 2h 33m 45s   sec/tick 84.8    sec/kimg 20.70   maintenance 312.4  gpumem 7.1   augment 0.288
tick 92    kimg 377.0    time 2h 35m 10s   sec/tick 84.8    sec/kimg 20.71   maintenance 0.0    gpumem 7.1   augment 0.288
tick 93    kimg 381.1    time 2h 36m 36s   sec/tick 85.7    sec/kimg 20.91   maintenance 0.0    gpumem 7.1   augment 0.285
tick 94    kimg 385.2    time 2h 38m 01s   sec/tick 84.8    sec/kimg 20.70   maintenance 0.1    gpumem 7.1   augment 0.283
tick 95    kimg 389.2    time 2h 39m 26s   sec/tick 84.7    sec/kimg 20.67   maintenance 0.0    gpumem 7.1   augment 0.283
tick 96    kimg 393.3    time 2h 40m 50s   sec/tick 84.7    sec/kimg 20.68   maintenance 0.0    gpumem 7.1   augment 0.285
tick 97    kimg 397.4    time 2h 42m 15s   sec/tick 84.6    sec/kimg 20.66   maintenance 0.0    gpumem 7.1   augment 0.275
tick 98    kimg 401.5    time 2h 43m 41s   sec/tick 85.5    sec/kimg 20.87   maintenance 0.0    gpumem 7.1   augment 0.283
tick 99    kimg 405.6    time 2h 45m 05s   sec/tick 84.8    sec/kimg 20.71   maintenance 0.0    gpumem 7.1   augment 0.283
tick 100   kimg 409.7    time 2h 46m 30s   sec/tick 84.8    sec/kimg 20.70   maintenance 0.0    gpumem 7.1   augment 0.283
tick 101   kimg 413.8    time 2h 47m 55s   sec/tick 84.7    sec/kimg 20.67   maintenance 0.0    gpumem 7.1   augment 0.273
tick 102   kimg 417.9    time 2h 49m 20s   sec/tick 84.7    sec/kimg 20.67   maintenance 0.1    gpumem 7.1   augment 0.280
tick 103   kimg 422.0    time 2h 50m 45s   sec/tick 85.4    sec/kimg 20.85   maintenance 0.0    gpumem 7.1   augment 0.283
tick 104   kimg 426.1    time 2h 52m 11s   sec/tick 86.0    sec/kimg 20.99   maintenance 0.0    gpumem 7.1   augment 0.280
tick 105   kimg 430.2    time 2h 53m 36s   sec/tick 84.7    sec/kimg 20.67   maintenance 0.0    gpumem 7.1   augment 0.273
tick 106   kimg 434.3    time 2h 55m 01s   sec/tick 84.7    sec/kimg 20.67   maintenance 0.0    gpumem 7.1   augment 0.280
tick 107   kimg 438.4    time 2h 56m 25s   sec/tick 84.7    sec/kimg 20.67   maintenance 0.0    gpumem 7.1   augment 0.278
tick 108   kimg 442.5    time 2h 57m 51s   sec/tick 85.3    sec/kimg 20.84   maintenance 0.0    gpumem 7.1   augment 0.270
tick 109   kimg 446.6    time 2h 59m 16s   sec/tick 85.1    sec/kimg 20.78   maintenance 0.1    gpumem 7.1   augment 0.270
tick 110   kimg 450.7    time 3h 00m 41s   sec/tick 84.8    sec/kimg 20.69   maintenance 0.0    gpumem 7.1   augment 0.273
tick 111   kimg 454.8    time 3h 02m 05s   sec/tick 84.7    sec/kimg 20.67   maintenance 0.0    gpumem 7.1   augment 0.270
tick 112   kimg 458.9    time 3h 03m 30s   sec/tick 84.8    sec/kimg 20.70   maintenance 0.0    gpumem 7.1   augment 0.285
tick 113   kimg 463.0    time 3h 04m 55s   sec/tick 85.2    sec/kimg 20.80   maintenance 0.0    gpumem 7.1   augment 0.285
tick 114   kimg 467.1    time 3h 06m 21s   sec/tick 85.1    sec/kimg 20.77   maintenance 0.1    gpumem 7.1   augment 0.288
tick 115   kimg 471.2    time 3h 07m 45s   sec/tick 84.7    sec/kimg 20.68   maintenance 0.0    gpumem 7.1   augment 0.280
tick 116   kimg 475.3    time 3h 09m 10s   sec/tick 84.8    sec/kimg 20.70   maintenance 0.0    gpumem 7.1   augment 0.278
tick 117   kimg 479.4    time 3h 10m 35s   sec/tick 84.6    sec/kimg 20.66   maintenance 0.0    gpumem 7.1   augment 0.280
tick 118   kimg 483.5    time 3h 12m 00s   sec/tick 85.4    sec/kimg 20.84   maintenance 0.0    gpumem 7.1   augment 0.283
tick 119   kimg 487.6    time 3h 13m 25s   sec/tick 85.2    sec/kimg 20.79   maintenance 0.1    gpumem 7.1   augment 0.275
tick 120   kimg 491.6    time 3h 14m 50s   sec/tick 84.7    sec/kimg 20.67   maintenance 0.0    gpumem 7.1   augment 0.273
Evaluating metrics...
network-snapshot-000491        time 5m 08s       fid50k_full 44.0365
tick 121   kimg 495.7    time 3h 21m 30s   sec/tick 84.8    sec/kimg 20.71   maintenance 314.8  gpumem 7.1   augment 0.280
tick 122   kimg 499.8    time 3h 22m 55s   sec/tick 84.8    sec/kimg 20.70   maintenance 0.0    gpumem 7.1   augment 0.273
tick 123   kimg 503.9    time 3h 24m 20s   sec/tick 85.3    sec/kimg 20.82   maintenance 0.0    gpumem 7.1   augment 0.270
tick 124   kimg 508.0    time 3h 25m 45s   sec/tick 85.5    sec/kimg 20.87   maintenance 0.1    gpumem 7.1   augment 0.275
tick 125   kimg 512.1    time 3h 27m 10s   sec/tick 84.8    sec/kimg 20.70   maintenance 0.0    gpumem 7.1   augment 0.283
tick 126   kimg 516.2    time 3h 28m 35s   sec/tick 84.8    sec/kimg 20.70   maintenance 0.0    gpumem 7.1   augment 0.285
tick 127   kimg 520.3    time 3h 30m 00s   sec/tick 84.8    sec/kimg 20.70   maintenance 0.0    gpumem 7.1   augment 0.280
tick 128   kimg 524.4    time 3h 31m 25s   sec/tick 85.2    sec/kimg 20.79   maintenance 0.0    gpumem 7.1   augment 0.278
tick 129   kimg 528.5    time 3h 32m 51s   sec/tick 85.5    sec/kimg 20.88   maintenance 0.1    gpumem 7.1   augment 0.278
tick 130   kimg 532.6    time 3h 34m 16s   sec/tick 84.7    sec/kimg 20.67   maintenance 0.0    gpumem 7.1   augment 0.280
tick 131   kimg 536.7    time 3h 35m 40s   sec/tick 84.7    sec/kimg 20.68   maintenance 0.0    gpumem 7.1   augment 0.283
tick 132   kimg 540.8    time 3h 37m 05s   sec/tick 84.8    sec/kimg 20.69   maintenance 0.0    gpumem 7.1   augment 0.283
tick 133   kimg 544.9    time 3h 38m 30s   sec/tick 84.9    sec/kimg 20.73   maintenance 0.0    gpumem 7.1   augment 0.280
tick 134   kimg 549.0    time 3h 39m 55s   sec/tick 85.3    sec/kimg 20.82   maintenance 0.1    gpumem 7.1   augment 0.280
tick 135   kimg 553.1    time 3h 41m 20s   sec/tick 84.6    sec/kimg 20.66   maintenance 0.0    gpumem 7.1   augment 0.285
tick 136   kimg 557.2    time 3h 42m 45s   sec/tick 84.7    sec/kimg 20.67   maintenance 0.0    gpumem 7.1   augment 0.283
tick 137   kimg 561.3    time 3h 44m 09s   sec/tick 84.7    sec/kimg 20.68   maintenance 0.0    gpumem 7.1   augment 0.285
tick 138   kimg 565.4    time 3h 45m 34s   sec/tick 84.7    sec/kimg 20.69   maintenance 0.0    gpumem 7.1   augment 0.283
tick 139   kimg 569.5    time 3h 47m 00s   sec/tick 85.5    sec/kimg 20.88   maintenance 0.1    gpumem 7.1   augment 0.280
tick 140   kimg 573.6    time 3h 48m 25s   sec/tick 84.6    sec/kimg 20.66   maintenance 0.0    gpumem 7.1   augment 0.291
tick 141   kimg 577.7    time 3h 49m 49s   sec/tick 84.7    sec/kimg 20.68   maintenance 0.0    gpumem 7.1   augment 0.288
tick 142   kimg 581.8    time 3h 51m 14s   sec/tick 84.7    sec/kimg 20.68   maintenance 0.0    gpumem 7.1   augment 0.280
tick 143   kimg 585.9    time 3h 52m 39s   sec/tick 84.7    sec/kimg 20.68   maintenance 0.0    gpumem 7.1   augment 0.285
tick 144   kimg 590.0    time 3h 54m 04s   sec/tick 85.6    sec/kimg 20.91   maintenance 0.0    gpumem 7.1   augment 0.293
tick 145   kimg 594.0    time 3h 55m 29s   sec/tick 84.7    sec/kimg 20.69   maintenance 0.0    gpumem 7.1   augment 0.285
tick 146   kimg 598.1    time 3h 56m 54s   sec/tick 84.7    sec/kimg 20.69   maintenance 0.0    gpumem 7.1   augment 0.288
tick 147   kimg 602.2    time 3h 58m 19s   sec/tick 84.8    sec/kimg 20.72   maintenance 0.0    gpumem 7.1   augment 0.288
tick 148   kimg 606.3    time 3h 59m 44s   sec/tick 84.8    sec/kimg 20.69   maintenance 0.0    gpumem 7.1   augment 0.293
tick 149   kimg 610.4    time 4h 01m 10s   sec/tick 85.8    sec/kimg 20.94   maintenance 0.0    gpumem 7.1   augment 0.291
tick 150   kimg 614.5    time 4h 02m 34s   sec/tick 84.8    sec/kimg 20.69   maintenance 0.0    gpumem 7.1   augment 0.291
Evaluating metrics...
network-snapshot-000614        time 5m 06s       fid50k_full 43.8982
tick 151   kimg 618.6    time 4h 09m 12s   sec/tick 84.8    sec/kimg 20.70   maintenance 313.1  gpumem 7.1   augment 0.283
tick 152   kimg 622.7    time 4h 10m 37s   sec/tick 84.8    sec/kimg 20.69   maintenance 0.0    gpumem 7.1   augment 0.283
tick 153   kimg 626.8    time 4h 12m 02s   sec/tick 84.8    sec/kimg 20.71   maintenance 0.0    gpumem 7.1   augment 0.293
tick 154   kimg 630.9    time 4h 13m 28s   sec/tick 85.8    sec/kimg 20.96   maintenance 0.0    gpumem 7.1   augment 0.291
tick 155   kimg 635.0    time 4h 14m 53s   sec/tick 84.7    sec/kimg 20.67   maintenance 0.0    gpumem 7.1   augment 0.285
tick 156   kimg 639.1    time 4h 16m 17s   sec/tick 84.8    sec/kimg 20.71   maintenance 0.0    gpumem 7.1   augment 0.285
tick 157   kimg 643.2    time 4h 17m 42s   sec/tick 84.8    sec/kimg 20.71   maintenance 0.0    gpumem 7.1   augment 0.283
tick 158   kimg 647.3    time 4h 19m 07s   sec/tick 84.8    sec/kimg 20.70   maintenance 0.0    gpumem 7.1   augment 0.278
tick 159   kimg 651.4    time 4h 20m 33s   sec/tick 85.7    sec/kimg 20.93   maintenance 0.0    gpumem 7.1   augment 0.283
tick 160   kimg 655.5    time 4h 21m 58s   sec/tick 84.9    sec/kimg 20.73   maintenance 0.0    gpumem 7.1   augment 0.283
tick 161   kimg 659.6    time 4h 23m 23s   sec/tick 84.8    sec/kimg 20.71   maintenance 0.0    gpumem 7.1   augment 0.275
tick 162   kimg 663.7    time 4h 24m 48s   sec/tick 84.9    sec/kimg 20.72   maintenance 0.0    gpumem 7.1   augment 0.285
tick 163   kimg 667.8    time 4h 26m 13s   sec/tick 84.9    sec/kimg 20.73   maintenance 0.0    gpumem 7.1   augment 0.293
tick 164   kimg 671.9    time 4h 27m 39s   sec/tick 86.8    sec/kimg 21.20   maintenance 0.0    gpumem 7.1   augment 0.298
tick 165   kimg 676.0    time 4h 29m 04s   sec/tick 85.0    sec/kimg 20.75   maintenance 0.0    gpumem 7.1   augment 0.303
tick 166   kimg 680.1    time 4h 30m 29s   sec/tick 84.9    sec/kimg 20.74   maintenance 0.0    gpumem 7.1   augment 0.296
tick 167   kimg 684.2    time 4h 31m 54s   sec/tick 84.9    sec/kimg 20.74   maintenance 0.0    gpumem 7.1   augment 0.288
tick 168   kimg 688.3    time 4h 33m 19s   sec/tick 84.9    sec/kimg 20.73   maintenance 0.0    gpumem 7.1   augment 0.283
tick 169   kimg 692.4    time 4h 34m 45s   sec/tick 85.7    sec/kimg 20.92   maintenance 0.0    gpumem 7.1   augment 0.280
tick 170   kimg 696.4    time 4h 36m 10s   sec/tick 84.8    sec/kimg 20.71   maintenance 0.0    gpumem 7.1   augment 0.280
tick 171   kimg 700.5    time 4h 37m 35s   sec/tick 84.9    sec/kimg 20.73   maintenance 0.0    gpumem 7.1   augment 0.283
tick 172   kimg 704.6    time 4h 39m 00s   sec/tick 84.9    sec/kimg 20.73   maintenance 0.0    gpumem 7.1   augment 0.275
tick 173   kimg 708.7    time 4h 40m 25s   sec/tick 84.9    sec/kimg 20.72   maintenance 0.0    gpumem 7.1   augment 0.280
tick 174   kimg 712.8    time 4h 41m 51s   sec/tick 85.8    sec/kimg 20.95   maintenance 0.0    gpumem 7.1   augment 0.283
tick 175   kimg 716.9    time 4h 43m 16s   sec/tick 84.8    sec/kimg 20.71   maintenance 0.0    gpumem 7.1   augment 0.283
tick 176   kimg 721.0    time 4h 44m 40s   sec/tick 84.9    sec/kimg 20.73   maintenance 0.0    gpumem 7.1   augment 0.278
tick 177   kimg 725.1    time 4h 46m 05s   sec/tick 84.8    sec/kimg 20.70   maintenance 0.0    gpumem 7.1   augment 0.275
tick 178   kimg 729.2    time 4h 47m 30s   sec/tick 84.8    sec/kimg 20.71   maintenance 0.0    gpumem 7.1   augment 0.280
tick 179   kimg 733.3    time 4h 48m 56s   sec/tick 85.8    sec/kimg 20.96   maintenance 0.0    gpumem 7.1   augment 0.280
tick 180   kimg 737.4    time 4h 50m 21s   sec/tick 84.9    sec/kimg 20.72   maintenance 0.0    gpumem 7.1   augment 0.273
Evaluating metrics...
network-snapshot-000737        time 5m 08s       fid50k_full 43.8235
tick 181   kimg 741.5    time 4h 57m 01s   sec/tick 84.9    sec/kimg 20.72   maintenance 314.9  gpumem 7.1   augment 0.273
tick 182   kimg 745.6    time 4h 58m 25s   sec/tick 84.7    sec/kimg 20.67   maintenance 0.0    gpumem 7.1   augment 0.275
tick 183   kimg 749.7    time 4h 59m 50s   sec/tick 84.8    sec/kimg 20.70   maintenance 0.0    gpumem 7.1   augment 0.283
tick 184   kimg 753.8    time 5h 01m 16s   sec/tick 85.7    sec/kimg 20.91   maintenance 0.0    gpumem 7.1   augment 0.291
tick 185   kimg 757.9    time 5h 02m 41s   sec/tick 84.8    sec/kimg 20.70   maintenance 0.0    gpumem 7.1   augment 0.285
tick 186   kimg 762.0    time 5h 04m 06s   sec/tick 84.8    sec/kimg 20.71   maintenance 0.0    gpumem 7.1   augment 0.285
tick 187   kimg 766.1    time 5h 05m 31s   sec/tick 84.9    sec/kimg 20.72   maintenance 0.0    gpumem 7.1   augment 0.288
tick 188   kimg 770.2    time 5h 06m 55s   sec/tick 84.7    sec/kimg 20.69   maintenance 0.0    gpumem 7.1   augment 0.288
tick 189   kimg 774.3    time 5h 08m 21s   sec/tick 85.8    sec/kimg 20.96   maintenance 0.0    gpumem 7.1   augment 0.283
tick 190   kimg 778.4    time 5h 09m 46s   sec/tick 84.7    sec/kimg 20.69   maintenance 0.0    gpumem 7.1   augment 0.273
tick 191   kimg 782.5    time 5h 11m 11s   sec/tick 84.8    sec/kimg 20.69   maintenance 0.0    gpumem 7.1   augment 0.273
tick 192   kimg 786.6    time 5h 12m 36s   sec/tick 84.9    sec/kimg 20.73   maintenance 0.0    gpumem 7.1   augment 0.275
tick 193   kimg 790.7    time 5h 14m 01s   sec/tick 85.0    sec/kimg 20.75   maintenance 0.0    gpumem 7.1   augment 0.275
tick 194   kimg 794.8    time 5h 15m 26s   sec/tick 85.7    sec/kimg 20.93   maintenance 0.0    gpumem 7.1   augment 0.275
tick 195   kimg 798.8    time 5h 16m 51s   sec/tick 84.8    sec/kimg 20.70   maintenance 0.0    gpumem 7.1   augment 0.283
tick 196   kimg 802.9    time 5h 18m 16s   sec/tick 84.8    sec/kimg 20.70   maintenance 0.0    gpumem 7.1   augment 0.278
tick 197   kimg 807.0    time 5h 19m 41s   sec/tick 84.9    sec/kimg 20.72   maintenance 0.0    gpumem 7.1   augment 0.273
tick 198   kimg 811.1    time 5h 21m 06s   sec/tick 84.9    sec/kimg 20.72   maintenance 0.0    gpumem 7.1   augment 0.275
tick 199   kimg 815.2    time 5h 22m 32s   sec/tick 85.6    sec/kimg 20.91   maintenance 0.0    gpumem 7.1   augment 0.283
tick 200   kimg 819.3    time 5h 23m 57s   sec/tick 84.8    sec/kimg 20.71   maintenance 0.0    gpumem 7.1   augment 0.288
tick 201   kimg 823.4    time 5h 25m 21s   sec/tick 84.8    sec/kimg 20.70   maintenance 0.0    gpumem 7.1   augment 0.280
tick 202   kimg 827.5    time 5h 26m 46s   sec/tick 84.8    sec/kimg 20.69   maintenance 0.0    gpumem 7.1   augment 0.283
tick 203   kimg 831.6    time 5h 28m 11s   sec/tick 84.8    sec/kimg 20.72   maintenance 0.0    gpumem 7.1   augment 0.275
tick 204   kimg 835.7    time 5h 29m 37s   sec/tick 85.6    sec/kimg 20.90   maintenance 0.0    gpumem 7.1   augment 0.278
tick 205   kimg 839.8    time 5h 31m 02s   sec/tick 84.8    sec/kimg 20.70   maintenance 0.0    gpumem 7.1   augment 0.283
tick 206   kimg 843.9    time 5h 32m 26s   sec/tick 84.7    sec/kimg 20.68   maintenance 0.0    gpumem 7.1   augment 0.283
tick 207   kimg 848.0    time 5h 33m 51s   sec/tick 84.7    sec/kimg 20.69   maintenance 0.0    gpumem 7.1   augment 0.288
tick 208   kimg 852.1    time 5h 35m 16s   sec/tick 84.7    sec/kimg 20.69   maintenance 0.0    gpumem 7.1   augment 0.291
tick 209   kimg 856.2    time 5h 36m 42s   sec/tick 85.8    sec/kimg 20.95   maintenance 0.0    gpumem 7.1   augment 0.283
tick 210   kimg 860.3    time 5h 38m 06s   sec/tick 84.6    sec/kimg 20.65   maintenance 0.0    gpumem 7.1   augment 0.288
Evaluating metrics...
network-snapshot-000860        time 5m 07s       fid50k_full 43.0101
tick 211   kimg 864.4    time 5h 44m 47s   sec/tick 84.7    sec/kimg 20.68   maintenance 316.0  gpumem 7.1   augment 0.285
tick 212   kimg 868.5    time 5h 46m 12s   sec/tick 84.7    sec/kimg 20.68   maintenance 0.0    gpumem 7.1   augment 0.291
tick 213   kimg 872.6    time 5h 47m 37s   sec/tick 84.8    sec/kimg 20.70   maintenance 0.0    gpumem 7.1   augment 0.301
tick 214   kimg 876.7    time 5h 49m 02s   sec/tick 85.7    sec/kimg 20.93   maintenance 0.0    gpumem 7.1   augment 0.293
tick 215   kimg 880.8    time 5h 50m 27s   sec/tick 84.8    sec/kimg 20.71   maintenance 0.0    gpumem 7.1   augment 0.293
tick 216   kimg 884.9    time 5h 51m 52s   sec/tick 84.7    sec/kimg 20.68   maintenance 0.0    gpumem 7.1   augment 0.296
tick 217   kimg 889.0    time 5h 53m 17s   sec/tick 84.8    sec/kimg 20.70   maintenance 0.0    gpumem 7.1   augment 0.291
tick 218   kimg 893.1    time 5h 54m 42s   sec/tick 84.8    sec/kimg 20.70   maintenance 0.0    gpumem 7.1   augment 0.285
tick 219   kimg 897.2    time 5h 56m 07s   sec/tick 85.8    sec/kimg 20.94   maintenance 0.0    gpumem 7.1   augment 0.288
tick 220   kimg 901.2    time 5h 57m 32s   sec/tick 84.8    sec/kimg 20.69   maintenance 0.0    gpumem 7.1   augment 0.288
tick 221   kimg 905.3    time 5h 58m 57s   sec/tick 84.8    sec/kimg 20.70   maintenance 0.0    gpumem 7.1   augment 0.293
tick 222   kimg 909.4    time 6h 00m 22s   sec/tick 84.8    sec/kimg 20.72   maintenance 0.0    gpumem 7.1   augment 0.288
tick 223   kimg 913.5    time 6h 01m 47s   sec/tick 84.7    sec/kimg 20.67   maintenance 0.0    gpumem 7.1   augment 0.291
tick 224   kimg 917.6    time 6h 03m 13s   sec/tick 86.6    sec/kimg 21.13   maintenance 0.0    gpumem 7.1   augment 0.291
tick 225   kimg 921.7    time 6h 04m 38s   sec/tick 84.8    sec/kimg 20.70   maintenance 0.0    gpumem 7.1   augment 0.298
tick 226   kimg 925.8    time 6h 06m 03s   sec/tick 84.7    sec/kimg 20.68   maintenance 0.0    gpumem 7.1   augment 0.298
tick 227   kimg 929.9    time 6h 07m 28s   sec/tick 84.8    sec/kimg 20.71   maintenance 0.0    gpumem 7.1   augment 0.303
tick 228   kimg 934.0    time 6h 08m 53s   sec/tick 84.8    sec/kimg 20.70   maintenance 0.0    gpumem 7.1   augment 0.298
tick 229   kimg 938.1    time 6h 10m 19s   sec/tick 86.0    sec/kimg 21.00   maintenance 0.0    gpumem 7.1   augment 0.298
tick 230   kimg 942.2    time 6h 11m 43s   sec/tick 84.7    sec/kimg 20.68   maintenance 0.0    gpumem 7.1   augment 0.298
tick 231   kimg 946.3    time 6h 13m 08s   sec/tick 84.8    sec/kimg 20.70   maintenance 0.0    gpumem 7.1   augment 0.303
tick 232   kimg 950.4    time 6h 14m 33s   sec/tick 84.8    sec/kimg 20.70   maintenance 0.0    gpumem 7.1   augment 0.303
tick 233   kimg 954.5    time 6h 15m 58s   sec/tick 84.8    sec/kimg 20.70   maintenance 0.0    gpumem 7.1   augment 0.301
tick 234   kimg 958.6    time 6h 17m 24s   sec/tick 85.7    sec/kimg 20.92   maintenance 0.0    gpumem 7.1   augment 0.291
tick 235   kimg 962.7    time 6h 18m 48s   sec/tick 84.7    sec/kimg 20.69   maintenance 0.0    gpumem 7.1   augment 0.293
tick 236   kimg 966.8    time 6h 20m 13s   sec/tick 84.8    sec/kimg 20.71   maintenance 0.0    gpumem 7.1   augment 0.293
tick 237   kimg 970.9    time 6h 21m 38s   sec/tick 84.9    sec/kimg 20.72   maintenance 0.0    gpumem 7.1   augment 0.291
tick 238   kimg 975.0    time 6h 23m 03s   sec/tick 84.8    sec/kimg 20.69   maintenance 0.0    gpumem 7.1   augment 0.301
tick 239   kimg 979.1    time 6h 24m 29s   sec/tick 85.6    sec/kimg 20.91   maintenance 0.0    gpumem 7.1   augment 0.303
tick 240   kimg 983.2    time 6h 25m 53s   sec/tick 84.7    sec/kimg 20.68   maintenance 0.0    gpumem 7.1   augment 0.298
Evaluating metrics...
network-snapshot-000983        time 5m 06s       fid50k_full 41.3827
tick 241   kimg 987.3    time 6h 32m 31s   sec/tick 85.0    sec/kimg 20.74   maintenance 312.9  gpumem 7.1   augment 0.298
tick 242   kimg 991.4    time 6h 33m 56s   sec/tick 84.9    sec/kimg 20.72   maintenance 0.0    gpumem 7.1   augment 0.291
tick 243   kimg 995.5    time 6h 35m 21s   sec/tick 84.9    sec/kimg 20.74   maintenance 0.0    gpumem 7.1   augment 0.298
tick 244   kimg 999.6    time 6h 36m 47s   sec/tick 85.7    sec/kimg 20.91   maintenance 0.0    gpumem 7.1   augment 0.291
tick 245   kimg 1003.6   time 6h 38m 12s   sec/tick 84.9    sec/kimg 20.73   maintenance 0.0    gpumem 7.1   augment 0.296
tick 246   kimg 1007.7   time 6h 39m 37s   sec/tick 84.8    sec/kimg 20.70   maintenance 0.0    gpumem 7.1   augment 0.293
tick 247   kimg 1011.8   time 6h 41m 02s   sec/tick 84.9    sec/kimg 20.72   maintenance 0.0    gpumem 7.1   augment 0.293
tick 248   kimg 1015.9   time 6h 42m 26s   sec/tick 84.9    sec/kimg 20.73   maintenance 0.0    gpumem 7.1   augment 0.291
tick 249   kimg 1020.0   time 6h 43m 52s   sec/tick 85.6    sec/kimg 20.90   maintenance 0.0    gpumem 7.1   augment 0.285
tick 250   kimg 1024.1   time 6h 45m 17s   sec/tick 84.9    sec/kimg 20.72   maintenance 0.0    gpumem 7.1   augment 0.293
tick 251   kimg 1028.2   time 6h 46m 42s   sec/tick 84.9    sec/kimg 20.73   maintenance 0.0    gpumem 7.1   augment 0.291
tick 252   kimg 1032.3   time 6h 48m 07s   sec/tick 84.8    sec/kimg 20.71   maintenance 0.0    gpumem 7.1   augment 0.291
tick 253   kimg 1036.4   time 6h 49m 32s   sec/tick 84.9    sec/kimg 20.73   maintenance 0.0    gpumem 7.1   augment 0.291
tick 254   kimg 1040.5   time 6h 50m 58s   sec/tick 85.8    sec/kimg 20.94   maintenance 0.0    gpumem 7.1   augment 0.296
tick 255   kimg 1044.6   time 6h 52m 22s   sec/tick 84.8    sec/kimg 20.70   maintenance 0.0    gpumem 7.1   augment 0.298
tick 256   kimg 1048.7   time 6h 53m 47s   sec/tick 84.9    sec/kimg 20.72   maintenance 0.0    gpumem 7.1   augment 0.296
tick 257   kimg 1052.8   time 6h 55m 12s   sec/tick 84.8    sec/kimg 20.70   maintenance 0.0    gpumem 7.1   augment 0.306
tick 258   kimg 1056.9   time 6h 56m 37s   sec/tick 84.9    sec/kimg 20.73   maintenance 0.0    gpumem 7.1   augment 0.306
tick 259   kimg 1061.0   time 6h 58m 03s   sec/tick 85.8    sec/kimg 20.96   maintenance 0.0    gpumem 7.1   augment 0.311
tick 260   kimg 1065.1   time 6h 59m 28s   sec/tick 84.8    sec/kimg 20.71   maintenance 0.0    gpumem 7.1   augment 0.308
tick 261   kimg 1069.2   time 7h 00m 53s   sec/tick 84.9    sec/kimg 20.73   maintenance 0.0    gpumem 7.1   augment 0.311
tick 262   kimg 1073.3   time 7h 02m 18s   sec/tick 85.0    sec/kimg 20.75   maintenance 0.0    gpumem 7.1   augment 0.314
tick 263   kimg 1077.4   time 7h 03m 43s   sec/tick 85.0    sec/kimg 20.74   maintenance 0.0    gpumem 7.1   augment 0.308
tick 264   kimg 1081.5   time 7h 05m 09s   sec/tick 85.9    sec/kimg 20.96   maintenance 0.0    gpumem 7.1   augment 0.303
tick 265   kimg 1085.6   time 7h 06m 34s   sec/tick 85.0    sec/kimg 20.75   maintenance 0.0    gpumem 7.1   augment 0.308
tick 266   kimg 1089.7   time 7h 07m 59s   sec/tick 84.8    sec/kimg 20.70   maintenance 0.0    gpumem 7.1   augment 0.303
tick 267   kimg 1093.8   time 7h 09m 24s   sec/tick 84.7    sec/kimg 20.68   maintenance 0.0    gpumem 7.1   augment 0.301
tick 268   kimg 1097.9   time 7h 10m 48s   sec/tick 84.8    sec/kimg 20.70   maintenance 0.0    gpumem 7.1   augment 0.296
tick 269   kimg 1102.0   time 7h 12m 14s   sec/tick 85.7    sec/kimg 20.92   maintenance 0.0    gpumem 7.1   augment 0.291
tick 270   kimg 1106.0   time 7h 13m 39s   sec/tick 84.9    sec/kimg 20.72   maintenance 0.0    gpumem 7.1   augment 0.291
Evaluating metrics...
network-snapshot-001106        time 5m 09s       fid50k_full 42.3080
tick 271   kimg 1110.1   time 7h 20m 19s   sec/tick 84.8    sec/kimg 20.70   maintenance 315.3  gpumem 7.1   augment 0.301
tick 272   kimg 1114.2   time 7h 21m 44s   sec/tick 84.9    sec/kimg 20.72   maintenance 0.0    gpumem 7.1   augment 0.293
tick 273   kimg 1118.3   time 7h 23m 09s   sec/tick 85.0    sec/kimg 20.75   maintenance 0.0    gpumem 7.1   augment 0.301
tick 274   kimg 1122.4   time 7h 24m 35s   sec/tick 85.7    sec/kimg 20.93   maintenance 0.0    gpumem 7.1   augment 0.301
tick 275   kimg 1126.5   time 7h 26m 00s   sec/tick 84.9    sec/kimg 20.72   maintenance 0.0    gpumem 7.1   augment 0.301
tick 276   kimg 1130.6   time 7h 27m 24s   sec/tick 84.7    sec/kimg 20.68   maintenance 0.0    gpumem 7.1   augment 0.293
tick 277   kimg 1134.7   time 7h 28m 49s   sec/tick 84.9    sec/kimg 20.72   maintenance 0.0    gpumem 7.1   augment 0.298
tick 278   kimg 1138.8   time 7h 30m 14s   sec/tick 84.9    sec/kimg 20.72   maintenance 0.0    gpumem 7.1   augment 0.298
tick 279   kimg 1142.9   time 7h 31m 40s   sec/tick 85.9    sec/kimg 20.96   maintenance 0.0    gpumem 7.1   augment 0.293
tick 280   kimg 1147.0   time 7h 33m 05s   sec/tick 84.8    sec/kimg 20.70   maintenance 0.0    gpumem 7.1   augment 0.296
tick 281   kimg 1151.1   time 7h 34m 30s   sec/tick 84.9    sec/kimg 20.73   maintenance 0.0    gpumem 7.1   augment 0.298
tick 282   kimg 1155.2   time 7h 35m 55s   sec/tick 84.9    sec/kimg 20.73   maintenance 0.0    gpumem 7.1   augment 0.308
tick 283   kimg 1159.3   time 7h 37m 20s   sec/tick 85.0    sec/kimg 20.75   maintenance 0.0    gpumem 7.1   augment 0.308
tick 284   kimg 1163.4   time 7h 38m 46s   sec/tick 85.8    sec/kimg 20.95   maintenance 0.0    gpumem 7.1   augment 0.311
tick 285   kimg 1167.5   time 7h 40m 11s   sec/tick 84.9    sec/kimg 20.72   maintenance 0.0    gpumem 7.1   augment 0.316
tick 286   kimg 1171.6   time 7h 41m 36s   sec/tick 84.9    sec/kimg 20.73   maintenance 0.0    gpumem 7.1   augment 0.314
tick 287   kimg 1175.7   time 7h 43m 01s   sec/tick 84.9    sec/kimg 20.73   maintenance 0.0    gpumem 7.1   augment 0.319
tick 288   kimg 1179.8   time 7h 44m 25s   sec/tick 84.8    sec/kimg 20.71   maintenance 0.0    gpumem 7.1   augment 0.316
tick 289   kimg 1183.9   time 7h 45m 51s   sec/tick 85.9    sec/kimg 20.98   maintenance 0.1    gpumem 7.1   augment 0.319
tick 290   kimg 1188.0   time 7h 47m 16s   sec/tick 84.9    sec/kimg 20.73   maintenance 0.0    gpumem 7.1   augment 0.306
tick 291   kimg 1192.1   time 7h 48m 41s   sec/tick 84.9    sec/kimg 20.73   maintenance 0.0    gpumem 7.1   augment 0.308
tick 292   kimg 1196.2   time 7h 50m 06s   sec/tick 85.0    sec/kimg 20.75   maintenance 0.0    gpumem 7.1   augment 0.316
tick 293   kimg 1200.3   time 7h 51m 31s   sec/tick 85.0    sec/kimg 20.75   maintenance 0.0    gpumem 7.1   augment 0.308
tick 294   kimg 1204.4   time 7h 52m 57s   sec/tick 85.8    sec/kimg 20.95   maintenance 0.0    gpumem 7.1   augment 0.301
tick 295   kimg 1208.4   time 7h 54m 22s   sec/tick 85.0    sec/kimg 20.74   maintenance 0.0    gpumem 7.1   augment 0.303
tick 296   kimg 1212.5   time 7h 55m 47s   sec/tick 84.9    sec/kimg 20.72   maintenance 0.0    gpumem 7.1   augment 0.306
tick 297   kimg 1216.6   time 7h 57m 12s   sec/tick 85.0    sec/kimg 20.74   maintenance 0.0    gpumem 7.1   augment 0.308
tick 298   kimg 1220.7   time 7h 58m 37s   sec/tick 84.8    sec/kimg 20.70   maintenance 0.0    gpumem 7.1   augment 0.316
tick 299   kimg 1224.8   time 8h 00m 03s   sec/tick 86.0    sec/kimg 20.99   maintenance 0.0    gpumem 7.1   augment 0.314
tick 300   kimg 1228.9   time 8h 01m 28s   sec/tick 85.0    sec/kimg 20.76   maintenance 0.0    gpumem 7.1   augment 0.306
Evaluating metrics...
network-snapshot-001228        time 5m 06s       fid50k_full 42.0749
tick 301   kimg 1233.0   time 8h 08m 06s   sec/tick 84.9    sec/kimg 20.72   maintenance 313.4  gpumem 7.1   augment 0.298
tick 302   kimg 1237.1   time 8h 09m 31s   sec/tick 85.0    sec/kimg 20.74   maintenance 0.0    gpumem 7.1   augment 0.293
tick 303   kimg 1241.2   time 8h 10m 56s   sec/tick 84.8    sec/kimg 20.70   maintenance 0.0    gpumem 7.1   augment 0.285
tick 304   kimg 1245.3   time 8h 12m 22s   sec/tick 85.6    sec/kimg 20.89   maintenance 0.0    gpumem 7.1   augment 0.288
tick 305   kimg 1249.4   time 8h 13m 47s   sec/tick 84.8    sec/kimg 20.69   maintenance 0.1    gpumem 7.1   augment 0.288
tick 306   kimg 1253.5   time 8h 15m 11s   sec/tick 84.7    sec/kimg 20.68   maintenance 0.0    gpumem 7.1   augment 0.291
tick 307   kimg 1257.6   time 8h 16m 36s   sec/tick 84.7    sec/kimg 20.67   maintenance 0.0    gpumem 7.1   augment 0.296
tick 308   kimg 1261.7   time 8h 18m 01s   sec/tick 84.8    sec/kimg 20.70   maintenance 0.0    gpumem 7.1   augment 0.301
tick 309   kimg 1265.8   time 8h 19m 27s   sec/tick 85.6    sec/kimg 20.89   maintenance 0.0    gpumem 7.1   augment 0.301
tick 310   kimg 1269.9   time 8h 20m 52s   sec/tick 85.9    sec/kimg 20.96   maintenance 0.0    gpumem 7.1   augment 0.291
tick 311   kimg 1274.0   time 8h 22m 17s   sec/tick 84.8    sec/kimg 20.71   maintenance 0.0    gpumem 7.1   augment 0.298
tick 312   kimg 1278.1   time 8h 23m 42s   sec/tick 84.9    sec/kimg 20.72   maintenance 0.0    gpumem 7.1   augment 0.303
tick 313   kimg 1282.2   time 8h 25m 07s   sec/tick 84.8    sec/kimg 20.70   maintenance 0.0    gpumem 7.1   augment 0.306
tick 314   kimg 1286.3   time 8h 26m 33s   sec/tick 85.6    sec/kimg 20.90   maintenance 0.0    gpumem 7.1   augment 0.301
tick 315   kimg 1290.4   time 8h 27m 58s   sec/tick 85.2    sec/kimg 20.80   maintenance 0.1    gpumem 7.1   augment 0.301
tick 316   kimg 1294.5   time 8h 29m 23s   sec/tick 84.7    sec/kimg 20.68   maintenance 0.0    gpumem 7.1   augment 0.306
tick 317   kimg 1298.6   time 8h 30m 48s   sec/tick 84.9    sec/kimg 20.72   maintenance 0.0    gpumem 7.1   augment 0.311
tick 318   kimg 1302.7   time 8h 32m 12s   sec/tick 84.8    sec/kimg 20.69   maintenance 0.0    gpumem 7.1   augment 0.303
tick 319   kimg 1306.8   time 8h 33m 38s   sec/tick 85.5    sec/kimg 20.87   maintenance 0.0    gpumem 7.1   augment 0.301
tick 320   kimg 1310.8   time 8h 35m 03s   sec/tick 85.1    sec/kimg 20.77   maintenance 0.1    gpumem 7.1   augment 0.296
tick 321   kimg 1314.9   time 8h 36m 28s   sec/tick 84.8    sec/kimg 20.70   maintenance 0.0    gpumem 7.1   augment 0.301
tick 322   kimg 1319.0   time 8h 37m 53s   sec/tick 84.8    sec/kimg 20.70   maintenance 0.0    gpumem 7.1   augment 0.296
tick 323   kimg 1323.1   time 8h 39m 18s   sec/tick 84.9    sec/kimg 20.72   maintenance 0.0    gpumem 7.1   augment 0.306
tick 324   kimg 1327.2   time 8h 40m 43s   sec/tick 85.2    sec/kimg 20.80   maintenance 0.0    gpumem 7.1   augment 0.298
tick 325   kimg 1331.3   time 8h 42m 08s   sec/tick 85.3    sec/kimg 20.82   maintenance 0.1    gpumem 7.1   augment 0.291
tick 326   kimg 1335.4   time 8h 43m 33s   sec/tick 84.9    sec/kimg 20.72   maintenance 0.0    gpumem 7.1   augment 0.303
tick 327   kimg 1339.5   time 8h 44m 58s   sec/tick 84.9    sec/kimg 20.73   maintenance 0.0    gpumem 7.1   augment 0.321
tick 328   kimg 1343.6   time 8h 46m 23s   sec/tick 84.8    sec/kimg 20.71   maintenance 0.0    gpumem 7.1   augment 0.324
tick 329   kimg 1347.7   time 8h 47m 48s   sec/tick 85.3    sec/kimg 20.81   maintenance 0.0    gpumem 7.1   augment 0.329
tick 330   kimg 1351.8   time 8h 49m 14s   sec/tick 85.4    sec/kimg 20.86   maintenance 0.1    gpumem 7.1   augment 0.319
Evaluating metrics...
network-snapshot-001351        time 5m 07s       fid50k_full 42.2921
tick 331   kimg 1355.9   time 8h 55m 52s   sec/tick 84.9    sec/kimg 20.74   maintenance 313.5  gpumem 7.1   augment 0.314
tick 332   kimg 1360.0   time 8h 57m 17s   sec/tick 84.9    sec/kimg 20.72   maintenance 0.0    gpumem 7.1   augment 0.314
tick 333   kimg 1364.1   time 8h 58m 42s   sec/tick 85.0    sec/kimg 20.75   maintenance 0.0    gpumem 7.1   augment 0.306
tick 334   kimg 1368.2   time 9h 00m 07s   sec/tick 85.2    sec/kimg 20.79   maintenance 0.0    gpumem 7.1   augment 0.308
tick 335   kimg 1372.3   time 9h 01m 33s   sec/tick 85.5    sec/kimg 20.87   maintenance 0.1    gpumem 7.1   augment 0.311
tick 336   kimg 1376.4   time 9h 02m 58s   sec/tick 84.9    sec/kimg 20.73   maintenance 0.0    gpumem 7.1   augment 0.316
tick 337   kimg 1380.5   time 9h 04m 23s   sec/tick 84.8    sec/kimg 20.69   maintenance 0.0    gpumem 7.1   augment 0.311
tick 338   kimg 1384.6   time 9h 05m 48s   sec/tick 84.9    sec/kimg 20.73   maintenance 0.0    gpumem 7.1   augment 0.306
tick 339   kimg 1388.7   time 9h 07m 13s   sec/tick 85.1    sec/kimg 20.77   maintenance 0.0    gpumem 7.1   augment 0.296
tick 340   kimg 1392.8   time 9h 08m 38s   sec/tick 85.6    sec/kimg 20.89   maintenance 0.1    gpumem 7.1   augment 0.301
tick 341   kimg 1396.9   time 9h 10m 03s   sec/tick 84.8    sec/kimg 20.71   maintenance 0.0    gpumem 7.1   augment 0.298
tick 342   kimg 1401.0   time 9h 11m 28s   sec/tick 84.9    sec/kimg 20.74   maintenance 0.0    gpumem 7.1   augment 0.301
tick 343   kimg 1405.1   time 9h 12m 53s   sec/tick 84.8    sec/kimg 20.70   maintenance 0.0    gpumem 7.1   augment 0.296
tick 344   kimg 1409.2   time 9h 14m 18s   sec/tick 85.0    sec/kimg 20.75   maintenance 0.0    gpumem 7.1   augment 0.296
tick 345   kimg 1413.2   time 9h 15m 44s   sec/tick 85.6    sec/kimg 20.90   maintenance 0.0    gpumem 7.1   augment 0.303
tick 346   kimg 1417.3   time 9h 17m 09s   sec/tick 84.9    sec/kimg 20.72   maintenance 0.0    gpumem 7.1   augment 0.306
tick 347   kimg 1421.4   time 9h 18m 34s   sec/tick 84.7    sec/kimg 20.69   maintenance 0.0    gpumem 7.1   augment 0.303
tick 348   kimg 1425.5   time 9h 19m 58s   sec/tick 84.9    sec/kimg 20.72   maintenance 0.0    gpumem 7.1   augment 0.314
tick 349   kimg 1429.6   time 9h 21m 23s   sec/tick 84.8    sec/kimg 20.71   maintenance 0.0    gpumem 7.1   augment 0.311
tick 350   kimg 1433.7   time 9h 22m 49s   sec/tick 85.7    sec/kimg 20.93   maintenance 0.0    gpumem 7.1   augment 0.306
tick 351   kimg 1437.8   time 9h 24m 14s   sec/tick 84.8    sec/kimg 20.70   maintenance 0.0    gpumem 7.1   augment 0.306
tick 352   kimg 1441.9   time 9h 25m 39s   sec/tick 84.8    sec/kimg 20.71   maintenance 0.0    gpumem 7.1   augment 0.303
tick 353   kimg 1446.0   time 9h 27m 04s   sec/tick 84.8    sec/kimg 20.71   maintenance 0.0    gpumem 7.1   augment 0.311
tick 354   kimg 1450.1   time 9h 28m 29s   sec/tick 84.8    sec/kimg 20.71   maintenance 0.0    gpumem 7.1   augment 0.306
tick 355   kimg 1454.2   time 9h 29m 54s   sec/tick 85.7    sec/kimg 20.93   maintenance 0.0    gpumem 7.1   augment 0.301
tick 356   kimg 1458.3   time 9h 31m 19s   sec/tick 84.8    sec/kimg 20.70   maintenance 0.0    gpumem 7.1   augment 0.301
tick 357   kimg 1462.4   time 9h 32m 44s   sec/tick 84.8    sec/kimg 20.70   maintenance 0.0    gpumem 7.1   augment 0.306
tick 358   kimg 1466.5   time 9h 34m 09s   sec/tick 84.9    sec/kimg 20.73   maintenance 0.0    gpumem 7.1   augment 0.308
tick 359   kimg 1470.6   time 9h 35m 34s   sec/tick 84.8    sec/kimg 20.71   maintenance 0.0    gpumem 7.1   augment 0.301
tick 360   kimg 1474.7   time 9h 37m 00s   sec/tick 85.8    sec/kimg 20.94   maintenance 0.0    gpumem 7.1   augment 0.311
Evaluating metrics...
network-snapshot-001474        time 5m 09s       fid50k_full 41.3580
tick 361   kimg 1478.8   time 9h 43m 40s   sec/tick 85.0    sec/kimg 20.74   maintenance 315.7  gpumem 7.1   augment 0.306
tick 362   kimg 1482.9   time 9h 45m 05s   sec/tick 85.0    sec/kimg 20.75   maintenance 0.0    gpumem 7.1   augment 0.308
tick 363   kimg 1487.0   time 9h 46m 30s   sec/tick 84.9    sec/kimg 20.74   maintenance 0.0    gpumem 7.1   augment 0.316
tick 364   kimg 1491.1   time 9h 47m 55s   sec/tick 84.9    sec/kimg 20.72   maintenance 0.0    gpumem 7.1   augment 0.301
tick 365   kimg 1495.2   time 9h 49m 21s   sec/tick 85.7    sec/kimg 20.91   maintenance 0.0    gpumem 7.1   augment 0.298
tick 366   kimg 1499.3   time 9h 50m 46s   sec/tick 84.7    sec/kimg 20.68   maintenance 0.0    gpumem 7.1   augment 0.303
tick 367   kimg 1503.4   time 9h 52m 10s   sec/tick 84.8    sec/kimg 20.69   maintenance 0.0    gpumem 7.1   augment 0.303
tick 368   kimg 1507.5   time 9h 53m 35s   sec/tick 84.8    sec/kimg 20.69   maintenance 0.0    gpumem 7.1   augment 0.296
tick 369   kimg 1511.6   time 9h 55m 00s   sec/tick 84.9    sec/kimg 20.72   maintenance 0.0    gpumem 7.1   augment 0.303
tick 370   kimg 1515.6   time 9h 56m 26s   sec/tick 85.8    sec/kimg 20.94   maintenance 0.0    gpumem 7.1   augment 0.314
tick 371   kimg 1519.7   time 9h 57m 51s   sec/tick 85.0    sec/kimg 20.75   maintenance 0.0    gpumem 7.1   augment 0.316
tick 372   kimg 1523.8   time 9h 59m 16s   sec/tick 84.9    sec/kimg 20.72   maintenance 0.0    gpumem 7.1   augment 0.308
tick 373   kimg 1527.9   time 10h 00m 41s  sec/tick 84.8    sec/kimg 20.71   maintenance 0.0    gpumem 7.1   augment 0.319
tick 374   kimg 1532.0   time 10h 02m 06s  sec/tick 84.8    sec/kimg 20.70   maintenance 0.0    gpumem 7.1   augment 0.316
