/lustre/work/chaselab/malyetama/ADA_Project
Tensorflow version: 1.14.0
5153
Raw: 5153, Resized: 5153
/work/chaselab/malyetama/ADA_Project/training_runs/AFHQ_training-runs/00002-AFHQ_custom-auto2-resumecustom/network-snapshot-002457.pkl
Sat Mar 20 16:17:08 2021       
+-----------------------------------------------------------------------------+
| NVIDIA-SMI 450.51.06    Driver Version: 450.51.06    CUDA Version: 11.0     |
|-------------------------------+----------------------+----------------------+
| GPU  Name        Persistence-M| Bus-Id        Disp.A | Volatile Uncorr. ECC |
| Fan  Temp  Perf  Pwr:Usage/Cap|         Memory-Usage | GPU-Util  Compute M. |
|                               |                      |               MIG M. |
|===============================+======================+======================|
|   0  Tesla V100-PCIE...  On   | 00000000:5E:00.0 Off |                    0 |
| N/A   44C    P0    39W / 250W |    311MiB / 32510MiB |      0%      Default |
|                               |                      |                  N/A |
+-------------------------------+----------------------+----------------------+
|   1  Tesla V100-PCIE...  On   | 00000000:D8:00.0 Off |                    0 |
| N/A   44C    P0    40W / 250W |    311MiB / 32510MiB |      0%      Default |
|                               |                      |                  N/A |
+-------------------------------+----------------------+----------------------+
                                                                               
+-----------------------------------------------------------------------------+
| Processes:                                                                  |
|  GPU   GI   CI        PID   Type   Process name                  GPU Memory |
|        ID   ID                                                   Usage      |
|=============================================================================|
|    0   N/A  N/A    214943      C   ...a/envs/ada-env/bin/python      307MiB |
|    1   N/A  N/A    214943      C   ...a/envs/ada-env/bin/python      307MiB |
+-----------------------------------------------------------------------------+

Training options:
{
  "G_args": {
    "func_name": "training.networks.G_main",
    "fmap_base": 8192,
    "fmap_max": 512,
    "mapping_layers": 2,
    "num_fp16_res": 4,
    "conv_clamp": 256
  },
  "D_args": {
    "func_name": "training.networks.D_main",
    "mbstd_group_size": 4,
    "fmap_base": 8192,
    "fmap_max": 512,
    "num_fp16_res": 4,
    "conv_clamp": 256
  },
  "G_opt_args": {
    "beta1": 0.0,
    "beta2": 0.99,
    "learning_rate": 0.0025
  },
  "D_opt_args": {
    "beta1": 0.0,
    "beta2": 0.99,
    "learning_rate": 0.0025
  },
  "loss_args": {
    "func_name": "training.loss.stylegan2",
    "r1_gamma": 0.4096
  },
  "augment_args": {
    "class_name": "training.augment.AdaptiveAugment",
    "tune_heuristic": "rt",
    "tune_target": 0.6,
    "apply_func": "training.augment.augment_pipeline",
    "apply_args": {
      "xflip": 1,
      "rotate90": 1,
      "xint": 1,
      "scale": 1,
      "rotate": 1,
      "aniso": 1,
      "xfrac": 1,
      "brightness": 1,
      "contrast": 1,
      "lumaflip": 1,
      "hue": 1,
      "saturation": 1
    },
    "tune_kimg": 100
  },
  "num_gpus": 2,
  "image_snapshot_ticks": 1,
  "network_snapshot_ticks": 1,
  "train_dataset_args": {
    "path": "/work/chaselab/malyetama/ADA_Project/datasets/AFHQ_custom",
    "max_label_size": 0,
    "resolution": 256,
    "mirror_augment": false
  },
  "metric_arg_list": [
    {
      "name": "fid50k_full",
      "class_name": "metrics.frechet_inception_distance.FID",
      "max_reals": null,
      "num_fakes": 50000,
      "minibatch_per_gpu": 8,
      "force_dataset_args": {
        "shuffle": false,
        "max_images": null,
        "repeat": false,
        "mirror_augment": false
      }
    }
  ],
  "metric_dataset_args": {
    "path": "/work/chaselab/malyetama/ADA_Project/datasets/AFHQ_custom",
    "max_label_size": 0,
    "resolution": 256,
    "mirror_augment": false
  },
  "total_kimg": 25000,
  "minibatch_size": 32,
  "minibatch_gpu": 16,
  "G_smoothing_kimg": 10.0,
  "G_smoothing_rampup": null,
  "resume_pkl": "/work/chaselab/malyetama/ADA_Project/training_runs/AFHQ_training-runs/00002-AFHQ_custom-auto2-resumecustom/network-snapshot-002457.pkl",
  "run_dir": "/work/chaselab/malyetama/ADA_Project/training_runs/AFHQ_training-runs/00003-AFHQ_custom-auto2-resumecustom"
}

Output directory:  /work/chaselab/malyetama/ADA_Project/training_runs/AFHQ_training-runs/00003-AFHQ_custom-auto2-resumecustom
Training data:     /work/chaselab/malyetama/ADA_Project/datasets/AFHQ_custom
Training length:   25000 kimg
Resolution:        256
Number of GPUs:    2

Dry run; exiting.

Training options:
{
  "G_args": {
    "func_name": "training.networks.G_main",
    "fmap_base": 8192,
    "fmap_max": 512,
    "mapping_layers": 2,
    "num_fp16_res": 4,
    "conv_clamp": 256
  },
  "D_args": {
    "func_name": "training.networks.D_main",
    "mbstd_group_size": 4,
    "fmap_base": 8192,
    "fmap_max": 512,
    "num_fp16_res": 4,
    "conv_clamp": 256
  },
  "G_opt_args": {
    "beta1": 0.0,
    "beta2": 0.99,
    "learning_rate": 0.0025
  },
  "D_opt_args": {
    "beta1": 0.0,
    "beta2": 0.99,
    "learning_rate": 0.0025
  },
  "loss_args": {
    "func_name": "training.loss.stylegan2",
    "r1_gamma": 0.4096
  },
  "augment_args": {
    "class_name": "training.augment.AdaptiveAugment",
    "tune_heuristic": "rt",
    "tune_target": 0.6,
    "apply_func": "training.augment.augment_pipeline",
    "apply_args": {
      "xflip": 1,
      "rotate90": 1,
      "xint": 1,
      "scale": 1,
      "rotate": 1,
      "aniso": 1,
      "xfrac": 1,
      "brightness": 1,
      "contrast": 1,
      "lumaflip": 1,
      "hue": 1,
      "saturation": 1
    },
    "tune_kimg": 100
  },
  "num_gpus": 2,
  "image_snapshot_ticks": 1,
  "network_snapshot_ticks": 1,
  "train_dataset_args": {
    "path": "/work/chaselab/malyetama/ADA_Project/datasets/AFHQ_custom",
    "max_label_size": 0,
    "resolution": 256,
    "mirror_augment": false
  },
  "metric_arg_list": [
    {
      "name": "fid50k_full",
      "class_name": "metrics.frechet_inception_distance.FID",
      "max_reals": null,
      "num_fakes": 50000,
      "minibatch_per_gpu": 8,
      "force_dataset_args": {
        "shuffle": false,
        "max_images": null,
        "repeat": false,
        "mirror_augment": false
      }
    }
  ],
  "metric_dataset_args": {
    "path": "/work/chaselab/malyetama/ADA_Project/datasets/AFHQ_custom",
    "max_label_size": 0,
    "resolution": 256,
    "mirror_augment": false
  },
  "total_kimg": 25000,
  "minibatch_size": 32,
  "minibatch_gpu": 16,
  "G_smoothing_kimg": 10.0,
  "G_smoothing_rampup": null,
  "resume_pkl": "/work/chaselab/malyetama/ADA_Project/training_runs/AFHQ_training-runs/00002-AFHQ_custom-auto2-resumecustom/network-snapshot-002457.pkl",
  "run_dir": "/work/chaselab/malyetama/ADA_Project/training_runs/AFHQ_training-runs/00003-AFHQ_custom-auto2-resumecustom"
}

Output directory:  /work/chaselab/malyetama/ADA_Project/training_runs/AFHQ_training-runs/00003-AFHQ_custom-auto2-resumecustom
Training data:     /work/chaselab/malyetama/ADA_Project/datasets/AFHQ_custom
Training length:   25000 kimg
Resolution:        256
Number of GPUs:    2

Creating output directory...
Loading training set...
Image shape: [3, 256, 256]
Label shape: [0]

Constructing networks...
Setting up TensorFlow plugin "fused_bias_act.cu": Loading... Done.
Setting up TensorFlow plugin "upfirdn_2d.cu": Loading... Done.
Resuming from "/work/chaselab/malyetama/ADA_Project/training_runs/AFHQ_training-runs/00002-AFHQ_custom-auto2-resumecustom/network-snapshot-002457.pkl"

G                             Params    OutputShape         WeightShape     
---                           ---       ---                 ---             
latents_in                    -         (?, 512)            -               
labels_in                     -         (?, 0)              -               
G_mapping/Normalize           -         (?, 512)            -               
G_mapping/Dense0              262656    (?, 512)            (512, 512)      
G_mapping/Dense1              262656    (?, 512)            (512, 512)      
G_mapping/Broadcast           -         (?, 14, 512)        -               
dlatent_avg                   -         (512,)              -               
Truncation/Lerp               -         (?, 14, 512)        -               
G_synthesis/4x4/Const         8192      (?, 512, 4, 4)      (1, 512, 4, 4)  
G_synthesis/4x4/Conv          2622465   (?, 512, 4, 4)      (3, 3, 512, 512)
G_synthesis/4x4/ToRGB         264195    (?, 3, 4, 4)        (1, 1, 512, 3)  
G_synthesis/8x8/Conv0_up      2622465   (?, 512, 8, 8)      (3, 3, 512, 512)
G_synthesis/8x8/Conv1         2622465   (?, 512, 8, 8)      (3, 3, 512, 512)
G_synthesis/8x8/Upsample      -         (?, 3, 8, 8)        -               
G_synthesis/8x8/ToRGB         264195    (?, 3, 8, 8)        (1, 1, 512, 3)  
G_synthesis/16x16/Conv0_up    2622465   (?, 512, 16, 16)    (3, 3, 512, 512)
G_synthesis/16x16/Conv1       2622465   (?, 512, 16, 16)    (3, 3, 512, 512)
G_synthesis/16x16/Upsample    -         (?, 3, 16, 16)      -               
G_synthesis/16x16/ToRGB       264195    (?, 3, 16, 16)      (1, 1, 512, 3)  
G_synthesis/32x32/Conv0_up    2622465   (?, 512, 32, 32)    (3, 3, 512, 512)
G_synthesis/32x32/Conv1       2622465   (?, 512, 32, 32)    (3, 3, 512, 512)
G_synthesis/32x32/Upsample    -         (?, 3, 32, 32)      -               
G_synthesis/32x32/ToRGB       264195    (?, 3, 32, 32)      (1, 1, 512, 3)  
G_synthesis/64x64/Conv0_up    1442561   (?, 256, 64, 64)    (3, 3, 512, 256)
G_synthesis/64x64/Conv1       721409    (?, 256, 64, 64)    (3, 3, 256, 256)
G_synthesis/64x64/Upsample    -         (?, 3, 64, 64)      -               
G_synthesis/64x64/ToRGB       132099    (?, 3, 64, 64)      (1, 1, 256, 3)  
G_synthesis/128x128/Conv0_up  426369    (?, 128, 128, 128)  (3, 3, 256, 128)
G_synthesis/128x128/Conv1     213249    (?, 128, 128, 128)  (3, 3, 128, 128)
G_synthesis/128x128/Upsample  -         (?, 3, 128, 128)    -               
G_synthesis/128x128/ToRGB     66051     (?, 3, 128, 128)    (1, 1, 128, 3)  
G_synthesis/256x256/Conv0_up  139457    (?, 64, 256, 256)   (3, 3, 128, 64) 
G_synthesis/256x256/Conv1     69761     (?, 64, 256, 256)   (3, 3, 64, 64)  
G_synthesis/256x256/Upsample  -         (?, 3, 256, 256)    -               
G_synthesis/256x256/ToRGB     33027     (?, 3, 256, 256)    (1, 1, 64, 3)   
---                           ---       ---                 ---             
Total                         23191522                                      


D                    Params    OutputShape         WeightShape     
---                  ---       ---                 ---             
images_in            -         (?, 3, 256, 256)    -               
labels_in            -         (?, 0)              -               
256x256/FromRGB      256       (?, 64, 256, 256)   (1, 1, 3, 64)   
256x256/Conv0        36928     (?, 64, 256, 256)   (3, 3, 64, 64)  
256x256/Conv1_down   73856     (?, 128, 128, 128)  (3, 3, 64, 128) 
256x256/Skip         8192      (?, 128, 128, 128)  (1, 1, 64, 128) 
128x128/Conv0        147584    (?, 128, 128, 128)  (3, 3, 128, 128)
128x128/Conv1_down   295168    (?, 256, 64, 64)    (3, 3, 128, 256)
128x128/Skip         32768     (?, 256, 64, 64)    (1, 1, 128, 256)
64x64/Conv0          590080    (?, 256, 64, 64)    (3, 3, 256, 256)
64x64/Conv1_down     1180160   (?, 512, 32, 32)    (3, 3, 256, 512)
64x64/Skip           131072    (?, 512, 32, 32)    (1, 1, 256, 512)
32x32/Conv0          2359808   (?, 512, 32, 32)    (3, 3, 512, 512)
32x32/Conv1_down     2359808   (?, 512, 16, 16)    (3, 3, 512, 512)
32x32/Skip           262144    (?, 512, 16, 16)    (1, 1, 512, 512)
16x16/Conv0          2359808   (?, 512, 16, 16)    (3, 3, 512, 512)
16x16/Conv1_down     2359808   (?, 512, 8, 8)      (3, 3, 512, 512)
16x16/Skip           262144    (?, 512, 8, 8)      (1, 1, 512, 512)
8x8/Conv0            2359808   (?, 512, 8, 8)      (3, 3, 512, 512)
8x8/Conv1_down       2359808   (?, 512, 4, 4)      (3, 3, 512, 512)
8x8/Skip             262144    (?, 512, 4, 4)      (1, 1, 512, 512)
4x4/MinibatchStddev  -         (?, 513, 4, 4)      -               
4x4/Conv             2364416   (?, 512, 4, 4)      (3, 3, 513, 512)
4x4/Dense0           4194816   (?, 512)            (8192, 512)     
Output               513       (?, 1)              (512, 1)        
---                  ---       ---                 ---             
Total                24001089                                      

Exporting sample images...
Replicating networks across 2 GPUs...
Initializing augmentations...
Setting up optimizers...
Constructing training graph...
Finalizing training ops...
Initializing metrics...
Training for 25000 kimg...

tick 0     kimg 0.1      time 2m 49s       sec/tick 43.1    sec/kimg 336.58  maintenance 125.5  gpumem 7.2   augment 0.001
Evaluating metrics...
network-snapshot-000000        time 5m 07s       fid50k_full 7.5485
tick 1     kimg 4.2      time 9m 51s       sec/tick 82.0    sec/kimg 20.02   maintenance 340.8  gpumem 7.2   augment 0.040
Evaluating metrics...
network-snapshot-000004        time 5m 06s       fid50k_full 7.3590
tick 2     kimg 8.3      time 16m 26s      sec/tick 82.6    sec/kimg 20.17   maintenance 312.4  gpumem 7.2   augment 0.073
Evaluating metrics...
network-snapshot-000008        time 5m 10s       fid50k_full 7.5720
tick 3     kimg 12.4     time 23m 10s      sec/tick 85.5    sec/kimg 20.88   maintenance 317.7  gpumem 7.2   augment 0.109
Evaluating metrics...
network-snapshot-000012        time 5m 09s       fid50k_full 7.8718
tick 4     kimg 16.5     time 29m 48s      sec/tick 82.8    sec/kimg 20.22   maintenance 316.1  gpumem 7.2   augment 0.142
Evaluating metrics...
network-snapshot-000016        time 5m 07s       fid50k_full 7.8732
tick 5     kimg 20.6     time 36m 26s      sec/tick 83.1    sec/kimg 20.29   maintenance 314.0  gpumem 7.2   augment 0.173
Evaluating metrics...
network-snapshot-000020        time 5m 06s       fid50k_full 7.6590
tick 6     kimg 24.7     time 43m 01s      sec/tick 82.9    sec/kimg 20.24   maintenance 312.3  gpumem 7.2   augment 0.204
Evaluating metrics...
network-snapshot-000024        time 5m 08s       fid50k_full 7.6043
tick 7     kimg 28.8     time 49m 38s      sec/tick 83.2    sec/kimg 20.31   maintenance 314.0  gpumem 7.2   augment 0.227
Evaluating metrics...
network-snapshot-000028        time 5m 06s       fid50k_full 7.7907
tick 8     kimg 32.9     time 56m 14s      sec/tick 83.4    sec/kimg 20.37   maintenance 312.3  gpumem 7.2   augment 0.244
Evaluating metrics...
network-snapshot-000032        time 5m 06s       fid50k_full 7.8248
tick 9     kimg 37.0     time 1h 02m 49s   sec/tick 83.3    sec/kimg 20.34   maintenance 312.3  gpumem 7.2   augment 0.247
Evaluating metrics...
network-snapshot-000036        time 5m 08s       fid50k_full 7.6574
tick 10    kimg 41.1     time 1h 09m 28s   sec/tick 83.6    sec/kimg 20.41   maintenance 315.1  gpumem 7.2   augment 0.260
Evaluating metrics...
network-snapshot-000041        time 5m 07s       fid50k_full 7.6478
tick 11    kimg 45.2     time 1h 16m 05s   sec/tick 83.2    sec/kimg 20.30   maintenance 314.0  gpumem 7.2   augment 0.270
Evaluating metrics...
network-snapshot-000045        time 5m 06s       fid50k_full 7.5218
tick 12    kimg 49.3     time 1h 22m 41s   sec/tick 83.5    sec/kimg 20.38   maintenance 312.4  gpumem 7.2   augment 0.273
Evaluating metrics...
network-snapshot-000049        time 5m 09s       fid50k_full 7.5333
tick 13    kimg 53.4     time 1h 29m 20s   sec/tick 83.4    sec/kimg 20.35   maintenance 315.2  gpumem 7.2   augment 0.280
Evaluating metrics...
network-snapshot-000053        time 5m 06s       fid50k_full 7.6393
tick 14    kimg 57.5     time 1h 35m 57s   sec/tick 84.7    sec/kimg 20.67   maintenance 312.6  gpumem 7.2   augment 0.278
Evaluating metrics...
network-snapshot-000057        time 5m 07s       fid50k_full 7.5123
tick 15    kimg 61.6     time 1h 42m 35s   sec/tick 83.4    sec/kimg 20.37   maintenance 314.4  gpumem 7.2   augment 0.283
Evaluating metrics...
network-snapshot-000061        time 5m 06s       fid50k_full 7.3933
tick 16    kimg 65.7     time 1h 49m 10s   sec/tick 83.1    sec/kimg 20.29   maintenance 312.2  gpumem 7.2   augment 0.273
Evaluating metrics...
network-snapshot-000065        time 5m 09s       fid50k_full 7.2448
tick 17    kimg 69.8     time 1h 55m 53s   sec/tick 83.5    sec/kimg 20.39   maintenance 319.3  gpumem 7.2   augment 0.280
Evaluating metrics...
network-snapshot-000069        time 5m 06s       fid50k_full 7.2578
tick 18    kimg 73.9     time 2h 02m 28s   sec/tick 83.4    sec/kimg 20.35   maintenance 312.3  gpumem 7.2   augment 0.288
Evaluating metrics...
network-snapshot-000073        time 5m 06s       fid50k_full 6.9306
tick 19    kimg 78.0     time 2h 09m 05s   sec/tick 83.4    sec/kimg 20.37   maintenance 313.6  gpumem 7.2   augment 0.285
Evaluating metrics...
network-snapshot-000077        time 5m 06s       fid50k_full 6.8652
tick 20    kimg 82.0     time 2h 15m 41s   sec/tick 83.4    sec/kimg 20.36   maintenance 312.5  gpumem 7.2   augment 0.283
Evaluating metrics...
network-snapshot-000082        time 5m 11s       fid50k_full 6.9165
tick 21    kimg 86.1     time 2h 22m 22s   sec/tick 83.1    sec/kimg 20.28   maintenance 317.2  gpumem 7.2   augment 0.278
Evaluating metrics...
network-snapshot-000086        time 5m 05s       fid50k_full 6.9620
tick 22    kimg 90.2     time 2h 28m 57s   sec/tick 83.5    sec/kimg 20.38   maintenance 311.8  gpumem 7.2   augment 0.288
Evaluating metrics...
network-snapshot-000090        time 5m 06s       fid50k_full 6.9629
tick 23    kimg 94.3     time 2h 35m 32s   sec/tick 83.4    sec/kimg 20.36   maintenance 312.1  gpumem 7.2   augment 0.293
Evaluating metrics...
network-snapshot-000094        time 5m 06s       fid50k_full 6.9314
tick 24    kimg 98.4     time 2h 42m 08s   sec/tick 83.5    sec/kimg 20.38   maintenance 312.4  gpumem 7.2   augment 0.285
Evaluating metrics...
network-snapshot-000098        time 5m 07s       fid50k_full 6.8762
tick 25    kimg 102.5    time 2h 48m 44s   sec/tick 83.2    sec/kimg 20.31   maintenance 313.0  gpumem 7.2   augment 0.283
Evaluating metrics...
network-snapshot-000102        time 5m 06s       fid50k_full 6.7795
tick 26    kimg 106.6    time 2h 55m 22s   sec/tick 83.2    sec/kimg 20.31   maintenance 314.6  gpumem 7.2   augment 0.283
Evaluating metrics...
network-snapshot-000106        time 5m 06s       fid50k_full 6.9454
tick 27    kimg 110.7    time 3h 01m 58s   sec/tick 83.5    sec/kimg 20.38   maintenance 312.3  gpumem 7.2   augment 0.280
Evaluating metrics...
network-snapshot-000110        time 5m 11s       fid50k_full 7.1325
tick 28    kimg 114.8    time 3h 08m 39s   sec/tick 83.3    sec/kimg 20.33   maintenance 317.6  gpumem 7.2   augment 0.293
Evaluating metrics...
network-snapshot-000114        time 5m 06s       fid50k_full 7.0717
tick 29    kimg 118.9    time 3h 15m 14s   sec/tick 83.3    sec/kimg 20.33   maintenance 312.4  gpumem 7.2   augment 0.296
Evaluating metrics...
network-snapshot-000118        time 5m 06s       fid50k_full 7.1727
tick 30    kimg 123.0    time 3h 21m 50s   sec/tick 83.1    sec/kimg 20.29   maintenance 312.7  gpumem 7.2   augment 0.291
Evaluating metrics...
network-snapshot-000123        time 5m 06s       fid50k_full 7.0088
tick 31    kimg 127.1    time 3h 28m 26s   sec/tick 83.5    sec/kimg 20.38   maintenance 312.7  gpumem 7.2   augment 0.288
Evaluating metrics...
network-snapshot-000127        time 5m 06s       fid50k_full 6.9374
tick 32    kimg 131.2    time 3h 35m 02s   sec/tick 83.4    sec/kimg 20.37   maintenance 312.4  gpumem 7.2   augment 0.288
Evaluating metrics...
network-snapshot-000131        time 5m 06s       fid50k_full 6.8335
tick 33    kimg 135.3    time 3h 41m 38s   sec/tick 83.5    sec/kimg 20.38   maintenance 312.6  gpumem 7.2   augment 0.283
Evaluating metrics...
network-snapshot-000135        time 5m 06s       fid50k_full 7.0451
tick 34    kimg 139.4    time 3h 48m 14s   sec/tick 83.3    sec/kimg 20.34   maintenance 312.1  gpumem 7.2   augment 0.285
Evaluating metrics...
network-snapshot-000139        time 5m 13s       fid50k_full 7.0110
tick 35    kimg 143.5    time 3h 54m 56s   sec/tick 83.1    sec/kimg 20.29   maintenance 319.4  gpumem 7.2   augment 0.280
Evaluating metrics...
network-snapshot-000143        time 5m 06s       fid50k_full 7.0650
tick 36    kimg 147.6    time 4h 01m 33s   sec/tick 83.7    sec/kimg 20.43   maintenance 312.8  gpumem 7.2   augment 0.280
Evaluating metrics...
network-snapshot-000147        time 5m 06s       fid50k_full 7.2329
tick 37    kimg 151.7    time 4h 08m 09s   sec/tick 83.4    sec/kimg 20.37   maintenance 312.4  gpumem 7.2   augment 0.285
Evaluating metrics...
network-snapshot-000151        time 5m 05s       fid50k_full 7.2122
tick 38    kimg 155.8    time 4h 14m 44s   sec/tick 83.6    sec/kimg 20.42   maintenance 312.0  gpumem 7.2   augment 0.291
Evaluating metrics...
network-snapshot-000155        time 5m 06s       fid50k_full 7.0547
tick 39    kimg 159.9    time 4h 21m 20s   sec/tick 83.5    sec/kimg 20.38   maintenance 312.5  gpumem 7.2   augment 0.298
Evaluating metrics...
network-snapshot-000159        time 5m 06s       fid50k_full 7.1192
tick 40    kimg 164.0    time 4h 27m 56s   sec/tick 83.2    sec/kimg 20.31   maintenance 313.0  gpumem 7.2   augment 0.298
Evaluating metrics...
network-snapshot-000163        time 5m 06s       fid50k_full 7.1807
tick 41    kimg 168.1    time 4h 34m 33s   sec/tick 83.5    sec/kimg 20.38   maintenance 312.8  gpumem 7.2   augment 0.301
Evaluating metrics...
network-snapshot-000168        time 5m 06s       fid50k_full 7.1234
tick 42    kimg 172.2    time 4h 41m 08s   sec/tick 83.5    sec/kimg 20.37   maintenance 312.4  gpumem 7.2   augment 0.296
Evaluating metrics...
network-snapshot-000172        time 5m 06s       fid50k_full 7.2321
tick 43    kimg 176.3    time 4h 47m 44s   sec/tick 83.6    sec/kimg 20.41   maintenance 312.3  gpumem 7.2   augment 0.293
Evaluating metrics...
network-snapshot-000176        time 5m 14s       fid50k_full 7.3027
tick 44    kimg 180.4    time 4h 54m 29s   sec/tick 83.7    sec/kimg 20.44   maintenance 320.7  gpumem 7.2   augment 0.296
Evaluating metrics...
network-snapshot-000180        time 5m 06s       fid50k_full 7.5352
tick 45    kimg 184.4    time 5h 01m 04s   sec/tick 83.1    sec/kimg 20.30   maintenance 312.4  gpumem 7.2   augment 0.298
Evaluating metrics...
network-snapshot-000184        time 5m 06s       fid50k_full 7.5518
tick 46    kimg 188.5    time 5h 07m 40s   sec/tick 83.5    sec/kimg 20.39   maintenance 312.4  gpumem 7.2   augment 0.293
Evaluating metrics...
network-snapshot-000188        time 5m 06s       fid50k_full 7.3280
tick 47    kimg 192.6    time 5h 14m 16s   sec/tick 83.5    sec/kimg 20.39   maintenance 312.2  gpumem 7.2   augment 0.296
Evaluating metrics...
network-snapshot-000192        time 5m 07s       fid50k_full 7.4949
tick 48    kimg 196.7    time 5h 20m 53s   sec/tick 84.4    sec/kimg 20.61   maintenance 312.9  gpumem 7.2   augment 0.296
Evaluating metrics...
network-snapshot-000196        time 5m 06s       fid50k_full 7.3821
tick 49    kimg 200.8    time 5h 27m 29s   sec/tick 83.4    sec/kimg 20.35   maintenance 312.4  gpumem 7.2   augment 0.293
Evaluating metrics...
network-snapshot-000200        time 5m 06s       fid50k_full 7.2614
tick 50    kimg 204.9    time 5h 34m 04s   sec/tick 83.2    sec/kimg 20.30   maintenance 312.3  gpumem 7.2   augment 0.283
Evaluating metrics...
network-snapshot-000204        time 5m 06s       fid50k_full 7.2838
tick 51    kimg 209.0    time 5h 40m 40s   sec/tick 83.4    sec/kimg 20.36   maintenance 312.7  gpumem 7.2   augment 0.288
Evaluating metrics...
network-snapshot-000209        time 5m 06s       fid50k_full 7.2632
tick 52    kimg 213.1    time 5h 47m 16s   sec/tick 83.4    sec/kimg 20.35   maintenance 312.3  gpumem 7.2   augment 0.293
Evaluating metrics...
network-snapshot-000213        time 5m 06s       fid50k_full 7.0649
tick 53    kimg 217.2    time 5h 53m 53s   sec/tick 84.1    sec/kimg 20.54   maintenance 312.5  gpumem 7.2   augment 0.291
Evaluating metrics...
network-snapshot-000217        time 5m 06s       fid50k_full 6.9911
tick 54    kimg 221.3    time 6h 00m 29s   sec/tick 83.5    sec/kimg 20.38   maintenance 313.0  gpumem 7.2   augment 0.298
Evaluating metrics...
network-snapshot-000221        time 5m 06s       fid50k_full 7.0753
tick 55    kimg 225.4    time 6h 07m 05s   sec/tick 83.2    sec/kimg 20.31   maintenance 313.0  gpumem 7.2   augment 0.298
Evaluating metrics...
network-snapshot-000225        time 5m 17s       fid50k_full 7.0357
tick 56    kimg 229.5    time 6h 13m 53s   sec/tick 83.6    sec/kimg 20.40   maintenance 323.7  gpumem 7.2   augment 0.301
Evaluating metrics...
network-snapshot-000229        time 5m 06s       fid50k_full 7.0478
tick 57    kimg 233.6    time 6h 20m 29s   sec/tick 83.5    sec/kimg 20.38   maintenance 312.6  gpumem 7.2   augment 0.298
Evaluating metrics...
network-snapshot-000233        time 5m 06s       fid50k_full 6.8827
tick 58    kimg 237.7    time 6h 27m 05s   sec/tick 83.5    sec/kimg 20.39   maintenance 312.2  gpumem 7.2   augment 0.293
Evaluating metrics...
network-snapshot-000237        time 5m 06s       fid50k_full 6.7621
tick 59    kimg 241.8    time 6h 33m 40s   sec/tick 83.4    sec/kimg 20.37   maintenance 312.4  gpumem 7.2   augment 0.298
Evaluating metrics...
network-snapshot-000241        time 5m 06s       fid50k_full 6.6648
tick 60    kimg 245.9    time 6h 40m 16s   sec/tick 83.1    sec/kimg 20.30   maintenance 312.3  gpumem 7.2   augment 0.293
Evaluating metrics...
network-snapshot-000245        time 5m 06s       fid50k_full 6.4668
tick 61    kimg 250.0    time 6h 46m 52s   sec/tick 83.5    sec/kimg 20.40   maintenance 312.5  gpumem 7.2   augment 0.293
Evaluating metrics...
network-snapshot-000249        time 5m 06s       fid50k_full 6.4452
tick 62    kimg 254.1    time 6h 53m 28s   sec/tick 83.5    sec/kimg 20.39   maintenance 312.3  gpumem 7.2   augment 0.293
Evaluating metrics...
network-snapshot-000254        time 5m 06s       fid50k_full 6.4173
tick 63    kimg 258.2    time 7h 00m 04s   sec/tick 83.4    sec/kimg 20.36   maintenance 312.8  gpumem 7.2   augment 0.285
Evaluating metrics...
network-snapshot-000258        time 5m 07s       fid50k_full 6.5359
tick 64    kimg 262.3    time 7h 06m 40s   sec/tick 83.2    sec/kimg 20.31   maintenance 313.1  gpumem 7.2   augment 0.291
Evaluating metrics...
network-snapshot-000262        time 5m 06s       fid50k_full 6.7950
tick 65    kimg 266.4    time 7h 13m 17s   sec/tick 83.1    sec/kimg 20.29   maintenance 313.7  gpumem 7.2   augment 0.291
Evaluating metrics...
network-snapshot-000266        time 5m 06s       fid50k_full 6.8095
tick 66    kimg 270.5    time 7h 19m 55s   sec/tick 84.8    sec/kimg 20.71   maintenance 313.1  gpumem 7.2   augment 0.298
Evaluating metrics...
network-snapshot-000270        time 5m 06s       fid50k_full 6.8787
tick 67    kimg 274.6    time 7h 26m 31s   sec/tick 83.6    sec/kimg 20.41   maintenance 312.7  gpumem 7.2   augment 0.293
Evaluating metrics...
network-snapshot-000274        time 5m 06s       fid50k_full 6.8814
tick 68    kimg 278.7    time 7h 33m 07s   sec/tick 83.4    sec/kimg 20.37   maintenance 312.3  gpumem 7.2   augment 0.291
Evaluating metrics...
network-snapshot-000278        time 5m 06s       fid50k_full 6.8894
tick 69    kimg 282.8    time 7h 39m 43s   sec/tick 83.4    sec/kimg 20.35   maintenance 312.5  gpumem 7.2   augment 0.293
Evaluating metrics...
network-snapshot-000282        time 5m 20s       fid50k_full 7.0503
tick 70    kimg 286.8    time 7h 46m 33s   sec/tick 83.5    sec/kimg 20.40   maintenance 326.7  gpumem 7.2   augment 0.298
Evaluating metrics...
network-snapshot-000286        time 5m 06s       fid50k_full 7.0490
tick 71    kimg 290.9    time 7h 53m 09s   sec/tick 83.5    sec/kimg 20.38   maintenance 312.4  gpumem 7.2   augment 0.301
Evaluating metrics...
network-snapshot-000290        time 5m 06s       fid50k_full 7.1679
tick 72    kimg 295.0    time 7h 59m 45s   sec/tick 83.4    sec/kimg 20.37   maintenance 313.0  gpumem 7.2   augment 0.296
Evaluating metrics...
network-snapshot-000295        time 5m 06s       fid50k_full 6.9780
tick 73    kimg 299.1    time 8h 06m 21s   sec/tick 83.5    sec/kimg 20.38   maintenance 312.5  gpumem 7.2   augment 0.301
Evaluating metrics...
network-snapshot-000299        time 5m 06s       fid50k_full 7.0064
tick 74    kimg 303.2    time 8h 12m 57s   sec/tick 83.3    sec/kimg 20.34   maintenance 312.4  gpumem 7.2   augment 0.298
Evaluating metrics...
network-snapshot-000303        time 5m 06s       fid50k_full 7.0844
tick 75    kimg 307.3    time 8h 19m 33s   sec/tick 83.6    sec/kimg 20.41   maintenance 312.8  gpumem 7.2   augment 0.298
Evaluating metrics...
network-snapshot-000307        time 5m 06s       fid50k_full 7.0919
tick 76    kimg 311.4    time 8h 26m 09s   sec/tick 83.5    sec/kimg 20.40   maintenance 312.4  gpumem 7.2   augment 0.306
Evaluating metrics...
network-snapshot-000311        time 5m 06s       fid50k_full 7.0304
tick 77    kimg 315.5    time 8h 32m 45s   sec/tick 83.6    sec/kimg 20.41   maintenance 312.5  gpumem 7.2   augment 0.303
Evaluating metrics...
network-snapshot-000315        time 5m 06s       fid50k_full 7.0080
tick 78    kimg 319.6    time 8h 39m 21s   sec/tick 83.5    sec/kimg 20.38   maintenance 312.5  gpumem 7.2   augment 0.298
Evaluating metrics...
network-snapshot-000319        time 5m 07s       fid50k_full 7.0058
tick 79    kimg 323.7    time 8h 45m 58s   sec/tick 83.1    sec/kimg 20.30   maintenance 313.3  gpumem 7.2   augment 0.306
Evaluating metrics...
network-snapshot-000323        time 5m 06s       fid50k_full 6.9390
tick 80    kimg 327.8    time 8h 52m 34s   sec/tick 83.6    sec/kimg 20.42   maintenance 312.8  gpumem 7.2   augment 0.298
Evaluating metrics...
network-snapshot-000327        time 5m 06s       fid50k_full 6.8090
tick 81    kimg 331.9    time 8h 59m 11s   sec/tick 83.5    sec/kimg 20.40   maintenance 312.8  gpumem 7.2   augment 0.301
Evaluating metrics...
network-snapshot-000331        time 5m 06s       fid50k_full 6.9511
tick 82    kimg 336.0    time 9h 05m 47s   sec/tick 83.6    sec/kimg 20.40   maintenance 312.3  gpumem 7.2   augment 0.303
Evaluating metrics...
network-snapshot-000336        time 5m 07s       fid50k_full 6.8492
tick 83    kimg 340.1    time 9h 12m 23s   sec/tick 83.7    sec/kimg 20.43   maintenance 313.1  gpumem 7.2   augment 0.306
Evaluating metrics...
network-snapshot-000340        time 5m 06s       fid50k_full 6.8660
tick 84    kimg 344.2    time 9h 18m 59s   sec/tick 83.2    sec/kimg 20.32   maintenance 312.6  gpumem 7.2   augment 0.311
Evaluating metrics...
network-snapshot-000344        time 5m 06s       fid50k_full 6.8728
tick 85    kimg 348.3    time 9h 25m 35s   sec/tick 83.6    sec/kimg 20.42   maintenance 312.4  gpumem 7.2   augment 0.308
Evaluating metrics...
network-snapshot-000348        time 5m 06s       fid50k_full 6.9533
tick 86    kimg 352.4    time 9h 32m 11s   sec/tick 83.7    sec/kimg 20.43   maintenance 312.5  gpumem 7.2   augment 0.298
Evaluating metrics...
network-snapshot-000352        time 5m 06s       fid50k_full 6.9971
tick 87    kimg 356.5    time 9h 38m 48s   sec/tick 83.4    sec/kimg 20.37   maintenance 312.9  gpumem 7.2   augment 0.296
Evaluating metrics...
network-snapshot-000356        time 5m 23s       fid50k_full 6.6852
tick 88    kimg 360.6    time 9h 45m 41s   sec/tick 83.5    sec/kimg 20.38   maintenance 329.5  gpumem 7.2   augment 0.293
Evaluating metrics...
network-snapshot-000360        time 5m 06s       fid50k_full 6.6543
tick 89    kimg 364.7    time 9h 52m 16s   sec/tick 83.1    sec/kimg 20.30   maintenance 312.7  gpumem 7.2   augment 0.298
Evaluating metrics...
network-snapshot-000364        time 5m 06s       fid50k_full 6.6538
tick 90    kimg 368.8    time 9h 58m 53s   sec/tick 83.7    sec/kimg 20.44   maintenance 312.4  gpumem 7.2   augment 0.301
Evaluating metrics...
