/lustre/work/chaselab/malyetama
Tensorflow version: 1.14.0
/work/chaselab/malyetama/ADA_Project/training_runs/metfaces_training-runs/00004-metfaces_custom-auto2-resumecustom/network-snapshot-000846.pkl
Sat Mar 20 16:17:31 2021       
+-----------------------------------------------------------------------------+
| NVIDIA-SMI 450.51.06    Driver Version: 450.51.06    CUDA Version: 11.0     |
|-------------------------------+----------------------+----------------------+
| GPU  Name        Persistence-M| Bus-Id        Disp.A | Volatile Uncorr. ECC |
| Fan  Temp  Perf  Pwr:Usage/Cap|         Memory-Usage | GPU-Util  Compute M. |
|                               |                      |               MIG M. |
|===============================+======================+======================|
|   0  Tesla V100-PCIE...  On   | 00000000:5E:00.0 Off |                    0 |
| N/A   45C    P0    39W / 250W |    311MiB / 32510MiB |      0%      Default |
|                               |                      |                  N/A |
+-------------------------------+----------------------+----------------------+
|   1  Tesla V100-PCIE...  On   | 00000000:D8:00.0 Off |                    0 |
| N/A   46C    P0    40W / 250W |    311MiB / 32510MiB |      0%      Default |
|                               |                      |                  N/A |
+-------------------------------+----------------------+----------------------+
                                                                               
+-----------------------------------------------------------------------------+
| Processes:                                                                  |
|  GPU   GI   CI        PID   Type   Process name                  GPU Memory |
|        ID   ID                                                   Usage      |
|=============================================================================|
|    0   N/A  N/A     20905      C   ...a/envs/ada-env/bin/python      307MiB |
|    1   N/A  N/A     20905      C   ...a/envs/ada-env/bin/python      307MiB |
+-----------------------------------------------------------------------------+

Training options:
{
  "G_args": {
    "func_name": "training.networks.G_main",
    "fmap_base": 16384,
    "fmap_max": 512,
    "mapping_layers": 2,
    "num_fp16_res": 4,
    "conv_clamp": 256
  },
  "D_args": {
    "func_name": "training.networks.D_main",
    "mbstd_group_size": 4,
    "fmap_base": 16384,
    "fmap_max": 512,
    "num_fp16_res": 4,
    "conv_clamp": 256
  },
  "G_opt_args": {
    "beta1": 0.0,
    "beta2": 0.99,
    "learning_rate": 0.0025
  },
  "D_opt_args": {
    "beta1": 0.0,
    "beta2": 0.99,
    "learning_rate": 0.0025
  },
  "loss_args": {
    "func_name": "training.loss.stylegan2",
    "r1_gamma": 3.2768
  },
  "augment_args": {
    "class_name": "training.augment.AdaptiveAugment",
    "tune_heuristic": "rt",
    "tune_target": 0.6,
    "apply_func": "training.augment.augment_pipeline",
    "apply_args": {
      "xflip": 1,
      "rotate90": 1,
      "xint": 1,
      "scale": 1,
      "rotate": 1,
      "aniso": 1,
      "xfrac": 1,
      "brightness": 1,
      "contrast": 1,
      "lumaflip": 1,
      "hue": 1,
      "saturation": 1
    },
    "tune_kimg": 100
  },
  "num_gpus": 2,
  "image_snapshot_ticks": 30,
  "network_snapshot_ticks": 30,
  "train_dataset_args": {
    "path": "/work/chaselab/malyetama/ADA_Project/datasets/metfaces_custom",
    "max_label_size": 0,
    "resolution": 512,
    "mirror_augment": false
  },
  "metric_arg_list": [
    {
      "name": "fid50k_full",
      "class_name": "metrics.frechet_inception_distance.FID",
      "max_reals": null,
      "num_fakes": 50000,
      "minibatch_per_gpu": 8,
      "force_dataset_args": {
        "shuffle": false,
        "max_images": null,
        "repeat": false,
        "mirror_augment": false
      }
    }
  ],
  "metric_dataset_args": {
    "path": "/work/chaselab/malyetama/ADA_Project/datasets/metfaces_custom",
    "max_label_size": 0,
    "resolution": 512,
    "mirror_augment": false
  },
  "total_kimg": 25000,
  "minibatch_size": 16,
  "minibatch_gpu": 8,
  "G_smoothing_kimg": 5.0,
  "G_smoothing_rampup": null,
  "resume_pkl": "/work/chaselab/malyetama/ADA_Project/training_runs/metfaces_training-runs/00004-metfaces_custom-auto2-resumecustom/network-snapshot-000846.pkl",
  "run_dir": "/work/chaselab/malyetama/ADA_Project/training_runs/metfaces_training-runs/00005-metfaces_custom-auto2-resumecustom"
}

Output directory:  /work/chaselab/malyetama/ADA_Project/training_runs/metfaces_training-runs/00005-metfaces_custom-auto2-resumecustom
Training data:     /work/chaselab/malyetama/ADA_Project/datasets/metfaces_custom
Training length:   25000 kimg
Resolution:        512
Number of GPUs:    2

Dry run; exiting.

Training options:
{
  "G_args": {
    "func_name": "training.networks.G_main",
    "fmap_base": 16384,
    "fmap_max": 512,
    "mapping_layers": 2,
    "num_fp16_res": 4,
    "conv_clamp": 256
  },
  "D_args": {
    "func_name": "training.networks.D_main",
    "mbstd_group_size": 4,
    "fmap_base": 16384,
    "fmap_max": 512,
    "num_fp16_res": 4,
    "conv_clamp": 256
  },
  "G_opt_args": {
    "beta1": 0.0,
    "beta2": 0.99,
    "learning_rate": 0.0025
  },
  "D_opt_args": {
    "beta1": 0.0,
    "beta2": 0.99,
    "learning_rate": 0.0025
  },
  "loss_args": {
    "func_name": "training.loss.stylegan2",
    "r1_gamma": 3.2768
  },
  "augment_args": {
    "class_name": "training.augment.AdaptiveAugment",
    "tune_heuristic": "rt",
    "tune_target": 0.6,
    "apply_func": "training.augment.augment_pipeline",
    "apply_args": {
      "xflip": 1,
      "rotate90": 1,
      "xint": 1,
      "scale": 1,
      "rotate": 1,
      "aniso": 1,
      "xfrac": 1,
      "brightness": 1,
      "contrast": 1,
      "lumaflip": 1,
      "hue": 1,
      "saturation": 1
    },
    "tune_kimg": 100
  },
  "num_gpus": 2,
  "image_snapshot_ticks": 30,
  "network_snapshot_ticks": 30,
  "train_dataset_args": {
    "path": "/work/chaselab/malyetama/ADA_Project/datasets/metfaces_custom",
    "max_label_size": 0,
    "resolution": 512,
    "mirror_augment": false
  },
  "metric_arg_list": [
    {
      "name": "fid50k_full",
      "class_name": "metrics.frechet_inception_distance.FID",
      "max_reals": null,
      "num_fakes": 50000,
      "minibatch_per_gpu": 8,
      "force_dataset_args": {
        "shuffle": false,
        "max_images": null,
        "repeat": false,
        "mirror_augment": false
      }
    }
  ],
  "metric_dataset_args": {
    "path": "/work/chaselab/malyetama/ADA_Project/datasets/metfaces_custom",
    "max_label_size": 0,
    "resolution": 512,
    "mirror_augment": false
  },
  "total_kimg": 25000,
  "minibatch_size": 16,
  "minibatch_gpu": 8,
  "G_smoothing_kimg": 5.0,
  "G_smoothing_rampup": null,
  "resume_pkl": "/work/chaselab/malyetama/ADA_Project/training_runs/metfaces_training-runs/00004-metfaces_custom-auto2-resumecustom/network-snapshot-000846.pkl",
  "run_dir": "/work/chaselab/malyetama/ADA_Project/training_runs/metfaces_training-runs/00005-metfaces_custom-auto2-resumecustom"
}

Output directory:  /work/chaselab/malyetama/ADA_Project/training_runs/metfaces_training-runs/00005-metfaces_custom-auto2-resumecustom
Training data:     /work/chaselab/malyetama/ADA_Project/datasets/metfaces_custom
Training length:   25000 kimg
Resolution:        512
Number of GPUs:    2

Creating output directory...
Loading training set...
Image shape: [3, 512, 512]
Label shape: [0]

Constructing networks...
Setting up TensorFlow plugin "fused_bias_act.cu": Loading... Done.
Setting up TensorFlow plugin "upfirdn_2d.cu": Loading... Done.
Resuming from "/work/chaselab/malyetama/ADA_Project/training_runs/metfaces_training-runs/00004-metfaces_custom-auto2-resumecustom/network-snapshot-000846.pkl"

G                             Params    OutputShape         WeightShape     
---                           ---       ---                 ---             
latents_in                    -         (?, 512)            -               
labels_in                     -         (?, 0)              -               
G_mapping/Normalize           -         (?, 512)            -               
G_mapping/Dense0              262656    (?, 512)            (512, 512)      
G_mapping/Dense1              262656    (?, 512)            (512, 512)      
G_mapping/Broadcast           -         (?, 16, 512)        -               
dlatent_avg                   -         (512,)              -               
Truncation/Lerp               -         (?, 16, 512)        -               
G_synthesis/4x4/Const         8192      (?, 512, 4, 4)      (1, 512, 4, 4)  
G_synthesis/4x4/Conv          2622465   (?, 512, 4, 4)      (3, 3, 512, 512)
G_synthesis/4x4/ToRGB         264195    (?, 3, 4, 4)        (1, 1, 512, 3)  
G_synthesis/8x8/Conv0_up      2622465   (?, 512, 8, 8)      (3, 3, 512, 512)
G_synthesis/8x8/Conv1         2622465   (?, 512, 8, 8)      (3, 3, 512, 512)
G_synthesis/8x8/Upsample      -         (?, 3, 8, 8)        -               
G_synthesis/8x8/ToRGB         264195    (?, 3, 8, 8)        (1, 1, 512, 3)  
G_synthesis/16x16/Conv0_up    2622465   (?, 512, 16, 16)    (3, 3, 512, 512)
G_synthesis/16x16/Conv1       2622465   (?, 512, 16, 16)    (3, 3, 512, 512)
G_synthesis/16x16/Upsample    -         (?, 3, 16, 16)      -               
G_synthesis/16x16/ToRGB       264195    (?, 3, 16, 16)      (1, 1, 512, 3)  
G_synthesis/32x32/Conv0_up    2622465   (?, 512, 32, 32)    (3, 3, 512, 512)
G_synthesis/32x32/Conv1       2622465   (?, 512, 32, 32)    (3, 3, 512, 512)
G_synthesis/32x32/Upsample    -         (?, 3, 32, 32)      -               
G_synthesis/32x32/ToRGB       264195    (?, 3, 32, 32)      (1, 1, 512, 3)  
G_synthesis/64x64/Conv0_up    2622465   (?, 512, 64, 64)    (3, 3, 512, 512)
G_synthesis/64x64/Conv1       2622465   (?, 512, 64, 64)    (3, 3, 512, 512)
G_synthesis/64x64/Upsample    -         (?, 3, 64, 64)      -               
G_synthesis/64x64/ToRGB       264195    (?, 3, 64, 64)      (1, 1, 512, 3)  
G_synthesis/128x128/Conv0_up  1442561   (?, 256, 128, 128)  (3, 3, 512, 256)
G_synthesis/128x128/Conv1     721409    (?, 256, 128, 128)  (3, 3, 256, 256)
G_synthesis/128x128/Upsample  -         (?, 3, 128, 128)    -               
G_synthesis/128x128/ToRGB     132099    (?, 3, 128, 128)    (1, 1, 256, 3)  
G_synthesis/256x256/Conv0_up  426369    (?, 128, 256, 256)  (3, 3, 256, 128)
G_synthesis/256x256/Conv1     213249    (?, 128, 256, 256)  (3, 3, 128, 128)
G_synthesis/256x256/Upsample  -         (?, 3, 256, 256)    -               
G_synthesis/256x256/ToRGB     66051     (?, 3, 256, 256)    (1, 1, 128, 3)  
G_synthesis/512x512/Conv0_up  139457    (?, 64, 512, 512)   (3, 3, 128, 64) 
G_synthesis/512x512/Conv1     69761     (?, 64, 512, 512)   (3, 3, 64, 64)  
G_synthesis/512x512/Upsample  -         (?, 3, 512, 512)    -               
G_synthesis/512x512/ToRGB     33027     (?, 3, 512, 512)    (1, 1, 64, 3)   
---                           ---       ---                 ---             
Total                         28700647                                      


D                    Params    OutputShape         WeightShape     
---                  ---       ---                 ---             
images_in            -         (?, 3, 512, 512)    -               
labels_in            -         (?, 0)              -               
512x512/FromRGB      256       (?, 64, 512, 512)   (1, 1, 3, 64)   
512x512/Conv0        36928     (?, 64, 512, 512)   (3, 3, 64, 64)  
512x512/Conv1_down   73856     (?, 128, 256, 256)  (3, 3, 64, 128) 
512x512/Skip         8192      (?, 128, 256, 256)  (1, 1, 64, 128) 
256x256/Conv0        147584    (?, 128, 256, 256)  (3, 3, 128, 128)
256x256/Conv1_down   295168    (?, 256, 128, 128)  (3, 3, 128, 256)
256x256/Skip         32768     (?, 256, 128, 128)  (1, 1, 128, 256)
128x128/Conv0        590080    (?, 256, 128, 128)  (3, 3, 256, 256)
128x128/Conv1_down   1180160   (?, 512, 64, 64)    (3, 3, 256, 512)
128x128/Skip         131072    (?, 512, 64, 64)    (1, 1, 256, 512)
64x64/Conv0          2359808   (?, 512, 64, 64)    (3, 3, 512, 512)
64x64/Conv1_down     2359808   (?, 512, 32, 32)    (3, 3, 512, 512)
64x64/Skip           262144    (?, 512, 32, 32)    (1, 1, 512, 512)
32x32/Conv0          2359808   (?, 512, 32, 32)    (3, 3, 512, 512)
32x32/Conv1_down     2359808   (?, 512, 16, 16)    (3, 3, 512, 512)
32x32/Skip           262144    (?, 512, 16, 16)    (1, 1, 512, 512)
16x16/Conv0          2359808   (?, 512, 16, 16)    (3, 3, 512, 512)
16x16/Conv1_down     2359808   (?, 512, 8, 8)      (3, 3, 512, 512)
16x16/Skip           262144    (?, 512, 8, 8)      (1, 1, 512, 512)
8x8/Conv0            2359808   (?, 512, 8, 8)      (3, 3, 512, 512)
8x8/Conv1_down       2359808   (?, 512, 4, 4)      (3, 3, 512, 512)
8x8/Skip             262144    (?, 512, 4, 4)      (1, 1, 512, 512)
4x4/MinibatchStddev  -         (?, 513, 4, 4)      -               
4x4/Conv             2364416   (?, 512, 4, 4)      (3, 3, 513, 512)
4x4/Dense0           4194816   (?, 512)            (8192, 512)     
Output               513       (?, 1)              (512, 1)        
---                  ---       ---                 ---             
Total                28982849                                      

Exporting sample images...
Replicating networks across 2 GPUs...
Initializing augmentations...
Setting up optimizers...
Constructing training graph...
Finalizing training ops...
Initializing metrics...
Training for 25000 kimg...

tick 0     kimg 0.1      time 3m 44s       sec/tick 55.2    sec/kimg 862.95  maintenance 169.0  gpumem 9.9   augment 0.001
Evaluating metrics...
network-snapshot-000000        time 9m 05s       fid50k_full 24.6885
tick 1     kimg 4.1      time 17m 53s      sec/tick 248.9   sec/kimg 61.72   maintenance 599.9  gpumem 9.9   augment 0.040
tick 2     kimg 8.1      time 22m 03s      sec/tick 250.3   sec/kimg 62.07   maintenance 0.0    gpumem 9.9   augment 0.075
tick 3     kimg 12.2     time 26m 15s      sec/tick 251.3   sec/kimg 62.32   maintenance 0.0    gpumem 9.9   augment 0.111
tick 4     kimg 16.2     time 30m 26s      sec/tick 251.1   sec/kimg 62.26   maintenance 0.0    gpumem 9.9   augment 0.148
tick 5     kimg 20.2     time 34m 37s      sec/tick 251.7   sec/kimg 62.43   maintenance 0.0    gpumem 9.9   augment 0.184
tick 6     kimg 24.3     time 38m 49s      sec/tick 251.9   sec/kimg 62.46   maintenance 0.0    gpumem 9.9   augment 0.209
tick 7     kimg 28.3     time 43m 02s      sec/tick 252.3   sec/kimg 62.57   maintenance 0.0    gpumem 9.9   augment 0.234
tick 8     kimg 32.3     time 47m 14s      sec/tick 252.3   sec/kimg 62.59   maintenance 0.0    gpumem 9.9   augment 0.253
tick 9     kimg 36.4     time 51m 26s      sec/tick 252.2   sec/kimg 62.56   maintenance 0.1    gpumem 9.9   augment 0.268
tick 10    kimg 40.4     time 55m 40s      sec/tick 253.4   sec/kimg 62.85   maintenance 0.0    gpumem 9.9   augment 0.271
tick 11    kimg 44.4     time 59m 53s      sec/tick 252.8   sec/kimg 62.70   maintenance 0.0    gpumem 9.9   augment 0.273
tick 12    kimg 48.4     time 1h 04m 06s   sec/tick 253.0   sec/kimg 62.75   maintenance 0.0    gpumem 9.9   augment 0.280
tick 13    kimg 52.5     time 1h 08m 18s   sec/tick 252.2   sec/kimg 62.56   maintenance 0.0    gpumem 9.9   augment 0.284
tick 14    kimg 56.5     time 1h 12m 31s   sec/tick 252.8   sec/kimg 62.69   maintenance 0.0    gpumem 9.9   augment 0.292
tick 15    kimg 60.5     time 1h 16m 44s   sec/tick 252.7   sec/kimg 62.68   maintenance 0.0    gpumem 9.9   augment 0.298
tick 16    kimg 64.6     time 1h 20m 57s   sec/tick 253.4   sec/kimg 62.85   maintenance 0.0    gpumem 9.9   augment 0.299
tick 17    kimg 68.6     time 1h 25m 10s   sec/tick 252.4   sec/kimg 62.60   maintenance 0.0    gpumem 9.9   augment 0.300
tick 18    kimg 72.6     time 1h 29m 23s   sec/tick 253.6   sec/kimg 62.91   maintenance 0.0    gpumem 9.9   augment 0.309
tick 19    kimg 76.7     time 1h 33m 36s   sec/tick 252.9   sec/kimg 62.74   maintenance 0.0    gpumem 9.9   augment 0.317
tick 20    kimg 80.7     time 1h 37m 49s   sec/tick 253.1   sec/kimg 62.78   maintenance 0.0    gpumem 9.9   augment 0.318
tick 21    kimg 84.7     time 1h 42m 02s   sec/tick 252.9   sec/kimg 62.73   maintenance 0.0    gpumem 9.9   augment 0.320
tick 22    kimg 88.8     time 1h 46m 16s   sec/tick 253.9   sec/kimg 62.96   maintenance 0.0    gpumem 9.9   augment 0.309
tick 23    kimg 92.8     time 1h 50m 29s   sec/tick 253.1   sec/kimg 62.78   maintenance 0.0    gpumem 9.9   augment 0.317
tick 24    kimg 96.8     time 1h 54m 43s   sec/tick 253.6   sec/kimg 62.91   maintenance 0.0    gpumem 9.9   augment 0.321
tick 25    kimg 100.9    time 1h 58m 56s   sec/tick 252.5   sec/kimg 62.62   maintenance 0.0    gpumem 9.9   augment 0.319
tick 26    kimg 104.9    time 2h 03m 09s   sec/tick 253.8   sec/kimg 62.94   maintenance 0.0    gpumem 9.9   augment 0.321
tick 27    kimg 108.9    time 2h 07m 22s   sec/tick 252.8   sec/kimg 62.71   maintenance 0.0    gpumem 9.9   augment 0.326
tick 28    kimg 113.0    time 2h 11m 36s   sec/tick 253.4   sec/kimg 62.85   maintenance 0.0    gpumem 9.9   augment 0.323
tick 29    kimg 117.0    time 2h 15m 49s   sec/tick 253.5   sec/kimg 62.87   maintenance 0.0    gpumem 9.9   augment 0.319
tick 30    kimg 121.0    time 2h 20m 02s   sec/tick 253.0   sec/kimg 62.74   maintenance 0.0    gpumem 9.9   augment 0.322
Evaluating metrics...
network-snapshot-000121        time 9m 08s       fid50k_full 23.6401
tick 31    kimg 125.1    time 2h 33m 48s   sec/tick 253.2   sec/kimg 62.79   maintenance 572.6  gpumem 9.9   augment 0.330
tick 32    kimg 129.1    time 2h 38m 02s   sec/tick 253.8   sec/kimg 62.94   maintenance 0.0    gpumem 9.9   augment 0.331
tick 33    kimg 133.1    time 2h 42m 15s   sec/tick 253.1   sec/kimg 62.78   maintenance 0.0    gpumem 9.9   augment 0.319
tick 34    kimg 137.2    time 2h 46m 29s   sec/tick 253.8   sec/kimg 62.95   maintenance 0.0    gpumem 9.9   augment 0.324
tick 35    kimg 141.2    time 2h 50m 42s   sec/tick 253.2   sec/kimg 62.79   maintenance 0.0    gpumem 9.9   augment 0.325
tick 36    kimg 145.2    time 2h 54m 56s   sec/tick 253.9   sec/kimg 62.97   maintenance 0.0    gpumem 9.9   augment 0.324
tick 37    kimg 149.2    time 2h 59m 09s   sec/tick 253.2   sec/kimg 62.80   maintenance 0.0    gpumem 9.9   augment 0.329
tick 38    kimg 153.3    time 3h 03m 23s   sec/tick 253.7   sec/kimg 62.92   maintenance 0.0    gpumem 9.9   augment 0.327
tick 39    kimg 157.3    time 3h 07m 36s   sec/tick 253.2   sec/kimg 62.79   maintenance 0.0    gpumem 9.9   augment 0.334
tick 40    kimg 161.3    time 3h 11m 50s   sec/tick 254.0   sec/kimg 63.00   maintenance 0.0    gpumem 9.9   augment 0.341
tick 41    kimg 165.4    time 3h 16m 04s   sec/tick 253.3   sec/kimg 62.82   maintenance 0.0    gpumem 9.9   augment 0.320
tick 42    kimg 169.4    time 3h 20m 17s   sec/tick 253.6   sec/kimg 62.90   maintenance 0.0    gpumem 9.9   augment 0.324
tick 43    kimg 173.4    time 3h 24m 31s   sec/tick 253.5   sec/kimg 62.86   maintenance 0.0    gpumem 9.9   augment 0.324
tick 44    kimg 177.5    time 3h 28m 45s   sec/tick 254.4   sec/kimg 63.09   maintenance 0.0    gpumem 9.9   augment 0.328
tick 45    kimg 181.5    time 3h 32m 58s   sec/tick 253.0   sec/kimg 62.75   maintenance 0.0    gpumem 9.9   augment 0.328
tick 46    kimg 185.5    time 3h 37m 12s   sec/tick 253.9   sec/kimg 62.98   maintenance 0.0    gpumem 9.9   augment 0.332
tick 47    kimg 189.6    time 3h 41m 26s   sec/tick 253.6   sec/kimg 62.89   maintenance 0.0    gpumem 9.9   augment 0.334
tick 48    kimg 193.6    time 3h 45m 39s   sec/tick 253.4   sec/kimg 62.86   maintenance 0.0    gpumem 9.9   augment 0.339
tick 49    kimg 197.6    time 3h 49m 52s   sec/tick 253.0   sec/kimg 62.75   maintenance 0.0    gpumem 9.9   augment 0.333
tick 50    kimg 201.7    time 3h 54m 06s   sec/tick 253.8   sec/kimg 62.95   maintenance 0.0    gpumem 9.9   augment 0.332
tick 51    kimg 205.7    time 3h 58m 19s   sec/tick 253.0   sec/kimg 62.74   maintenance 0.0    gpumem 9.9   augment 0.332
tick 52    kimg 209.7    time 4h 02m 33s   sec/tick 254.1   sec/kimg 63.03   maintenance 0.1    gpumem 9.9   augment 0.337
tick 53    kimg 213.8    time 4h 06m 47s   sec/tick 253.0   sec/kimg 62.75   maintenance 0.1    gpumem 9.9   augment 0.343
tick 54    kimg 217.8    time 4h 11m 00s   sec/tick 253.5   sec/kimg 62.88   maintenance 0.0    gpumem 9.9   augment 0.335
tick 55    kimg 221.8    time 4h 15m 13s   sec/tick 253.1   sec/kimg 62.76   maintenance 0.0    gpumem 9.9   augment 0.334
tick 56    kimg 225.9    time 4h 19m 27s   sec/tick 253.7   sec/kimg 62.93   maintenance 0.0    gpumem 9.9   augment 0.337
tick 57    kimg 229.9    time 4h 23m 40s   sec/tick 252.9   sec/kimg 62.73   maintenance 0.0    gpumem 9.9   augment 0.334
tick 58    kimg 233.9    time 4h 27m 54s   sec/tick 253.6   sec/kimg 62.90   maintenance 0.0    gpumem 9.9   augment 0.337
tick 59    kimg 238.0    time 4h 32m 08s   sec/tick 253.9   sec/kimg 62.96   maintenance 0.0    gpumem 9.9   augment 0.339
tick 60    kimg 242.0    time 4h 36m 21s   sec/tick 253.3   sec/kimg 62.82   maintenance 0.0    gpumem 9.9   augment 0.342
Evaluating metrics...
network-snapshot-000241        time 9m 10s       fid50k_full 23.3409
tick 61    kimg 246.0    time 4h 50m 07s   sec/tick 253.4   sec/kimg 62.84   maintenance 572.8  gpumem 9.9   augment 0.333
tick 62    kimg 250.0    time 4h 54m 20s   sec/tick 252.9   sec/kimg 62.72   maintenance 0.0    gpumem 9.9   augment 0.327
tick 63    kimg 254.1    time 4h 58m 34s   sec/tick 253.7   sec/kimg 62.91   maintenance 0.0    gpumem 9.9   augment 0.337
tick 64    kimg 258.1    time 5h 02m 47s   sec/tick 253.6   sec/kimg 62.90   maintenance 0.0    gpumem 9.9   augment 0.341
tick 65    kimg 262.1    time 5h 07m 01s   sec/tick 253.5   sec/kimg 62.87   maintenance 0.0    gpumem 9.9   augment 0.342
tick 66    kimg 266.2    time 5h 11m 14s   sec/tick 253.2   sec/kimg 62.80   maintenance 0.0    gpumem 9.9   augment 0.342
tick 67    kimg 270.2    time 5h 15m 28s   sec/tick 253.6   sec/kimg 62.88   maintenance 0.0    gpumem 9.9   augment 0.332
tick 68    kimg 274.2    time 5h 19m 41s   sec/tick 252.9   sec/kimg 62.71   maintenance 0.0    gpumem 9.9   augment 0.328
tick 69    kimg 278.3    time 5h 23m 54s   sec/tick 253.4   sec/kimg 62.85   maintenance 0.0    gpumem 9.9   augment 0.334
tick 70    kimg 282.3    time 5h 28m 07s   sec/tick 253.3   sec/kimg 62.83   maintenance 0.0    gpumem 9.9   augment 0.342
tick 71    kimg 286.3    time 5h 32m 21s   sec/tick 253.9   sec/kimg 62.97   maintenance 0.0    gpumem 9.9   augment 0.346
tick 72    kimg 290.4    time 5h 36m 35s   sec/tick 253.8   sec/kimg 62.94   maintenance 0.0    gpumem 9.9   augment 0.345
tick 73    kimg 294.4    time 5h 40m 49s   sec/tick 253.6   sec/kimg 62.89   maintenance 0.0    gpumem 9.9   augment 0.344
tick 74    kimg 298.4    time 5h 45m 02s   sec/tick 253.1   sec/kimg 62.78   maintenance 0.0    gpumem 9.9   augment 0.342
tick 75    kimg 302.5    time 5h 49m 16s   sec/tick 253.9   sec/kimg 62.96   maintenance 0.0    gpumem 9.9   augment 0.335
tick 76    kimg 306.5    time 5h 53m 30s   sec/tick 253.8   sec/kimg 62.95   maintenance 0.0    gpumem 9.9   augment 0.336
tick 77    kimg 310.5    time 5h 57m 43s   sec/tick 252.9   sec/kimg 62.72   maintenance 0.0    gpumem 9.9   augment 0.335
tick 78    kimg 314.6    time 6h 01m 57s   sec/tick 254.4   sec/kimg 63.09   maintenance 0.0    gpumem 9.9   augment 0.331
tick 79    kimg 318.6    time 6h 06m 11s   sec/tick 254.1   sec/kimg 63.02   maintenance 0.0    gpumem 9.9   augment 0.333
tick 80    kimg 322.6    time 6h 10m 25s   sec/tick 254.0   sec/kimg 63.00   maintenance 0.0    gpumem 9.9   augment 0.337
tick 81    kimg 326.7    time 6h 14m 38s   sec/tick 253.0   sec/kimg 62.74   maintenance 0.0    gpumem 9.9   augment 0.334
tick 82    kimg 330.7    time 6h 18m 52s   sec/tick 254.1   sec/kimg 63.03   maintenance 0.0    gpumem 9.9   augment 0.336
tick 83    kimg 334.7    time 6h 23m 06s   sec/tick 253.5   sec/kimg 62.87   maintenance 0.0    gpumem 9.9   augment 0.333
tick 84    kimg 338.8    time 6h 27m 20s   sec/tick 254.2   sec/kimg 63.06   maintenance 0.0    gpumem 9.9   augment 0.335
tick 85    kimg 342.8    time 6h 31m 34s   sec/tick 253.4   sec/kimg 62.84   maintenance 0.0    gpumem 9.9   augment 0.340
tick 86    kimg 346.8    time 6h 35m 48s   sec/tick 254.0   sec/kimg 62.99   maintenance 0.0    gpumem 9.9   augment 0.336
tick 87    kimg 350.8    time 6h 40m 02s   sec/tick 254.4   sec/kimg 63.09   maintenance 0.0    gpumem 9.9   augment 0.339
tick 88    kimg 354.9    time 6h 44m 16s   sec/tick 253.9   sec/kimg 62.98   maintenance 0.0    gpumem 9.9   augment 0.326
tick 89    kimg 358.9    time 6h 48m 29s   sec/tick 253.1   sec/kimg 62.77   maintenance 0.0    gpumem 9.9   augment 0.337
tick 90    kimg 362.9    time 6h 52m 44s   sec/tick 254.7   sec/kimg 63.17   maintenance 0.0    gpumem 9.9   augment 0.340
Evaluating metrics...
network-snapshot-000362        time 9m 08s       fid50k_full 23.4549
tick 91    kimg 367.0    time 7h 06m 30s   sec/tick 253.9   sec/kimg 62.97   maintenance 572.7  gpumem 9.9   augment 0.335
tick 92    kimg 371.0    time 7h 10m 44s   sec/tick 254.0   sec/kimg 62.99   maintenance 0.0    gpumem 9.9   augment 0.342
tick 93    kimg 375.0    time 7h 14m 58s   sec/tick 253.3   sec/kimg 62.81   maintenance 0.0    gpumem 9.9   augment 0.342
tick 94    kimg 379.1    time 7h 19m 11s   sec/tick 253.3   sec/kimg 62.82   maintenance 0.0    gpumem 9.9   augment 0.335
tick 95    kimg 383.1    time 7h 23m 24s   sec/tick 253.2   sec/kimg 62.81   maintenance 0.0    gpumem 9.9   augment 0.335
tick 96    kimg 387.1    time 7h 27m 38s   sec/tick 253.6   sec/kimg 62.89   maintenance 0.0    gpumem 9.9   augment 0.336
tick 97    kimg 391.2    time 7h 31m 51s   sec/tick 253.2   sec/kimg 62.80   maintenance 0.0    gpumem 9.9   augment 0.344
tick 98    kimg 395.2    time 7h 36m 05s   sec/tick 254.1   sec/kimg 63.03   maintenance 0.0    gpumem 9.9   augment 0.354
tick 99    kimg 399.2    time 7h 40m 19s   sec/tick 253.0   sec/kimg 62.75   maintenance 0.0    gpumem 9.9   augment 0.355
tick 100   kimg 403.3    time 7h 44m 32s   sec/tick 253.2   sec/kimg 62.80   maintenance 0.0    gpumem 9.9   augment 0.360
tick 101   kimg 407.3    time 7h 48m 46s   sec/tick 254.0   sec/kimg 63.00   maintenance 0.0    gpumem 9.9   augment 0.366
tick 102   kimg 411.3    time 7h 53m 00s   sec/tick 254.0   sec/kimg 63.01   maintenance 0.0    gpumem 9.9   augment 0.367
tick 103   kimg 415.4    time 7h 57m 14s   sec/tick 254.0   sec/kimg 63.00   maintenance 0.0    gpumem 9.9   augment 0.365
tick 104   kimg 419.4    time 8h 01m 33s   sec/tick 259.0   sec/kimg 64.23   maintenance 0.0    gpumem 9.9   augment 0.376
tick 105   kimg 423.4    time 8h 05m 47s   sec/tick 253.5   sec/kimg 62.88   maintenance 0.3    gpumem 9.9   augment 0.371
tick 106   kimg 427.5    time 8h 10m 01s   sec/tick 254.5   sec/kimg 63.13   maintenance 0.0    gpumem 9.9   augment 0.360
tick 107   kimg 431.5    time 8h 14m 15s   sec/tick 253.3   sec/kimg 62.82   maintenance 0.0    gpumem 9.9   augment 0.353
tick 108   kimg 435.5    time 8h 18m 29s   sec/tick 254.4   sec/kimg 63.10   maintenance 0.1    gpumem 9.9   augment 0.354
tick 109   kimg 439.6    time 8h 22m 43s   sec/tick 254.1   sec/kimg 63.01   maintenance 0.0    gpumem 9.9   augment 0.355
tick 110   kimg 443.6    time 8h 26m 58s   sec/tick 254.1   sec/kimg 63.02   maintenance 0.0    gpumem 9.9   augment 0.346
tick 111   kimg 447.6    time 8h 31m 11s   sec/tick 253.2   sec/kimg 62.80   maintenance 0.0    gpumem 9.9   augment 0.339
tick 112   kimg 451.6    time 8h 35m 26s   sec/tick 254.7   sec/kimg 63.18   maintenance 0.0    gpumem 9.9   augment 0.345
tick 113   kimg 455.7    time 8h 39m 38s   sec/tick 252.9   sec/kimg 62.72   maintenance 0.0    gpumem 9.9   augment 0.343
tick 114   kimg 459.7    time 8h 43m 52s   sec/tick 253.7   sec/kimg 62.92   maintenance 0.0    gpumem 9.9   augment 0.340
tick 115   kimg 463.7    time 8h 48m 07s   sec/tick 254.2   sec/kimg 63.06   maintenance 0.0    gpumem 9.9   augment 0.348
tick 116   kimg 467.8    time 8h 52m 20s   sec/tick 253.9   sec/kimg 62.97   maintenance 0.0    gpumem 9.9   augment 0.348
tick 117   kimg 471.8    time 8h 56m 34s   sec/tick 253.7   sec/kimg 62.91   maintenance 0.0    gpumem 9.9   augment 0.348
tick 118   kimg 475.8    time 9h 00m 48s   sec/tick 254.1   sec/kimg 63.03   maintenance 0.0    gpumem 9.9   augment 0.351
tick 119   kimg 479.9    time 9h 05m 02s   sec/tick 253.8   sec/kimg 62.94   maintenance 0.0    gpumem 9.9   augment 0.358
tick 120   kimg 483.9    time 9h 09m 17s   sec/tick 254.5   sec/kimg 63.11   maintenance 0.0    gpumem 9.9   augment 0.360
Evaluating metrics...
network-snapshot-000483        time 9m 09s       fid50k_full 24.3364
tick 121   kimg 487.9    time 9h 23m 07s   sec/tick 253.2   sec/kimg 62.79   maintenance 576.8  gpumem 9.9   augment 0.361
tick 122   kimg 492.0    time 9h 27m 21s   sec/tick 254.5   sec/kimg 63.13   maintenance 0.0    gpumem 9.9   augment 0.350
tick 123   kimg 496.0    time 9h 31m 35s   sec/tick 254.2   sec/kimg 63.04   maintenance 0.0    gpumem 9.9   augment 0.356
tick 124   kimg 500.0    time 9h 35m 49s   sec/tick 253.3   sec/kimg 62.82   maintenance 0.0    gpumem 9.9   augment 0.362
tick 125   kimg 504.1    time 9h 40m 03s   sec/tick 254.0   sec/kimg 63.01   maintenance 0.0    gpumem 9.9   augment 0.355
tick 126   kimg 508.1    time 9h 44m 17s   sec/tick 254.2   sec/kimg 63.05   maintenance 0.0    gpumem 9.9   augment 0.340
tick 127   kimg 512.1    time 9h 48m 30s   sec/tick 253.2   sec/kimg 62.80   maintenance 0.0    gpumem 9.9   augment 0.334
tick 128   kimg 516.2    time 9h 52m 44s   sec/tick 253.8   sec/kimg 62.95   maintenance 0.0    gpumem 9.9   augment 0.342
tick 129   kimg 520.2    time 9h 56m 58s   sec/tick 253.3   sec/kimg 62.81   maintenance 0.0    gpumem 9.9   augment 0.347
tick 130   kimg 524.2    time 10h 01m 11s  sec/tick 253.5   sec/kimg 62.87   maintenance 0.0    gpumem 9.9   augment 0.360
tick 131   kimg 528.3    time 10h 05m 25s  sec/tick 253.5   sec/kimg 62.88   maintenance 0.0    gpumem 9.9   augment 0.365
