ln: creating symbolic link `/lib/libcuda.so': Permission denied
2021-03-20 19:46:06.146664: I tensorflow/core/platform/cpu_feature_guard.cc:142] Your CPU supports instructions that this TensorFlow binary was not compiled to use: SSE4.1 SSE4.2 AVX AVX2 AVX512F FMA
2021-03-20 19:46:06.309199: I tensorflow/core/platform/profile_utils/cpu_utils.cc:94] CPU Frequency: 2499980000 Hz
2021-03-20 19:46:06.315563: I tensorflow/compiler/xla/service/service.cc:168] XLA service 0x55e9e74bec30 executing computations on platform Host. Devices:
2021-03-20 19:46:06.316121: I tensorflow/compiler/xla/service/service.cc:175]   StreamExecutor device (0): <undefined>, <undefined>
2021-03-20 19:46:06.337452: I tensorflow/stream_executor/platform/default/dso_loader.cc:42] Successfully opened dynamic library libcuda.so.1
2021-03-20 19:46:06.766792: I tensorflow/core/common_runtime/gpu/gpu_device.cc:1640] Found device 0 with properties: 
name: Tesla V100-PCIE-32GB major: 7 minor: 0 memoryClockRate(GHz): 1.38
pciBusID: 0000:5e:00.0
2021-03-20 19:46:06.768789: I tensorflow/core/common_runtime/gpu/gpu_device.cc:1640] Found device 1 with properties: 
name: Tesla V100-PCIE-32GB major: 7 minor: 0 memoryClockRate(GHz): 1.38
pciBusID: 0000:d8:00.0
2021-03-20 19:46:06.801439: I tensorflow/stream_executor/platform/default/dso_loader.cc:42] Successfully opened dynamic library libcudart.so.10.0
2021-03-20 19:46:07.181686: I tensorflow/stream_executor/platform/default/dso_loader.cc:42] Successfully opened dynamic library libcublas.so.10.0
2021-03-20 19:46:07.413260: I tensorflow/stream_executor/platform/default/dso_loader.cc:42] Successfully opened dynamic library libcufft.so.10.0
2021-03-20 19:46:07.501963: I tensorflow/stream_executor/platform/default/dso_loader.cc:42] Successfully opened dynamic library libcurand.so.10.0
2021-03-20 19:46:07.973582: I tensorflow/stream_executor/platform/default/dso_loader.cc:42] Successfully opened dynamic library libcusolver.so.10.0
2021-03-20 19:46:08.278636: I tensorflow/stream_executor/platform/default/dso_loader.cc:42] Successfully opened dynamic library libcusparse.so.10.0
2021-03-20 19:46:09.059955: I tensorflow/stream_executor/platform/default/dso_loader.cc:42] Successfully opened dynamic library libcudnn.so.7
2021-03-20 19:46:09.071478: I tensorflow/core/common_runtime/gpu/gpu_device.cc:1763] Adding visible gpu devices: 0, 1
2021-03-20 19:46:09.073694: I tensorflow/stream_executor/platform/default/dso_loader.cc:42] Successfully opened dynamic library libcudart.so.10.0
2021-03-20 19:46:09.079632: I tensorflow/core/common_runtime/gpu/gpu_device.cc:1181] Device interconnect StreamExecutor with strength 1 edge matrix:
2021-03-20 19:46:09.079705: I tensorflow/core/common_runtime/gpu/gpu_device.cc:1187]      0 1 
2021-03-20 19:46:09.080812: I tensorflow/core/common_runtime/gpu/gpu_device.cc:1200] 0:   N Y 
2021-03-20 19:46:09.080854: I tensorflow/core/common_runtime/gpu/gpu_device.cc:1200] 1:   Y N 
2021-03-20 19:46:09.093974: I tensorflow/core/common_runtime/gpu/gpu_device.cc:1326] Created TensorFlow device (/job:localhost/replica:0/task:0/device:GPU:0 with 30591 MB memory) -> physical GPU (device: 0, name: Tesla V100-PCIE-32GB, pci bus id: 0000:5e:00.0, compute capability: 7.0)
2021-03-20 19:46:09.159576: I tensorflow/core/common_runtime/gpu/gpu_device.cc:1326] Created TensorFlow device (/job:localhost/replica:0/task:0/device:GPU:1 with 30591 MB memory) -> physical GPU (device: 1, name: Tesla V100-PCIE-32GB, pci bus id: 0000:d8:00.0, compute capability: 7.0)
2021-03-20 19:46:09.169556: I tensorflow/compiler/xla/service/service.cc:168] XLA service 0x55e9e89c65e0 executing computations on platform CUDA. Devices:
2021-03-20 19:46:09.169595: I tensorflow/compiler/xla/service/service.cc:175]   StreamExecutor device (0): Tesla V100-PCIE-32GB, Compute Capability 7.0
2021-03-20 19:46:09.169611: I tensorflow/compiler/xla/service/service.cc:175]   StreamExecutor device (1): Tesla V100-PCIE-32GB, Compute Capability 7.0
2021-03-20 19:46:11.129537: I tensorflow/core/common_runtime/gpu/gpu_device.cc:1640] Found device 0 with properties: 
name: Tesla V100-PCIE-32GB major: 7 minor: 0 memoryClockRate(GHz): 1.38
pciBusID: 0000:5e:00.0
2021-03-20 19:46:11.131826: I tensorflow/core/common_runtime/gpu/gpu_device.cc:1640] Found device 1 with properties: 
name: Tesla V100-PCIE-32GB major: 7 minor: 0 memoryClockRate(GHz): 1.38
pciBusID: 0000:d8:00.0
2021-03-20 19:46:11.138680: I tensorflow/stream_executor/platform/default/dso_loader.cc:42] Successfully opened dynamic library libcudart.so.10.0
2021-03-20 19:46:11.139528: I tensorflow/stream_executor/platform/default/dso_loader.cc:42] Successfully opened dynamic library libcublas.so.10.0
2021-03-20 19:46:11.140889: I tensorflow/stream_executor/platform/default/dso_loader.cc:42] Successfully opened dynamic library libcufft.so.10.0
2021-03-20 19:46:11.141997: I tensorflow/stream_executor/platform/default/dso_loader.cc:42] Successfully opened dynamic library libcurand.so.10.0
2021-03-20 19:46:11.142030: I tensorflow/stream_executor/platform/default/dso_loader.cc:42] Successfully opened dynamic library libcusolver.so.10.0
2021-03-20 19:46:11.142464: I tensorflow/stream_executor/platform/default/dso_loader.cc:42] Successfully opened dynamic library libcusparse.so.10.0
2021-03-20 19:46:11.143187: I tensorflow/stream_executor/platform/default/dso_loader.cc:42] Successfully opened dynamic library libcudnn.so.7
2021-03-20 19:46:11.150781: I tensorflow/core/common_runtime/gpu/gpu_device.cc:1763] Adding visible gpu devices: 0, 1
2021-03-20 19:46:11.151047: I tensorflow/core/common_runtime/gpu/gpu_device.cc:1181] Device interconnect StreamExecutor with strength 1 edge matrix:
2021-03-20 19:46:11.151068: I tensorflow/core/common_runtime/gpu/gpu_device.cc:1187]      0 1 
2021-03-20 19:46:11.151103: I tensorflow/core/common_runtime/gpu/gpu_device.cc:1200] 0:   N Y 
2021-03-20 19:46:11.151122: I tensorflow/core/common_runtime/gpu/gpu_device.cc:1200] 1:   Y N 
2021-03-20 19:46:11.156891: I tensorflow/core/common_runtime/gpu/gpu_device.cc:1326] Created TensorFlow device (/job:localhost/replica:0/task:0/device:GPU:0 with 30591 MB memory) -> physical GPU (device: 0, name: Tesla V100-PCIE-32GB, pci bus id: 0000:5e:00.0, compute capability: 7.0)
2021-03-20 19:46:11.158855: I tensorflow/core/common_runtime/gpu/gpu_device.cc:1326] Created TensorFlow device (/job:localhost/replica:0/task:0/device:GPU:1 with 30591 MB memory) -> physical GPU (device: 1, name: Tesla V100-PCIE-32GB, pci bus id: 0000:d8:00.0, compute capability: 7.0)
2021-03-20 19:46:11.787271: I tensorflow/core/common_runtime/gpu/gpu_device.cc:1640] Found device 0 with properties: 
name: Tesla V100-PCIE-32GB major: 7 minor: 0 memoryClockRate(GHz): 1.38
pciBusID: 0000:5e:00.0
2021-03-20 19:46:11.789281: I tensorflow/core/common_runtime/gpu/gpu_device.cc:1640] Found device 1 with properties: 
name: Tesla V100-PCIE-32GB major: 7 minor: 0 memoryClockRate(GHz): 1.38
pciBusID: 0000:d8:00.0
2021-03-20 19:46:11.789453: I tensorflow/stream_executor/platform/default/dso_loader.cc:42] Successfully opened dynamic library libcudart.so.10.0
2021-03-20 19:46:11.789498: I tensorflow/stream_executor/platform/default/dso_loader.cc:42] Successfully opened dynamic library libcublas.so.10.0
2021-03-20 19:46:11.789530: I tensorflow/stream_executor/platform/default/dso_loader.cc:42] Successfully opened dynamic library libcufft.so.10.0
2021-03-20 19:46:11.789551: I tensorflow/stream_executor/platform/default/dso_loader.cc:42] Successfully opened dynamic library libcurand.so.10.0
2021-03-20 19:46:11.789580: I tensorflow/stream_executor/platform/default/dso_loader.cc:42] Successfully opened dynamic library libcusolver.so.10.0
2021-03-20 19:46:11.789605: I tensorflow/stream_executor/platform/default/dso_loader.cc:42] Successfully opened dynamic library libcusparse.so.10.0
2021-03-20 19:46:11.789642: I tensorflow/stream_executor/platform/default/dso_loader.cc:42] Successfully opened dynamic library libcudnn.so.7
2021-03-20 19:46:11.797295: I tensorflow/core/common_runtime/gpu/gpu_device.cc:1763] Adding visible gpu devices: 0, 1
2021-03-20 19:46:11.797430: I tensorflow/core/common_runtime/gpu/gpu_device.cc:1181] Device interconnect StreamExecutor with strength 1 edge matrix:
2021-03-20 19:46:11.797471: I tensorflow/core/common_runtime/gpu/gpu_device.cc:1187]      0 1 
2021-03-20 19:46:11.797513: I tensorflow/core/common_runtime/gpu/gpu_device.cc:1200] 0:   N Y 
2021-03-20 19:46:11.797528: I tensorflow/core/common_runtime/gpu/gpu_device.cc:1200] 1:   Y N 
2021-03-20 19:46:11.803411: I tensorflow/core/common_runtime/gpu/gpu_device.cc:1326] Created TensorFlow device (/device:GPU:0 with 30591 MB memory) -> physical GPU (device: 0, name: Tesla V100-PCIE-32GB, pci bus id: 0000:5e:00.0, compute capability: 7.0)
2021-03-20 19:46:11.805393: I tensorflow/core/common_runtime/gpu/gpu_device.cc:1326] Created TensorFlow device (/device:GPU:1 with 30591 MB memory) -> physical GPU (device: 1, name: Tesla V100-PCIE-32GB, pci bus id: 0000:d8:00.0, compute capability: 7.0)
2021-03-20 19:46:11.992513: I tensorflow/core/common_runtime/gpu/gpu_device.cc:1640] Found device 0 with properties: 
name: Tesla V100-PCIE-32GB major: 7 minor: 0 memoryClockRate(GHz): 1.38
pciBusID: 0000:5e:00.0
2021-03-20 19:46:11.994431: I tensorflow/core/common_runtime/gpu/gpu_device.cc:1640] Found device 1 with properties: 
name: Tesla V100-PCIE-32GB major: 7 minor: 0 memoryClockRate(GHz): 1.38
pciBusID: 0000:d8:00.0
2021-03-20 19:46:11.994490: I tensorflow/stream_executor/platform/default/dso_loader.cc:42] Successfully opened dynamic library libcudart.so.10.0
2021-03-20 19:46:11.994516: I tensorflow/stream_executor/platform/default/dso_loader.cc:42] Successfully opened dynamic library libcublas.so.10.0
2021-03-20 19:46:11.994536: I tensorflow/stream_executor/platform/default/dso_loader.cc:42] Successfully opened dynamic library libcufft.so.10.0
2021-03-20 19:46:11.994556: I tensorflow/stream_executor/platform/default/dso_loader.cc:42] Successfully opened dynamic library libcurand.so.10.0
2021-03-20 19:46:11.994584: I tensorflow/stream_executor/platform/default/dso_loader.cc:42] Successfully opened dynamic library libcusolver.so.10.0
2021-03-20 19:46:11.994608: I tensorflow/stream_executor/platform/default/dso_loader.cc:42] Successfully opened dynamic library libcusparse.so.10.0
2021-03-20 19:46:11.994629: I tensorflow/stream_executor/platform/default/dso_loader.cc:42] Successfully opened dynamic library libcudnn.so.7
2021-03-20 19:46:12.002070: I tensorflow/core/common_runtime/gpu/gpu_device.cc:1763] Adding visible gpu devices: 0, 1
2021-03-20 19:46:12.002130: I tensorflow/core/common_runtime/gpu/gpu_device.cc:1181] Device interconnect StreamExecutor with strength 1 edge matrix:
2021-03-20 19:46:12.002148: I tensorflow/core/common_runtime/gpu/gpu_device.cc:1187]      0 1 
2021-03-20 19:46:12.002162: I tensorflow/core/common_runtime/gpu/gpu_device.cc:1200] 0:   N Y 
2021-03-20 19:46:12.002175: I tensorflow/core/common_runtime/gpu/gpu_device.cc:1200] 1:   Y N 
2021-03-20 19:46:12.007797: I tensorflow/core/common_runtime/gpu/gpu_device.cc:1326] Created TensorFlow device (/device:GPU:0 with 30591 MB memory) -> physical GPU (device: 0, name: Tesla V100-PCIE-32GB, pci bus id: 0000:5e:00.0, compute capability: 7.0)
2021-03-20 19:46:12.009720: I tensorflow/core/common_runtime/gpu/gpu_device.cc:1326] Created TensorFlow device (/device:GPU:1 with 30591 MB memory) -> physical GPU (device: 1, name: Tesla V100-PCIE-32GB, pci bus id: 0000:d8:00.0, compute capability: 7.0)
Traceback (most recent call last):
  File "/work/chaselab/malyetama/ADA_Project/py_scripts/ADA-gen1_pokemon.py", line 146, in <module>
    dry_run=False, run_desc=run_desc, training_options=training_options)
  File "/work/chaselab/malyetama/ADA_Project/DeepFAMS/run_training.py", line 74, in RunTraining
    training_loop.training_loop(**training_options)
  File "/work/chaselab/malyetama/ADA_Project/StyleGAN2-ada__source_code/training/training_loop.py", line 129, in training_loop
    G.copy_vars_from(rG)
  File "/work/chaselab/malyetama/ADA_Project/StyleGAN2-ada__source_code/dnnlib/tflib/network.py", line 511, in copy_vars_from
    self._components[name].copy_vars_from(src_comp)
  File "/work/chaselab/malyetama/ADA_Project/StyleGAN2-ada__source_code/dnnlib/tflib/network.py", line 508, in copy_vars_from
    self.copy_own_vars_from(src_net)
  File "/work/chaselab/malyetama/ADA_Project/StyleGAN2-ada__source_code/dnnlib/tflib/network.py", line 481, in copy_own_vars_from
    tfutil.set_vars({self._get_vars()[name]: value for name, value in value_dict.items() if name in self._get_vars()})
  File "/work/chaselab/malyetama/ADA_Project/StyleGAN2-ada__source_code/dnnlib/tflib/tfutil.py", line 227, in set_vars
    run(ops, feed_dict)
  File "/work/chaselab/malyetama/ADA_Project/StyleGAN2-ada__source_code/dnnlib/tflib/tfutil.py", line 33, in run
    return tf.get_default_session().run(*args, **kwargs)
  File "/work/chaselab/malyetama/.conda/envs/ada-env/lib/python3.7/site-packages/tensorflow/python/client/session.py", line 950, in run
    run_metadata_ptr)
  File "/work/chaselab/malyetama/.conda/envs/ada-env/lib/python3.7/site-packages/tensorflow/python/client/session.py", line 1149, in _run
    str(subfeed_t.get_shape())))
ValueError: Cannot feed value of shape (3, 3, 512, 256) for Tensor 'G_synthesis/64x64/Conv0_up/weight/new_value:0', which has shape '(3, 3, 512, 512)'
