========================================================================================== 

Latest fakes:

['/AFHQ-WILD_training-runs/00004-AFHQ-WILD_custom-auto2-resumecustom/fakes000082.png',
 '/AFHQ_training-runs/00003-AFHQ_custom-auto2-resumecustom/fakes000024.png',
 '/metfaces_training-runs/00005-metfaces_custom-auto2-resumecustom/fakes000000.png',
 '/StanfordDogs_training-runs/00004-StanfordDogs_custom-auto2-resumecustom/fakes000000.png',
 '/cars196_training-runs/00013-cars196_custom-auto2-resumecustom/fakes000000.png',
 '/AFHQ-DOG_training-runs/00004-AFHQ-DOG_custom-auto2-resumecustom/fakes000028.png',
 '/102flowers_training-runs/00023-102flowers_custom-auto2-resumecustom/fakes000123.png',
 '/gen1_pokemon_training-runs/00008-gen1_pokemon_custom-auto2-resumecustom/fakes000028.png']

 ========================================================================================== 

fakes000082.png Resized from (3840, 2048) [16.60MB] to ==> (960, 512) [1.22MB]
Link ==> https://i.ibb.co/rG3HZ8W/2b3a3a152814.png

fakes000024.png Resized from (3840, 2048) [15.79MB] to ==> (960, 512) [1.15MB]
Link ==> https://i.ibb.co/c1kGMjM/ea30b7daef3c.png

fakes000000.png Resized from (7680, 4096) [53.64MB] to ==> (1920, 1024) [3.98MB]
Link ==> https://i.ibb.co/CBzG4HB/ac85eafaa1cb.png

fakes000000.png Resized from (3840, 2048) [15.20MB] to ==> (960, 512) [1.14MB]
Link ==> https://i.ibb.co/prdg018/6eb2968628dd.png

fakes000000.png Resized from (3840, 2048) [13.10MB] to ==> (960, 512) [1.04MB]
Link ==> https://i.ibb.co/GRzgpnq/d2426eaeb9e1.png

fakes000028.png Resized from (3840, 2048) [14.83MB] to ==> (960, 512) [1.11MB]
Link ==> https://i.ibb.co/VwPqWtF/d790c22b5b4c.png

fakes000123.png Resized from (3840, 2048) [13.56MB] to ==> (960, 512) [1.11MB]
Link ==> https://i.ibb.co/4t2ycxV/e77c7c077580.png

fakes000028.png Resized from (3840, 2048) [10.66MB] to ==> (960, 512) [0.88MB]
Link ==> https://i.ibb.co/jgmt2q6/0f064d75e8e9.png

Generated a report at ==> /work/chaselab/malyetama/ADA_Project/latest_fakes_markdown_reports/03_20_2021__17_05.md
========================================================================================== 

Latest fakes:

['/AFHQ-WILD_training-runs/00004-AFHQ-WILD_custom-auto2-resumecustom/fakes001106.png',
 '/AFHQ_training-runs/00003-AFHQ_custom-auto2-resumecustom/fakes000323.png',
 '/metfaces_training-runs/00005-metfaces_custom-auto2-resumecustom/fakes000362.png',
 '/StanfordDogs_training-runs/00004-StanfordDogs_custom-auto2-resumecustom/fakes001228.png',
 '/cars196_training-runs/00013-cars196_custom-auto2-resumecustom/fakes001351.png',
 '/AFHQ-DOG_training-runs/00004-AFHQ-DOG_custom-auto2-resumecustom/fakes000364.png',
 '/102flowers_training-runs/00023-102flowers_custom-auto2-resumecustom/fakes000368.png',
 '/gen1_pokemon_training-runs/00008-gen1_pokemon_custom-auto2-resumecustom/fakes000110.png']

 ========================================================================================== 

fakes001106.png Resized from (3840, 2048) [16.56MB] to ==> (960, 512) [1.22MB]
Link ==> https://i.ibb.co/zJ4G1gW/e2908b70ce0d.png

fakes000323.png Resized from (3840, 2048) [15.74MB] to ==> (960, 512) [1.15MB]
Link ==> https://i.ibb.co/prf6n5X/f51c2937f5f3.png

fakes000362.png Resized from (7680, 4096) [51.78MB] to ==> (1920, 1024) [3.88MB]
Link ==> https://i.ibb.co/6tLqy37/62fd6e10cd96.png

fakes001228.png Resized from (3840, 2048) [15.30MB] to ==> (960, 512) [1.15MB]
Link ==> https://i.ibb.co/X2wFJ4y/304f817e2203.png

fakes001351.png Resized from (3840, 2048) [13.14MB] to ==> (960, 512) [1.04MB]
Link ==> https://i.ibb.co/d06NkVx/8e7770326c08.png

fakes000364.png Resized from (3840, 2048) [14.75MB] to ==> (960, 512) [1.11MB]
Link ==> https://i.ibb.co/wrPD1TM/3acf3a339818.png

fakes000368.png Resized from (3840, 2048) [13.56MB] to ==> (960, 512) [1.11MB]
Link ==> https://i.ibb.co/HY0cpPs/785f49e87590.png

fakes000110.png Resized from (3840, 2048) [10.17MB] to ==> (960, 512) [0.87MB]
Link ==> https://i.ibb.co/0MNGG3H/733b098e30d4.png

Generated a report at ==> /work/chaselab/malyetama/ADA_Project/latest_fakes_markdown_reports/03_21_2021__01_05.md
