========================================================================================== 

Latest fakes:

['/AFHQ-WILD_training-runs/00003-AFHQ-WILD_custom-auto2-resumecustom/fakes003195.png',
 '/AFHQ_training-runs/00002-AFHQ_custom-auto2-resumecustom/fakes002334.png',
 '/metfaces_training-runs/00004-metfaces_custom-auto2-resumecustom/fakes000846.png',
 '/StanfordDogs_training-runs/00003-StanfordDogs_custom-auto2-resumecustom/fakes002949.png',
 '/cars196_training-runs/00012-cars196_custom-auto2-resumecustom/fakes004300.png',
 '/AFHQ-DOG_training-runs/00003-AFHQ-DOG_custom-auto2-resumecustom/fakes002580.png',
 '/102flowers_training-runs/00022-102flowers_custom-auto2-resumecustom/fakes004300.png',
 '/gen1_pokemon_training-runs/00007-gen1_pokemon_custom-auto2-resumecustom/fakes000102.png']

 ========================================================================================== 

fakes003195.png Resized from (7680, 4096) [66.46MB] to ==> (1920, 1024) [4.89MB]
Link ==> https://i.ibb.co/kKHFXhj/2026a5a0d07b.png

fakes002334.png Resized from (7680, 4096) [62.52MB] to ==> (1920, 1024) [4.57MB]
Link ==> https://i.ibb.co/WyLLM30/923a0da3012a.png

fakes000846.png Resized from (7680, 4096) [53.64MB] to ==> (1920, 1024) [3.97MB]
Link ==> https://i.ibb.co/0mkG30J/c9b2c7707d22.png

fakes002949.png Resized from (7680, 4096) [61.28MB] to ==> (1920, 1024) [4.58MB]
Link ==> https://i.ibb.co/Sxhsc8R/cfff1622172e.png

fakes004300.png Resized from (7680, 4096) [50.99MB] to ==> (1920, 1024) [4.10MB]
Link ==> https://i.ibb.co/dP4yfXz/99849d6ff105.png

fakes002580.png Resized from (7680, 4096) [59.36MB] to ==> (1920, 1024) [4.44MB]
Link ==> https://i.ibb.co/W6hFmfc/b097b79e0652.png

fakes004300.png Resized from (7680, 4096) [54.46MB] to ==> (1920, 1024) [4.44MB]
Link ==> https://i.ibb.co/zmDYH4S/7c081f39671a.png

fakes000102.png Resized from (7680, 4096) [36.97MB] to ==> (1920, 1024) [3.49MB]
Link ==> https://i.ibb.co/xDFcmMw/0ee7a5919a7c.png

Generated a report at ==> /work/chaselab/malyetama/ADA_Project/latest_fakes_markdown_reports/03_20_2021__15_45.md
