/lustre/work/chaselab/malyetama
Tensorflow version: 1.14.0
/work/chaselab/malyetama/ADA_Project/training_runs/cars196_training-runs/00012-cars196_custom-auto2-resumecustom/network-snapshot-004423.pkl
Sat Mar 20 16:15:08 2021       
+-----------------------------------------------------------------------------+
| NVIDIA-SMI 450.51.06    Driver Version: 450.51.06    CUDA Version: 11.0     |
|-------------------------------+----------------------+----------------------+
| GPU  Name        Persistence-M| Bus-Id        Disp.A | Volatile Uncorr. ECC |
| Fan  Temp  Perf  Pwr:Usage/Cap|         Memory-Usage | GPU-Util  Compute M. |
|                               |                      |               MIG M. |
|===============================+======================+======================|
|   0  Tesla V100-PCIE...  On   | 00000000:5E:00.0 Off |                    0 |
| N/A   44C    P0    42W / 250W |    311MiB / 32510MiB |      0%      Default |
|                               |                      |                  N/A |
+-------------------------------+----------------------+----------------------+
|   1  Tesla V100-PCIE...  On   | 00000000:D8:00.0 Off |                    0 |
| N/A   46C    P0    39W / 250W |    311MiB / 32510MiB |      0%      Default |
|                               |                      |                  N/A |
+-------------------------------+----------------------+----------------------+
                                                                               
+-----------------------------------------------------------------------------+
| Processes:                                                                  |
|  GPU   GI   CI        PID   Type   Process name                  GPU Memory |
|        ID   ID                                                   Usage      |
|=============================================================================|
|    0   N/A  N/A    122147      C   ...a/envs/ada-env/bin/python      307MiB |
|    1   N/A  N/A    122147      C   ...a/envs/ada-env/bin/python      307MiB |
+-----------------------------------------------------------------------------+

Training options:
{
  "G_args": {
    "func_name": "training.networks.G_main",
    "fmap_base": 8192,
    "fmap_max": 512,
    "mapping_layers": 2,
    "num_fp16_res": 4,
    "conv_clamp": 256
  },
  "D_args": {
    "func_name": "training.networks.D_main",
    "mbstd_group_size": 4,
    "fmap_base": 8192,
    "fmap_max": 512,
    "num_fp16_res": 4,
    "conv_clamp": 256
  },
  "G_opt_args": {
    "beta1": 0.0,
    "beta2": 0.99,
    "learning_rate": 0.0025
  },
  "D_opt_args": {
    "beta1": 0.0,
    "beta2": 0.99,
    "learning_rate": 0.0025
  },
  "loss_args": {
    "func_name": "training.loss.stylegan2",
    "r1_gamma": 0.4096
  },
  "augment_args": {
    "class_name": "training.augment.AdaptiveAugment",
    "tune_heuristic": "rt",
    "tune_target": 0.6,
    "apply_func": "training.augment.augment_pipeline",
    "apply_args": {
      "xflip": 1,
      "rotate90": 1,
      "xint": 1,
      "scale": 1,
      "rotate": 1,
      "aniso": 1,
      "xfrac": 1,
      "brightness": 1,
      "contrast": 1,
      "lumaflip": 1,
      "hue": 1,
      "saturation": 1
    },
    "tune_kimg": 100
  },
  "num_gpus": 2,
  "image_snapshot_ticks": 30,
  "network_snapshot_ticks": 30,
  "train_dataset_args": {
    "path": "/work/chaselab/malyetama/ADA_Project/datasets/cars196_custom",
    "max_label_size": 0,
    "resolution": 256,
    "mirror_augment": false
  },
  "metric_arg_list": [
    {
      "name": "fid50k_full",
      "class_name": "metrics.frechet_inception_distance.FID",
      "max_reals": null,
      "num_fakes": 50000,
      "minibatch_per_gpu": 8,
      "force_dataset_args": {
        "shuffle": false,
        "max_images": null,
        "repeat": false,
        "mirror_augment": false
      }
    }
  ],
  "metric_dataset_args": {
    "path": "/work/chaselab/malyetama/ADA_Project/datasets/cars196_custom",
    "max_label_size": 0,
    "resolution": 256,
    "mirror_augment": false
  },
  "total_kimg": 25000,
  "minibatch_size": 32,
  "minibatch_gpu": 16,
  "G_smoothing_kimg": 10.0,
  "G_smoothing_rampup": null,
  "resume_pkl": "/work/chaselab/malyetama/ADA_Project/training_runs/cars196_training-runs/00012-cars196_custom-auto2-resumecustom/network-snapshot-004423.pkl",
  "run_dir": "/work/chaselab/malyetama/ADA_Project/training_runs/cars196_training-runs/00013-cars196_custom-auto2-resumecustom"
}

Output directory:  /work/chaselab/malyetama/ADA_Project/training_runs/cars196_training-runs/00013-cars196_custom-auto2-resumecustom
Training data:     /work/chaselab/malyetama/ADA_Project/datasets/cars196_custom
Training length:   25000 kimg
Resolution:        256
Number of GPUs:    2

Dry run; exiting.

Training options:
{
  "G_args": {
    "func_name": "training.networks.G_main",
    "fmap_base": 8192,
    "fmap_max": 512,
    "mapping_layers": 2,
    "num_fp16_res": 4,
    "conv_clamp": 256
  },
  "D_args": {
    "func_name": "training.networks.D_main",
    "mbstd_group_size": 4,
    "fmap_base": 8192,
    "fmap_max": 512,
    "num_fp16_res": 4,
    "conv_clamp": 256
  },
  "G_opt_args": {
    "beta1": 0.0,
    "beta2": 0.99,
    "learning_rate": 0.0025
  },
  "D_opt_args": {
    "beta1": 0.0,
    "beta2": 0.99,
    "learning_rate": 0.0025
  },
  "loss_args": {
    "func_name": "training.loss.stylegan2",
    "r1_gamma": 0.4096
  },
  "augment_args": {
    "class_name": "training.augment.AdaptiveAugment",
    "tune_heuristic": "rt",
    "tune_target": 0.6,
    "apply_func": "training.augment.augment_pipeline",
    "apply_args": {
      "xflip": 1,
      "rotate90": 1,
      "xint": 1,
      "scale": 1,
      "rotate": 1,
      "aniso": 1,
      "xfrac": 1,
      "brightness": 1,
      "contrast": 1,
      "lumaflip": 1,
      "hue": 1,
      "saturation": 1
    },
    "tune_kimg": 100
  },
  "num_gpus": 2,
  "image_snapshot_ticks": 30,
  "network_snapshot_ticks": 30,
  "train_dataset_args": {
    "path": "/work/chaselab/malyetama/ADA_Project/datasets/cars196_custom",
    "max_label_size": 0,
    "resolution": 256,
    "mirror_augment": false
  },
  "metric_arg_list": [
    {
      "name": "fid50k_full",
      "class_name": "metrics.frechet_inception_distance.FID",
      "max_reals": null,
      "num_fakes": 50000,
      "minibatch_per_gpu": 8,
      "force_dataset_args": {
        "shuffle": false,
        "max_images": null,
        "repeat": false,
        "mirror_augment": false
      }
    }
  ],
  "metric_dataset_args": {
    "path": "/work/chaselab/malyetama/ADA_Project/datasets/cars196_custom",
    "max_label_size": 0,
    "resolution": 256,
    "mirror_augment": false
  },
  "total_kimg": 25000,
  "minibatch_size": 32,
  "minibatch_gpu": 16,
  "G_smoothing_kimg": 10.0,
  "G_smoothing_rampup": null,
  "resume_pkl": "/work/chaselab/malyetama/ADA_Project/training_runs/cars196_training-runs/00012-cars196_custom-auto2-resumecustom/network-snapshot-004423.pkl",
  "run_dir": "/work/chaselab/malyetama/ADA_Project/training_runs/cars196_training-runs/00013-cars196_custom-auto2-resumecustom"
}

Output directory:  /work/chaselab/malyetama/ADA_Project/training_runs/cars196_training-runs/00013-cars196_custom-auto2-resumecustom
Training data:     /work/chaselab/malyetama/ADA_Project/datasets/cars196_custom
Training length:   25000 kimg
Resolution:        256
Number of GPUs:    2

Creating output directory...
Loading training set...
Image shape: [3, 256, 256]
Label shape: [0]

Constructing networks...
Setting up TensorFlow plugin "fused_bias_act.cu": Loading... Done.
Setting up TensorFlow plugin "upfirdn_2d.cu": Loading... Done.
Resuming from "/work/chaselab/malyetama/ADA_Project/training_runs/cars196_training-runs/00012-cars196_custom-auto2-resumecustom/network-snapshot-004423.pkl"

G                             Params    OutputShape         WeightShape     
---                           ---       ---                 ---             
latents_in                    -         (?, 512)            -               
labels_in                     -         (?, 0)              -               
G_mapping/Normalize           -         (?, 512)            -               
G_mapping/Dense0              262656    (?, 512)            (512, 512)      
G_mapping/Dense1              262656    (?, 512)            (512, 512)      
G_mapping/Broadcast           -         (?, 14, 512)        -               
dlatent_avg                   -         (512,)              -               
Truncation/Lerp               -         (?, 14, 512)        -               
G_synthesis/4x4/Const         8192      (?, 512, 4, 4)      (1, 512, 4, 4)  
G_synthesis/4x4/Conv          2622465   (?, 512, 4, 4)      (3, 3, 512, 512)
G_synthesis/4x4/ToRGB         264195    (?, 3, 4, 4)        (1, 1, 512, 3)  
G_synthesis/8x8/Conv0_up      2622465   (?, 512, 8, 8)      (3, 3, 512, 512)
G_synthesis/8x8/Conv1         2622465   (?, 512, 8, 8)      (3, 3, 512, 512)
G_synthesis/8x8/Upsample      -         (?, 3, 8, 8)        -               
G_synthesis/8x8/ToRGB         264195    (?, 3, 8, 8)        (1, 1, 512, 3)  
G_synthesis/16x16/Conv0_up    2622465   (?, 512, 16, 16)    (3, 3, 512, 512)
G_synthesis/16x16/Conv1       2622465   (?, 512, 16, 16)    (3, 3, 512, 512)
G_synthesis/16x16/Upsample    -         (?, 3, 16, 16)      -               
G_synthesis/16x16/ToRGB       264195    (?, 3, 16, 16)      (1, 1, 512, 3)  
G_synthesis/32x32/Conv0_up    2622465   (?, 512, 32, 32)    (3, 3, 512, 512)
G_synthesis/32x32/Conv1       2622465   (?, 512, 32, 32)    (3, 3, 512, 512)
G_synthesis/32x32/Upsample    -         (?, 3, 32, 32)      -               
G_synthesis/32x32/ToRGB       264195    (?, 3, 32, 32)      (1, 1, 512, 3)  
G_synthesis/64x64/Conv0_up    1442561   (?, 256, 64, 64)    (3, 3, 512, 256)
G_synthesis/64x64/Conv1       721409    (?, 256, 64, 64)    (3, 3, 256, 256)
G_synthesis/64x64/Upsample    -         (?, 3, 64, 64)      -               
G_synthesis/64x64/ToRGB       132099    (?, 3, 64, 64)      (1, 1, 256, 3)  
G_synthesis/128x128/Conv0_up  426369    (?, 128, 128, 128)  (3, 3, 256, 128)
G_synthesis/128x128/Conv1     213249    (?, 128, 128, 128)  (3, 3, 128, 128)
G_synthesis/128x128/Upsample  -         (?, 3, 128, 128)    -               
G_synthesis/128x128/ToRGB     66051     (?, 3, 128, 128)    (1, 1, 128, 3)  
G_synthesis/256x256/Conv0_up  139457    (?, 64, 256, 256)   (3, 3, 128, 64) 
G_synthesis/256x256/Conv1     69761     (?, 64, 256, 256)   (3, 3, 64, 64)  
G_synthesis/256x256/Upsample  -         (?, 3, 256, 256)    -               
G_synthesis/256x256/ToRGB     33027     (?, 3, 256, 256)    (1, 1, 64, 3)   
---                           ---       ---                 ---             
Total                         23191522                                      


D                    Params    OutputShape         WeightShape     
---                  ---       ---                 ---             
images_in            -         (?, 3, 256, 256)    -               
labels_in            -         (?, 0)              -               
256x256/FromRGB      256       (?, 64, 256, 256)   (1, 1, 3, 64)   
256x256/Conv0        36928     (?, 64, 256, 256)   (3, 3, 64, 64)  
256x256/Conv1_down   73856     (?, 128, 128, 128)  (3, 3, 64, 128) 
256x256/Skip         8192      (?, 128, 128, 128)  (1, 1, 64, 128) 
128x128/Conv0        147584    (?, 128, 128, 128)  (3, 3, 128, 128)
128x128/Conv1_down   295168    (?, 256, 64, 64)    (3, 3, 128, 256)
128x128/Skip         32768     (?, 256, 64, 64)    (1, 1, 128, 256)
64x64/Conv0          590080    (?, 256, 64, 64)    (3, 3, 256, 256)
64x64/Conv1_down     1180160   (?, 512, 32, 32)    (3, 3, 256, 512)
64x64/Skip           131072    (?, 512, 32, 32)    (1, 1, 256, 512)
32x32/Conv0          2359808   (?, 512, 32, 32)    (3, 3, 512, 512)
32x32/Conv1_down     2359808   (?, 512, 16, 16)    (3, 3, 512, 512)
32x32/Skip           262144    (?, 512, 16, 16)    (1, 1, 512, 512)
16x16/Conv0          2359808   (?, 512, 16, 16)    (3, 3, 512, 512)
16x16/Conv1_down     2359808   (?, 512, 8, 8)      (3, 3, 512, 512)
16x16/Skip           262144    (?, 512, 8, 8)      (1, 1, 512, 512)
8x8/Conv0            2359808   (?, 512, 8, 8)      (3, 3, 512, 512)
8x8/Conv1_down       2359808   (?, 512, 4, 4)      (3, 3, 512, 512)
8x8/Skip             262144    (?, 512, 4, 4)      (1, 1, 512, 512)
4x4/MinibatchStddev  -         (?, 513, 4, 4)      -               
4x4/Conv             2364416   (?, 512, 4, 4)      (3, 3, 513, 512)
4x4/Dense0           4194816   (?, 512)            (8192, 512)     
Output               513       (?, 1)              (512, 1)        
---                  ---       ---                 ---             
Total                24001089                                      

Exporting sample images...
Replicating networks across 2 GPUs...
Initializing augmentations...
Setting up optimizers...
Constructing training graph...
Finalizing training ops...
Initializing metrics...
Training for 25000 kimg...

tick 0     kimg 0.1      time 3m 14s       sec/tick 43.9    sec/kimg 343.18  maintenance 150.0  gpumem 7.2   augment 0.001
Evaluating metrics...
network-snapshot-000000        time 5m 06s       fid50k_full 15.6565
tick 1     kimg 4.2      time 10m 17s      sec/tick 82.5    sec/kimg 20.15   maintenance 340.9  gpumem 7.2   augment 0.037
tick 2     kimg 8.3      time 11m 41s      sec/tick 83.4    sec/kimg 20.37   maintenance 0.0    gpumem 7.2   augment 0.065
tick 3     kimg 12.4     time 13m 04s      sec/tick 83.0    sec/kimg 20.26   maintenance 0.0    gpumem 7.2   augment 0.101
tick 4     kimg 16.5     time 14m 27s      sec/tick 83.6    sec/kimg 20.40   maintenance 0.0    gpumem 7.2   augment 0.137
tick 5     kimg 20.6     time 15m 51s      sec/tick 83.3    sec/kimg 20.33   maintenance 0.0    gpumem 7.2   augment 0.170
tick 6     kimg 24.7     time 17m 15s      sec/tick 83.9    sec/kimg 20.49   maintenance 0.0    gpumem 7.2   augment 0.206
tick 7     kimg 28.8     time 18m 38s      sec/tick 83.4    sec/kimg 20.37   maintenance 0.0    gpumem 7.2   augment 0.239
tick 8     kimg 32.9     time 20m 02s      sec/tick 84.0    sec/kimg 20.51   maintenance 0.0    gpumem 7.2   augment 0.275
tick 9     kimg 37.0     time 21m 26s      sec/tick 83.7    sec/kimg 20.43   maintenance 0.0    gpumem 7.2   augment 0.311
tick 10    kimg 41.1     time 22m 50s      sec/tick 84.3    sec/kimg 20.58   maintenance 0.0    gpumem 7.2   augment 0.342
tick 11    kimg 45.2     time 24m 14s      sec/tick 83.8    sec/kimg 20.45   maintenance 0.0    gpumem 7.2   augment 0.375
tick 12    kimg 49.3     time 25m 39s      sec/tick 84.4    sec/kimg 20.60   maintenance 0.0    gpumem 7.2   augment 0.411
tick 13    kimg 53.4     time 27m 03s      sec/tick 84.0    sec/kimg 20.50   maintenance 0.0    gpumem 7.2   augment 0.444
tick 14    kimg 57.5     time 28m 27s      sec/tick 84.6    sec/kimg 20.67   maintenance 0.0    gpumem 7.2   augment 0.472
tick 15    kimg 61.6     time 29m 51s      sec/tick 84.2    sec/kimg 20.55   maintenance 0.0    gpumem 7.2   augment 0.508
tick 16    kimg 65.7     time 31m 16s      sec/tick 84.7    sec/kimg 20.68   maintenance 0.0    gpumem 7.2   augment 0.531
tick 17    kimg 69.8     time 32m 40s      sec/tick 84.2    sec/kimg 20.56   maintenance 0.0    gpumem 7.2   augment 0.554
tick 18    kimg 73.9     time 34m 05s      sec/tick 84.8    sec/kimg 20.71   maintenance 0.0    gpumem 7.2   augment 0.580
tick 19    kimg 78.0     time 35m 30s      sec/tick 84.4    sec/kimg 20.60   maintenance 0.0    gpumem 7.2   augment 0.605
tick 20    kimg 82.0     time 36m 55s      sec/tick 84.9    sec/kimg 20.72   maintenance 0.0    gpumem 7.2   augment 0.628
tick 21    kimg 86.1     time 38m 19s      sec/tick 84.5    sec/kimg 20.63   maintenance 0.0    gpumem 7.2   augment 0.644
tick 22    kimg 90.2     time 39m 44s      sec/tick 85.0    sec/kimg 20.76   maintenance 0.0    gpumem 7.2   augment 0.659
tick 23    kimg 94.3     time 41m 09s      sec/tick 84.5    sec/kimg 20.62   maintenance 0.0    gpumem 7.2   augment 0.669
tick 24    kimg 98.4     time 42m 34s      sec/tick 85.1    sec/kimg 20.77   maintenance 0.0    gpumem 7.2   augment 0.680
tick 25    kimg 102.5    time 43m 58s      sec/tick 84.5    sec/kimg 20.63   maintenance 0.0    gpumem 7.2   augment 0.700
tick 26    kimg 106.6    time 45m 24s      sec/tick 85.1    sec/kimg 20.79   maintenance 0.0    gpumem 7.2   augment 0.713
tick 27    kimg 110.7    time 46m 48s      sec/tick 84.7    sec/kimg 20.67   maintenance 0.0    gpumem 7.2   augment 0.713
tick 28    kimg 114.8    time 48m 14s      sec/tick 85.3    sec/kimg 20.82   maintenance 0.0    gpumem 7.2   augment 0.718
tick 29    kimg 118.9    time 49m 38s      sec/tick 84.7    sec/kimg 20.68   maintenance 0.0    gpumem 7.2   augment 0.726
tick 30    kimg 123.0    time 51m 04s      sec/tick 85.2    sec/kimg 20.80   maintenance 0.0    gpumem 7.2   augment 0.728
Evaluating metrics...
