========================================================================================== 

Latest fakes:

['/AFHQ-WILD_training-runs/00004-AFHQ-WILD_custom-auto2-resumecustom/fakes001147.png',
 '/AFHQ_training-runs/00003-AFHQ_custom-auto2-resumecustom/fakes000340.png',
 '/metfaces_training-runs/00005-metfaces_custom-auto2-resumecustom/fakes000483.png',
 '/StanfordDogs_training-runs/00004-StanfordDogs_custom-auto2-resumecustom/fakes001351.png',
 '/cars196_training-runs/00013-cars196_custom-auto2-resumecustom/fakes001351.png',
 '/AFHQ-DOG_training-runs/00004-AFHQ-DOG_custom-auto2-resumecustom/fakes000385.png',
 '/102flowers_training-runs/00025-102flowers_custom-auto2-resumecustom/fakes000000.png',
 '/gen1_pokemon_training-runs/00008-gen1_pokemon_custom-auto2-resumecustom/fakes000110.png']

 ========================================================================================== 

fakes001147.png Resized from (3840, 2048) [16.56MB] to ==> (960, 512) [1.22MB]
Link ==> https://i.ibb.co/1RY49Pt/d0f475d0088d.png

fakes000340.png Resized from (3840, 2048) [15.72MB] to ==> (960, 512) [1.15MB]
Link ==> https://i.ibb.co/9Z6BXtC/b47218337fc0.png

fakes000483.png Resized from (7680, 4096) [52.67MB] to ==> (1920, 1024) [3.94MB]
Link ==> https://i.ibb.co/wKvnqNw/27d10bfd740e.png

fakes001351.png Resized from (3840, 2048) [15.15MB] to ==> (960, 512) [1.14MB]
Link ==> https://i.ibb.co/G0kBfNd/238c1c8b36cb.png

fakes001351.png Resized from (3840, 2048) [13.14MB] to ==> (960, 512) [1.04MB]
Link ==> https://i.ibb.co/d06NkVx/8e7770326c08.png

fakes000385.png Resized from (3840, 2048) [14.83MB] to ==> (960, 512) [1.11MB]
Link ==> https://i.ibb.co/3Bb0YML/7aece00b9b0a.png

fakes000000.png Resized from (3840, 2048) [13.59MB] to ==> (960, 512) [1.11MB]
Link ==> https://i.ibb.co/mSxbC4p/8a707ed5bfe8.png

fakes000110.png Resized from (3840, 2048) [10.17MB] to ==> (960, 512) [0.87MB]
Link ==> https://i.ibb.co/0MNGG3H/733b098e30d4.png

Generated a report at ==> /work/chaselab/malyetama/ADA_Project/latest_fakes_markdown_reports/03_21_2021__01_36.md
