ln: creating symbolic link `/lib/libcuda.so': Permission denied
2021-03-21 01:32:55.651474: I tensorflow/core/platform/cpu_feature_guard.cc:142] Your CPU supports instructions that this TensorFlow binary was not compiled to use: SSE4.1 SSE4.2 AVX AVX2 AVX512F FMA
2021-03-21 01:32:57.088121: I tensorflow/core/platform/profile_utils/cpu_utils.cc:94] CPU Frequency: 2500010000 Hz
2021-03-21 01:32:57.189315: I tensorflow/compiler/xla/service/service.cc:168] XLA service 0x559c1c46df40 executing computations on platform Host. Devices:
2021-03-21 01:32:57.213448: I tensorflow/compiler/xla/service/service.cc:175]   StreamExecutor device (0): <undefined>, <undefined>
2021-03-21 01:32:57.298786: I tensorflow/stream_executor/platform/default/dso_loader.cc:42] Successfully opened dynamic library libcuda.so.1
2021-03-21 01:32:57.808181: I tensorflow/core/common_runtime/gpu/gpu_device.cc:1640] Found device 0 with properties: 
name: Tesla V100-PCIE-32GB major: 7 minor: 0 memoryClockRate(GHz): 1.38
pciBusID: 0000:5e:00.0
2021-03-21 01:32:57.810195: I tensorflow/core/common_runtime/gpu/gpu_device.cc:1640] Found device 1 with properties: 
name: Tesla V100-PCIE-32GB major: 7 minor: 0 memoryClockRate(GHz): 1.38
pciBusID: 0000:d8:00.0
2021-03-21 01:32:57.887484: I tensorflow/stream_executor/platform/default/dso_loader.cc:42] Successfully opened dynamic library libcudart.so.10.0
2021-03-21 01:33:01.357004: I tensorflow/stream_executor/platform/default/dso_loader.cc:42] Successfully opened dynamic library libcublas.so.10.0
2021-03-21 01:33:03.564749: I tensorflow/stream_executor/platform/default/dso_loader.cc:42] Successfully opened dynamic library libcufft.so.10.0
2021-03-21 01:33:04.079194: I tensorflow/stream_executor/platform/default/dso_loader.cc:42] Successfully opened dynamic library libcurand.so.10.0
2021-03-21 01:33:08.486180: I tensorflow/stream_executor/platform/default/dso_loader.cc:42] Successfully opened dynamic library libcusolver.so.10.0
2021-03-21 01:33:11.295187: I tensorflow/stream_executor/platform/default/dso_loader.cc:42] Successfully opened dynamic library libcusparse.so.10.0
2021-03-21 01:33:11.977762: I tensorflow/stream_executor/platform/default/dso_loader.cc:42] Successfully opened dynamic library libcudnn.so.7
2021-03-21 01:33:11.988543: I tensorflow/core/common_runtime/gpu/gpu_device.cc:1763] Adding visible gpu devices: 0, 1
2021-03-21 01:33:12.005015: I tensorflow/stream_executor/platform/default/dso_loader.cc:42] Successfully opened dynamic library libcudart.so.10.0
2021-03-21 01:33:12.010691: I tensorflow/core/common_runtime/gpu/gpu_device.cc:1181] Device interconnect StreamExecutor with strength 1 edge matrix:
2021-03-21 01:33:12.010766: I tensorflow/core/common_runtime/gpu/gpu_device.cc:1187]      0 1 
2021-03-21 01:33:12.011526: I tensorflow/core/common_runtime/gpu/gpu_device.cc:1200] 0:   N Y 
2021-03-21 01:33:12.011544: I tensorflow/core/common_runtime/gpu/gpu_device.cc:1200] 1:   Y N 
2021-03-21 01:33:12.027459: I tensorflow/core/common_runtime/gpu/gpu_device.cc:1326] Created TensorFlow device (/job:localhost/replica:0/task:0/device:GPU:0 with 30591 MB memory) -> physical GPU (device: 0, name: Tesla V100-PCIE-32GB, pci bus id: 0000:5e:00.0, compute capability: 7.0)
2021-03-21 01:33:12.206950: I tensorflow/core/common_runtime/gpu/gpu_device.cc:1326] Created TensorFlow device (/job:localhost/replica:0/task:0/device:GPU:1 with 30591 MB memory) -> physical GPU (device: 1, name: Tesla V100-PCIE-32GB, pci bus id: 0000:d8:00.0, compute capability: 7.0)
2021-03-21 01:33:12.302780: I tensorflow/compiler/xla/service/service.cc:168] XLA service 0x559c1d975970 executing computations on platform CUDA. Devices:
2021-03-21 01:33:12.302826: I tensorflow/compiler/xla/service/service.cc:175]   StreamExecutor device (0): Tesla V100-PCIE-32GB, Compute Capability 7.0
2021-03-21 01:33:12.302842: I tensorflow/compiler/xla/service/service.cc:175]   StreamExecutor device (1): Tesla V100-PCIE-32GB, Compute Capability 7.0
2021-03-21 01:33:15.967216: I tensorflow/core/common_runtime/gpu/gpu_device.cc:1640] Found device 0 with properties: 
name: Tesla V100-PCIE-32GB major: 7 minor: 0 memoryClockRate(GHz): 1.38
pciBusID: 0000:5e:00.0
2021-03-21 01:33:15.969522: I tensorflow/core/common_runtime/gpu/gpu_device.cc:1640] Found device 1 with properties: 
name: Tesla V100-PCIE-32GB major: 7 minor: 0 memoryClockRate(GHz): 1.38
pciBusID: 0000:d8:00.0
2021-03-21 01:33:15.976354: I tensorflow/stream_executor/platform/default/dso_loader.cc:42] Successfully opened dynamic library libcudart.so.10.0
2021-03-21 01:33:15.976643: I tensorflow/stream_executor/platform/default/dso_loader.cc:42] Successfully opened dynamic library libcublas.so.10.0
2021-03-21 01:33:15.976916: I tensorflow/stream_executor/platform/default/dso_loader.cc:42] Successfully opened dynamic library libcufft.so.10.0
2021-03-21 01:33:15.977200: I tensorflow/stream_executor/platform/default/dso_loader.cc:42] Successfully opened dynamic library libcurand.so.10.0
2021-03-21 01:33:15.977229: I tensorflow/stream_executor/platform/default/dso_loader.cc:42] Successfully opened dynamic library libcusolver.so.10.0
2021-03-21 01:33:15.977482: I tensorflow/stream_executor/platform/default/dso_loader.cc:42] Successfully opened dynamic library libcusparse.so.10.0
2021-03-21 01:33:15.977748: I tensorflow/stream_executor/platform/default/dso_loader.cc:42] Successfully opened dynamic library libcudnn.so.7
2021-03-21 01:33:15.985239: I tensorflow/core/common_runtime/gpu/gpu_device.cc:1763] Adding visible gpu devices: 0, 1
2021-03-21 01:33:15.985496: I tensorflow/core/common_runtime/gpu/gpu_device.cc:1181] Device interconnect StreamExecutor with strength 1 edge matrix:
2021-03-21 01:33:15.985532: I tensorflow/core/common_runtime/gpu/gpu_device.cc:1187]      0 1 
2021-03-21 01:33:15.985564: I tensorflow/core/common_runtime/gpu/gpu_device.cc:1200] 0:   N Y 
2021-03-21 01:33:15.985577: I tensorflow/core/common_runtime/gpu/gpu_device.cc:1200] 1:   Y N 
2021-03-21 01:33:15.991397: I tensorflow/core/common_runtime/gpu/gpu_device.cc:1326] Created TensorFlow device (/job:localhost/replica:0/task:0/device:GPU:0 with 30591 MB memory) -> physical GPU (device: 0, name: Tesla V100-PCIE-32GB, pci bus id: 0000:5e:00.0, compute capability: 7.0)
2021-03-21 01:33:15.993386: I tensorflow/core/common_runtime/gpu/gpu_device.cc:1326] Created TensorFlow device (/job:localhost/replica:0/task:0/device:GPU:1 with 30591 MB memory) -> physical GPU (device: 1, name: Tesla V100-PCIE-32GB, pci bus id: 0000:d8:00.0, compute capability: 7.0)
2021-03-21 01:33:16.761462: I tensorflow/core/common_runtime/gpu/gpu_device.cc:1640] Found device 0 with properties: 
name: Tesla V100-PCIE-32GB major: 7 minor: 0 memoryClockRate(GHz): 1.38
pciBusID: 0000:5e:00.0
2021-03-21 01:33:16.763443: I tensorflow/core/common_runtime/gpu/gpu_device.cc:1640] Found device 1 with properties: 
name: Tesla V100-PCIE-32GB major: 7 minor: 0 memoryClockRate(GHz): 1.38
pciBusID: 0000:d8:00.0
2021-03-21 01:33:16.763515: I tensorflow/stream_executor/platform/default/dso_loader.cc:42] Successfully opened dynamic library libcudart.so.10.0
2021-03-21 01:33:16.763541: I tensorflow/stream_executor/platform/default/dso_loader.cc:42] Successfully opened dynamic library libcublas.so.10.0
2021-03-21 01:33:16.763561: I tensorflow/stream_executor/platform/default/dso_loader.cc:42] Successfully opened dynamic library libcufft.so.10.0
2021-03-21 01:33:16.763582: I tensorflow/stream_executor/platform/default/dso_loader.cc:42] Successfully opened dynamic library libcurand.so.10.0
2021-03-21 01:33:16.763611: I tensorflow/stream_executor/platform/default/dso_loader.cc:42] Successfully opened dynamic library libcusolver.so.10.0
2021-03-21 01:33:16.763635: I tensorflow/stream_executor/platform/default/dso_loader.cc:42] Successfully opened dynamic library libcusparse.so.10.0
2021-03-21 01:33:16.763656: I tensorflow/stream_executor/platform/default/dso_loader.cc:42] Successfully opened dynamic library libcudnn.so.7
2021-03-21 01:33:16.771221: I tensorflow/core/common_runtime/gpu/gpu_device.cc:1763] Adding visible gpu devices: 0, 1
2021-03-21 01:33:16.771284: I tensorflow/core/common_runtime/gpu/gpu_device.cc:1181] Device interconnect StreamExecutor with strength 1 edge matrix:
2021-03-21 01:33:16.771321: I tensorflow/core/common_runtime/gpu/gpu_device.cc:1187]      0 1 
2021-03-21 01:33:16.771337: I tensorflow/core/common_runtime/gpu/gpu_device.cc:1200] 0:   N Y 
2021-03-21 01:33:16.771350: I tensorflow/core/common_runtime/gpu/gpu_device.cc:1200] 1:   Y N 
2021-03-21 01:33:16.776995: I tensorflow/core/common_runtime/gpu/gpu_device.cc:1326] Created TensorFlow device (/device:GPU:0 with 30591 MB memory) -> physical GPU (device: 0, name: Tesla V100-PCIE-32GB, pci bus id: 0000:5e:00.0, compute capability: 7.0)
2021-03-21 01:33:16.778946: I tensorflow/core/common_runtime/gpu/gpu_device.cc:1326] Created TensorFlow device (/device:GPU:1 with 30591 MB memory) -> physical GPU (device: 1, name: Tesla V100-PCIE-32GB, pci bus id: 0000:d8:00.0, compute capability: 7.0)
2021-03-21 01:33:17.087587: I tensorflow/core/common_runtime/gpu/gpu_device.cc:1640] Found device 0 with properties: 
name: Tesla V100-PCIE-32GB major: 7 minor: 0 memoryClockRate(GHz): 1.38
pciBusID: 0000:5e:00.0
2021-03-21 01:33:17.089825: I tensorflow/core/common_runtime/gpu/gpu_device.cc:1640] Found device 1 with properties: 
name: Tesla V100-PCIE-32GB major: 7 minor: 0 memoryClockRate(GHz): 1.38
pciBusID: 0000:d8:00.0
2021-03-21 01:33:17.095838: I tensorflow/stream_executor/platform/default/dso_loader.cc:42] Successfully opened dynamic library libcudart.so.10.0
2021-03-21 01:33:17.096136: I tensorflow/stream_executor/platform/default/dso_loader.cc:42] Successfully opened dynamic library libcublas.so.10.0
2021-03-21 01:33:17.096431: I tensorflow/stream_executor/platform/default/dso_loader.cc:42] Successfully opened dynamic library libcufft.so.10.0
2021-03-21 01:33:17.096688: I tensorflow/stream_executor/platform/default/dso_loader.cc:42] Successfully opened dynamic library libcurand.so.10.0
2021-03-21 01:33:17.096722: I tensorflow/stream_executor/platform/default/dso_loader.cc:42] Successfully opened dynamic library libcusolver.so.10.0
2021-03-21 01:33:17.096977: I tensorflow/stream_executor/platform/default/dso_loader.cc:42] Successfully opened dynamic library libcusparse.so.10.0
2021-03-21 01:33:17.097253: I tensorflow/stream_executor/platform/default/dso_loader.cc:42] Successfully opened dynamic library libcudnn.so.7
2021-03-21 01:33:17.104760: I tensorflow/core/common_runtime/gpu/gpu_device.cc:1763] Adding visible gpu devices: 0, 1
2021-03-21 01:33:17.105010: I tensorflow/core/common_runtime/gpu/gpu_device.cc:1181] Device interconnect StreamExecutor with strength 1 edge matrix:
2021-03-21 01:33:17.105031: I tensorflow/core/common_runtime/gpu/gpu_device.cc:1187]      0 1 
2021-03-21 01:33:17.105071: I tensorflow/core/common_runtime/gpu/gpu_device.cc:1200] 0:   N Y 
2021-03-21 01:33:17.105086: I tensorflow/core/common_runtime/gpu/gpu_device.cc:1200] 1:   Y N 
2021-03-21 01:33:17.110902: I tensorflow/core/common_runtime/gpu/gpu_device.cc:1326] Created TensorFlow device (/device:GPU:0 with 30591 MB memory) -> physical GPU (device: 0, name: Tesla V100-PCIE-32GB, pci bus id: 0000:5e:00.0, compute capability: 7.0)
2021-03-21 01:33:17.112873: I tensorflow/core/common_runtime/gpu/gpu_device.cc:1326] Created TensorFlow device (/device:GPU:1 with 30591 MB memory) -> physical GPU (device: 1, name: Tesla V100-PCIE-32GB, pci bus id: 0000:d8:00.0, compute capability: 7.0)
Traceback (most recent call last):
  File "/work/chaselab/malyetama/ADA_Project/py_scripts/ADA-gen1_pokemon.py", line 146, in <module>
    dry_run=False, run_desc=run_desc, training_options=training_options)
  File "/work/chaselab/malyetama/ADA_Project/DeepFAMS/run_training.py", line 74, in RunTraining
    training_loop.training_loop(**training_options)
  File "/work/chaselab/malyetama/ADA_Project/StyleGAN2-ada__source_code/training/training_loop.py", line 129, in training_loop
    G.copy_vars_from(rG)
  File "/work/chaselab/malyetama/ADA_Project/StyleGAN2-ada__source_code/dnnlib/tflib/network.py", line 511, in copy_vars_from
    self._components[name].copy_vars_from(src_comp)
  File "/work/chaselab/malyetama/ADA_Project/StyleGAN2-ada__source_code/dnnlib/tflib/network.py", line 508, in copy_vars_from
    self.copy_own_vars_from(src_net)
  File "/work/chaselab/malyetama/ADA_Project/StyleGAN2-ada__source_code/dnnlib/tflib/network.py", line 481, in copy_own_vars_from
    tfutil.set_vars({self._get_vars()[name]: value for name, value in value_dict.items() if name in self._get_vars()})
  File "/work/chaselab/malyetama/ADA_Project/StyleGAN2-ada__source_code/dnnlib/tflib/tfutil.py", line 227, in set_vars
    run(ops, feed_dict)
  File "/work/chaselab/malyetama/ADA_Project/StyleGAN2-ada__source_code/dnnlib/tflib/tfutil.py", line 33, in run
    return tf.get_default_session().run(*args, **kwargs)
  File "/work/chaselab/malyetama/.conda/envs/ada-env/lib/python3.7/site-packages/tensorflow/python/client/session.py", line 950, in run
    run_metadata_ptr)
  File "/work/chaselab/malyetama/.conda/envs/ada-env/lib/python3.7/site-packages/tensorflow/python/client/session.py", line 1149, in _run
    str(subfeed_t.get_shape())))
ValueError: Cannot feed value of shape (3, 3, 512, 256) for Tensor 'G_synthesis/64x64/Conv0_up/weight/new_value:0', which has shape '(3, 3, 512, 512)'
