========================================================================================== 

Latest fakes:

['/AFHQ-WILD_training-runs/00004-AFHQ-WILD_custom-auto2-resumecustom/fakes001269.png',
 '/AFHQ_training-runs/00003-AFHQ_custom-auto2-resumecustom/fakes000368.png',
 '/metfaces_training-runs/00005-metfaces_custom-auto2-resumecustom/fakes000483.png',
 '/StanfordDogs_training-runs/00004-StanfordDogs_custom-auto2-resumecustom/fakes001474.png',
 '/cars196_training-runs/00013-cars196_custom-auto2-resumecustom/fakes001474.png',
 '/AFHQ-DOG_training-runs/00004-AFHQ-DOG_custom-auto2-resumecustom/fakes000413.png',
 '/102flowers_training-runs/00025-102flowers_custom-auto2-resumecustom/fakes000123.png']

 ========================================================================================== 

fakes001269.png Resized from (3840, 2048) [16.56MB] to ==> (960, 512) [1.22MB]
Link ==> https://i.ibb.co/ykhNWK2/b25d0832578f.png

fakes000368.png Resized from (3840, 2048) [15.71MB] to ==> (960, 512) [1.15MB]
Link ==> https://i.ibb.co/QQVPkw5/64c5151a7cb0.png

fakes000483.png Resized from (7680, 4096) [52.67MB] to ==> (1920, 1024) [3.94MB]
Link ==> https://i.ibb.co/c8r4p3q/b30cc3cbf760.png

fakes001474.png Resized from (3840, 2048) [15.25MB] to ==> (960, 512) [1.14MB]
Link ==> https://i.ibb.co/80ZQmW2/1435ae26c26b.png

fakes001474.png Resized from (3840, 2048) [13.20MB] to ==> (960, 512) [1.04MB]
Link ==> https://i.ibb.co/tDqk0tF/ebf5f62bd498.png

fakes000413.png Resized from (3840, 2048) [14.81MB] to ==> (960, 512) [1.11MB]
Link ==> https://i.ibb.co/cYps5W6/2ba8442cd911.png

fakes000123.png Resized from (3840, 2048) [13.46MB] to ==> (960, 512) [1.11MB]
Link ==> https://i.ibb.co/6BnZ9GX/468a16729233.png

Generated a report at ==> /work/chaselab/malyetama/ADA_Project/latest_fakes_markdown_reports/03_21_2021__02_18.md
